========== Ioncube_Decoder 1.1.40  LogFile ==========

=========> S t a g e  0  -  Getting RawData (UnBase64-Raw.bin)

Opening C:\AppServ\www\siakad\lain\aksi.php
000003AF -> Start of ionCubeData...
000008B3 -> 00000504 Bytes read.
IC_Base64_Marker: '4+oV' Decoding Base64->Bin...

=========> S t a g e  1  -  Validating RawData

ionCubeVersionType: 3CCC22E1 [Encrypted: 149FEC13]
ioncube_Version_Type 3

=========> S t a g e  2  -  Processing RawData

RawBinData_Size: 00000762
FileSizeKey: 2395BB5D (RawBinData_Size + 12321) Xor &H23958CDE
Header_FileSizeKey: 2395BB5B
Header_FileSizeKey and FileSizeKey are different! (Difference: 00000002)
Note: RawBinData_Size calculate from Header_FileSizeKey is: 000007E4  (Difference: 00000082)
Header_Size: 000000BE (InitKey for MT: 1B9196BC)
Adler32_CRC for 'IC_Raw[0004]..[00DC]' and calculated MATCH. CRC: 5E297217

=========> S t a g e  3  -  Extracting Header from RawData (->IC_Header.bin)


=========> S t a g e  4  -  Interpreting IC_Header

Minimum Loader Version: 00.00.00 (for ex. ioncube_loader_win_4.3.dll requires >0301010)
VerData 0x00000003
ObfuFlags 00000000 00000000

ObfuFuncHashSeed: 
Bytecode_XorKey: 0036928D
IncludeXorKey[should be 0xE9FC23B1]: E9FC23B1
LicenseFile: lisensi.txt
DisableCheckingOfLicenseRestrictions: 1
LicensePassphrase: lisensi
CustomErrCallbackHandler: 'ioncube_event_handler'
Enable_auto_prepend_Append_file: 0
Customised error messages entries: 0x00
Include file protection entries: 0x00
Adler32_CRC for '<?php //... ?>' and calculated MATCH. CRC: EB60391D
IC_HeaderEx start: 0086
IC_HeaderEx end: 00AE   IC_Header HeaderSize: 00BE

=========> S t a g e  5  -  Interpreting IC_HeaderEx

0001 <-IC_Type_Minor
0005 <-IC_Type_Major
The file [%s] was encoded with the PHP 5 ionCube Encoder, and requires PHP 5 to be installed.
00000CE7 <-PhpFlags
  0x0001  0001
  0x0002  0002 
  0x0004  0004 
  0x0020  Allow run with untrusted server extensions
  0x0040  PHP5_Body
  0x0080  CmdBytesAreEncrypted
  0x0400  EncryptStrings[KeyWord.c_Object] in memory during Compile& Execute
  0x0800  ObfuscateStripLineNumbers

IC Encoder Registration data(MemberID): 0x10050603  30754
Bytecode_MT_XorKey: 0036928D
Copy of IncludeXorKey in Header_MoreData: 0xE9FC23B1
unknown Data: 7D01A8C0 E3FC1B00 2690 00 00
EvalTimeMin: 10/5/2012 4:13:15 AM   1365BB54 '+0500DA46'=>506E5E5B seconds since 1.1.1970
EvalTimeMax: 10/5/2012 4:13:15 AM   4B6D8415 '+3D08A307'=>506E5E5B seconds since 1.1.1970
BodyStartOffset: 0x000000E4

=========> S t a g e  6  -  Extracting & Inflating IC_body from RawData (->IC_body.bin)

000000E8  Body_MT_Seed: 5ACA0080
000000EC  Bytecode_MT_Seed: 41713EAB

=========> S t a g e  7  -  Reading IC_body.bin


=========> S t a g e  8  -  Read function body data

Reading Body
00000008 -> 00000004
S2[Fixed Size 0x70]:
0000007A ->  00000002
 Skipped3 ->  00000000
 FuncNameStart ->  00000000 FFFFFFFF
 CmdData ->  00000000
 Args ->  00000000
 ArgsMin ->  00000000
 php4Extra ->  01EF1620 00000000 005E9FF8 01F03EE0 00000037 00000037
 Skipped1 ->  00000020 00000000 00000000
 PHPFileNamePtr ->  FFFFFFFF
 Php5-O1  00000000
 Php5-O1Count  00000000 00000000 00000000 00000000 00000000 01EFE830 0041C750 0041C890 00000000 00000000
 
00000079 -> FunctionName: abstract  static function {MainFunction}
 
00000082 -> 00000037<-CmdCount
byteCmds[Elementsize=0x2] Elements: 00000037
Command(Encrypted)
------------------
078D
074B
0629
07EF
027C
07F0
07FA
0670
075D
026B
0727
0771
06B9
0742
025B
078A
078B
0684
073B
02A9
0749
07A6
06EA
07E8
023A
0761
0796
06A8
07E5
02D3
0752
078D
073C
0713
07F7
0367
0634
0778
0241
071A
07B8
0640
070A
02D3
07A6
07F7
06A1
077E
020C
07A8
07D2
06F6
0763
02CD
0095
CmdParams[Elementsize=0x14] Elements: 00000083
Type      Op1       Op2       Flags5    Flags
---------------------------------------------
00000004   00000000   00000000   00000000   00000000
00000001   00000002   00000007   00000002   00420103
00000008   00000000   00000001   00000000   00000000
00000002   00000018   00000000   00000000   00000000
00000004   00000000   00000010   00000000   00000000
00000001   0000000A   00000001   00000002   00420103
00000002   00000018   00000000   00000000   00000000
00000008   00000005   00000000   00000000   00000000
00000004   00000030   00000001   00000000   00000000
00000001   0000000C   00000011   00000002   00420103
00000008   00000002   00000000   00000000   00000000
00000001   00000001   00000038   00000002   00120101
00000004   00000048   00000000   00000000   00000000
00000001   0000001E   00000007   00000002   00420103
00000008   00000000   00000001   00000000   00000000
00000002   00000060   00000000   00000000   00000000
00000004   00000048   00000010   00000000   00000000
00000001   00000026   00000001   00000002   00420103
00000002   00000060   00000000   00000000   00000000
00000008   0000000A   00000000   00000000   00000000
00000004   00000078   00000001   00000000   00000000
00000001   00000028   0000000D   00000002   00420103
00000008   00000002   00000000   00000000   00000000
00000001   00000001   00000038   00000002   00120101
00000004   00000090   00000000   00000000   00000000
00000001   00000036   00000007   00000002   00420103
00000008   00000000   00000001   00000000   00000000
00000002   000000A8   00000000   00000000   00000000
00000004   00000090   00000010   00000000   00000000
00000001   0000003E   00000001   00000002   00420103
00000002   000000A8   00000000   00000000   00000000
00000008   0000000F   00000000   00000000   00000000
00000004   000000C0   00000001   00000000   00000000
00000001   00000040   0000000C   00000002   00420103
00000008   00000002   00000000   00000000   00000000
00000001   00000001   00000038   00000002   00120101
00000004   000000D8   00000000   00000000   00000000
00000001   0000004E   00000007   00000002   00420103
00000008   00000000   00000001   00000000   00000000
00000002   000000F0   00000000   00000000   00000000
00000004   000000D8   00000010   00000000   00000000
00000001   00000056   00000001   00000002   00420103
00000002   000000F0   00000000   00000000   00000000
00000008   00000014   00000000   00000000   00000000
00000004   00000108   00000001   00000000   00000000
00000001   00000058   00000007   00000002   00420103
00000008   00000002   00000000   00000000   00000000
00000001   00000001   00000038   00000002   00120101
00000004   00000120   00000000   00000000   00000000
00000001   00000060   00000007   00000002   00420103
00000008   00000000   00000001   00000000   00000000
00000002   00000138   00000000   00000000   00000000
00000004   00000120   00000010   00000000   00000000
00000001   00000068   00000001   00000002   00420103
00000002   00000138   00000000   00000000   00000000
00000008   00000019   00000000   00000000   00000000
00000004   00000150   00000001   00000000   00000000
00000001   0000006A   00000009   00000002   00420103
00000008   00000002   00000000   00000000   00000000
00000001   00000001   00000038   00000002   00120101
00000004   00000168   00000000   00000000   00000000
00000001   00000074   00000007   00000002   00420103
00000008   00000000   00000001   00000000   00000000
00000002   00000180   00000000   00000000   00000000
00000004   00000168   00000010   00000000   00000000
00000001   0000007C   00000001   00000002   00420103
00000002   00000180   00000000   00000000   00000000
00000008   0000001E   00000000   00000000   00000000
00000004   00000198   00000001   00000000   00000000
00000001   0000007E   0000000D   00000002   00420103
00000008   00000002   00000000   00000000   00000000
00000001   00000001   00000038   00000002   00120101
00000004   000001B0   00000000   00000000   00000000
00000001   0000008C   00000007   00000002   00420103
00000008   00000000   00000001   00000000   00000000
00000002   000001C8   00000000   00000000   00000000
00000004   000001B0   00000010   00000000   00000000
00000001   00000094   00000001   00000002   00420103
00000002   000001C8   00000000   00000000   00000000
00000002   000001C8   00000000   00000000   00000000
00000008   00000025   00000000   00000000   00000000
00000004   000001E0   00000000   00000000   00000000
00000001   00000096   00000007   00000002   00420103
00000008   00000000   00000001   00000000   00000000
00000002   000001F8   00000000   00000000   00000000
00000004   000001E0   00000010   00000000   00000000
00000001   01EF59D0   00000000   00000002   00420103
00000002   000001C8   00000000   00000000   00000000
00000002   000001F8   00000000   00000000   00000000
00000002   000001C8   00000000   00000000   00000000
00000008   00000027   00000000   00000000   00000000
00000004   00000210   00000001   00000000   00000000
00000001   0000009E   00000011   00000002   00420103
00000008   00000002   00000000   00000000   00000000
00000001   00000001   00000038   00000002   00120101
00000004   00000228   00000000   00000000   00000000
00000001   000000B0   00000007   00000002   00420103
00000008   00000000   00000001   00000000   00000000
00000002   00000240   00000000   00000000   00000000
00000004   00000228   00000010   00000000   00000000
00000001   000000B8   00000001   00000002   00420103
00000002   00000240   00000000   00000000   00000000
00000008   0000002C   00000000   00000000   00000000
00000004   00000258   00000001   00000000   00000000
00000001   000000BA   00000010   00000002   00420103
00000008   00000002   00000000   00000000   00000000
00000001   00000001   00000038   00000002   00120101
00000004   00000270   00000000   00000000   00000000
00000001   000000CC   00000007   00000002   00420103
00000008   00000000   00000001   00000000   00000000
00000002   00000288   00000000   00000000   00000000
00000004   00000270   00000010   00000000   00000000
00000001   000000D4   00000001   00000002   00420103
00000002   00000288   00000000   00000000   00000000
00000008   00000031   00000000   00000000   00000000
00000004   000002A0   00000001   00000000   00000000
00000001   000000D6   00000012   00000002   00420103
00000008   00000002   00000000   00000000   00000000
00000001   00000001   00000038   00000002   00120101
00000004   000002B8   00000000   00000000   00000000
00000001   000000EA   00000007   00000002   00420103
00000008   00000000   00000001   00000000   00000000
00000002   000002D0   00000000   00000000   00000000
00000004   000002B8   00000010   00000000   00000000
00000001   000000F2   00000002   00000002   00420103
00000002   000002D0   00000000   00000000   00000000
00000008   00000035   00000000   00000000   00000000
00000004   000002E8   00000001   00000000   00000000
00000001   000000F6   0000000A   00000002   00420103
00000008   00000002   00000000   00000000   00000000
00000001   00000001   00000038   00000002   00120101
StringData [00000101]
00000C39 -> C0 DE 70 69 6C 69 68 61 6E 00 31 00 6D 61 68 61 73 69 73 77 61 62 61 72 75 2E 70 68 70 00 70 69 6C 69 68 61 6E 00 32 00 66 61 73 69 6C 69 74 61 73 2E 70 68 70 00 70 69 6C 69 68 61 6E 00 33 00 70 69 6D 70 69 6E 61 6E 2E 70 68 70 00 00 70 69 6C 69 68 61 6E 00 34 00 6C 61 62 2E 70 68 70 00 70 69 6C 69 68 61 6E 00 35 00 62 6F 62 6F 74 2E 70 68 70 00 70 69 6C 69 68 61 6E 00 36 00 63 6F 70 79 64 69 6B 74 69 2E 70 68 70 00 70 69 6C 69 68 61 6E 00 37 00 70 69 6C 69 68 61 6E 00 76 61 6C 69 64 61 73 69 64 69 6B 74 69 2E 70 68 70 00 70 69 6C 69 68 61 6E 00 38 00 69 73 69 61 6E 6A 61 77 61 62 61 6E 2E 70 68 70 00 00 70 69 6C 69 68 61 6E 00 39 00 69 73 69 61 6E 6B 75 65 73 69 6F 6E 65 72 2E 70 68 70 00 00 70 69 6C 69 68 61 6E 00 31 30 00 00 73 61 72 61 6E 61 2E 70 68 70 00 
ÀÞpilihan.1.mahasiswabaru.php.pilihan.2.fasilitas.php.pilihan.3.pimpinan.php..pilihan.4.lab.php.pilihan.5.bobot.php.pilihan.6.copydikti.php.pilihan.7.pilihan.validasidikti.php.pilihan.8.isianjawaban.php..pilihan.9.isiankuesioner.php..pilihan.10..sarana.php.
Length of unprocessed data: 00000004

=========> S t a g e  9  -  Interpreting IC_body/ByteCode

#0000: 0x50 ZEND_FETCH_R   LineNo: 0x0000  Flags: 0x07()
result: 04->VAR     00000000 00000000  00  00->NULL   00->val 0000
op1   : 01->CONST   00000002 00000007  02  03->STRING 01->ref 0042
        KeyWord: pilihan
op2   : 08->UNUSED  00000000 00000001  00  00->NULL   00->val 0000
----------------------------------------------------------------
[1] '$pilihan
....................................................................
Buf: $arraysemesterReturn (1)
______________________________________________________________________
#0001: 0x11 ZEND_IS_EQUAL   LineNo: 0x0000  Flags: 0x07()
result: 02->TMP_VAR 00000018 00000000  00  00->NULL   00->val 0000
op1   : 04->VAR     00000000 00000010  00  00->NULL   00->val 0000
op2   : 01->CONST   0000000A 00000001  02  03->STRING 01->ref 0042
        KeyWord: 1
----------------------------------------------------------------
[1] '$pilihan=="1"
....................................................................
Buf: $arraysemesterReturn (1)
______________________________________________________________________
#0002: 0x2B ZEND_JMPZ   LineNo: 0x0000  Flags: 0x06()
op1   : 02->TMP_VAR 00000018 00000000  00  00->NULL   00->val 0000
op2   : 08->UNUSED  00000005 00000000  00  00->NULL   00->val 0000
....................................................................
Comment: Conditional jmp to #00000005
====================================================================
$arraysemesterReturn (1)if ($pilihan=="1") {
______________________________________________________________________
#0003: 0x49 ZEND_INCLUDE_OR_EVAL   LineNo: 0x0000  Flags: 0x07()
result: 04->VAR     00000030 00000001  00  00->NULL   00->val 0000
op1   : 01->CONST   0000000C 00000011  02  03->STRING 01->ref 0042
        KeyWord: mahasiswabaru.php
op2   : 08->UNUSED  00000002 00000000  00  00->NULL   00->val 0000
______________________________________________________________________
#0004: 0x3E ZEND_RETURN   LineNo: 0x0000  Flags: 0x02()
op1   : 01->CONST   00000001 00000038  02  01->LONG   01->ref 0012
====================================================================
Return (1);
}
______________________________________________________________________
#0005: 0x50 ZEND_FETCH_R   LineNo: 0x0000  Flags: 0x07()
result: 04->VAR     00000048 00000000  00  00->NULL   00->val 0000
op1   : 01->CONST   0000001E 00000007  02  03->STRING 01->ref 0042
        KeyWord: pilihan
op2   : 08->UNUSED  00000000 00000001  00  00->NULL   00->val 0000
----------------------------------------------------------------
[1] '$pilihan
______________________________________________________________________
#0006: 0x11 ZEND_IS_EQUAL   LineNo: 0x0000  Flags: 0x07()
result: 02->TMP_VAR 00000060 00000000  00  00->NULL   00->val 0000
op1   : 04->VAR     00000048 00000010  00  00->NULL   00->val 0000
op2   : 01->CONST   00000026 00000001  02  03->STRING 01->ref 0042
        KeyWord: 2
----------------------------------------------------------------
[1] '$pilihan=="2"
______________________________________________________________________
#0007: 0x2B ZEND_JMPZ   LineNo: 0x0000  Flags: 0x06()
op1   : 02->TMP_VAR 00000060 00000000  00  00->NULL   00->val 0000
op2   : 08->UNUSED  0000000A 00000000  00  00->NULL   00->val 0000
....................................................................
Comment: Conditional jmp to #0000000A
====================================================================
if ($pilihan=="2") {
______________________________________________________________________
#0008: 0x49 ZEND_INCLUDE_OR_EVAL   LineNo: 0x0000  Flags: 0x07()
result: 04->VAR     00000078 00000001  00  00->NULL   00->val 0000
op1   : 01->CONST   00000028 0000000D  02  03->STRING 01->ref 0042
        KeyWord: fasilitas.php
op2   : 08->UNUSED  00000002 00000000  00  00->NULL   00->val 0000
______________________________________________________________________
#0009: 0x3E ZEND_RETURN   LineNo: 0x0000  Flags: 0x02()
op1   : 01->CONST   00000001 00000038  02  01->LONG   01->ref 0012
====================================================================
Return (1);
}
______________________________________________________________________
#000A: 0x50 ZEND_FETCH_R   LineNo: 0x0000  Flags: 0x07()
result: 04->VAR     00000090 00000000  00  00->NULL   00->val 0000
op1   : 01->CONST   00000036 00000007  02  03->STRING 01->ref 0042
        KeyWord: pilihan
op2   : 08->UNUSED  00000000 00000001  00  00->NULL   00->val 0000
----------------------------------------------------------------
[1] '$pilihan
______________________________________________________________________
#000B: 0x11 ZEND_IS_EQUAL   LineNo: 0x0000  Flags: 0x07()
result: 02->TMP_VAR 000000A8 00000000  00  00->NULL   00->val 0000
op1   : 04->VAR     00000090 00000010  00  00->NULL   00->val 0000
op2   : 01->CONST   0000003E 00000001  02  03->STRING 01->ref 0042
        KeyWord: 3
----------------------------------------------------------------
[1] '$pilihan=="3"
______________________________________________________________________
#000C: 0x2B ZEND_JMPZ   LineNo: 0x0000  Flags: 0x06()
op1   : 02->TMP_VAR 000000A8 00000000  00  00->NULL   00->val 0000
op2   : 08->UNUSED  0000000F 00000000  00  00->NULL   00->val 0000
....................................................................
Comment: Conditional jmp to #0000000F
====================================================================
if ($pilihan=="3") {
______________________________________________________________________
#000D: 0x49 ZEND_INCLUDE_OR_EVAL   LineNo: 0x0000  Flags: 0x07()
result: 04->VAR     000000C0 00000001  00  00->NULL   00->val 0000
op1   : 01->CONST   00000040 0000000C  02  03->STRING 01->ref 0042
        KeyWord: pimpinan.php
op2   : 08->UNUSED  00000002 00000000  00  00->NULL   00->val 0000
______________________________________________________________________
#000E: 0x3E ZEND_RETURN   LineNo: 0x0000  Flags: 0x02()
op1   : 01->CONST   00000001 00000038  02  01->LONG   01->ref 0012
====================================================================
Return (1);
}
______________________________________________________________________
#000F: 0x50 ZEND_FETCH_R   LineNo: 0x0000  Flags: 0x07()
result: 04->VAR     000000D8 00000000  00  00->NULL   00->val 0000
op1   : 01->CONST   0000004E 00000007  02  03->STRING 01->ref 0042
        KeyWord: pilihan
op2   : 08->UNUSED  00000000 00000001  00  00->NULL   00->val 0000
----------------------------------------------------------------
[1] '$pilihan
______________________________________________________________________
#0010: 0x11 ZEND_IS_EQUAL   LineNo: 0x0000  Flags: 0x07()
result: 02->TMP_VAR 000000F0 00000000  00  00->NULL   00->val 0000
op1   : 04->VAR     000000D8 00000010  00  00->NULL   00->val 0000
op2   : 01->CONST   00000056 00000001  02  03->STRING 01->ref 0042
        KeyWord: 4
----------------------------------------------------------------
[1] '$pilihan=="4"
______________________________________________________________________
#0011: 0x2B ZEND_JMPZ   LineNo: 0x0000  Flags: 0x06()
op1   : 02->TMP_VAR 000000F0 00000000  00  00->NULL   00->val 0000
op2   : 08->UNUSED  00000014 00000000  00  00->NULL   00->val 0000
....................................................................
Comment: Conditional jmp to #00000014
====================================================================
if ($pilihan=="4") {
______________________________________________________________________
#0012: 0x49 ZEND_INCLUDE_OR_EVAL   LineNo: 0x0000  Flags: 0x07()
result: 04->VAR     00000108 00000001  00  00->NULL   00->val 0000
op1   : 01->CONST   00000058 00000007  02  03->STRING 01->ref 0042
        KeyWord: lab.php
op2   : 08->UNUSED  00000002 00000000  00  00->NULL   00->val 0000
______________________________________________________________________
#0013: 0x3E ZEND_RETURN   LineNo: 0x0000  Flags: 0x02()
op1   : 01->CONST   00000001 00000038  02  01->LONG   01->ref 0012
====================================================================
Return (1);
}
______________________________________________________________________
#0014: 0x50 ZEND_FETCH_R   LineNo: 0x0000  Flags: 0x07()
result: 04->VAR     00000120 00000000  00  00->NULL   00->val 0000
op1   : 01->CONST   00000060 00000007  02  03->STRING 01->ref 0042
        KeyWord: pilihan
op2   : 08->UNUSED  00000000 00000001  00  00->NULL   00->val 0000
----------------------------------------------------------------
[1] '$pilihan
______________________________________________________________________
#0015: 0x11 ZEND_IS_EQUAL   LineNo: 0x0000  Flags: 0x07()
result: 02->TMP_VAR 00000138 00000000  00  00->NULL   00->val 0000
op1   : 04->VAR     00000120 00000010  00  00->NULL   00->val 0000
op2   : 01->CONST   00000068 00000001  02  03->STRING 01->ref 0042
        KeyWord: 5
----------------------------------------------------------------
[1] '$pilihan=="5"
______________________________________________________________________
#0016: 0x2B ZEND_JMPZ   LineNo: 0x0000  Flags: 0x06()
op1   : 02->TMP_VAR 00000138 00000000  00  00->NULL   00->val 0000
op2   : 08->UNUSED  00000019 00000000  00  00->NULL   00->val 0000
....................................................................
Comment: Conditional jmp to #00000019
====================================================================
if ($pilihan=="5") {
______________________________________________________________________
#0017: 0x49 ZEND_INCLUDE_OR_EVAL   LineNo: 0x0000  Flags: 0x07()
result: 04->VAR     00000150 00000001  00  00->NULL   00->val 0000
op1   : 01->CONST   0000006A 00000009  02  03->STRING 01->ref 0042
        KeyWord: bobot.php
op2   : 08->UNUSED  00000002 00000000  00  00->NULL   00->val 0000
______________________________________________________________________
#0018: 0x3E ZEND_RETURN   LineNo: 0x0000  Flags: 0x02()
op1   : 01->CONST   00000001 00000038  02  01->LONG   01->ref 0012
====================================================================
Return (1);
}
______________________________________________________________________
#0019: 0x50 ZEND_FETCH_R   LineNo: 0x0000  Flags: 0x07()
result: 04->VAR     00000168 00000000  00  00->NULL   00->val 0000
op1   : 01->CONST   00000074 00000007  02  03->STRING 01->ref 0042
        KeyWord: pilihan
op2   : 08->UNUSED  00000000 00000001  00  00->NULL   00->val 0000
----------------------------------------------------------------
[1] '$pilihan
______________________________________________________________________
#001A: 0x11 ZEND_IS_EQUAL   LineNo: 0x0000  Flags: 0x07()
result: 02->TMP_VAR 00000180 00000000  00  00->NULL   00->val 0000
op1   : 04->VAR     00000168 00000010  00  00->NULL   00->val 0000
op2   : 01->CONST   0000007C 00000001  02  03->STRING 01->ref 0042
        KeyWord: 6
----------------------------------------------------------------
[1] '$pilihan=="6"
______________________________________________________________________
#001B: 0x2B ZEND_JMPZ   LineNo: 0x0000  Flags: 0x06()
op1   : 02->TMP_VAR 00000180 00000000  00  00->NULL   00->val 0000
op2   : 08->UNUSED  0000001E 00000000  00  00->NULL   00->val 0000
....................................................................
Comment: Conditional jmp to #0000001E
====================================================================
if ($pilihan=="6") {
______________________________________________________________________
#001C: 0x49 ZEND_INCLUDE_OR_EVAL   LineNo: 0x0000  Flags: 0x07()
result: 04->VAR     00000198 00000001  00  00->NULL   00->val 0000
op1   : 01->CONST   0000007E 0000000D  02  03->STRING 01->ref 0042
        KeyWord: copydikti.php
op2   : 08->UNUSED  00000002 00000000  00  00->NULL   00->val 0000
______________________________________________________________________
#001D: 0x3E ZEND_RETURN   LineNo: 0x0000  Flags: 0x02()
op1   : 01->CONST   00000001 00000038  02  01->LONG   01->ref 0012
====================================================================
Return (1);
}
______________________________________________________________________
#001E: 0x50 ZEND_FETCH_R   LineNo: 0x0000  Flags: 0x07()
result: 04->VAR     000001B0 00000000  00  00->NULL   00->val 0000
op1   : 01->CONST   0000008C 00000007  02  03->STRING 01->ref 0042
        KeyWord: pilihan
op2   : 08->UNUSED  00000000 00000001  00  00->NULL   00->val 0000
----------------------------------------------------------------
[1] '$pilihan
______________________________________________________________________
#001F: 0x11 ZEND_IS_EQUAL   LineNo: 0x0000  Flags: 0x07()
result: 02->TMP_VAR 000001C8 00000000  00  00->NULL   00->val 0000
op1   : 04->VAR     000001B0 00000010  00  00->NULL   00->val 0000
op2   : 01->CONST   00000094 00000001  02  03->STRING 01->ref 0042
        KeyWord: 7
----------------------------------------------------------------
[1] '$pilihan=="7"
______________________________________________________________________
#0020: 0x2F ZEND_JMPNZ_EX   LineNo: 0x0000  Flags: 0x07()
result: 02->TMP_VAR 000001C8 00000000  00  00->NULL   00->val 0000
op1   : 02->TMP_VAR 000001C8 00000000  00  00->NULL   00->val 0000
op2   : 08->UNUSED  00000025 00000000  00  00->NULL   00->val 0000
----------------------------------------------------------------
[1] '$pilihan=="7"
______________________________________________________________________
#0021: 0x50 ZEND_FETCH_R   LineNo: 0x0000  Flags: 0x07()
result: 04->VAR     000001E0 00000000  00  00->NULL   00->val 0000
op1   : 01->CONST   00000096 00000007  02  03->STRING 01->ref 0042
        KeyWord: pilihan
op2   : 08->UNUSED  00000000 00000001  00  00->NULL   00->val 0000
----------------------------------------------------------------
[1] '$pilihan=="7"
[2] '$pilihan
______________________________________________________________________
#0022: 0x11 ZEND_IS_EQUAL   LineNo: 0x0000  Flags: 0x07()
result: 02->TMP_VAR 000001F8 00000000  00  00->NULL   00->val 0000
op1   : 04->VAR     000001E0 00000010  00  00->NULL   00->val 0000
op2   : 01->CONST   01EF59D0 00000000  02  03->STRING 01->ref 0042
----------------------------------------------------------------
[1] '$pilihan=="7"
[2] '$pilihan=="32463312"
______________________________________________________________________
#0023: 0x34 ZEND_BOOL   LineNo: 0x0000  Flags: 0x03()
result: 02->TMP_VAR 000001C8 00000000  00  00->NULL   00->val 0000
op1   : 02->TMP_VAR 000001F8 00000000  00  00->NULL   00->val 0000
----------------------------------------------------------------
[1] '$pilihan=="7"
[2] '$pilihan=="32463312"
______________________________________________________________________
#0024: 0x2B ZEND_JMPZ   LineNo: 0x0000  Flags: 0x06()
op1   : 02->TMP_VAR 000001C8 00000000  00  00->NULL   00->val 0000
op2   : 08->UNUSED  00000027 00000000  00  00->NULL   00->val 0000
----------------------------------------------------------------
[1] '$pilihan=="32463312"
....................................................................
Comment: Conditional jmp to #00000027
....................................................................
Buf: if ($pilihan=="7") 
______________________________________________________________________
#0025: 0x49 ZEND_INCLUDE_OR_EVAL   LineNo: 0x0000  Flags: 0x07()
result: 04->VAR     00000210 00000001  00  00->NULL   00->val 0000
op1   : 01->CONST   0000009E 00000011  02  03->STRING 01->ref 0042
        KeyWord: validasidikti.php
op2   : 08->UNUSED  00000002 00000000  00  00->NULL   00->val 0000
----------------------------------------------------------------
[1] '$pilihan=="32463312"
Correcting Stack error...
====================================================================
if ($pilihan=="7") $pilihan=="32463312";
______________________________________________________________________
#0026: 0x3E ZEND_RETURN   LineNo: 0x0000  Flags: 0x02()
op1   : 01->CONST   00000001 00000038  02  01->LONG   01->ref 0012
====================================================================
Return (1);
}
______________________________________________________________________
#0027: 0x50 ZEND_FETCH_R   LineNo: 0x0000  Flags: 0x07()
result: 04->VAR     00000228 00000000  00  00->NULL   00->val 0000
op1   : 01->CONST   000000B0 00000007  02  03->STRING 01->ref 0042
        KeyWord: pilihan
op2   : 08->UNUSED  00000000 00000001  00  00->NULL   00->val 0000
----------------------------------------------------------------
[1] '$pilihan
______________________________________________________________________
#0028: 0x11 ZEND_IS_EQUAL   LineNo: 0x0000  Flags: 0x07()
result: 02->TMP_VAR 00000240 00000000  00  00->NULL   00->val 0000
op1   : 04->VAR     00000228 00000010  00  00->NULL   00->val 0000
op2   : 01->CONST   000000B8 00000001  02  03->STRING 01->ref 0042
        KeyWord: 8
----------------------------------------------------------------
[1] '$pilihan=="8"
______________________________________________________________________
#0029: 0x2B ZEND_JMPZ   LineNo: 0x0000  Flags: 0x06()
op1   : 02->TMP_VAR 00000240 00000000  00  00->NULL   00->val 0000
op2   : 08->UNUSED  0000002C 00000000  00  00->NULL   00->val 0000
....................................................................
Comment: Conditional jmp to #0000002C
====================================================================
if ($pilihan=="8") {
______________________________________________________________________
#002A: 0x49 ZEND_INCLUDE_OR_EVAL   LineNo: 0x0000  Flags: 0x07()
result: 04->VAR     00000258 00000001  00  00->NULL   00->val 0000
op1   : 01->CONST   000000BA 00000010  02  03->STRING 01->ref 0042
        KeyWord: isianjawaban.php
op2   : 08->UNUSED  00000002 00000000  00  00->NULL   00->val 0000
______________________________________________________________________
#002B: 0x3E ZEND_RETURN   LineNo: 0x0000  Flags: 0x02()
op1   : 01->CONST   00000001 00000038  02  01->LONG   01->ref 0012
====================================================================
Return (1);
}
______________________________________________________________________
#002C: 0x50 ZEND_FETCH_R   LineNo: 0x0000  Flags: 0x07()
result: 04->VAR     00000270 00000000  00  00->NULL   00->val 0000
op1   : 01->CONST   000000CC 00000007  02  03->STRING 01->ref 0042
        KeyWord: pilihan
op2   : 08->UNUSED  00000000 00000001  00  00->NULL   00->val 0000
----------------------------------------------------------------
[1] '$pilihan
______________________________________________________________________
#002D: 0x11 ZEND_IS_EQUAL   LineNo: 0x0000  Flags: 0x07()
result: 02->TMP_VAR 00000288 00000000  00  00->NULL   00->val 0000
op1   : 04->VAR     00000270 00000010  00  00->NULL   00->val 0000
op2   : 01->CONST   000000D4 00000001  02  03->STRING 01->ref 0042
        KeyWord: 9
----------------------------------------------------------------
[1] '$pilihan=="9"
______________________________________________________________________
#002E: 0x2B ZEND_JMPZ   LineNo: 0x0000  Flags: 0x06()
op1   : 02->TMP_VAR 00000288 00000000  00  00->NULL   00->val 0000
op2   : 08->UNUSED  00000031 00000000  00  00->NULL   00->val 0000
....................................................................
Comment: Conditional jmp to #00000031
====================================================================
if ($pilihan=="9") {
______________________________________________________________________
#002F: 0x49 ZEND_INCLUDE_OR_EVAL   LineNo: 0x0000  Flags: 0x07()
result: 04->VAR     000002A0 00000001  00  00->NULL   00->val 0000
op1   : 01->CONST   000000D6 00000012  02  03->STRING 01->ref 0042
        KeyWord: isiankuesioner.php
op2   : 08->UNUSED  00000002 00000000  00  00->NULL   00->val 0000
______________________________________________________________________
#0030: 0x3E ZEND_RETURN   LineNo: 0x0000  Flags: 0x02()
op1   : 01->CONST   00000001 00000038  02  01->LONG   01->ref 0012
====================================================================
Return (1);
}
______________________________________________________________________
#0031: 0x50 ZEND_FETCH_R   LineNo: 0x0000  Flags: 0x07()
result: 04->VAR     000002B8 00000000  00  00->NULL   00->val 0000
op1   : 01->CONST   000000EA 00000007  02  03->STRING 01->ref 0042
        KeyWord: pilihan
op2   : 08->UNUSED  00000000 00000001  00  00->NULL   00->val 0000
----------------------------------------------------------------
[1] '$pilihan
______________________________________________________________________
#0032: 0x11 ZEND_IS_EQUAL   LineNo: 0x0000  Flags: 0x07()
result: 02->TMP_VAR 000002D0 00000000  00  00->NULL   00->val 0000
op1   : 04->VAR     000002B8 00000010  00  00->NULL   00->val 0000
op2   : 01->CONST   000000F2 00000002  02  03->STRING 01->ref 0042
        KeyWord: 10
----------------------------------------------------------------
[1] '$pilihan=="10"
______________________________________________________________________
#0033: 0x2B ZEND_JMPZ   LineNo: 0x0000  Flags: 0x06()
op1   : 02->TMP_VAR 000002D0 00000000  00  00->NULL   00->val 0000
op2   : 08->UNUSED  00000035 00000000  00  00->NULL   00->val 0000
....................................................................
Comment: Conditional jmp to #00000035
====================================================================
if ($pilihan=="10") {
______________________________________________________________________
#0034: 0x49 ZEND_INCLUDE_OR_EVAL   LineNo: 0x0000  Flags: 0x07()
result: 04->VAR     000002E8 00000001  00  00->NULL   00->val 0000
op1   : 01->CONST   000000F6 0000000A  02  03->STRING 01->ref 0042
        KeyWord: sarana.php
op2   : 08->UNUSED  00000002 00000000  00  00->NULL   00->val 0000
______________________________________________________________________
#0035: 0x3E ZEND_RETURN   LineNo: 0x0000  Flags: 0x02()
op1   : 01->CONST   00000001 00000038  02  01->LONG   01->ref 0012
====================================================================
Return (1);
______________________________________________________________________
#0036: 0x95 ZEND_HANDLE_EXCEPTION   LineNo: 0x0000  Flags: 0x00()
______________________________________________________________________
FunctionsCount: 0000
Classes: 0000
File sucessfully processes!

