========== Ioncube_Decoder 1.1.40  LogFile ==========

=========> S t a g e  0  -  Getting RawData (UnBase64-Raw.bin)

Opening C:\AppServ\www\siakad\lain\index.php
000003AF -> Start of ionCubeData...
00000706 -> 00000357 Bytes read.
IC_Base64_Marker: '4+oV' Decoding Base64->Bin...

=========> S t a g e  1  -  Validating RawData

ionCubeVersionType: 3CCC22E1 [Encrypted: 149FEC13]
ioncube_Version_Type 3

=========> S t a g e  2  -  Processing RawData

RawBinData_Size: 00000625
FileSizeKey: 2395BA98 (RawBinData_Size + 12321) Xor &H23958CDE
Header_FileSizeKey: 2395BA96
Header_FileSizeKey and FileSizeKey are different! (Difference: 00000002)
Note: RawBinData_Size calculate from Header_FileSizeKey is: 000006AB  (Difference: 00000086)
Header_Size: 000000BE (InitKey for MT: BA131AD4)
Adler32_CRC for 'IC_Raw[0004]..[00DC]' and calculated MATCH. CRC: 467E6E46

=========> S t a g e  3  -  Extracting Header from RawData (->IC_Header.bin)


=========> S t a g e  4  -  Interpreting IC_Header

Minimum Loader Version: 00.00.00 (for ex. ioncube_loader_win_4.3.dll requires >0301010)
VerData 0x00000003
ObfuFlags 00000000 00000000

ObfuFuncHashSeed: 
Bytecode_XorKey: 92A764C5
 -> The Encoder uses '0x92A764C5' to overwrite/delete the real bytecode key - since there is a LicenseFile(+enforceLicense) from which that value should be retrieved. (However don't worry we'll be able to calcuate that value if there is not LicFile. :)
IncludeXorKey[should be 0xE9FC23B1]: E9FC23B1
LicenseFile: lisensi.txt
DisableCheckingOfLicenseRestrictions: 0
LicensePassphrase: lisensi
CustomErrCallbackHandler: 'ioncube_event_handler'
Enable_auto_prepend_Append_file: 0
Customised error messages entries: 0x00
Include file protection entries: 0x00
Adler32_CRC for '<?php //... ?>' and calculated MATCH. CRC: EB60391D
IC_HeaderEx start: 0086
IC_HeaderEx end: 00AE   IC_Header HeaderSize: 00BE

=========> S t a g e  5  -  Interpreting IC_HeaderEx

0001 <-IC_Type_Minor
0005 <-IC_Type_Major
The file [%s] was encoded with the PHP 5 ionCube Encoder, and requires PHP 5 to be installed.
00000CE7 <-PhpFlags
  0x0001  0001
  0x0002  0002 
  0x0004  0004 
  0x0020  Allow run with untrusted server extensions
  0x0040  PHP5_Body
  0x0080  CmdBytesAreEncrypted
  0x0400  EncryptStrings[KeyWord.c_Object] in memory during Compile& Execute
  0x0800  ObfuscateStripLineNumbers

IC Encoder Registration data(MemberID): 0x10050603  30754
Calculate ByteCode_Key ('0x363432' + sum of the chars from LicensePassphrase): 00363729
Overwrite ByteCode_Key to : 0x00363729
Bytecode_MT_XorKey: 00363729
Copy of IncludeXorKey in Header_MoreData: 0xE9FC23B1
unknown Data: 8501A8C0 E3FC1B00 2690 00 00
EvalTimeMin: 4/16/2012 8:10:00 AM   128330D1 '+0500DA46'=>4F8BD3D8 seconds since 1.1.1970
EvalTimeMax: 4/16/2012 8:10:00 AM   4A8AF992 '+3D08A307'=>4F8BD3D8 seconds since 1.1.1970
BodyStartOffset: 0x000000E4

=========> S t a g e  6  -  Extracting & Inflating IC_body from RawData (->IC_body.bin)

000000E8  Body_MT_Seed: 9497DD58
000000EC  Bytecode_MT_Seed: 9B460680

=========> S t a g e  7  -  Reading IC_body.bin


=========> S t a g e  8  -  Read function body data

Reading Body
00000008 -> 00000002
S2[Fixed Size 0x70]:
0000007A ->  4B203E02
 Skipped3 ->  00000000
 FuncNameStart ->  00000000 200A0D3E
 CmdData ->  00000000
 Args ->  00000000
 ArgsMin ->  00000000
 php4Extra ->  02543460 20200020 025B2C20 02546648 00000014 00000014
 Skipped1 ->  0000000E 00000000 00000000
 PHPFileNamePtr ->  FFFFFFFF
 Php5-O1  00000000
 Php5-O1Count  00000000 00000000 00000000 00000000 616E0000 0245A268 52454456 50465254 00000000 00000000
 
00000079 -> FunctionName: abstract  function {MainFunction}
 
00000082 -> 00000014<-CmdCount
byteCmds[Elementsize=0x2] Elements: 00000015
Command(Encrypted)
------------------
075F
0768
0755
0752
07D7
0771
07C4
0758
0792
0746
0644
074C
0794
0701
0250
044A
1E78
003D
0910
0235
0095
CmdParams[Elementsize=0x14] Elements: 0000002F
Type      Op1       Op2       Flags5    Flags
---------------------------------------------
00000004   00000000   00000000   00000000   00000000
00000001   00000002   00000004   00000002   00420103
00000008   00000000   00000001   00000000   00000000
00000004   00000018   00000001   00000000   00000000
00000004   00000000   00000010   00000000   00000000
00000001   00000008   00000003   00000002   00420103
00000004   00000030   00000000   00000000   00000000
00000001   0000000C   00000004   00000002   00420103
00000008   00000000   00000001   00000000   00000000
00000002   00000048   00000000   00000000   00000000
00000004   00000030   00000010   00000000   00000000
00000001   00000012   0000000C   00000002   00420103
00000004   00000060   00000001   00000000   00000000
00000002   00000048   00000000   00000000   00000000
00000008   00000002   00000000   00000000   00000000
00000004   00000078   00000000   00000000   00000000
00000001   00000020   00000004   00000002   00420103
00000008   00000000   00000001   00000000   00000000
00000002   00000090   00000000   00000000   00000000
00000004   00000078   00000010   00000000   00000000
00000001   00000026   0000000A   00000002   00420103
00000004   000000A8   00000001   00000000   00000000
00000002   00000090   00000000   00000000   00000000
00000008   00000002   00000000   00000000   00000000
00000004   000000C0   00000000   00000000   00000000
00000001   00000032   0000000A   00000002   00420103
00000008   00000000   00000001   00000000   00000000
00000002   000000D8   00000000   00000000   00000000
00000004   000000C0   00000010   00000000   00000000
00000001   00000000   0000000A   00000002   00420101
00000002   000000D8   00000000   00000000   00000000
00000008   0000000F   00000000   00000000   00000000
00000004   000000F0   00000000   00000000   00000000
00000001   0000003E   00000004   00000002   00420103
00000008   00000000   00000001   00000000   00000000
00000002   00000108   00000000   00000000   00000000
00000004   000000F0   00000010   00000000   00000000
00000001   00000044   0000000B   00000002   00420103
00000004   00000120   00000001   00000000   00000000
00000002   00000108   00000000   00000000   00000000
00000008   00000002   00000000   00000000   00000000
00000001   00000001   00000038   00000002   00120101
00000001   FFFFFF22   00000006   00000002   00420103
00000001   00000050   00000016   00000002   00420103
00000008   00000001   00000000   00000000   00000000
00000004   00000138   00000001   00000000   00000000
00000001   00000001   00000038   00000002   00120101
StringData [00000067]
000004CB -> C0 DE 72 6F 6F 74 00 00 2E 2E 2F 00 72 6F 6F 74 00 00 73 65 73 69 75 73 65 72 2E 70 68 70 00 00 72 6F 6F 74 00 00 68 65 61 64 65 72 2E 70 68 70 00 00 6A 65 6E 69 73 75 73 65 72 73 00 00 72 6F 6F 74 00 00 70 72 6F 67 72 61 6D 2E 70 68 70 00 48 54 54 50 2F 31 2E 30 20 34 30 34 20 4E 6F 74 20 46 6F 75 6E 64 00 
ÀÞroot..../.root..sesiuser.php..root..header.php..jenisusers..root..program.php.HTTP/1.0 404 Not Found.
Length of unprocessed data: 00000004

=========> S t a g e  9  -  Interpreting IC_body/ByteCode

#0000: 0x53 ZEND_FETCH_W   LineNo: 0x0000  Flags: 0x07()
result: 04->VAR     00000000 00000000  00  00->NULL   00->val 0000
op1   : 01->CONST   00000002 00000004  02  03->STRING 01->ref 0042
        KeyWord: root
op2   : 08->UNUSED  00000000 00000001  00  00->NULL   00->val 0000
----------------------------------------------------------------
[1] '$root
....................................................................
Buf: echo "[Obfuscated]0D 0A 20 20 20 20 20 20 3C 74 72 3E 0D 0A 20 20 20 20 20 20 20 20 3C 74 64 20 3E 20 3C 2F 74 64 3E 0D 0A 20 20 20 20 20 20 20 20 3C 74 64 20 73 74 79 6C 65 3D 27 62 61 63 6B 67 72 6F 75 6E 64 2D 63 6F 6C 6F 72 3A 23 46 46 46 46 30 30 3B 27 3E 3C 62 3E 4A 75 6D 6C 61 68 20 20 6B 6F 6D 70 75 74 65 72 20 41 64 6D 69 6E 69 73 74 72 61 73 69 20 64 61 6E 20 44 6F 73 65 6E 20 68 61 72 75 73 20 73 61 6D 61 20 64 65 6E 67 61 6E 20 6A 75 6D 6C 61 68 20 79 61 6E 67 20 64 69 67 75 6E 61 6B 61 6E 20 41 64 6D 69 6E 69 73 74 72 61 73 69 2B 44 6F 73 65 6E 20 3C 2F 74 64 3E 0D 0A 20 20 20 20 20 20 3C 2F 74 72 3E 0D 0A 20 20 20 20 "echo "[Obfuscated]0D 0A 20 20 20 20 20 20 3C 74 72 3E 0D 0A 20 20 20 20 20 20 20 20 3C 74 64 20 3E 20 3C 2F 74 64 3E 0D 0A 20 20 20 20 20 20 20 20 3C 74 64 20 73 74 79 6C 65 3D 27 62 61 63 6B 67 72 6F 75 6E 64 2D 63 6F 6C 6F 72 3A 23 46 46 46 46 30 30 3B 27 3E 3C 62 3E 4A 75 6D 6C 61 68 20 20 6B 6F 6D 70 75 74 65 72 20 68 61 72 75 73 20 73 61 6D 61 20 64 65 6E 67 61 6E 20 6A 7
______________________________________________________________________
#0001: 0x26 ZEND_ASSIGN   LineNo: 0x0000  Flags: 0x07()
result: 04->VAR     00000018 00000001  00  00->NULL   00->val 0000
op1   : 04->VAR     00000000 00000010  00  00->NULL   00->val 0000
op2   : 01->CONST   00000008 00000003  02  03->STRING 01->ref 0042
        KeyWord: ../
====================================================================
echo "[Obfuscated]0D 0A 20 20 20 20 20 20 3C 74 72 3E 0D 0A 20 20 20 20 20 20 20 20 3C 74 64 20 3E 20 3C 2F 74 64 3E 0D 0A 20 20 20 20 20 20 20 20 3C 74 64 20 73 74 79 6C 65 3D 27 62 61 63 6B 67 72 6F 75 6E 64 2D 63 6F 6C 6F 72 3A 23 46 46 46 46 30 30 3B 27 3E 3C 62 3E 4A 75 6D 6C 61 68 20 20 6B 6F 6D 70 75 74 65 72 20 41 64 6D 69 6E 69 73 74 72 61 73 69 20 64 61 6E 20 44 6F 73 65 6E 20 68 61 72 75 73 20 73 61 6D 61 20 64 65 6E 67 61 6E 20 6A 75 6D 6C 61 68 20 79 61 6E 67 20 64 69 67 75 6E 61 6B 61 6E 20 41 64 6D 69 6E 69 73 74 72 61 73 69 2B 44 6F 73 65 6E 20 3C 2F 74 64 3E 0D 0A 20 20 20 20 20 20 3C 2F 74 72 3E 0D 0A 20 20 20 20 "echo "[Obfuscated]0D 0A 20 20 20 20 20 20 3C 74 72 3E 0D 0A 20 20 20 20 20 20 20 20 3C 74 64 20 3E 20 3C 2F 74 64 3E 0D 0A 20 20 20 20 20 20 20 20 3C 74 64 20 73 74 79 6C 65 3D 27 62 61 63 6B 67 72 6F 75 6E 64 2D 63 6F 6C 6F 72 3A 23 46 46 46 46 30 30 3B 27 3E 3C 62 3E 4A 75 6D 6C 61 68 20 20 6B 6F 6D 70 75 74 65 72 20 68 61 72 75 73 20 73 61 6D 61 20 64 65 6E 67 61 6E 20 6A 75 6D 
______________________________________________________________________
#0002: 0x50 ZEND_FETCH_R   LineNo: 0x0000  Flags: 0x07()
result: 04->VAR     00000030 00000000  00  00->NULL   00->val 0000
op1   : 01->CONST   0000000C 00000004  02  03->STRING 01->ref 0042
        KeyWord: root
op2   : 08->UNUSED  00000000 00000001  00  00->NULL   00->val 0000
----------------------------------------------------------------
[1] '$root
______________________________________________________________________
#0003: 0x08 ZEND_CONCAT   LineNo: 0x0000  Flags: 0x07()
result: 02->TMP_VAR 00000048 00000000  00  00->NULL   00->val 0000
op1   : 04->VAR     00000030 00000010  00  00->NULL   00->val 0000
op2   : 01->CONST   00000012 0000000C  02  03->STRING 01->ref 0042
        KeyWord: sesiuser.php
----------------------------------------------------------------
[1] '$root."sesiuser.php"
______________________________________________________________________
#0004: 0x49 ZEND_INCLUDE_OR_EVAL   LineNo: 0x0000  Flags: 0x07()
result: 04->VAR     00000060 00000001  00  00->NULL   00->val 0000
op1   : 02->TMP_VAR 00000048 00000000  00  00->NULL   00->val 0000
op2   : 08->UNUSED  00000002 00000000  00  00->NULL   00->val 0000
----------------------------------------------------------------
[1] '$root."sesiuser.php"
Correcting Stack error...
====================================================================
$root."sesiuser.php";
______________________________________________________________________
#0005: 0x50 ZEND_FETCH_R   LineNo: 0x0000  Flags: 0x07()
result: 04->VAR     00000078 00000000  00  00->NULL   00->val 0000
op1   : 01->CONST   00000020 00000004  02  03->STRING 01->ref 0042
        KeyWord: root
op2   : 08->UNUSED  00000000 00000001  00  00->NULL   00->val 0000
----------------------------------------------------------------
[1] '$root
______________________________________________________________________
#0006: 0x08 ZEND_CONCAT   LineNo: 0x0000  Flags: 0x07()
result: 02->TMP_VAR 00000090 00000000  00  00->NULL   00->val 0000
op1   : 04->VAR     00000078 00000010  00  00->NULL   00->val 0000
op2   : 01->CONST   00000026 0000000A  02  03->STRING 01->ref 0042
        KeyWord: header.php
----------------------------------------------------------------
[1] '$root."header.php"
______________________________________________________________________
#0007: 0x49 ZEND_INCLUDE_OR_EVAL   LineNo: 0x0000  Flags: 0x07()
result: 04->VAR     000000A8 00000001  00  00->NULL   00->val 0000
op1   : 02->TMP_VAR 00000090 00000000  00  00->NULL   00->val 0000
op2   : 08->UNUSED  00000002 00000000  00  00->NULL   00->val 0000
----------------------------------------------------------------
[1] '$root."header.php"
Correcting Stack error...
====================================================================
$root."header.php";
______________________________________________________________________
#0008: 0x50 ZEND_FETCH_R   LineNo: 0x0000  Flags: 0x07()
result: 04->VAR     000000C0 00000000  00  00->NULL   00->val 0000
op1   : 01->CONST   00000032 0000000A  02  03->STRING 01->ref 0042
        KeyWord: jenisusers
op2   : 08->UNUSED  00000000 00000001  00  00->NULL   00->val 0000
----------------------------------------------------------------
[1] '$jenisusers
______________________________________________________________________
#0009: 0x11 ZEND_IS_EQUAL   LineNo: 0x0000  Flags: 0x07()
result: 02->TMP_VAR 000000D8 00000000  00  00->NULL   00->val 0000
op1   : 04->VAR     000000C0 00000010  00  00->NULL   00->val 0000
op2   : 01->CONST   00000000 0000000A  02  01->LONG   01->ref 0042
----------------------------------------------------------------
[1] '$jenisusers==0
______________________________________________________________________
#000A: 0x2B ZEND_JMPZ   LineNo: 0x0000  Flags: 0x06()
op1   : 02->TMP_VAR 000000D8 00000000  00  00->NULL   00->val 0000
op2   : 08->UNUSED  0000000F 00000000  00  00->NULL   00->val 0000
....................................................................
Comment: Conditional jmp to #0000000F
====================================================================
if ($jenisusers==0) {
______________________________________________________________________
#000B: 0x50 ZEND_FETCH_R   LineNo: 0x0000  Flags: 0x07()
result: 04->VAR     000000F0 00000000  00  00->NULL   00->val 0000
op1   : 01->CONST   0000003E 00000004  02  03->STRING 01->ref 0042
        KeyWord: root
op2   : 08->UNUSED  00000000 00000001  00  00->NULL   00->val 0000
----------------------------------------------------------------
[1] '$root
______________________________________________________________________
#000C: 0x08 ZEND_CONCAT   LineNo: 0x0000  Flags: 0x07()
result: 02->TMP_VAR 00000108 00000000  00  00->NULL   00->val 0000
op1   : 04->VAR     000000F0 00000010  00  00->NULL   00->val 0000
op2   : 01->CONST   00000044 0000000B  02  03->STRING 01->ref 0042
        KeyWord: program.php
----------------------------------------------------------------
[1] '$root."program.php"
______________________________________________________________________
#000D: 0x49 ZEND_INCLUDE_OR_EVAL   LineNo: 0x0000  Flags: 0x07()
result: 04->VAR     00000120 00000001  00  00->NULL   00->val 0000
op1   : 02->TMP_VAR 00000108 00000000  00  00->NULL   00->val 0000
op2   : 08->UNUSED  00000002 00000000  00  00->NULL   00->val 0000
----------------------------------------------------------------
[1] '$root."program.php"
Correcting Stack error...
====================================================================
$root."program.php";
______________________________________________________________________
#000E: 0x3E ZEND_RETURN   LineNo: 0x0000  Flags: 0x02()
op1   : 01->CONST   00000001 00000038  02  01->LONG   01->ref 0012
====================================================================
Return (1);
}
______________________________________________________________________
#000F: 0x3B ZEND_INIT_FCALL_BY_NAME   LineNo: 0x0000  Flags: 0x04()
op2   : 01->CONST   FFFFFF22 00000006  02  03->STRING 01->ref 0042
        KeyWord: header
----------------------------------------------------------------
[1] 'header
______________________________________________________________________
#0010: 0x41 ZEND_SEND_VAL   LineNo: 0x0000  Flags: 0x1E()
op1   : 01->CONST   00000050 00000016  02  03->STRING 01->ref 0042
        KeyWord: HTTP/1.0 404 Not Found
op2   : 08->UNUSED  00000001 00000000  00  00->NULL   00->val 0000
        extended_value(from File): 003D
----------------------------------------------------------------
[1] 'header
....................................................................
Comment: Arg[1] = "HTTP/1.0 404 Not Found"
______________________________________________________________________
#0011: 0x3D ZEND_DO_FCALL_BY_NAME   LineNo: 0x0000  Flags: 0x09()
result: 04->VAR     00000138 00000001  00  00->NULL   00->val 0000
        extended_value(from Flag): 0001
====================================================================
header("HTTP/1.0 404 Not Found");
______________________________________________________________________
#0012: 0x3E ZEND_RETURN   LineNo: 0x0000  Flags: 0x02()
op1   : 01->CONST   00000001 00000038  02  01->LONG   01->ref 0012
====================================================================
Return (1);
______________________________________________________________________
#0013: 0x95 ZEND_HANDLE_EXCEPTION   LineNo: 0x0000  Flags: 0x00()
______________________________________________________________________
FunctionsCount: 0000
Classes: 0000
File sucessfully processes!

