========== Ioncube_Decoder 1.1.40  LogFile ==========

=========> S t a g e  0  -  Getting RawData (UnBase64-Raw.bin)

Opening C:\AppServ\www\siakad\lain\prosescopyds.php
000003AF -> Start of ionCubeData...
00000F86 -> 00000BD7 Bytes read.
IC_Base64_Marker: '4+oV' Decoding Base64->Bin...

=========> S t a g e  1  -  Validating RawData

ionCubeVersionType: 3CCC22E1 [Encrypted: 149FEC13]
ioncube_Version_Type 3

=========> S t a g e  2  -  Processing RawData

RawBinData_Size: 00000C71
FileSizeKey: 2395B04C (RawBinData_Size + 12321) Xor &H23958CDE
Header_FileSizeKey: 2395B04A
Header_FileSizeKey and FileSizeKey are different! (Difference: 00000002)
Note: RawBinData_Size calculate from Header_FileSizeKey is: 00000CF7  (Difference: 00000086)
Header_Size: 000000BE (InitKey for MT: DF179129)
Adler32_CRC for 'IC_Raw[0004]..[00DC]' and calculated MATCH. CRC: 40726E79

=========> S t a g e  3  -  Extracting Header from RawData (->IC_Header.bin)


=========> S t a g e  4  -  Interpreting IC_Header

Minimum Loader Version: 00.00.00 (for ex. ioncube_loader_win_4.3.dll requires >0301010)
VerData 0x00000003
ObfuFlags 00000000 00000000

ObfuFuncHashSeed: 
Bytecode_XorKey: 92A764C5
 -> The Encoder uses '0x92A764C5' to overwrite/delete the real bytecode key - since there is a LicenseFile(+enforceLicense) from which that value should be retrieved. (However don't worry we'll be able to calcuate that value if there is not LicFile. :)
IncludeXorKey[should be 0xE9FC23B1]: E9FC23B1
LicenseFile: lisensi.txt
DisableCheckingOfLicenseRestrictions: 0
LicensePassphrase: lisensi
CustomErrCallbackHandler: 'ioncube_event_handler'
Enable_auto_prepend_Append_file: 0
Customised error messages entries: 0x00
Include file protection entries: 0x00
Adler32_CRC for '<?php //... ?>' and calculated MATCH. CRC: EB60391D
IC_HeaderEx start: 0086
IC_HeaderEx end: 00AE   IC_Header HeaderSize: 00BE

=========> S t a g e  5  -  Interpreting IC_HeaderEx

0001 <-IC_Type_Minor
0005 <-IC_Type_Major
The file [%s] was encoded with the PHP 5 ionCube Encoder, and requires PHP 5 to be installed.
00000CE7 <-PhpFlags
  0x0001  0001
  0x0002  0002 
  0x0004  0004 
  0x0020  Allow run with untrusted server extensions
  0x0040  PHP5_Body
  0x0080  CmdBytesAreEncrypted
  0x0400  EncryptStrings[KeyWord.c_Object] in memory during Compile& Execute
  0x0800  ObfuscateStripLineNumbers

IC Encoder Registration data(MemberID): 0x10050603  30754
Calculate ByteCode_Key ('0x363432' + sum of the chars from LicensePassphrase): 00363729
Overwrite ByteCode_Key to : 0x00363729
Bytecode_MT_XorKey: 00363729
Copy of IncludeXorKey in Header_MoreData: 0xE9FC23B1
unknown Data: 8501A8C0 E3FC1B00 2690 00 00
EvalTimeMin: 4/16/2012 8:10:00 AM   128330D1 '+0500DA46'=>4F8BD3D8 seconds since 1.1.1970
EvalTimeMax: 4/16/2012 8:10:00 AM   4A8AF992 '+3D08A307'=>4F8BD3D8 seconds since 1.1.1970
BodyStartOffset: 0x000000E4

=========> S t a g e  6  -  Extracting & Inflating IC_body from RawData (->IC_body.bin)

000000E8  Body_MT_Seed: EB0DB8C9
000000EC  Bytecode_MT_Seed: 9B2A5680

=========> S t a g e  7  -  Reading IC_body.bin


=========> S t a g e  8  -  Read function body data

Reading Body
00000008 -> 00000002
S2[Fixed Size 0x70]:
0000007A ->  45534E02
 Skipped3 ->  00000000
 FuncNameStart ->  00000000 6E626274
 CmdData ->  00000000
 Args ->  00000000
 ArgsMin ->  00000000
 php4Extra ->  0248A490 54280020 00736428 0246E990 00000092 00000092
 Skipped1 ->  00000052 00000002 00000001
 PHPFileNamePtr ->  FFFFFFFF
 Php5-O1  00000000
 Php5-O1Count  00000000 00000000 00000000 00000000 42540000 02255070 4F424F42 42425454 00000000 00000000
 
00000079 -> FunctionName: protected function {MainFunction}
 
00000082 -> 00000092<-CmdCount
byteCmds[Elementsize=0x2] Elements: 0000009F
Command(Encrypted)
------------------
077F
072A
0734
07EB
06A2
01EB
0775
0705
0714
07A3
0726
079F
07B9
07D6
0755
07CF
0725
0737
01FD
0770
079E
078B
0776
07F9
0757
0711
079C
0769
079D
0408
0FB5
1EE9
003D
1F28
0002
1E3B
003D
1951
0002
0764
07D6
0427
0FB4
1E35
003D
09C0
07AC
060C
0716
0773
0450
0F5C
1EBF
003D
0902
0711
0710
06DD
01F5
07DA
075A
07D4
071A
07F4
07D3
0754
0760
07D3
077B
071F
0751
07A5
0766
0702
0716
0764
0787
0746
078D
07A3
076B
0785
07B5
07D2
07BB
07DC
0724
0486
0FAE
1E82
003D
1FA2
0002
1E2A
003D
1991
0002
0734
0720
0494
0F68
1EDE
003D
0989
07D2
0653
0786
0728
01BA
07DB
071C
0790
0784
07AF
072D
07D6
07ED
07DF
07ED
07E8
078E
0769
014B
0747
0793
076F
0708
0700
07CA
07F7
07A8
074D
0186
07EE
07BD
0718
0736
078C
072A
077C
073E
0734
07FD
0274
07BB
073E
0465
1EFE
003D
0982
0725
027A
0286
04FE
1E50
003D
09B0
028B
0095
CmdParams[Elementsize=0x14] Elements: 00000176
Type      Op1       Op2       Flags5    Flags
---------------------------------------------
00000004   00000000   00000000   00000000   00000000
00000001   0000000E   00000002   00000002   00420103
00000008   00000000   00000001   00000000   00000000
00000004   00000018   00000001   00000000   00000000
00000004   00000000   00000010   00000000   00000000
00000001   02543418   00000000   00000002   00420103
00000004   00000030   00000000   00000000   00000000
00000001   00000012   00000007   00000002   00420103
00000008   00000000   00000001   00000000   00000000
00000002   00000048   00000000   00000000   00000000
00000004   00000030   00000010   00000000   00000000
00000001   02326E58   00000000   00000002   00420103
00000002   00000048   00000000   00000000   00000000
00000008   00000012   00000000   00000000   00000000
00000002   00000078   00000000   00000000   00000000
00000002   00000078   00000000   00000000   00000000
00000002   00000078   00000000   00000000   00000000
00000001   0000001A   00000011   00000002   00420103
00000004   00000090   00000000   00000000   00000000
00000001   0000002C   00000006   00000002   00420103
00000008   00000000   00000001   00000000   00000000
00000002   00000078   00000000   00000000   00000000
00000002   00000078   00000000   00000000   00000000
00000004   00000090   00000000   00000000   00000000
00000002   00000078   00000000   00000000   00000000
00000002   00000078   00000000   00000000   00000000
00000001   00000034   00000016   00000002   00420103
00000004   000000A8   00000000   00000000   00000000
00000001   0000004C   0000000B   00000002   00420103
00000008   00000000   00000001   00000000   00000000
00000002   00000078   00000000   00000000   00000000
00000002   00000078   00000000   00000000   00000000
00000004   000000A8   00000000   00000000   00000000
00000002   00000078   00000000   00000000   00000000
00000002   00000078   00000000   00000000   00000000
00000001   00000058   00000016   00000002   00420103
00000004   000000C0   00000000   00000000   00000000
00000001   00000070   00000006   00000002   00420103
00000008   00000000   00000001   00000000   00000000
00000002   00000078   00000000   00000000   00000000
00000002   00000078   00000000   00000000   00000000
00000004   000000C0   00000000   00000000   00000000
00000002   00000078   00000000   00000000   00000000
00000002   00000078   00000000   00000000   00000000
00000001   00000078   00000002   00000002   00420103
00000004   00000060   00000000   00000000   00000000
00000001   0000007C   00000002   00000002   00420103
00000008   00000000   00000001   00000000   00000000
00000004   000000D8   00000001   00000000   00000000
00000004   00000060   00000010   00000000   00000000
00000002   00000078   00000000   00000000   00000000
00000002   00000108   00000000   00000000   00000000
00000002   00000108   00000000   00000000   00000000
00000002   00000108   00000000   00000000   00000000
00000001   00000080   00000026   00000002   00420103
00000004   00000120   00000000   00000000   00000000
00000001   000000A8   00000005   00000002   00420103
00000008   00000000   00000001   00000000   00000000
00000002   00000108   00000000   00000000   00000000
00000002   00000108   00000000   00000000   00000000
00000004   00000120   00000000   00000000   00000000
00000004   00000138   00000000   00000000   00000000
00000001   000000AE   00000008   00000002   00420103
00000008   00000000   00000001   00000000   00000000
00000002   00000108   00000000   00000000   00000000
00000002   00000108   00000000   00000000   00000000
00000004   00000138   00000000   00000000   00000000
00000002   00000108   00000000   00000000   00000000
00000002   00000108   00000000   00000000   00000000
00000001   000000B8   00000002   00000002   00420103
00000004   00000150   00000000   00000000   00000000
00000001   000000BC   00000002   00000002   00420103
00000008   00000000   00000001   00000000   00000000
00000002   00000108   00000000   00000000   00000000
00000002   00000108   00000000   00000000   00000000
00000004   00000150   00000000   00000000   00000000
00000004   000000F0   00000000   00000000   00000000
00000001   000000C0   00000001   00000002   00420103
00000008   00000000   00000001   00000000   00000000
00000004   00000168   00000001   00000000   00000000
00000004   000000F0   00000010   00000000   00000000
00000002   00000108   00000000   00000000   00000000
00000001   000000C2   00000007   00000002   00420103
00000004   00000198   00000000   00000000   00000000
00000001   000000CA   00000001   00000002   00420103
00000008   00000000   00000001   00000000   00000000
00000004   00000198   00000010   00000000   00000000
00000008   00000001   00000000   00000000   00000000
00000004   000001B0   00000000   00000000   00000000
00000001   000000CC   00000007   00000002   00420103
00000008   00000000   00000001   00000000   00000000
00000004   000001B0   00000010   00000000   00000000
00000008   00000002   00000000   00000000   00000000
00000004   000001C8   00000000   00000000   00000000
00000004   00000180   00000000   00000000   00000000
00000001   000000D4   00000001   00000002   00420103
00000008   00000000   00000001   00000000   00000000
00000004   000001E0   00000001   00000000   00000000
00000004   00000180   00000010   00000000   00000000
00000004   000001C8   00000008   00000000   00000000
00000001   000000D6   0000000A   00000002   00420103
00000004   000001F8   00000000   00000000   00000000
00000001   000000E2   00000001   00000002   00420103
00000008   00000000   00000001   00000000   00000000
00000004   000001F8   00000010   00000000   00000000
00000008   00000001   00000000   00000000   00000000
00000004   00000210   00000000   00000000   00000000
00000002   00000228   00000000   00000000   00000000
00000001   00000000   00000001   00000002   00420101
00000004   00000210   00000008   00000000   00000000
00000002   00000228   00000000   00000000   00000000
00000008   0000008D   00000000   00000000   00000000
00000004   00000240   00000000   00000000   00000000
00000001   000000E4   00000003   00000002   00420103
00000008   00000000   00000001   00000000   00000000
00000004   00000258   00000001   00000000   00000000
00000004   00000240   00000010   00000000   00000000
00000001   000000E8   0000013E   00000002   00420103
00000001   00000228   0000000D   00000002   00420103
00000004   00000288   00000000   00000000   00000000
00000001   00000236   00000001   00000002   00420103
00000008   00000000   00000001   00000000   00000000
00000004   00000288   00000010   00000000   00000000
00000008   00000001   00000000   00000000   00000000
00000004   000002A0   00000000   00000000   00000000
00000004   00000270   00000000   00000000   00000000
00000001   00000238   00000001   00000002   00420103
00000008   00000000   00000001   00000000   00000000
00000004   000002B8   00000000   00000000   00000000
00000004   00000270   00000010   00000000   00000000
00000004   000002A0   00000008   00000000   00000000
00000004   000002B8   00000000   00000000   00000000
00000008   00000085   00000000   00000000   00000000
00000002   000002E8   00000000   00000000   00000000
00000002   000002E8   00000000   00000000   00000000
00000002   000002E8   00000000   00000000   00000000
00000001   0000023A   000000A2   00000002   00420103
00000004   00000300   00000000   00000000   00000000
00000001   000002DE   00000006   00000002   00420103
00000008   00000000   00000001   00000000   00000000
00000002   000002E8   00000000   00000000   00000000
00000002   000002E8   00000000   00000000   00000000
00000004   00000300   00000000   00000000   00000000
00000004   00000318   00000000   00000000   00000000
00000001   000002E6   00000009   00000002   00420103
00000008   00000000   00000001   00000000   00000000
00000002   000002E8   00000000   00000000   00000000
00000002   000002E8   00000000   00000000   00000000
00000004   00000318   00000000   00000000   00000000
00000002   000002E8   00000000   00000000   00000000
00000002   000002E8   00000000   00000000   00000000
00000001   000002F0   00000004   00000002   00420103
00000004   00000330   00000000   00000000   00000000
00000001   000002F6   00000001   00000002   00420103
00000008   00000000   00000001   00000000   00000000
00000004   00000348   00000000   00000000   00000000
00000004   00000330   00000000   00000000   00000000
00000001   000002F8   0000000A   00000002   00420103
00000002   000002E8   00000000   00000000   00000000
00000002   000002E8   00000000   00000000   00000000
00000004   00000348   00000000   00000000   00000000
00000002   000002E8   00000000   00000000   00000000
00000002   000002E8   00000000   00000000   00000000
00000001   00000304   00000005   00000002   00420103
00000004   00000360   00000000   00000000   00000000
00000001   0000030A   00000001   00000002   00420103
00000008   00000000   00000001   00000000   00000000
00000004   00000378   00000000   00000000   00000000
00000004   00000360   00000000   00000000   00000000
00000001   0000030C   0000000A   00000002   00420103
00000002   000002E8   00000000   00000000   00000000
00000002   000002E8   00000000   00000000   00000000
00000004   00000378   00000000   00000000   00000000
00000002   000002E8   00000000   00000000   00000000
00000002   000002E8   00000000   00000000   00000000
00000001   00000318   00000005   00000002   00420103
00000004   00000390   00000000   00000000   00000000
00000001   0000031E   00000001   00000002   00420103
00000008   00000000   00000001   00000000   00000000
00000004   000003A8   00000000   00000000   00000000
00000004   00000390   00000000   00000000   00000000
00000001   00000320   0000000A   00000002   00420103
00000002   000002E8   00000000   00000000   00000000
00000002   000002E8   00000000   00000000   00000000
00000004   000003A8   00000000   00000000   00000000
00000002   000002E8   00000000   00000000   00000000
00000002   000002E8   00000000   00000000   00000000
00000001   0000032C   00000014   00000002   00420103
00000004   000003C0   00000000   00000000   00000000
00000001   00000342   00000001   00000002   00420103
00000008   00000000   00000001   00000000   00000000
00000004   000003D8   00000000   00000000   00000000
00000004   000003C0   00000000   00000000   00000000
00000001   00000344   0000000A   00000002   00420103
00000002   000002E8   00000000   00000000   00000000
00000002   000002E8   00000000   00000000   00000000
00000004   000003D8   00000000   00000000   00000000
00000002   000002E8   00000000   00000000   00000000
00000002   000002E8   00000000   00000000   00000000
00000001   00000350   00000004   00000002   00420103
00000004   000003F0   00000000   00000000   00000000
00000001   00000356   00000001   00000002   00420103
00000008   00000000   00000001   00000000   00000000
00000004   00000408   00000000   00000000   00000000
00000004   000003F0   00000000   00000000   00000000
00000001   00000358   0000000A   00000002   00420103
00000002   000002E8   00000000   00000000   00000000
00000002   000002E8   00000000   00000000   00000000
00000004   00000408   00000000   00000000   00000000
00000002   000002E8   00000000   00000000   00000000
00000002   000002E8   00000000   00000000   00000000
00000001   00000364   00000012   00000002   00420103
00000004   000002D0   00000000   00000000   00000000
00000001   00000378   00000001   00000002   00420103
00000008   00000000   00000001   00000000   00000000
00000004   00000420   00000001   00000000   00000000
00000004   000002D0   00000010   00000000   00000000
00000002   000002E8   00000000   00000000   00000000
00000001   0000037A   00000007   00000002   00420103
00000004   00000438   00000000   00000000   00000000
00000001   00000382   00000001   00000002   00420103
00000008   00000000   00000001   00000000   00000000
00000004   00000438   00000010   00000000   00000000
00000008   00000001   00000000   00000000   00000000
00000004   00000450   00000000   00000000   00000000
00000001   00000384   00000007   00000002   00420103
00000008   00000000   00000001   00000000   00000000
00000004   00000450   00000010   00000000   00000000
00000008   00000002   00000000   00000000   00000000
00000004   00000468   00000001   00000000   00000000
00000004   00000480   00000000   00000000   00000000
00000001   0000038C   00000002   00000002   00420103
00000008   00000000   00000001   00000000   00000000
00000004   00000498   00000001   00000000   00000000
00000004   00000480   00000010   00000000   00000000
00000001   00000390   00000005   00000002   00420103
00000001   00000396   0000000F   00000002   00420103
00000004   000004B0   00000000   00000000   00000000
00000001   000003A6   00000007   00000002   00420103
00000008   00000000   00000001   00000000   00000000
00000004   000004B0   00000010   00000000   00000000
00000008   00000001   00000000   00000000   00000000
00000004   000004C8   00000000   00000000   00000000
00000002   000004E0   00000000   00000000   00000000
00000001   00000000   00000007   00000002   00420101
00000004   000004C8   00000008   00000000   00000000
00000002   000004E0   00000000   00000000   00000000
00000008   00000061   00000000   00000000   00000000
00000004   000004F8   00000000   00000000   00000000
00000001   000003AE   00000002   00000002   00420103
00000008   00000000   00000001   00000000   00000000
00000004   00000510   00000001   00000000   00000000
00000004   000004F8   00000010   00000000   00000000
00000001   000003B2   00000002   00000002   00420103
00000002   00000540   00000000   00000000   00000000
00000002   00000540   00000000   00000000   00000000
00000002   00000540   00000000   00000000   00000000
00000001   000003B6   00000035   00000002   00420103
00000004   00000558   00000000   00000000   00000000
00000001   000003EC   00000001   00000002   00420103
00000008   00000000   00000001   00000000   00000000
00000004   00000570   00000000   00000000   00000000
00000004   00000558   00000000   00000000   00000000
00000001   000003EE   0000000A   00000002   00420103
00000002   00000540   00000000   00000000   00000000
00000002   00000540   00000000   00000000   00000000
00000004   00000570   00000000   00000000   00000000
00000002   00000540   00000000   00000000   00000000
00000002   00000540   00000000   00000000   00000000
00000001   000003FA   00000028   00000002   00420103
00000004   00000588   00000000   00000000   00000000
00000001   00000424   00000001   00000002   00420103
00000008   00000000   00000001   00000000   00000000
00000004   000005A0   00000000   00000000   00000000
00000004   00000588   00000000   00000000   00000000
00000001   00000426   0000000A   00000002   00420103
00000002   00000540   00000000   00000000   00000000
00000002   00000540   00000000   00000000   00000000
00000004   000005A0   00000000   00000000   00000000
00000002   00000540   00000000   00000000   00000000
00000002   00000540   00000000   00000000   00000000
00000001   00000432   0000001C   00000002   00420103
00000004   000005D0   00000000   00000000   00000000
00000001   00000450   00000008   00000002   00420103
00000008   00000000   00000001   00000000   00000000
00000004   000005B8   00000000   00000000   00000000
00000001   0000045A   0000000D   00000002   00420103
00000008   00000000   00000001   00000000   00000000
00000004   000005E8   00000000   00000000   00000000
00000004   000005B8   00000000   00000000   00000000
00000004   000005D0   00000010   00000000   00000000
00000002   00000600   00000000   00000000   00000000
00000002   00000540   00000000   00000000   00000000
00000004   000005E8   00000010   00000000   00000000
00000002   00000618   00000000   00000000   00000000
00000002   00000618   00000000   00000000   00000000
00000002   00000618   00000000   00000000   00000000
00000001   00000468   00000001   00000002   00420103
00000004   00000630   00000000   00000000   00000000
00000001   0000046A   00000005   00000002   00420103
00000008   00000000   00000001   00000000   00000000
00000002   00000618   00000000   00000000   00000000
00000002   00000618   00000000   00000000   00000000
00000004   00000630   00000000   00000000   00000000
00000002   00000618   00000000   00000000   00000000
00000002   00000618   00000000   00000000   00000000
00000001   00000470   0000001B   00000002   00420103
00000002   00000648   00000000   00000000   00000000
00000002   00000600   00000000   00000000   00000000
00000002   00000618   00000000   00000000   00000000
00000004   00000678   00000000   00000000   00000000
00000001   0000048C   00000009   00000002   00420103
00000008   00000000   00000001   00000000   00000000
00000004   00000660   00000000   00000000   00000000
00000001   00000496   0000000D   00000002   00420103
00000008   00000000   00000001   00000000   00000000
00000004   00000690   00000000   00000000   00000000
00000004   00000660   00000000   00000000   00000000
00000004   00000678   00000010   00000000   00000000
00000002   000006A8   00000000   00000000   00000000
00000002   00000648   00000000   00000000   00000000
00000004   00000690   00000010   00000000   00000000
00000002   000006C0   00000000   00000000   00000000
00000002   000006C0   00000000   00000000   00000000
00000002   000006C0   00000000   00000000   00000000
00000001   000004A4   00000001   00000002   00420103
00000004   000006D8   00000000   00000000   00000000
00000001   000004A6   00000006   00000002   00420103
00000008   00000000   00000001   00000000   00000000
00000002   000006C0   00000000   00000000   00000000
00000002   000006C0   00000000   00000000   00000000
00000004   000006D8   00000000   00000000   00000000
00000002   000006C0   00000000   00000000   00000000
00000002   000006C0   00000000   00000000   00000000
00000001   000004AE   0000001B   00000002   00420103
00000004   000006F0   00000000   00000000   00000000
00000001   000004CA   00000002   00000002   00420103
00000008   00000000   00000001   00000000   00000000
00000002   000006C0   00000000   00000000   00000000
00000002   000006C0   00000000   00000000   00000000
00000004   000006F0   00000000   00000000   00000000
00000002   000006C0   00000000   00000000   00000000
00000002   000006C0   00000000   00000000   00000000
00000001   000004CE   00000018   00000002   00420103
00000002   00000708   00000000   00000000   00000000
00000002   000006A8   00000000   00000000   00000000
00000002   000006C0   00000000   00000000   00000000
00000004   00000528   00000000   00000000   00000000
00000001   000004E8   00000003   00000002   00420103
00000008   00000000   00000001   00000000   00000000
00000004   00000720   00000001   00000000   00000000
00000004   00000528   00000010   00000000   00000000
00000002   00000708   00000000   00000000   00000000
00000008   0000002D   00000000   00000000   00000000
00000004   00000738   00000000   00000000   00000000
00000001   000004EC   00000003   00000002   00420103
00000008   00000000   00000001   00000000   00000000
00000004   00000750   00000001   00000000   00000000
00000004   00000738   00000010   00000000   00000000
00000001   000004F0   00000008   00000002   00420103
00000001   000004FA   00000013   00000002   00420103
00000001   0000050E   00000035   00000002   00420103
00000008   00000001   00000000   00000000   00000000
00000004   00000768   00000001   00000000   00000000
00000004   00000780   00000000   00000000   00000000
00000001   00000544   00000003   00000002   00420103
00000008   00000000   00000001   00000000   00000000
00000004   00000780   00000010   00000000   00000000
00000001   00000001   00000038   00000002   00120101
00000001   00000548   00000013   00000002   00420103
00000001   0000055C   0000003D   00000002   00420103
00000008   00000001   00000000   00000000   00000000
00000004   00000798   00000001   00000000   00000000
00000001   00000001   00000038   00000002   00120101
StringData [0000059A]
0000249E -> C0 DE 2D 00 00 00 85 00 00 00 FF FF FF FF 71 66 00 00 69 64 70 72 6F 64 69 00 41 4E 44 20 4B 44 50 53 54 54 42 4B 4D 4B 20 3D 27 00 6B 6F 64 65 70 73 00 00 27 0D 0A 20 20 20 41 4E 44 20 4B 44 4A 45 4E 54 42 4B 4D 4B 3D 27 00 00 6B 6F 64 65 6A 65 6E 6A 61 6E 67 00 27 0D 0A 20 20 20 41 4E 44 20 4B 44 50 54 49 54 42 4B 4D 4B 3D 27 00 00 6B 6F 64 65 70 74 00 00 27 20 00 00 71 66 00 00 53 45 4C 45 43 54 20 2A 20 46 52 4F 4D 20 74 72 6C 73 64 20 57 48 45 52 45 20 54 48 53 4D 53 54 52 4C 53 44 3D 27 00 00 74 61 68 75 6E 00 73 65 6D 65 73 74 65 72 00 00 27 20 00 00 71 66 00 00 71 00 64 6F 71 75 65 72 79 00 71 00 6B 6F 6E 65 6B 73 69 00 68 00 73 71 6C 6E 75 6D 72 6F 77 73 00 00 68 00 74 6D 70 00 0D 0A 20 20 20 20 20 20 20 20 20 20 20 20 3C 74 61 62 6C 65 20 63 6C 61 73 73 3D 66 6F 72 6D 3E 0D 0A 20 20 20 20 20 20 20 20 20 20 20 20 20 20 3C 74 72 20 63 6C 61 73 73 3D 6A 75 64 75 6C 64 61 74 61 20 61 6C 69 67 6E 3D 63 65 6E 74 65 72 20 3E 0D 0A 20 20 20 20 20 20 20 20 20 20 20 20 20 20 20 20 3C 74 64 3E 4E 4
ÀÞ-...…...ÿÿÿÿqf..idprodi.AND KDPSTTBKMK ='.kodeps..'
   AND KDJENTBKMK='..kodejenjang.'
   AND KDPTITBKMK='..kodept..' ..qf..SELECT * FROM trlsd WHERE THSMSTRLSD='..tahun.semester..' ..qf..q.mysql_query.q.koneksi.h.sqlnumrows..h.tmp.
            <table class=form>
              <tr class=juduldata align=center >
                <td>NIDN Dosen</td>
                <td>Status Dosen</td>
                 <td>Semester Asal</td>
                <td>Semester Tujuan</td>
                <td>Status Penyalinan</td>
              </tr>
          ..sqlfetcharray.h.d.
              INSERT INTO trlsd 
              (THSMSTRLSD ,KDPTITRLSD ,KDPSTTRLSD ,KDJENTRLSD,NODOSTRLSD ,STDOSTRLSD )
              VALUES
              ('..tahun2..semester2.' ,'..d.KDPTITRLSD..'  ,'.d.KDPSTTRLSD..'  ,'.d.KDJENTRLSD..' ,
              '..d.NODOSTRLSD..' ,'..d.STDOSTRLSD..'  )
            ..q.mysql_query.q.koneksi.ok..Gagal.sqlaffectedrows.koneksi.ok..OK..
            <tr align=center>
                <td>.d.NODOSTRLSD..</td>
                <td align=center>..d.STDOSTRLSD..</td>
                 <td>..semester..arraysemester. .tahun.</td>
                <td>.semester2.arraysemester. .tahun2..</td>
                <td>.ok..</td>
            </tr>..tmp.tmp.</table>..printjudulmenukecil.<b>Daftar Dosen Keluar/Cuti/Studi Lanjut yang disalin.tmp.printjudulmenukecil.<b>Tidak ada data Dosen Keluar/Cuti/Studi Lanjut yang disalin.
Length of unprocessed data: 00000004

=========> S t a g e  9  -  Interpreting IC_body/ByteCode

#0000: 0x53 ZEND_FETCH_W   LineNo: 0x0000  Flags: 0x07()
result: 04->VAR     00000000 00000000  00  00->NULL   00->val 0000
op1   : 01->CONST   0000000E 00000002  02  03->STRING 01->ref 0042
        KeyWord: qf
op2   : 08->UNUSED  00000000 00000001  00  00->NULL   00->val 0000
----------------------------------------------------------------
[1] '$qf
______________________________________________________________________
#0001: 0x26 ZEND_ASSIGN   LineNo: 0x0000  Flags: 0x07()
result: 04->VAR     00000018 00000001  00  00->NULL   00->val 0000
op1   : 04->VAR     00000000 00000010  00  00->NULL   00->val 0000
op2   : 01->CONST   02543418 00000000  02  03->STRING 01->ref 0042
====================================================================
$qf="39072792";
______________________________________________________________________
#0002: 0x50 ZEND_FETCH_R   LineNo: 0x0000  Flags: 0x07()
result: 04->VAR     00000030 00000000  00  00->NULL   00->val 0000
op1   : 01->CONST   00000012 00000007  02  03->STRING 01->ref 0042
        KeyWord: idprodi
op2   : 08->UNUSED  00000000 00000001  00  00->NULL   00->val 0000
----------------------------------------------------------------
[1] '$idprodi
______________________________________________________________________
#0003: 0x12 ZEND_IS_NOT_EQUAL   LineNo: 0x0000  Flags: 0x07()
result: 02->TMP_VAR 00000048 00000000  00  00->NULL   00->val 0000
op1   : 04->VAR     00000030 00000010  00  00->NULL   00->val 0000
op2   : 01->CONST   02326E58 00000000  02  03->STRING 01->ref 0042
----------------------------------------------------------------
[1] '$idprodi!="36859480"
______________________________________________________________________
#0004: 0x2B ZEND_JMPZ   LineNo: 0x0000  Flags: 0x06()
op1   : 02->TMP_VAR 00000048 00000000  00  00->NULL   00->val 0000
op2   : 08->UNUSED  00000012 00000000  00  00->NULL   00->val 0000
....................................................................
Comment: Conditional jmp to #00000012
====================================================================
if ($idprodi!="36859480") {
______________________________________________________________________
#0005: 0x35 ZEND_INIT_STRING   LineNo: 0x0000  Flags: 0x01()
result: 02->TMP_VAR 00000078 00000000  00  00->NULL   00->val 0000
______________________________________________________________________
#0006: 0x37 ZEND_ADD_STRING   LineNo: 0x0000  Flags: 0x07()
result: 02->TMP_VAR 00000078 00000000  00  00->NULL   00->val 0000
op1   : 02->TMP_VAR 00000078 00000000  00  00->NULL   00->val 0000
op2   : 01->CONST   0000001A 00000011  02  03->STRING 01->ref 0042
        KeyWord: AND KDPSTTBKMK ='
______________________________________________________________________
#0007: 0x50 ZEND_FETCH_R   LineNo: 0x0000  Flags: 0x07()
result: 04->VAR     00000090 00000000  00  00->NULL   00->val 0000
op1   : 01->CONST   0000002C 00000006  02  03->STRING 01->ref 0042
        KeyWord: kodeps
op2   : 08->UNUSED  00000000 00000001  00  00->NULL   00->val 0000
----------------------------------------------------------------
[1] '$kodeps
______________________________________________________________________
#0008: 0x38 ZEND_ADD_VAR   LineNo: 0x0000  Flags: 0x07()
result: 02->TMP_VAR 00000078 00000000  00  00->NULL   00->val 0000
op1   : 02->TMP_VAR 00000078 00000000  00  00->NULL   00->val 0000
op2   : 04->VAR     00000090 00000000  00  00->NULL   00->val 0000
______________________________________________________________________
#0009: 0x37 ZEND_ADD_STRING   LineNo: 0x0000  Flags: 0x07()
result: 02->TMP_VAR 00000078 00000000  00  00->NULL   00->val 0000
op1   : 02->TMP_VAR 00000078 00000000  00  00->NULL   00->val 0000
op2   : 01->CONST   00000034 00000016  02  03->STRING 01->ref 0042
        KeyWord: '
   AND KDJENTBKMK='
______________________________________________________________________
#000A: 0x50 ZEND_FETCH_R   LineNo: 0x0000  Flags: 0x07()
result: 04->VAR     000000A8 00000000  00  00->NULL   00->val 0000
op1   : 01->CONST   0000004C 0000000B  02  03->STRING 01->ref 0042
        KeyWord: kodejenjang
op2   : 08->UNUSED  00000000 00000001  00  00->NULL   00->val 0000
----------------------------------------------------------------
[1] '$kodejenjang
______________________________________________________________________
#000B: 0x38 ZEND_ADD_VAR   LineNo: 0x0000  Flags: 0x07()
result: 02->TMP_VAR 00000078 00000000  00  00->NULL   00->val 0000
op1   : 02->TMP_VAR 00000078 00000000  00  00->NULL   00->val 0000
op2   : 04->VAR     000000A8 00000000  00  00->NULL   00->val 0000
______________________________________________________________________
#000C: 0x37 ZEND_ADD_STRING   LineNo: 0x0000  Flags: 0x07()
result: 02->TMP_VAR 00000078 00000000  00  00->NULL   00->val 0000
op1   : 02->TMP_VAR 00000078 00000000  00  00->NULL   00->val 0000
op2   : 01->CONST   00000058 00000016  02  03->STRING 01->ref 0042
        KeyWord: '
   AND KDPTITBKMK='
______________________________________________________________________
#000D: 0x50 ZEND_FETCH_R   LineNo: 0x0000  Flags: 0x07()
result: 04->VAR     000000C0 00000000  00  00->NULL   00->val 0000
op1   : 01->CONST   00000070 00000006  02  03->STRING 01->ref 0042
        KeyWord: kodept
op2   : 08->UNUSED  00000000 00000001  00  00->NULL   00->val 0000
----------------------------------------------------------------
[1] '$kodept
______________________________________________________________________
#000E: 0x38 ZEND_ADD_VAR   LineNo: 0x0000  Flags: 0x07()
result: 02->TMP_VAR 00000078 00000000  00  00->NULL   00->val 0000
op1   : 02->TMP_VAR 00000078 00000000  00  00->NULL   00->val 0000
op2   : 04->VAR     000000C0 00000000  00  00->NULL   00->val 0000
______________________________________________________________________
#000F: 0x37 ZEND_ADD_STRING   LineNo: 0x0000  Flags: 0x07()
result: 02->TMP_VAR 00000078 00000000  00  00->NULL   00->val 0000
op1   : 02->TMP_VAR 00000078 00000000  00  00->NULL   00->val 0000
op2   : 01->CONST   00000078 00000002  02  03->STRING 01->ref 0042
        KeyWord: ' 
______________________________________________________________________
#0010: 0x53 ZEND_FETCH_W   LineNo: 0x0000  Flags: 0x07()
result: 04->VAR     00000060 00000000  00  00->NULL   00->val 0000
op1   : 01->CONST   0000007C 00000002  02  03->STRING 01->ref 0042
        KeyWord: qf
op2   : 08->UNUSED  00000000 00000001  00  00->NULL   00->val 0000
----------------------------------------------------------------
[1] '$qf
______________________________________________________________________
#0011: 0x26 ZEND_ASSIGN   LineNo: 0x0000  Flags: 0x07()
result: 04->VAR     000000D8 00000001  00  00->NULL   00->val 0000
op1   : 04->VAR     00000060 00000010  00  00->NULL   00->val 0000
op2   : 02->TMP_VAR 00000078 00000000  00  00->NULL   00->val 0000
______________________________________________________________________
#0012: 0x35 ZEND_INIT_STRING   LineNo: 0x0000  Flags: 0x01()
result: 02->TMP_VAR 00000108 00000000  00  00->NULL   00->val 0000
______________________________________________________________________
#0013: 0x37 ZEND_ADD_STRING   LineNo: 0x0000  Flags: 0x07()
result: 02->TMP_VAR 00000108 00000000  00  00->NULL   00->val 0000
op1   : 02->TMP_VAR 00000108 00000000  00  00->NULL   00->val 0000
op2   : 01->CONST   00000080 00000026  02  03->STRING 01->ref 0042
        KeyWord: SELECT * FROM trlsd WHERE THSMSTRLSD='
______________________________________________________________________
#0014: 0x50 ZEND_FETCH_R   LineNo: 0x0000  Flags: 0x07()
result: 04->VAR     00000120 00000000  00  00->NULL   00->val 0000
op1   : 01->CONST   000000A8 00000005  02  03->STRING 01->ref 0042
        KeyWord: tahun
op2   : 08->UNUSED  00000000 00000001  00  00->NULL   00->val 0000
----------------------------------------------------------------
[1] '$tahun
______________________________________________________________________
#0015: 0x38 ZEND_ADD_VAR   LineNo: 0x0000  Flags: 0x07()
result: 02->TMP_VAR 00000108 00000000  00  00->NULL   00->val 0000
op1   : 02->TMP_VAR 00000108 00000000  00  00->NULL   00->val 0000
op2   : 04->VAR     00000120 00000000  00  00->NULL   00->val 0000
______________________________________________________________________
#0016: 0x50 ZEND_FETCH_R   LineNo: 0x0000  Flags: 0x07()
result: 04->VAR     00000138 00000000  00  00->NULL   00->val 0000
op1   : 01->CONST   000000AE 00000008  02  03->STRING 01->ref 0042
        KeyWord: semester
op2   : 08->UNUSED  00000000 00000001  00  00->NULL   00->val 0000
----------------------------------------------------------------
[1] '$semester
______________________________________________________________________
#0017: 0x38 ZEND_ADD_VAR   LineNo: 0x0000  Flags: 0x07()
result: 02->TMP_VAR 00000108 00000000  00  00->NULL   00->val 0000
op1   : 02->TMP_VAR 00000108 00000000  00  00->NULL   00->val 0000
op2   : 04->VAR     00000138 00000000  00  00->NULL   00->val 0000
______________________________________________________________________
#0018: 0x37 ZEND_ADD_STRING   LineNo: 0x0000  Flags: 0x07()
result: 02->TMP_VAR 00000108 00000000  00  00->NULL   00->val 0000
op1   : 02->TMP_VAR 00000108 00000000  00  00->NULL   00->val 0000
op2   : 01->CONST   000000B8 00000002  02  03->STRING 01->ref 0042
        KeyWord: ' 
______________________________________________________________________
#0019: 0x50 ZEND_FETCH_R   LineNo: 0x0000  Flags: 0x07()
result: 04->VAR     00000150 00000000  00  00->NULL   00->val 0000
op1   : 01->CONST   000000BC 00000002  02  03->STRING 01->ref 0042
        KeyWord: qf
op2   : 08->UNUSED  00000000 00000001  00  00->NULL   00->val 0000
----------------------------------------------------------------
[1] '$qf
______________________________________________________________________
#001A: 0x38 ZEND_ADD_VAR   LineNo: 0x0000  Flags: 0x07()
result: 02->TMP_VAR 00000108 00000000  00  00->NULL   00->val 0000
op1   : 02->TMP_VAR 00000108 00000000  00  00->NULL   00->val 0000
op2   : 04->VAR     00000150 00000000  00  00->NULL   00->val 0000
______________________________________________________________________
#001B: 0x53 ZEND_FETCH_W   LineNo: 0x0000  Flags: 0x07()
result: 04->VAR     000000F0 00000000  00  00->NULL   00->val 0000
op1   : 01->CONST   000000C0 00000001  02  03->STRING 01->ref 0042
        KeyWord: q
op2   : 08->UNUSED  00000000 00000001  00  00->NULL   00->val 0000
----------------------------------------------------------------
[1] '$q
______________________________________________________________________
#001C: 0x26 ZEND_ASSIGN   LineNo: 0x0000  Flags: 0x07()
result: 04->VAR     00000168 00000001  00  00->NULL   00->val 0000
op1   : 04->VAR     000000F0 00000010  00  00->NULL   00->val 0000
op2   : 02->TMP_VAR 00000108 00000000  00  00->NULL   00->val 0000
______________________________________________________________________
#001D: 0x3B ZEND_INIT_FCALL_BY_NAME   LineNo: 0x0000  Flags: 0x04()
op2   : 01->CONST   000000C2 00000007  02  03->STRING 01->ref 0042
        KeyWord: mysql_query
----------------------------------------------------------------
[1] 'mysql_query
______________________________________________________________________
#001E: 0x5C ZEND_FETCH_FUNC_ARG   LineNo: 0x0000  Flags: 0x0F()
result: 04->VAR     00000198 00000000  00  00->NULL   00->val 0000
op1   : 01->CONST   000000CA 00000001  02  03->STRING 01->ref 0042
        KeyWord: q
op2   : 08->UNUSED  00000000 00000001  00  00->NULL   00->val 0000
        extended_value(from Flag): 0001
----------------------------------------------------------------
[1] 'mysql_query
[2] '$q
______________________________________________________________________
#001F: 0x42 ZEND_SEND_VAR   LineNo: 0x0000  Flags: 0x1E()
op1   : 04->VAR     00000198 00000010  00  00->NULL   00->val 0000
op2   : 08->UNUSED  00000001 00000000  00  00->NULL   00->val 0000
        extended_value(from File): 003D
----------------------------------------------------------------
[1] 'mysql_query
....................................................................
Comment: SHOULD_BE_SENT_BY_REF
______________________________________________________________________
#0020: 0x5C ZEND_FETCH_FUNC_ARG   LineNo: 0x0000  Flags: 0x1F()
result: 04->VAR     000001B0 00000000  00  00->NULL   00->val 0000
op1   : 01->CONST   000000CC 00000007  02  03->STRING 01->ref 0042
        KeyWord: koneksi
op2   : 08->UNUSED  00000000 00000001  00  00->NULL   00->val 0000
        extended_value(from File): 0002
----------------------------------------------------------------
[1] 'mysql_query
[2] '$koneksi
______________________________________________________________________
#0021: 0x42 ZEND_SEND_VAR   LineNo: 0x0000  Flags: 0x1E()
op1   : 04->VAR     000001B0 00000010  00  00->NULL   00->val 0000
op2   : 08->UNUSED  00000002 00000000  00  00->NULL   00->val 0000
        extended_value(from File): 003D
----------------------------------------------------------------
[1] 'mysql_query
....................................................................
Comment: SHOULD_BE_SENT_BY_REF
______________________________________________________________________
#0022: 0x3D ZEND_DO_FCALL_BY_NAME   LineNo: 0x0000  Flags: 0x19()
result: 04->VAR     000001C8 00000000  00  00->NULL   00->val 0000
        extended_value(from File): 0002
----------------------------------------------------------------
[1] 'mysqli_query($koneksi,$q)
______________________________________________________________________
#0023: 0x53 ZEND_FETCH_W   LineNo: 0x0000  Flags: 0x07()
result: 04->VAR     00000180 00000000  00  00->NULL   00->val 0000
op1   : 01->CONST   000000D4 00000001  02  03->STRING 01->ref 0042
        KeyWord: h
op2   : 08->UNUSED  00000000 00000001  00  00->NULL   00->val 0000
----------------------------------------------------------------
[1] 'mysqli_query($koneksi,$q)
[2] '$h
______________________________________________________________________
#0024: 0x26 ZEND_ASSIGN   LineNo: 0x0000  Flags: 0x07()
result: 04->VAR     000001E0 00000001  00  00->NULL   00->val 0000
op1   : 04->VAR     00000180 00000010  00  00->NULL   00->val 0000
op2   : 04->VAR     000001C8 00000008  00  00->NULL   00->val 0000
====================================================================
$h=mysqli_query($koneksi,$q);
______________________________________________________________________
#0025: 0x3B ZEND_INIT_FCALL_BY_NAME   LineNo: 0x0000  Flags: 0x04()
op2   : 01->CONST   000000D6 0000000A  02  03->STRING 01->ref 0042
        KeyWord: sqlnumrows
----------------------------------------------------------------
[1] 'sqlnumrows
______________________________________________________________________
#0026: 0x5C ZEND_FETCH_FUNC_ARG   LineNo: 0x0000  Flags: 0x0F()
result: 04->VAR     000001F8 00000000  00  00->NULL   00->val 0000
op1   : 01->CONST   000000E2 00000001  02  03->STRING 01->ref 0042
        KeyWord: h
op2   : 08->UNUSED  00000000 00000001  00  00->NULL   00->val 0000
        extended_value(from Flag): 0001
----------------------------------------------------------------
[1] 'sqlnumrows
[2] '$h
______________________________________________________________________
#0027: 0x42 ZEND_SEND_VAR   LineNo: 0x0000  Flags: 0x1E()
op1   : 04->VAR     000001F8 00000010  00  00->NULL   00->val 0000
op2   : 08->UNUSED  00000001 00000000  00  00->NULL   00->val 0000
        extended_value(from File): 003D
----------------------------------------------------------------
[1] 'sqlnumrows
....................................................................
Comment: SHOULD_BE_SENT_BY_REF
______________________________________________________________________
#0028: 0x3D ZEND_DO_FCALL_BY_NAME   LineNo: 0x0000  Flags: 0x09()
result: 04->VAR     00000210 00000000  00  00->NULL   00->val 0000
        extended_value(from Flag): 0001
----------------------------------------------------------------
[1] 'sqlnumrows($h)
______________________________________________________________________
#0029: 0x13 ZEND_IS_SMALLER   LineNo: 0x0000  Flags: 0x07()
result: 02->TMP_VAR 00000228 00000000  00  00->NULL   00->val 0000
op1   : 01->CONST   00000000 00000001  02  01->LONG   01->ref 0042
op2   : 04->VAR     00000210 00000008  00  00->NULL   00->val 0000
______________________________________________________________________
#002A: 0x2B ZEND_JMPZ   LineNo: 0x0000  Flags: 0x06()
op1   : 02->TMP_VAR 00000228 00000000  00  00->NULL   00->val 0000
op2   : 08->UNUSED  0000008D 00000000  00  00->NULL   00->val 0000
....................................................................
Comment: Conditional jmp to #0000008D
______________________________________________________________________
#002B: 0x53 ZEND_FETCH_W   LineNo: 0x0000  Flags: 0x07()
result: 04->VAR     00000240 00000000  00  00->NULL   00->val 0000
op1   : 01->CONST   000000E4 00000003  02  03->STRING 01->ref 0042
        KeyWord: tmp
op2   : 08->UNUSED  00000000 00000001  00  00->NULL   00->val 0000
----------------------------------------------------------------
[1] '$tmp
______________________________________________________________________
#002C: 0x26 ZEND_ASSIGN   LineNo: 0x0000  Flags: 0x07()
result: 04->VAR     00000258 00000001  00  00->NULL   00->val 0000
op1   : 04->VAR     00000240 00000010  00  00->NULL   00->val 0000
op2   : 01->CONST   000000E8 0000013E  02  03->STRING 01->ref 0042
        KeyWord: [Obfuscated]0D 0A 20 20 20 20 20 20 20 20 20 20 20 20 3C 74 61 62 6C 65 20 63 6C 61 73 73 3D 66 6F 72 6D 3E 0D 0A 20 20 20 20 20 20 20 20 20 20 20 20 20 20 3C 74 72 20 63 6C 61 73 73 3D 6A 75 64 75 6C 64 61 74 61 20 61 6C 69 67 6E 3D 63 65 6E 74 65 72 20 3E 0D 0A 20 20 20 20 20 20 20 20 20 20 20 20 20 20 20 20 3C 74 64 3E 4E 49 44 4E 20 44 6F 73 65 6E 3C 2F 74 64 3E 0D 0A 20 20 20 20 20 20 20 20 20 20 20 20 20 20 20 20 3C 74 64 3E 53 74 61 74 75 73 20 44 6F 73 65 6E 3C 2F 74 64 3E 0D 0A 20 20 20 20 20 20 20 20 20 20 20 20 20 20 20 20 20 3C 74 64 3E 53 65 6D 65 73 74 65 72 20 41 73 61 6C 3C 2F 74 64 3E 0D 0A 20 20 20 20 20 20 20 20 20 20 20 20 20 20 20 20 3C 74 64 3E 53 65 6D 65 73 74 65 72 20 54 75 6A 75 61 6E 3C 2F 74 64 3E 0D 0A 20 20 20 20 20 20 20 20 20 20 20 20 20 20 20 20 3C 74 64 3E 53 74 61 74 75 73 20 50 65 6E 79 61 6C 69 6E 61 6E 3C 2F 74 64 3E 0D 0A 20 20 20 20 20 20 20 20 20 20 20 20 20 20 3C 2F 74 72 3E 0D 0A 20 20 20 20 20 20 20 20 20 20 
====================================================================
$tmp="[Obfuscated]0D 0A 20 20 20 20 20 20 20 20 20 20 20 20 3C 74 61 62 6C 65 20 63 6C 61 73 73 3D 66 6F 72 6D 3E 0D 0A 20 20 20 20 20 20 20 20 20 20 20 20 20 20 3C 74 72 20 63 6C 61 73 73 3D 6A 75 64 75 6C 64 61 74 61 20 61 6C 69 67 6E 3D 63 65 6E 74 65 72 20 3E 0D 0A 20 20 20 20 20 20 20 20 20 20 20 20 20 20 20 20 3C 74 64 3E 4E 49 44 4E 20 44 6F 73 65 6E 3C 2F 74 64 3E 0D 0A 20 20 20 20 20 20 20 20 20 20 20 20 20 20 20 20 3C 74 64 3E 53 74 61 74 75 73 20 44 6F 73 65 6E 3C 2F 74 64 3E 0D 0A 20 20 20 20 20 20 20 20 20 20 20 20 20 20 20 20 20 3C 74 64 3E 53 65 6D 65 73 74 65 72 20 41 73 61 6C 3C 2F 74 64 3E 0D 0A 20 20 20 20 20 20 20 20 20 20 20 20 20 20 20 20 3C 74 64 3E 53 65 6D 65 73 74 65 72 20 54 75 6A 75 61 6E 3C 2F 74 64 3E 0D 0A 20 20 20 20 20 20 20 20 20 20 20 20 20 20 20 20 3C 74 64 3E 53 74 61 74 75 73 20 50 65 6E 79 61 6C 69 6E 61 6E 3C 2F 74 64 3E 0D 0A 20 20 20 20 20 20 20 20 20 20 20 20 20 20 3C 2F 74 72 3E 0D 0A 20 20 20 20 20 20 20 20 20 20 ";
______________________________________________________________________
#002D: 0x3B ZEND_INIT_FCALL_BY_NAME   LineNo: 0x0000  Flags: 0x04()
op2   : 01->CONST   00000228 0000000D  02  03->STRING 01->ref 0042
        KeyWord: sqlfetcharray
----------------------------------------------------------------
[1] 'sqlfetcharray
______________________________________________________________________
#002E: 0x95 ZEND_HANDLE_EXCEPTION   LineNo: 0x0000  Flags: 0x0F()
result: 04->VAR     00000288 00000000  00  00->NULL   00->val 0000
op1   : 01->CONST   00000236 00000001  02  03->STRING 01->ref 0042
        KeyWord: h
op2   : 08->UNUSED  00000000 00000001  00  00->NULL   00->val 0000
        extended_value(from Flag): 0001
----------------------------------------------------------------
[1] 'sqlfetcharray
______________________________________________________________________
#002F: 0x42 ZEND_SEND_VAR   LineNo: 0x0000  Flags: 0x1E()
op1   : 04->VAR     00000288 00000010  00  00->NULL   00->val 0000
op2   : 08->UNUSED  00000001 00000000  00  00->NULL   00->val 0000
        extended_value(from File): 003D
----------------------------------------------------------------
[1] 'sqlfetcharray
....................................................................
Comment: SHOULD_BE_SENT_BY_REF
______________________________________________________________________
#0030: 0x3D ZEND_DO_FCALL_BY_NAME   LineNo: 0x0000  Flags: 0x09()
result: 04->VAR     000002A0 00000000  00  00->NULL   00->val 0000
        extended_value(from Flag): 0001
----------------------------------------------------------------
[1] 'sqlfetcharray()
______________________________________________________________________
#0031: 0x53 ZEND_FETCH_W   LineNo: 0x0000  Flags: 0x07()
result: 04->VAR     00000270 00000000  00  00->NULL   00->val 0000
op1   : 01->CONST   00000238 00000001  02  03->STRING 01->ref 0042
        KeyWord: d
op2   : 08->UNUSED  00000000 00000001  00  00->NULL   00->val 0000
----------------------------------------------------------------
[1] 'sqlfetcharray()
[2] '$d
______________________________________________________________________
#0032: 0x26 ZEND_ASSIGN   LineNo: 0x0000  Flags: 0x07()
result: 04->VAR     000002B8 00000000  00  00->NULL   00->val 0000
op1   : 04->VAR     00000270 00000010  00  00->NULL   00->val 0000
op2   : 04->VAR     000002A0 00000008  00  00->NULL   00->val 0000
----------------------------------------------------------------
[1] '$d=sqlfetcharray()
______________________________________________________________________
#0033: 0x2B ZEND_JMPZ   LineNo: 0x0000  Flags: 0x06()
op1   : 04->VAR     000002B8 00000000  00  00->NULL   00->val 0000
op2   : 08->UNUSED  00000085 00000000  00  00->NULL   00->val 0000
....................................................................
Comment: Conditional jmp to #00000085
====================================================================
while ($d=sqlfetcharray()) {
______________________________________________________________________
#0034: 0x35 ZEND_INIT_STRING   LineNo: 0x0000  Flags: 0x01()
result: 02->TMP_VAR 000002E8 00000000  00  00->NULL   00->val 0000
______________________________________________________________________
#0035: 0x37 ZEND_ADD_STRING   LineNo: 0x0000  Flags: 0x07()
result: 02->TMP_VAR 000002E8 00000000  00  00->NULL   00->val 0000
op1   : 02->TMP_VAR 000002E8 00000000  00  00->NULL   00->val 0000
op2   : 01->CONST   0000023A 000000A2  02  03->STRING 01->ref 0042
        KeyWord: [Obfuscated]0D 0A 20 20 20 20 20 20 20 20 20 20 20 20 20 20 49 4E 53 45 52 54 20 49 4E 54 4F 20 74 72 6C 73 64 20 0D 0A 20 20 20 20 20 20 20 20 20 20 20 20 20 20 28 54 48 53 4D 53 54 52 4C 53 44 20 2C 4B 44 50 54 49 54 52 4C 53 44 20 2C 4B 44 50 53 54 54 52 4C 53 44 20 2C 4B 44 4A 45 4E 54 52 4C 53 44 2C 4E 4F 44 4F 53 54 52 4C 53 44 20 2C 53 54 44 4F 53 54 52 4C 53 44 20 29 0D 0A 20 20 20 20 20 20 20 20 20 20 20 20 20 20 56 41 4C 55 45 53 0D 0A 20 20 20 20 20 20 20 20 20 20 20 20 20 20 28 27 
______________________________________________________________________
#0036: 0x50 ZEND_FETCH_R   LineNo: 0x0000  Flags: 0x07()
result: 04->VAR     00000300 00000000  00  00->NULL   00->val 0000
op1   : 01->CONST   000002DE 00000006  02  03->STRING 01->ref 0042
        KeyWord: tahun2
op2   : 08->UNUSED  00000000 00000001  00  00->NULL   00->val 0000
----------------------------------------------------------------
[1] '$tahun2
______________________________________________________________________
#0037: 0x38 ZEND_ADD_VAR   LineNo: 0x0000  Flags: 0x07()
result: 02->TMP_VAR 000002E8 00000000  00  00->NULL   00->val 0000
op1   : 02->TMP_VAR 000002E8 00000000  00  00->NULL   00->val 0000
op2   : 04->VAR     00000300 00000000  00  00->NULL   00->val 0000
______________________________________________________________________
#0038: 0x50 ZEND_FETCH_R   LineNo: 0x0000  Flags: 0x07()
result: 04->VAR     00000318 00000000  00  00->NULL   00->val 0000
op1   : 01->CONST   000002E6 00000009  02  03->STRING 01->ref 0042
        KeyWord: semester2
op2   : 08->UNUSED  00000000 00000001  00  00->NULL   00->val 0000
----------------------------------------------------------------
[1] '$semester2
______________________________________________________________________
#0039: 0x38 ZEND_ADD_VAR   LineNo: 0x0000  Flags: 0x07()
result: 02->TMP_VAR 000002E8 00000000  00  00->NULL   00->val 0000
op1   : 02->TMP_VAR 000002E8 00000000  00  00->NULL   00->val 0000
op2   : 04->VAR     00000318 00000000  00  00->NULL   00->val 0000
______________________________________________________________________
#003A: 0x37 ZEND_ADD_STRING   LineNo: 0x0000  Flags: 0x07()
result: 02->TMP_VAR 000002E8 00000000  00  00->NULL   00->val 0000
op1   : 02->TMP_VAR 000002E8 00000000  00  00->NULL   00->val 0000
op2   : 01->CONST   000002F0 00000004  02  03->STRING 01->ref 0042
        KeyWord: ' ,'
______________________________________________________________________
#003B: 0x50 ZEND_FETCH_R   LineNo: 0x0000  Flags: 0x07()
result: 04->VAR     00000330 00000000  00  00->NULL   00->val 0000
op1   : 01->CONST   000002F6 00000001  02  03->STRING 01->ref 0042
        KeyWord: d
op2   : 08->UNUSED  00000000 00000001  00  00->NULL   00->val 0000
----------------------------------------------------------------
[1] '$d
______________________________________________________________________
#003C: 0x51 ZEND_FETCH_DIM_R   LineNo: 0x0000  Flags: 0x07()
result: 04->VAR     00000348 00000000  00  00->NULL   00->val 0000
op1   : 04->VAR     00000330 00000000  00  00->NULL   00->val 0000
op2   : 01->CONST   000002F8 0000000A  02  03->STRING 01->ref 0042
        KeyWord: KDPTITRLSD
----------------------------------------------------------------
[1] '$d
______________________________________________________________________
#003D: 0x38 ZEND_ADD_VAR   LineNo: 0x0000  Flags: 0x07()
result: 02->TMP_VAR 000002E8 00000000  00  00->NULL   00->val 0000
op1   : 02->TMP_VAR 000002E8 00000000  00  00->NULL   00->val 0000
op2   : 04->VAR     00000348 00000000  00  00->NULL   00->val 0000
----------------------------------------------------------------
[1] '$d
______________________________________________________________________
#003E: 0x37 ZEND_ADD_STRING   LineNo: 0x0000  Flags: 0x07()
result: 02->TMP_VAR 000002E8 00000000  00  00->NULL   00->val 0000
op1   : 02->TMP_VAR 000002E8 00000000  00  00->NULL   00->val 0000
op2   : 01->CONST   00000304 00000005  02  03->STRING 01->ref 0042
        KeyWord: '  ,'
----------------------------------------------------------------
[1] '$d
______________________________________________________________________
#003F: 0x50 ZEND_FETCH_R   LineNo: 0x0000  Flags: 0x07()
result: 04->VAR     00000360 00000000  00  00->NULL   00->val 0000
op1   : 01->CONST   0000030A 00000001  02  03->STRING 01->ref 0042
        KeyWord: d
op2   : 08->UNUSED  00000000 00000001  00  00->NULL   00->val 0000
----------------------------------------------------------------
[1] '$d
[2] '$d
______________________________________________________________________
#0040: 0x51 ZEND_FETCH_DIM_R   LineNo: 0x0000  Flags: 0x07()
result: 04->VAR     00000378 00000000  00  00->NULL   00->val 0000
op1   : 04->VAR     00000360 00000000  00  00->NULL   00->val 0000
op2   : 01->CONST   0000030C 0000000A  02  03->STRING 01->ref 0042
        KeyWord: KDPSTTRLSD
----------------------------------------------------------------
[1] '$d
[2] '$d
______________________________________________________________________
#0041: 0x38 ZEND_ADD_VAR   LineNo: 0x0000  Flags: 0x07()
result: 02->TMP_VAR 000002E8 00000000  00  00->NULL   00->val 0000
op1   : 02->TMP_VAR 000002E8 00000000  00  00->NULL   00->val 0000
op2   : 04->VAR     00000378 00000000  00  00->NULL   00->val 0000
----------------------------------------------------------------
[1] '$d
[2] '$d
______________________________________________________________________
#0042: 0x37 ZEND_ADD_STRING   LineNo: 0x0000  Flags: 0x07()
result: 02->TMP_VAR 000002E8 00000000  00  00->NULL   00->val 0000
op1   : 02->TMP_VAR 000002E8 00000000  00  00->NULL   00->val 0000
op2   : 01->CONST   00000318 00000005  02  03->STRING 01->ref 0042
        KeyWord: '  ,'
----------------------------------------------------------------
[1] '$d
[2] '$d
______________________________________________________________________
#0043: 0x50 ZEND_FETCH_R   LineNo: 0x0000  Flags: 0x07()
result: 04->VAR     00000390 00000000  00  00->NULL   00->val 0000
op1   : 01->CONST   0000031E 00000001  02  03->STRING 01->ref 0042
        KeyWord: d
op2   : 08->UNUSED  00000000 00000001  00  00->NULL   00->val 0000
----------------------------------------------------------------
[1] '$d
[2] '$d
[3] '$d
______________________________________________________________________
#0044: 0x51 ZEND_FETCH_DIM_R   LineNo: 0x0000  Flags: 0x07()
result: 04->VAR     000003A8 00000000  00  00->NULL   00->val 0000
op1   : 04->VAR     00000390 00000000  00  00->NULL   00->val 0000
op2   : 01->CONST   00000320 0000000A  02  03->STRING 01->ref 0042
        KeyWord: KDJENTRLSD
----------------------------------------------------------------
[1] '$d
[2] '$d
[3] '$d
______________________________________________________________________
#0045: 0x38 ZEND_ADD_VAR   LineNo: 0x0000  Flags: 0x07()
result: 02->TMP_VAR 000002E8 00000000  00  00->NULL   00->val 0000
op1   : 02->TMP_VAR 000002E8 00000000  00  00->NULL   00->val 0000
op2   : 04->VAR     000003A8 00000000  00  00->NULL   00->val 0000
----------------------------------------------------------------
[1] '$d
[2] '$d
[3] '$d
______________________________________________________________________
#0046: 0x37 ZEND_ADD_STRING   LineNo: 0x0000  Flags: 0x07()
result: 02->TMP_VAR 000002E8 00000000  00  00->NULL   00->val 0000
op1   : 02->TMP_VAR 000002E8 00000000  00  00->NULL   00->val 0000
op2   : 01->CONST   0000032C 00000014  02  03->STRING 01->ref 0042
        KeyWord: ' ,
              '
----------------------------------------------------------------
[1] '$d
[2] '$d
[3] '$d
______________________________________________________________________
#0047: 0x50 ZEND_FETCH_R   LineNo: 0x0000  Flags: 0x07()
result: 04->VAR     000003C0 00000000  00  00->NULL   00->val 0000
op1   : 01->CONST   00000342 00000001  02  03->STRING 01->ref 0042
        KeyWord: d
op2   : 08->UNUSED  00000000 00000001  00  00->NULL   00->val 0000
----------------------------------------------------------------
[1] '$d
[2] '$d
[3] '$d
[4] '$d
______________________________________________________________________
#0048: 0x51 ZEND_FETCH_DIM_R   LineNo: 0x0000  Flags: 0x07()
result: 04->VAR     000003D8 00000000  00  00->NULL   00->val 0000
op1   : 04->VAR     000003C0 00000000  00  00->NULL   00->val 0000
op2   : 01->CONST   00000344 0000000A  02  03->STRING 01->ref 0042
        KeyWord: NODOSTRLSD
----------------------------------------------------------------
[1] '$d
[2] '$d
[3] '$d
[4] '$d
______________________________________________________________________
#0049: 0x38 ZEND_ADD_VAR   LineNo: 0x0000  Flags: 0x07()
result: 02->TMP_VAR 000002E8 00000000  00  00->NULL   00->val 0000
op1   : 02->TMP_VAR 000002E8 00000000  00  00->NULL   00->val 0000
op2   : 04->VAR     000003D8 00000000  00  00->NULL   00->val 0000
----------------------------------------------------------------
[1] '$d
[2] '$d
[3] '$d
[4] '$d
______________________________________________________________________
#004A: 0x37 ZEND_ADD_STRING   LineNo: 0x0000  Flags: 0x07()
result: 02->TMP_VAR 000002E8 00000000  00  00->NULL   00->val 0000
op1   : 02->TMP_VAR 000002E8 00000000  00  00->NULL   00->val 0000
op2   : 01->CONST   00000350 00000004  02  03->STRING 01->ref 0042
        KeyWord: ' ,'
----------------------------------------------------------------
[1] '$d
[2] '$d
[3] '$d
[4] '$d
______________________________________________________________________
#004B: 0x50 ZEND_FETCH_R   LineNo: 0x0000  Flags: 0x07()
result: 04->VAR     000003F0 00000000  00  00->NULL   00->val 0000
op1   : 01->CONST   00000356 00000001  02  03->STRING 01->ref 0042
        KeyWord: d
op2   : 08->UNUSED  00000000 00000001  00  00->NULL   00->val 0000
----------------------------------------------------------------
[1] '$d
[2] '$d
[3] '$d
[4] '$d
[5] '$d
______________________________________________________________________
#004C: 0x51 ZEND_FETCH_DIM_R   LineNo: 0x0000  Flags: 0x07()
result: 04->VAR     00000408 00000000  00  00->NULL   00->val 0000
op1   : 04->VAR     000003F0 00000000  00  00->NULL   00->val 0000
op2   : 01->CONST   00000358 0000000A  02  03->STRING 01->ref 0042
        KeyWord: STDOSTRLSD
----------------------------------------------------------------
[1] '$d
[2] '$d
[3] '$d
[4] '$d
[5] '$d
______________________________________________________________________
#004D: 0x38 ZEND_ADD_VAR   LineNo: 0x0000  Flags: 0x07()
result: 02->TMP_VAR 000002E8 00000000  00  00->NULL   00->val 0000
op1   : 02->TMP_VAR 000002E8 00000000  00  00->NULL   00->val 0000
op2   : 04->VAR     00000408 00000000  00  00->NULL   00->val 0000
----------------------------------------------------------------
[1] '$d
[2] '$d
[3] '$d
[4] '$d
[5] '$d
______________________________________________________________________
#004E: 0x37 ZEND_ADD_STRING   LineNo: 0x0000  Flags: 0x07()
result: 02->TMP_VAR 000002E8 00000000  00  00->NULL   00->val 0000
op1   : 02->TMP_VAR 000002E8 00000000  00  00->NULL   00->val 0000
op2   : 01->CONST   00000364 00000012  02  03->STRING 01->ref 0042
        KeyWord: '  )
            
----------------------------------------------------------------
[1] '$d
[2] '$d
[3] '$d
[4] '$d
[5] '$d
______________________________________________________________________
#004F: 0x53 ZEND_FETCH_W   LineNo: 0x0000  Flags: 0x07()
result: 04->VAR     000002D0 00000000  00  00->NULL   00->val 0000
op1   : 01->CONST   00000378 00000001  02  03->STRING 01->ref 0042
        KeyWord: q
op2   : 08->UNUSED  00000000 00000001  00  00->NULL   00->val 0000
----------------------------------------------------------------
[1] '$d
[2] '$d
[3] '$d
[4] '$d
[5] '$d
[6] '$q
______________________________________________________________________
#0050: 0x26 ZEND_ASSIGN   LineNo: 0x0000  Flags: 0x07()
result: 04->VAR     00000420 00000001  00  00->NULL   00->val 0000
op1   : 04->VAR     000002D0 00000010  00  00->NULL   00->val 0000
op2   : 02->TMP_VAR 000002E8 00000000  00  00->NULL   00->val 0000
----------------------------------------------------------------
[1] '$d
[2] '$d
[3] '$d
[4] '$d
[5] '$d
Correcting Stack error...
====================================================================
$d$d$d$d$d;
______________________________________________________________________
#0051: 0x3B ZEND_INIT_FCALL_BY_NAME   LineNo: 0x0000  Flags: 0x04()
op2   : 01->CONST   0000037A 00000007  02  03->STRING 01->ref 0042
        KeyWord: mysql_query
----------------------------------------------------------------
[1] 'mysql_query
______________________________________________________________________
#0052: 0x5C ZEND_FETCH_FUNC_ARG   LineNo: 0x0000  Flags: 0x0F()
result: 04->VAR     00000438 00000000  00  00->NULL   00->val 0000
op1   : 01->CONST   00000382 00000001  02  03->STRING 01->ref 0042
        KeyWord: q
op2   : 08->UNUSED  00000000 00000001  00  00->NULL   00->val 0000
        extended_value(from Flag): 0001
----------------------------------------------------------------
[1] 'mysql_query
[2] '$q
______________________________________________________________________
#0053: 0x42 ZEND_SEND_VAR   LineNo: 0x0000  Flags: 0x1E()
op1   : 04->VAR     00000438 00000010  00  00->NULL   00->val 0000
op2   : 08->UNUSED  00000001 00000000  00  00->NULL   00->val 0000
        extended_value(from File): 003D
----------------------------------------------------------------
[1] 'mysql_query
....................................................................
Comment: SHOULD_BE_SENT_BY_REF
______________________________________________________________________
#0054: 0x5C ZEND_FETCH_FUNC_ARG   LineNo: 0x0000  Flags: 0x1F()
result: 04->VAR     00000450 00000000  00  00->NULL   00->val 0000
op1   : 01->CONST   00000384 00000007  02  03->STRING 01->ref 0042
        KeyWord: koneksi
op2   : 08->UNUSED  00000000 00000001  00  00->NULL   00->val 0000
        extended_value(from File): 0002
----------------------------------------------------------------
[1] 'mysql_query
[2] '$koneksi
______________________________________________________________________
#0055: 0x42 ZEND_SEND_VAR   LineNo: 0x0000  Flags: 0x1E()
op1   : 04->VAR     00000450 00000010  00  00->NULL   00->val 0000
op2   : 08->UNUSED  00000002 00000000  00  00->NULL   00->val 0000
        extended_value(from File): 003D
----------------------------------------------------------------
[1] 'mysql_query
....................................................................
Comment: SHOULD_BE_SENT_BY_REF
______________________________________________________________________
#0056: 0x3D ZEND_DO_FCALL_BY_NAME   LineNo: 0x0000  Flags: 0x19()
result: 04->VAR     00000468 00000001  00  00->NULL   00->val 0000
        extended_value(from File): 0002
====================================================================
mysqli_query($koneksi,$q);
______________________________________________________________________
#0057: 0x53 ZEND_FETCH_W   LineNo: 0x0000  Flags: 0x07()
result: 04->VAR     00000480 00000000  00  00->NULL   00->val 0000
op1   : 01->CONST   0000038C 00000002  02  03->STRING 01->ref 0042
        KeyWord: ok
op2   : 08->UNUSED  00000000 00000001  00  00->NULL   00->val 0000
----------------------------------------------------------------
[1] '$ok
______________________________________________________________________
#0058: 0x26 ZEND_ASSIGN   LineNo: 0x0000  Flags: 0x07()
result: 04->VAR     00000498 00000001  00  00->NULL   00->val 0000
op1   : 04->VAR     00000480 00000010  00  00->NULL   00->val 0000
op2   : 01->CONST   00000390 00000005  02  03->STRING 01->ref 0042
        KeyWord: Gagal
====================================================================
$ok="Gagal";
______________________________________________________________________
#0059: 0x3B ZEND_INIT_FCALL_BY_NAME   LineNo: 0x0000  Flags: 0x04()
op2   : 01->CONST   00000396 0000000F  02  03->STRING 01->ref 0042
        KeyWord: sqlaffectedrows
----------------------------------------------------------------
[1] 'sqlaffectedrows
______________________________________________________________________
#005A: 0x5C ZEND_FETCH_FUNC_ARG   LineNo: 0x0000  Flags: 0x0F()
result: 04->VAR     000004B0 00000000  00  00->NULL   00->val 0000
op1   : 01->CONST   000003A6 00000007  02  03->STRING 01->ref 0042
        KeyWord: koneksi
op2   : 08->UNUSED  00000000 00000001  00  00->NULL   00->val 0000
        extended_value(from Flag): 0001
----------------------------------------------------------------
[1] 'sqlaffectedrows
[2] '$koneksi
______________________________________________________________________
#005B: 0x42 ZEND_SEND_VAR   LineNo: 0x0000  Flags: 0x1E()
op1   : 04->VAR     000004B0 00000010  00  00->NULL   00->val 0000
op2   : 08->UNUSED  00000001 00000000  00  00->NULL   00->val 0000
        extended_value(from File): 003D
----------------------------------------------------------------
[1] 'sqlaffectedrows
....................................................................
Comment: SHOULD_BE_SENT_BY_REF
______________________________________________________________________
#005C: 0x3D ZEND_DO_FCALL_BY_NAME   LineNo: 0x0000  Flags: 0x09()
result: 04->VAR     000004C8 00000000  00  00->NULL   00->val 0000
        extended_value(from Flag): 0001
----------------------------------------------------------------
[1] 'sqlaffectedrows($koneksi)
______________________________________________________________________
#005D: 0x13 ZEND_IS_SMALLER   LineNo: 0x0000  Flags: 0x07()
result: 02->TMP_VAR 000004E0 00000000  00  00->NULL   00->val 0000
op1   : 01->CONST   00000000 00000007  02  01->LONG   01->ref 0042
op2   : 04->VAR     000004C8 00000008  00  00->NULL   00->val 0000
______________________________________________________________________
#005E: 0x2B ZEND_JMPZ   LineNo: 0x0000  Flags: 0x06()
op1   : 02->TMP_VAR 000004E0 00000000  00  00->NULL   00->val 0000
op2   : 08->UNUSED  00000061 00000000  00  00->NULL   00->val 0000
....................................................................
Comment: Conditional jmp to #00000061
______________________________________________________________________
#005F: 0x53 ZEND_FETCH_W   LineNo: 0x0000  Flags: 0x07()
result: 04->VAR     000004F8 00000000  00  00->NULL   00->val 0000
op1   : 01->CONST   000003AE 00000002  02  03->STRING 01->ref 0042
        KeyWord: ok
op2   : 08->UNUSED  00000000 00000001  00  00->NULL   00->val 0000
----------------------------------------------------------------
[1] '$ok
______________________________________________________________________
#0060: 0x26 ZEND_ASSIGN   LineNo: 0x0000  Flags: 0x07()
result: 04->VAR     00000510 00000001  00  00->NULL   00->val 0000
op1   : 04->VAR     000004F8 00000010  00  00->NULL   00->val 0000
op2   : 01->CONST   000003B2 00000002  02  03->STRING 01->ref 0042
        KeyWord: OK
====================================================================
$ok="OK";
______________________________________________________________________
#0061: 0x35 ZEND_INIT_STRING   LineNo: 0x0000  Flags: 0x01()
result: 02->TMP_VAR 00000540 00000000  00  00->NULL   00->val 0000
______________________________________________________________________
#0062: 0x37 ZEND_ADD_STRING   LineNo: 0x0000  Flags: 0x07()
result: 02->TMP_VAR 00000540 00000000  00  00->NULL   00->val 0000
op1   : 02->TMP_VAR 00000540 00000000  00  00->NULL   00->val 0000
op2   : 01->CONST   000003B6 00000035  02  03->STRING 01->ref 0042
        KeyWord: [Obfuscated]0D 0A 20 20 20 20 20 20 20 20 20 20 20 20 3C 74 72 20 61 6C 69 67 6E 3D 63 65 6E 74 65 72 3E 0D 0A 20 20 20 20 20 20 20 20 20 20 20 20 20 20 20 20 3C 74 64 3E 
______________________________________________________________________
#0063: 0x50 ZEND_FETCH_R   LineNo: 0x0000  Flags: 0x07()
result: 04->VAR     00000558 00000000  00  00->NULL   00->val 0000
op1   : 01->CONST   000003EC 00000001  02  03->STRING 01->ref 0042
        KeyWord: d
op2   : 08->UNUSED  00000000 00000001  00  00->NULL   00->val 0000
----------------------------------------------------------------
[1] '$d
______________________________________________________________________
#0064: 0x51 ZEND_FETCH_DIM_R   LineNo: 0x0000  Flags: 0x07()
result: 04->VAR     00000570 00000000  00  00->NULL   00->val 0000
op1   : 04->VAR     00000558 00000000  00  00->NULL   00->val 0000
op2   : 01->CONST   000003EE 0000000A  02  03->STRING 01->ref 0042
        KeyWord: NODOSTRLSD
----------------------------------------------------------------
[1] '$d
______________________________________________________________________
#0065: 0x38 ZEND_ADD_VAR   LineNo: 0x0000  Flags: 0x07()
result: 02->TMP_VAR 00000540 00000000  00  00->NULL   00->val 0000
op1   : 02->TMP_VAR 00000540 00000000  00  00->NULL   00->val 0000
op2   : 04->VAR     00000570 00000000  00  00->NULL   00->val 0000
----------------------------------------------------------------
[1] '$d
______________________________________________________________________
#0066: 0x37 ZEND_ADD_STRING   LineNo: 0x0000  Flags: 0x07()
result: 02->TMP_VAR 00000540 00000000  00  00->NULL   00->val 0000
op1   : 02->TMP_VAR 00000540 00000000  00  00->NULL   00->val 0000
op2   : 01->CONST   000003FA 00000028  02  03->STRING 01->ref 0042
        KeyWord: </td>
                <td align=center>
----------------------------------------------------------------
[1] '$d
______________________________________________________________________
#0067: 0x50 ZEND_FETCH_R   LineNo: 0x0000  Flags: 0x07()
result: 04->VAR     00000588 00000000  00  00->NULL   00->val 0000
op1   : 01->CONST   00000424 00000001  02  03->STRING 01->ref 0042
        KeyWord: d
op2   : 08->UNUSED  00000000 00000001  00  00->NULL   00->val 0000
----------------------------------------------------------------
[1] '$d
[2] '$d
______________________________________________________________________
#0068: 0x51 ZEND_FETCH_DIM_R   LineNo: 0x0000  Flags: 0x07()
result: 04->VAR     000005A0 00000000  00  00->NULL   00->val 0000
op1   : 04->VAR     00000588 00000000  00  00->NULL   00->val 0000
op2   : 01->CONST   00000426 0000000A  02  03->STRING 01->ref 0042
        KeyWord: STDOSTRLSD
----------------------------------------------------------------
[1] '$d
[2] '$d
______________________________________________________________________
#0069: 0x38 ZEND_ADD_VAR   LineNo: 0x0000  Flags: 0x07()
result: 02->TMP_VAR 00000540 00000000  00  00->NULL   00->val 0000
op1   : 02->TMP_VAR 00000540 00000000  00  00->NULL   00->val 0000
op2   : 04->VAR     000005A0 00000000  00  00->NULL   00->val 0000
----------------------------------------------------------------
[1] '$d
[2] '$d
______________________________________________________________________
#006A: 0x37 ZEND_ADD_STRING   LineNo: 0x0000  Flags: 0x07()
result: 02->TMP_VAR 00000540 00000000  00  00->NULL   00->val 0000
op1   : 02->TMP_VAR 00000540 00000000  00  00->NULL   00->val 0000
op2   : 01->CONST   00000432 0000001C  02  03->STRING 01->ref 0042
        KeyWord: </td>
                 <td>
----------------------------------------------------------------
[1] '$d
[2] '$d
______________________________________________________________________
#006B: 0x50 ZEND_FETCH_R   LineNo: 0x0000  Flags: 0x07()
result: 04->VAR     000005D0 00000000  00  00->NULL   00->val 0000
op1   : 01->CONST   00000450 00000008  02  03->STRING 01->ref 0042
        KeyWord: semester
op2   : 08->UNUSED  00000000 00000001  00  00->NULL   00->val 0000
----------------------------------------------------------------
[1] '$d
[2] '$d
[3] '$semester
______________________________________________________________________
#006C: 0x50 ZEND_FETCH_R   LineNo: 0x0000  Flags: 0x07()
result: 04->VAR     000005B8 00000000  00  00->NULL   00->val 0000
op1   : 01->CONST   0000045A 0000000D  02  03->STRING 01->ref 0042
        KeyWord: arraysemester
op2   : 08->UNUSED  00000000 00000001  00  00->NULL   00->val 0000
----------------------------------------------------------------
[1] '$d
[2] '$d
[3] '$semester
[4] '$arraysemester
______________________________________________________________________
#006D: 0x51 ZEND_FETCH_DIM_R   LineNo: 0x0000  Flags: 0x07()
result: 04->VAR     000005E8 00000000  00  00->NULL   00->val 0000
op1   : 04->VAR     000005B8 00000000  00  00->NULL   00->val 0000
op2   : 04->VAR     000005D0 00000010  00  00->NULL   00->val 0000
----------------------------------------------------------------
[1] '$d
[2] '$d
[3] '$semester
[4] '$arraysemester
______________________________________________________________________
#006E: 0x08 ZEND_CONCAT   LineNo: 0x0000  Flags: 0x07()
result: 02->TMP_VAR 00000600 00000000  00  00->NULL   00->val 0000
op1   : 02->TMP_VAR 00000540 00000000  00  00->NULL   00->val 0000
op2   : 04->VAR     000005E8 00000010  00  00->NULL   00->val 0000
----------------------------------------------------------------
[1] '$d
[2] '$d
[3] '$semester
[4] '$arraysemester
______________________________________________________________________
#006F: 0x35 ZEND_INIT_STRING   LineNo: 0x0000  Flags: 0x01()
result: 02->TMP_VAR 00000618 00000000  00  00->NULL   00->val 0000
----------------------------------------------------------------
[1] '$d
[2] '$d
[3] '$semester
[4] '$arraysemester
______________________________________________________________________
#0070: 0x37 ZEND_ADD_STRING   LineNo: 0x0000  Flags: 0x07()
result: 02->TMP_VAR 00000618 00000000  00  00->NULL   00->val 0000
op1   : 02->TMP_VAR 00000618 00000000  00  00->NULL   00->val 0000
op2   : 01->CONST   00000468 00000001  02  03->STRING 01->ref 0042
        KeyWord:  
----------------------------------------------------------------
[1] '$d
[2] '$d
[3] '$semester
[4] '$arraysemester
______________________________________________________________________
#0071: 0x50 ZEND_FETCH_R   LineNo: 0x0000  Flags: 0x07()
result: 04->VAR     00000630 00000000  00  00->NULL   00->val 0000
op1   : 01->CONST   0000046A 00000005  02  03->STRING 01->ref 0042
        KeyWord: tahun
op2   : 08->UNUSED  00000000 00000001  00  00->NULL   00->val 0000
----------------------------------------------------------------
[1] '$d
[2] '$d
[3] '$semester
[4] '$arraysemester
[5] '$tahun
______________________________________________________________________
#0072: 0x38 ZEND_ADD_VAR   LineNo: 0x0000  Flags: 0x07()
result: 02->TMP_VAR 00000618 00000000  00  00->NULL   00->val 0000
op1   : 02->TMP_VAR 00000618 00000000  00  00->NULL   00->val 0000
op2   : 04->VAR     00000630 00000000  00  00->NULL   00->val 0000
----------------------------------------------------------------
[1] '$d
[2] '$d
[3] '$semester
[4] '$arraysemester
______________________________________________________________________
#0073: 0x37 ZEND_ADD_STRING   LineNo: 0x0000  Flags: 0x07()
result: 02->TMP_VAR 00000618 00000000  00  00->NULL   00->val 0000
op1   : 02->TMP_VAR 00000618 00000000  00  00->NULL   00->val 0000
op2   : 01->CONST   00000470 0000001B  02  03->STRING 01->ref 0042
        KeyWord: </td>
                <td>
----------------------------------------------------------------
[1] '$d
[2] '$d
[3] '$semester
[4] '$arraysemester
______________________________________________________________________
#0074: 0x08 ZEND_CONCAT   LineNo: 0x0000  Flags: 0x07()
result: 02->TMP_VAR 00000648 00000000  00  00->NULL   00->val 0000
op1   : 02->TMP_VAR 00000600 00000000  00  00->NULL   00->val 0000
op2   : 02->TMP_VAR 00000618 00000000  00  00->NULL   00->val 0000
----------------------------------------------------------------
[1] '$d
[2] '$d
[3] '$semester
[4] '$arraysemester
______________________________________________________________________
#0075: 0x50 ZEND_FETCH_R   LineNo: 0x0000  Flags: 0x07()
result: 04->VAR     00000678 00000000  00  00->NULL   00->val 0000
op1   : 01->CONST   0000048C 00000009  02  03->STRING 01->ref 0042
        KeyWord: semester2
op2   : 08->UNUSED  00000000 00000001  00  00->NULL   00->val 0000
----------------------------------------------------------------
[1] '$d
[2] '$d
[3] '$semester
[4] '$arraysemester
[5] '$semester2
______________________________________________________________________
#0076: 0x50 ZEND_FETCH_R   LineNo: 0x0000  Flags: 0x07()
result: 04->VAR     00000660 00000000  00  00->NULL   00->val 0000
op1   : 01->CONST   00000496 0000000D  02  03->STRING 01->ref 0042
        KeyWord: arraysemester
op2   : 08->UNUSED  00000000 00000001  00  00->NULL   00->val 0000
----------------------------------------------------------------
[1] '$d
[2] '$d
[3] '$semester
[4] '$arraysemester
[5] '$semester2
[6] '$arraysemester
______________________________________________________________________
#0077: 0x51 ZEND_FETCH_DIM_R   LineNo: 0x0000  Flags: 0x07()
result: 04->VAR     00000690 00000000  00  00->NULL   00->val 0000
op1   : 04->VAR     00000660 00000000  00  00->NULL   00->val 0000
op2   : 04->VAR     00000678 00000010  00  00->NULL   00->val 0000
----------------------------------------------------------------
[1] '$d
[2] '$d
[3] '$semester
[4] '$arraysemester
[5] '$semester2
[6] '$arraysemester
______________________________________________________________________
#0078: 0x08 ZEND_CONCAT   LineNo: 0x0000  Flags: 0x07()
result: 02->TMP_VAR 000006A8 00000000  00  00->NULL   00->val 0000
op1   : 02->TMP_VAR 00000648 00000000  00  00->NULL   00->val 0000
op2   : 04->VAR     00000690 00000010  00  00->NULL   00->val 0000
----------------------------------------------------------------
[1] '$d
[2] '$d
[3] '$semester
[4] '$arraysemester
[5] '$semester2
[6] '$arraysemester
______________________________________________________________________
#0079: 0x35 ZEND_INIT_STRING   LineNo: 0x0000  Flags: 0x01()
result: 02->TMP_VAR 000006C0 00000000  00  00->NULL   00->val 0000
----------------------------------------------------------------
[1] '$d
[2] '$d
[3] '$semester
[4] '$arraysemester
[5] '$semester2
[6] '$arraysemester
______________________________________________________________________
#007A: 0x37 ZEND_ADD_STRING   LineNo: 0x0000  Flags: 0x07()
result: 02->TMP_VAR 000006C0 00000000  00  00->NULL   00->val 0000
op1   : 02->TMP_VAR 000006C0 00000000  00  00->NULL   00->val 0000
op2   : 01->CONST   000004A4 00000001  02  03->STRING 01->ref 0042
        KeyWord:  
----------------------------------------------------------------
[1] '$d
[2] '$d
[3] '$semester
[4] '$arraysemester
[5] '$semester2
[6] '$arraysemester
______________________________________________________________________
#007B: 0x50 ZEND_FETCH_R   LineNo: 0x0000  Flags: 0x07()
result: 04->VAR     000006D8 00000000  00  00->NULL   00->val 0000
op1   : 01->CONST   000004A6 00000006  02  03->STRING 01->ref 0042
        KeyWord: tahun2
op2   : 08->UNUSED  00000000 00000001  00  00->NULL   00->val 0000
----------------------------------------------------------------
[1] '$d
[2] '$d
[3] '$semester
[4] '$arraysemester
[5] '$semester2
[6] '$arraysemester
[7] '$tahun2
______________________________________________________________________
#007C: 0x38 ZEND_ADD_VAR   LineNo: 0x0000  Flags: 0x07()
result: 02->TMP_VAR 000006C0 00000000  00  00->NULL   00->val 0000
op1   : 02->TMP_VAR 000006C0 00000000  00  00->NULL   00->val 0000
op2   : 04->VAR     000006D8 00000000  00  00->NULL   00->val 0000
----------------------------------------------------------------
[1] '$d
[2] '$d
[3] '$semester
[4] '$arraysemester
[5] '$semester2
[6] '$arraysemester
______________________________________________________________________
#007D: 0x37 ZEND_ADD_STRING   LineNo: 0x0000  Flags: 0x07()
result: 02->TMP_VAR 000006C0 00000000  00  00->NULL   00->val 0000
op1   : 02->TMP_VAR 000006C0 00000000  00  00->NULL   00->val 0000
op2   : 01->CONST   000004AE 0000001B  02  03->STRING 01->ref 0042
        KeyWord: </td>
                <td>
----------------------------------------------------------------
[1] '$d
[2] '$d
[3] '$semester
[4] '$arraysemester
[5] '$semester2
[6] '$arraysemester
______________________________________________________________________
#007E: 0x50 ZEND_FETCH_R   LineNo: 0x0000  Flags: 0x07()
result: 04->VAR     000006F0 00000000  00  00->NULL   00->val 0000
op1   : 01->CONST   000004CA 00000002  02  03->STRING 01->ref 0042
        KeyWord: ok
op2   : 08->UNUSED  00000000 00000001  00  00->NULL   00->val 0000
----------------------------------------------------------------
[1] '$d
[2] '$d
[3] '$semester
[4] '$arraysemester
[5] '$semester2
[6] '$arraysemester
[7] '$ok
______________________________________________________________________
#007F: 0x38 ZEND_ADD_VAR   LineNo: 0x0000  Flags: 0x07()
result: 02->TMP_VAR 000006C0 00000000  00  00->NULL   00->val 0000
op1   : 02->TMP_VAR 000006C0 00000000  00  00->NULL   00->val 0000
op2   : 04->VAR     000006F0 00000000  00  00->NULL   00->val 0000
----------------------------------------------------------------
[1] '$d
[2] '$d
[3] '$semester
[4] '$arraysemester
[5] '$semester2
[6] '$arraysemester
______________________________________________________________________
#0080: 0x37 ZEND_ADD_STRING   LineNo: 0x0000  Flags: 0x07()
result: 02->TMP_VAR 000006C0 00000000  00  00->NULL   00->val 0000
op1   : 02->TMP_VAR 000006C0 00000000  00  00->NULL   00->val 0000
op2   : 01->CONST   000004CE 00000018  02  03->STRING 01->ref 0042
        KeyWord: </td>
            </tr>
----------------------------------------------------------------
[1] '$d
[2] '$d
[3] '$semester
[4] '$arraysemester
[5] '$semester2
[6] '$arraysemester
______________________________________________________________________
#0081: 0x08 ZEND_CONCAT   LineNo: 0x0000  Flags: 0x07()
result: 02->TMP_VAR 00000708 00000000  00  00->NULL   00->val 0000
op1   : 02->TMP_VAR 000006A8 00000000  00  00->NULL   00->val 0000
op2   : 02->TMP_VAR 000006C0 00000000  00  00->NULL   00->val 0000
----------------------------------------------------------------
[1] '$d
[2] '$d
[3] '$semester
[4] '$arraysemester
[5] '$semester2
[6] '$arraysemester
______________________________________________________________________
#0082: 0x56 ZEND_FETCH_RW   LineNo: 0x0000  Flags: 0x07()
result: 04->VAR     00000528 00000000  00  00->NULL   00->val 0000
op1   : 01->CONST   000004E8 00000003  02  03->STRING 01->ref 0042
        KeyWord: tmp
op2   : 08->UNUSED  00000000 00000001  00  00->NULL   00->val 0000
----------------------------------------------------------------
[1] '$d
[2] '$d
[3] '$semester
[4] '$arraysemester
[5] '$semester2
[6] '$arraysemester
[7] '$tmp
______________________________________________________________________
#0083: 0x1E ZEND_ASSIGN_CONCAT   LineNo: 0x0000  Flags: 0x07()
result: 04->VAR     00000720 00000001  00  00->NULL   00->val 0000
op1   : 04->VAR     00000528 00000010  00  00->NULL   00->val 0000
op2   : 02->TMP_VAR 00000708 00000000  00  00->NULL   00->val 0000
----------------------------------------------------------------
[1] '$d
[2] '$d
[3] '$semester
[4] '$arraysemester
[5] '$semester2
[6] '$arraysemester
Correcting Stack error...
====================================================================
$arraysemester$semester2$arraysemester$semester$d$d;
______________________________________________________________________
#0084: 0x2A ZEND_JMP   LineNo: 0x0000  Flags: 0x02()
op1   : 08->UNUSED  0000002D 00000000  00  00->NULL   00->val 0000
....................................................................
Comment: GoTo Command #002D
______________________________________________________________________
#0085: 0x56 ZEND_FETCH_RW   LineNo: 0x0000  Flags: 0x07()
result: 04->VAR     00000738 00000000  00  00->NULL   00->val 0000
op1   : 01->CONST   000004EC 00000003  02  03->STRING 01->ref 0042
        KeyWord: tmp
op2   : 08->UNUSED  00000000 00000001  00  00->NULL   00->val 0000
----------------------------------------------------------------
[1] '$tmp
______________________________________________________________________
#0086: 0x1E ZEND_ASSIGN_CONCAT   LineNo: 0x0000  Flags: 0x07()
result: 04->VAR     00000750 00000001  00  00->NULL   00->val 0000
op1   : 04->VAR     00000738 00000010  00  00->NULL   00->val 0000
op2   : 01->CONST   000004F0 00000008  02  03->STRING 01->ref 0042
        KeyWord: </table>
====================================================================
$tmp.="</table>";
______________________________________________________________________
#0087: 0x3B ZEND_INIT_FCALL_BY_NAME   LineNo: 0x0000  Flags: 0x04()
op2   : 01->CONST   000004FA 00000013  02  03->STRING 01->ref 0042
        KeyWord: printjudulmenukecil
----------------------------------------------------------------
[1] 'printjudulmenukecil
______________________________________________________________________
#0088: 0x41 ZEND_SEND_VAL   LineNo: 0x0000  Flags: 0x1E()
op1   : 01->CONST   0000050E 00000035  02  03->STRING 01->ref 0042
        KeyWord: <b>Daftar Dosen Keluar/Cuti/Studi Lanjut yang disalin
op2   : 08->UNUSED  00000001 00000000  00  00->NULL   00->val 0000
        extended_value(from File): 003D
----------------------------------------------------------------
[1] 'printjudulmenukecil
....................................................................
Comment: Arg[1] = "<b>Daftar Dosen Keluar/Cuti/Studi Lanjut yang disalin"
______________________________________________________________________
#0089: 0x3D ZEND_DO_FCALL_BY_NAME   LineNo: 0x0000  Flags: 0x09()
result: 04->VAR     00000768 00000001  00  00->NULL   00->val 0000
        extended_value(from Flag): 0001
====================================================================
printjudulmenukecil("<b>Daftar Dosen Keluar/Cuti/Studi Lanjut yang disalin");
______________________________________________________________________
#008A: 0x50 ZEND_FETCH_R   LineNo: 0x0000  Flags: 0x07()
result: 04->VAR     00000780 00000000  00  00->NULL   00->val 0000
op1   : 01->CONST   00000544 00000003  02  03->STRING 01->ref 0042
        KeyWord: tmp
op2   : 08->UNUSED  00000000 00000001  00  00->NULL   00->val 0000
----------------------------------------------------------------
[1] '$tmp
______________________________________________________________________
#008B: 0x28 ZEND_ECHO   LineNo: 0x0000  Flags: 0x02()
op1   : 04->VAR     00000780 00000010  00  00->NULL   00->val 0000
====================================================================
echo $tmp;
______________________________________________________________________
#008C: 0x3E ZEND_RETURN   LineNo: 0x0000  Flags: 0x02()
op1   : 01->CONST   00000001 00000038  02  01->LONG   01->ref 0012
====================================================================
Return (1);
______________________________________________________________________
#008D: 0x3B ZEND_INIT_FCALL_BY_NAME   LineNo: 0x0000  Flags: 0x04()
op2   : 01->CONST   00000548 00000013  02  03->STRING 01->ref 0042
        KeyWord: printjudulmenukecil
----------------------------------------------------------------
[1] 'printjudulmenukecil
______________________________________________________________________
#008E: 0x41 ZEND_SEND_VAL   LineNo: 0x0000  Flags: 0x1E()
op1   : 01->CONST   0000055C 0000003D  02  03->STRING 01->ref 0042
        KeyWord: <b>Tidak ada data Dosen Keluar/Cuti/Studi Lanjut yang disalin
op2   : 08->UNUSED  00000001 00000000  00  00->NULL   00->val 0000
        extended_value(from File): 003D
----------------------------------------------------------------
[1] 'printjudulmenukecil
....................................................................
Comment: Arg[1] = "<b>Tidak ada data Dosen Keluar/Cuti/Studi Lanjut yang disalin"
______________________________________________________________________
#008F: 0x3D ZEND_DO_FCALL_BY_NAME   LineNo: 0x0000  Flags: 0x09()
result: 04->VAR     00000798 00000001  00  00->NULL   00->val 0000
        extended_value(from Flag): 0001
====================================================================
printjudulmenukecil("<b>Tidak ada data Dosen Keluar/Cuti/Studi Lanjut yang disalin");
______________________________________________________________________
#0090: 0x3E ZEND_RETURN   LineNo: 0x0000  Flags: 0x02()
op1   : 01->CONST   00000001 00000038  02  01->LONG   01->ref 0012
====================================================================
Return (1);
______________________________________________________________________
#0091: 0x95 ZEND_HANDLE_EXCEPTION   LineNo: 0x0000  Flags: 0x00()
______________________________________________________________________
FunctionsCount: 0000
Classes: 0000
File sucessfully processes!

