========== Ioncube_Decoder 1.1.40  LogFile ==========

=========> S t a g e  0  -  Getting RawData (UnBase64-Raw.bin)

Opening C:\AppServ\www\siakad\lain\prosescopybb.php
000003AF -> Start of ionCubeData...
00001095 -> 00000CE6 Bytes read.
IC_Base64_Marker: '4+oV' Decoding Base64->Bin...

=========> S t a g e  1  -  Validating RawData

ionCubeVersionType: 3CCC22E1 [Encrypted: 149FEC13]
ioncube_Version_Type 3

=========> S t a g e  2  -  Processing RawData

RawBinData_Size: 00000D3A
FileSizeKey: 2395B185 (RawBinData_Size + 12321) Xor &H23958CDE
Header_FileSizeKey: 2395B183
Header_FileSizeKey and FileSizeKey are different! (Difference: 00000002)
Note: RawBinData_Size calculate from Header_FileSizeKey is: 00000DBC  (Difference: 00000082)
Header_Size: 000000BE (InitKey for MT: D1884905)
Adler32_CRC for 'IC_Raw[0004]..[00DE]' and calculated MATCH. CRC: 3D1672A9

=========> S t a g e  3  -  Extracting Header from RawData (->IC_Header.bin)


=========> S t a g e  4  -  Interpreting IC_Header

Minimum Loader Version: 00.00.00 (for ex. ioncube_loader_win_4.3.dll requires >0301010)
VerData 0x00000003
ObfuFlags 00000000 00000000

ObfuFuncHashSeed: 
Bytecode_XorKey: 92A764C5
 -> The Encoder uses '0x92A764C5' to overwrite/delete the real bytecode key - since there is a LicenseFile(+enforceLicense) from which that value should be retrieved. (However don't worry we'll be able to calcuate that value if there is not LicFile. :)
IncludeXorKey[should be 0xE9FC23B1]: E9FC23B1
LicenseFile: lisensi.txt
DisableCheckingOfLicenseRestrictions: 0
LicensePassphrase: lisensi
CustomErrCallbackHandler: 'ioncube_event_handler'
Enable_auto_prepend_Append_file: 0
Customised error messages entries: 0x00
Include file protection entries: 0x00
Adler32_CRC for '<?php //... ?>' and calculated MATCH. CRC: EB60391D
IC_HeaderEx start: 0086
IC_HeaderEx end: 00AE   IC_Header HeaderSize: 00BE

=========> S t a g e  5  -  Interpreting IC_HeaderEx

0001 <-IC_Type_Minor
0005 <-IC_Type_Major
The file [%s] was encoded with the PHP 5 ionCube Encoder, and requires PHP 5 to be installed.
00000CE7 <-PhpFlags
  0x0001  0001
  0x0002  0002 
  0x0004  0004 
  0x0020  Allow run with untrusted server extensions
  0x0040  PHP5_Body
  0x0080  CmdBytesAreEncrypted
  0x0400  EncryptStrings[KeyWord.c_Object] in memory during Compile& Execute
  0x0800  ObfuscateStripLineNumbers

IC Encoder Registration data(MemberID): 0x10050603  30754
Calculate ByteCode_Key ('0x363432' + sum of the chars from LicensePassphrase): 00363729
Overwrite ByteCode_Key to : 0x00363729
Bytecode_MT_XorKey: 00363729
Copy of IncludeXorKey in Header_MoreData: 0xE9FC23B1
unknown Data: 8501A8C0 E3FC1B00 2690 00 00
EvalTimeMin: 4/16/2012 8:10:00 AM   128330D1 '+0500DA46'=>4F8BD3D8 seconds since 1.1.1970
EvalTimeMax: 4/16/2012 8:10:00 AM   4A8AF992 '+3D08A307'=>4F8BD3D8 seconds since 1.1.1970
BodyStartOffset: 0x000000E6

=========> S t a g e  6  -  Extracting & Inflating IC_body from RawData (->IC_body.bin)

000000EA  Body_MT_Seed: 736C2212
000000EE  Bytecode_MT_Seed: 98D92E80

=========> S t a g e  7  -  Reading IC_body.bin


=========> S t a g e  8  -  Read function body data

Reading Body
00000008 -> 00000002
S2[Fixed Size 0x70]:
0000007A ->  742F3C02
 Skipped3 ->  00000000
 FuncNameStart ->  00000000 0D3E7274
 CmdData ->  00000000
 Args ->  00000000
 ArgsMin ->  00000000
 php4Extra ->  0248CCF8 65540020 0224A9A0 02475080 000000A1 000000A1
 Skipped1 ->  00000059 00000002 00000001
 PHPFileNamePtr ->  FFFFFFFF
 Php5-O1  00000000
 Php5-O1Count  00000000 00000000 00000000 00000000 00000000 0248A690 0A00000A 0005A9E3 00000000 00000000
 
00000079 -> FunctionName: protected function {MainFunction}
 
00000082 -> 000000A1<-CmdCount
byteCmds[Elementsize=0x2] Elements: 000000AE
Command(Encrypted)
------------------
040A
010E
07B0
0733
07AA
0728
068D
01B3
07B0
0776
077D
07D2
07D2
0742
079B
07E1
0700
071F
07A0
07BC
0179
0775
0724
0762
0743
071F
07B9
0736
07C2
07D9
0739
0766
0466
0FBE
1E6A
003D
1F22
0002
1EDD
003D
1985
0002
07B2
07A2
042F
0FDB
1E0A
003D
09AE
078C
0627
07D1
072F
042B
0F3B
1EB9
003D
0938
07B7
0764
065E
0152
0709
0761
0761
0796
07FE
07B5
075E
07FA
0731
071C
0720
0758
07ED
0740
07A5
0757
0790
07BD
0768
072B
079D
07D5
07C6
071A
07FB
0783
0740
0750
0741
07BE
078E
0797
049B
0FD3
1E15
003D
1F71
0002
1E67
003D
19C4
0002
0714
07C4
0464
0F6A
1EA8
003D
0967
076D
06BD
070C
0757
0119
0728
0745
071F
0787
07CD
076A
0796
07E8
07F4
078A
07D3
075A
07F2
07CD
07EC
07E0
074D
07DA
0765
076D
07B5
017D
0775
070F
07ED
07E1
0763
07E9
0703
07BC
0782
01D3
072B
07B8
07DB
0747
0721
07AA
0760
072A
07CF
07D1
0231
0706
0710
04DF
1E91
003D
094A
078F
02D2
02E9
04C2
1E7A
003D
09B6
0225
0095
CmdParams[Elementsize=0x14] Elements: 0000019F
Type      Op1       Op2       Flags5    Flags
---------------------------------------------
00000001   0000000E   0000000B   00000002   00420103
00000004   00000000   00000001   00000000   00000000
00000004   00000018   00000000   00000000   00000000
00000001   0000001A   00000002   00000002   00420103
00000008   00000000   00000001   00000000   00000000
00000004   00000030   00000001   00000000   00000000
00000004   00000018   00000010   00000000   00000000
00000001   022A6CC8   00000000   00000002   00420103
00000004   00000048   00000000   00000000   00000000
00000001   0000001E   00000007   00000002   00420103
00000008   00000000   00000001   00000000   00000000
00000002   00000060   00000000   00000000   00000000
00000004   00000048   00000010   00000000   00000000
00000001   0222CA40   00000000   00000002   00420103
00000002   00000060   00000000   00000000   00000000
00000008   00000014   00000000   00000000   00000000
00000002   00000090   00000000   00000000   00000000
00000002   00000090   00000000   00000000   00000000
00000002   00000090   00000000   00000000   00000000
00000001   00000026   00000011   00000002   00420103
00000004   000000A8   00000000   00000000   00000000
00000001   00000038   00000006   00000002   00420103
00000008   00000000   00000001   00000000   00000000
00000002   00000090   00000000   00000000   00000000
00000002   00000090   00000000   00000000   00000000
00000004   000000A8   00000000   00000000   00000000
00000002   00000090   00000000   00000000   00000000
00000002   00000090   00000000   00000000   00000000
00000001   00000040   00000016   00000002   00420103
00000004   000000C0   00000000   00000000   00000000
00000001   00000058   0000000B   00000002   00420103
00000008   00000000   00000001   00000000   00000000
00000002   00000090   00000000   00000000   00000000
00000002   00000090   00000000   00000000   00000000
00000004   000000C0   00000000   00000000   00000000
00000002   00000090   00000000   00000000   00000000
00000002   00000090   00000000   00000000   00000000
00000001   00000064   00000016   00000002   00420103
00000004   000000D8   00000000   00000000   00000000
00000001   0000007C   00000006   00000002   00420103
00000008   00000000   00000001   00000000   00000000
00000002   00000090   00000000   00000000   00000000
00000002   00000090   00000000   00000000   00000000
00000004   000000D8   00000000   00000000   00000000
00000002   00000090   00000000   00000000   00000000
00000002   00000090   00000000   00000000   00000000
00000001   00000084   00000002   00000002   00420103
00000004   00000078   00000000   00000000   00000000
00000001   00000088   00000002   00000002   00420103
00000008   00000000   00000001   00000000   00000000
00000004   000000F0   00000001   00000000   00000000
00000004   00000078   00000010   00000000   00000000
00000002   00000090   00000000   00000000   00000000
00000002   00000120   00000000   00000000   00000000
00000002   00000120   00000000   00000000   00000000
00000002   00000120   00000000   00000000   00000000
00000001   0000008C   00000026   00000002   00420103
00000004   00000138   00000000   00000000   00000000
00000001   000000B4   00000005   00000002   00420103
00000008   00000000   00000001   00000000   00000000
00000002   00000120   00000000   00000000   00000000
00000002   00000120   00000000   00000000   00000000
00000004   00000138   00000000   00000000   00000000
00000004   00000150   00000000   00000000   00000000
00000001   000000BA   00000008   00000002   00420103
00000008   00000000   00000001   00000000   00000000
00000002   00000120   00000000   00000000   00000000
00000002   00000120   00000000   00000000   00000000
00000004   00000150   00000000   00000000   00000000
00000002   00000120   00000000   00000000   00000000
00000002   00000120   00000000   00000000   00000000
00000001   000000C4   00000002   00000002   00420103
00000004   00000168   00000000   00000000   00000000
00000001   000000C8   00000002   00000002   00420103
00000008   00000000   00000001   00000000   00000000
00000002   00000120   00000000   00000000   00000000
00000002   00000120   00000000   00000000   00000000
00000004   00000168   00000000   00000000   00000000
00000002   00000120   00000000   00000000   00000000
00000002   00000120   00000000   00000000   00000000
00000001   000000CC   00000001   00000002   00420103
00000004   00000108   00000000   00000000   00000000
00000001   000000CE   00000001   00000002   00420103
00000008   00000000   00000001   00000000   00000000
00000004   00000180   00000001   00000000   00000000
00000004   00000108   00000010   00000000   00000000
00000002   00000120   00000000   00000000   00000000
00000001   000000D0   00000007   00000002   00420103
00000004   000001B0   00000000   00000000   00000000
00000001   000000D8   00000001   00000002   00420103
00000008   00000000   00000001   00000000   00000000
00000004   000001B0   00000010   00000000   00000000
00000008   00000001   00000000   00000000   00000000
00000004   000001C8   00000000   00000000   00000000
00000001   000000DA   00000007   00000002   00420103
00000008   00000000   00000001   00000000   00000000
00000004   000001C8   00000010   00000000   00000000
00000008   00000002   00000000   00000000   00000000
00000004   000001E0   00000000   00000000   00000000
00000004   00000198   00000000   00000000   00000000
00000001   000000E2   00000001   00000002   00420103
00000008   00000000   00000001   00000000   00000000
00000004   000001F8   00000001   00000000   00000000
00000004   00000198   00000010   00000000   00000000
00000004   000001E0   00000008   00000000   00000000
00000001   000000E4   0000000A   00000002   00420103
00000004   00000210   00000000   00000000   00000000
00000001   000000F0   00000001   00000002   00420103
00000008   00000000   00000001   00000000   00000000
00000004   00000210   00000010   00000000   00000000
00000008   00000001   00000000   00000000   00000000
00000004   00000228   00000000   00000000   00000000
00000002   00000240   00000000   00000000   00000000
00000001   00000000   00000001   00000002   00420101
00000004   00000228   00000008   00000000   00000000
00000002   00000240   00000000   00000000   00000000
00000008   0000009C   00000000   00000000   00000000
00000004   00000258   00000000   00000000   00000000
00000001   000000F2   00000003   00000002   00420103
00000008   00000000   00000001   00000000   00000000
00000004   00000270   00000001   00000000   00000000
00000004   00000258   00000010   00000000   00000000
00000001   000000F6   0000018A   00000002   00420103
00000001   00000282   0000000D   00000002   00420103
00000004   000002A0   00000000   00000000   00000000
00000001   00000290   00000001   00000002   00420103
00000008   00000000   00000001   00000000   00000000
00000004   000002A0   00000010   00000000   00000000
00000008   00000001   00000000   00000000   00000000
00000004   000002B8   00000000   00000000   00000000
00000004   00000288   00000000   00000000   00000000
00000001   00000292   00000001   00000002   00420103
00000008   00000000   00000001   00000000   00000000
00000004   000002D0   00000000   00000000   00000000
00000004   00000288   00000010   00000000   00000000
00000004   000002B8   00000008   00000000   00000000
00000004   000002D0   00000000   00000000   00000000
00000008   00000094   00000000   00000000   00000000
00000002   00000300   00000000   00000000   00000000
00000002   00000300   00000000   00000000   00000000
00000002   00000300   00000000   00000000   00000000
00000001   00000294   0000009A   00000002   00420103
00000004   00000318   00000000   00000000   00000000
00000001   00000330   00000006   00000002   00420103
00000008   00000000   00000001   00000000   00000000
00000002   00000300   00000000   00000000   00000000
00000002   00000300   00000000   00000000   00000000
00000004   00000318   00000000   00000000   00000000
00000004   00000330   00000000   00000000   00000000
00000001   00000338   00000009   00000002   00420103
00000008   00000000   00000001   00000000   00000000
00000002   00000300   00000000   00000000   00000000
00000002   00000300   00000000   00000000   00000000
00000004   00000330   00000000   00000000   00000000
00000002   00000300   00000000   00000000   00000000
00000002   00000300   00000000   00000000   00000000
00000001   00000342   00000013   00000002   00420103
00000004   00000348   00000000   00000000   00000000
00000001   00000356   00000001   00000002   00420103
00000008   00000000   00000001   00000000   00000000
00000004   00000360   00000000   00000000   00000000
00000004   00000348   00000000   00000000   00000000
00000001   00000358   0000000A   00000002   00420103
00000002   00000300   00000000   00000000   00000000
00000002   00000300   00000000   00000000   00000000
00000004   00000360   00000000   00000000   00000000
00000002   00000300   00000000   00000000   00000000
00000002   00000300   00000000   00000000   00000000
00000001   00000364   00000004   00000002   00420103
00000004   00000378   00000000   00000000   00000000
00000001   0000036A   00000001   00000002   00420103
00000008   00000000   00000001   00000000   00000000
00000004   00000390   00000000   00000000   00000000
00000004   00000378   00000000   00000000   00000000
00000001   0000036C   0000000A   00000002   00420103
00000002   00000300   00000000   00000000   00000000
00000002   00000300   00000000   00000000   00000000
00000004   00000390   00000000   00000000   00000000
00000002   00000300   00000000   00000000   00000000
00000002   00000300   00000000   00000000   00000000
00000001   00000378   00000005   00000002   00420103
00000004   000003A8   00000000   00000000   00000000
00000001   0000037E   00000001   00000002   00420103
00000008   00000000   00000001   00000000   00000000
00000004   000003C0   00000000   00000000   00000000
00000004   000003A8   00000000   00000000   00000000
00000001   00000380   0000000A   00000002   00420103
00000002   00000300   00000000   00000000   00000000
00000002   00000300   00000000   00000000   00000000
00000004   000003C0   00000000   00000000   00000000
00000002   00000300   00000000   00000000   00000000
00000002   00000300   00000000   00000000   00000000
00000001   0000038C   00000017   00000002   00420103
00000004   000003D8   00000000   00000000   00000000
00000001   000003A4   00000001   00000002   00420103
00000008   00000000   00000001   00000000   00000000
00000004   000003F0   00000000   00000000   00000000
00000004   000003D8   00000000   00000000   00000000
00000001   000003A6   0000000A   00000002   00420103
00000002   00000300   00000000   00000000   00000000
00000002   00000300   00000000   00000000   00000000
00000004   000003F0   00000000   00000000   00000000
00000002   00000300   00000000   00000000   00000000
00000002   00000300   00000000   00000000   00000000
00000001   000003B2   00000004   00000002   00420103
00000004   00000408   00000000   00000000   00000000
00000001   000003B8   00000001   00000002   00420103
00000008   00000000   00000001   00000000   00000000
00000004   00000420   00000000   00000000   00000000
00000004   00000408   00000000   00000000   00000000
00000001   000003BA   0000000A   00000002   00420103
00000002   00000300   00000000   00000000   00000000
00000002   00000300   00000000   00000000   00000000
00000004   00000420   00000000   00000000   00000000
00000002   00000300   00000000   00000000   00000000
00000002   00000300   00000000   00000000   00000000
00000001   000003C6   00000004   00000002   00420103
00000004   00000438   00000000   00000000   00000000
00000001   000003CC   00000001   00000002   00420103
00000008   00000000   00000001   00000000   00000000
00000004   00000450   00000000   00000000   00000000
00000004   00000438   00000000   00000000   00000000
00000001   000003CE   00000006   00000002   00420103
00000002   00000300   00000000   00000000   00000000
00000002   00000300   00000000   00000000   00000000
00000004   00000450   00000000   00000000   00000000
00000002   00000300   00000000   00000000   00000000
00000002   00000300   00000000   00000000   00000000
00000001   000003D6   00000014   00000002   00420103
00000004   000002E8   00000000   00000000   00000000
00000001   000003EC   00000001   00000002   00420103
00000008   00000000   00000001   00000000   00000000
00000004   00000468   00000001   00000000   00000000
00000004   000002E8   00000010   00000000   00000000
00000002   00000300   00000000   00000000   00000000
00000001   000003EE   00000007   00000002   00420103
00000004   00000480   00000000   00000000   00000000
00000001   000003F6   00000001   00000002   00420103
00000008   00000000   00000001   00000000   00000000
00000004   00000480   00000010   00000000   00000000
00000008   00000001   00000000   00000000   00000000
00000004   00000498   00000000   00000000   00000000
00000001   000003F8   00000007   00000002   00420103
00000008   00000000   00000001   00000000   00000000
00000004   00000498   00000010   00000000   00000000
00000008   00000002   00000000   00000000   00000000
00000004   000004B0   00000001   00000000   00000000
00000004   000004C8   00000000   00000000   00000000
00000001   00000400   00000002   00000002   00420103
00000008   00000000   00000001   00000000   00000000
00000004   000004E0   00000001   00000000   00000000
00000004   000004C8   00000010   00000000   00000000
00000001   00000404   00000005   00000002   00420103
00000001   0000040A   0000000F   00000002   00420103
00000004   000004F8   00000000   00000000   00000000
00000001   0000041A   00000007   00000002   00420103
00000008   00000000   00000001   00000000   00000000
00000004   000004F8   00000010   00000000   00000000
00000008   00000001   00000000   00000000   00000000
00000004   00000510   00000000   00000000   00000000
00000002   00000528   00000000   00000000   00000000
00000001   00000000   00000007   00000002   00420101
00000004   00000510   00000008   00000000   00000000
00000002   00000528   00000000   00000000   00000000
00000008   00000068   00000000   00000000   00000000
00000004   00000540   00000000   00000000   00000000
00000001   00000422   00000002   00000002   00420103
00000008   00000000   00000001   00000000   00000000
00000004   00000558   00000001   00000000   00000000
00000004   00000540   00000010   00000000   00000000
00000001   00000426   00000002   00000002   00420103
00000002   00000588   00000000   00000000   00000000
00000002   00000588   00000000   00000000   00000000
00000002   00000588   00000000   00000000   00000000
00000001   0000042A   00000035   00000002   00420103
00000004   000005A0   00000000   00000000   00000000
00000001   00000460   00000001   00000002   00420103
00000008   00000000   00000001   00000000   00000000
00000004   000005B8   00000000   00000000   00000000
00000004   000005A0   00000000   00000000   00000000
00000001   00000462   0000000A   00000002   00420103
00000002   00000588   00000000   00000000   00000000
00000002   00000588   00000000   00000000   00000000
00000004   000005B8   00000000   00000000   00000000
00000002   00000588   00000000   00000000   00000000
00000002   00000588   00000000   00000000   00000000
00000001   0000046E   00000028   00000002   00420103
00000004   000005D0   00000000   00000000   00000000
00000001   00000498   00000001   00000002   00420103
00000008   00000000   00000001   00000000   00000000
00000004   000005E8   00000000   00000000   00000000
00000004   000005D0   00000000   00000000   00000000
00000001   0000049A   0000000A   00000002   00420103
00000002   00000588   00000000   00000000   00000000
00000002   00000588   00000000   00000000   00000000
00000004   000005E8   00000000   00000000   00000000
00000002   00000588   00000000   00000000   00000000
00000002   00000588   00000000   00000000   00000000
00000001   000004A6   00000028   00000002   00420103
00000004   00000600   00000000   00000000   00000000
00000001   000004D0   00000001   00000002   00420103
00000008   00000000   00000001   00000000   00000000
00000004   00000618   00000000   00000000   00000000
00000004   00000600   00000000   00000000   00000000
00000001   000004D2   0000000A   00000002   00420103
00000002   00000588   00000000   00000000   00000000
00000002   00000588   00000000   00000000   00000000
00000004   00000618   00000000   00000000   00000000
00000002   00000588   00000000   00000000   00000000
00000002   00000588   00000000   00000000   00000000
00000001   000004DE   00000028   00000002   00420103
00000004   00000630   00000000   00000000   00000000
00000001   00000508   00000001   00000002   00420103
00000008   00000000   00000001   00000000   00000000
00000004   00000648   00000000   00000000   00000000
00000004   00000630   00000000   00000000   00000000
00000001   0000050A   00000006   00000002   00420103
00000002   00000588   00000000   00000000   00000000
00000002   00000588   00000000   00000000   00000000
00000004   00000648   00000000   00000000   00000000
00000002   00000588   00000000   00000000   00000000
00000002   00000588   00000000   00000000   00000000
00000001   00000512   0000001C   00000002   00420103
00000004   00000678   00000000   00000000   00000000
00000001   00000530   00000008   00000002   00420103
00000008   00000000   00000001   00000000   00000000
00000004   00000660   00000000   00000000   00000000
00000001   0000053A   0000000D   00000002   00420103
00000008   00000000   00000001   00000000   00000000
00000004   00000690   00000000   00000000   00000000
00000004   00000660   00000000   00000000   00000000
00000004   00000678   00000010   00000000   00000000
00000002   000006A8   00000000   00000000   00000000
00000002   00000588   00000000   00000000   00000000
00000004   00000690   00000010   00000000   00000000
00000002   000006C0   00000000   00000000   00000000
00000002   000006C0   00000000   00000000   00000000
00000002   000006C0   00000000   00000000   00000000
00000001   00000548   00000001   00000002   00420103
00000004   000006D8   00000000   00000000   00000000
00000001   0000054A   00000005   00000002   00420103
00000008   00000000   00000001   00000000   00000000
00000002   000006C0   00000000   00000000   00000000
00000002   000006C0   00000000   00000000   00000000
00000004   000006D8   00000000   00000000   00000000
00000002   000006C0   00000000   00000000   00000000
00000002   000006C0   00000000   00000000   00000000
00000001   00000550   0000001B   00000002   00420103
00000002   000006F0   00000000   00000000   00000000
00000002   000006A8   00000000   00000000   00000000
00000002   000006C0   00000000   00000000   00000000
00000004   00000720   00000000   00000000   00000000
00000001   0000056C   00000009   00000002   00420103
00000008   00000000   00000001   00000000   00000000
00000004   00000708   00000000   00000000   00000000
00000001   00000576   0000000D   00000002   00420103
00000008   00000000   00000001   00000000   00000000
00000004   00000738   00000000   00000000   00000000
00000004   00000708   00000000   00000000   00000000
00000004   00000720   00000010   00000000   00000000
00000002   00000750   00000000   00000000   00000000
00000002   000006F0   00000000   00000000   00000000
00000004   00000738   00000010   00000000   00000000
00000002   00000768   00000000   00000000   00000000
00000002   00000768   00000000   00000000   00000000
00000002   00000768   00000000   00000000   00000000
00000001   00000584   00000001   00000002   00420103
00000004   00000780   00000000   00000000   00000000
00000001   00000586   00000006   00000002   00420103
00000008   00000000   00000001   00000000   00000000
00000002   00000768   00000000   00000000   00000000
00000002   00000768   00000000   00000000   00000000
00000004   00000780   00000000   00000000   00000000
00000002   00000768   00000000   00000000   00000000
00000002   00000768   00000000   00000000   00000000
00000001   0000058E   0000001B   00000002   00420103
00000004   00000798   00000000   00000000   00000000
00000001   000005AA   00000002   00000002   00420103
00000008   00000000   00000001   00000000   00000000
00000002   00000768   00000000   00000000   00000000
00000002   00000768   00000000   00000000   00000000
00000004   00000798   00000000   00000000   00000000
00000002   00000768   00000000   00000000   00000000
00000002   00000768   00000000   00000000   00000000
00000001   000005AE   00000018   00000002   00420103
00000002   000007B0   00000000   00000000   00000000
00000002   00000750   00000000   00000000   00000000
00000002   00000768   00000000   00000000   00000000
00000004   00000570   00000000   00000000   00000000
00000001   000005C8   00000003   00000002   00420103
00000008   00000000   00000001   00000000   00000000
00000004   000007C8   00000001   00000000   00000000
00000004   00000570   00000010   00000000   00000000
00000002   000007B0   00000000   00000000   00000000
00000008   00000030   00000000   00000000   00000000
00000004   000007E0   00000000   00000000   00000000
00000001   000005CC   00000003   00000002   00420103
00000008   00000000   00000001   00000000   00000000
00000004   000007F8   00000001   00000000   00000000
00000004   000007E0   00000010   00000000   00000000
00000001   000005D0   00000008   00000002   00420103
00000001   000005DA   00000013   00000002   00420103
00000001   000005EE   00000022   00000002   00420103
00000008   00000001   00000000   00000000   00000000
00000004   00000810   00000001   00000000   00000000
00000004   00000828   00000000   00000000   00000000
00000001   00000612   00000003   00000002   00420103
00000008   00000000   00000001   00000000   00000000
00000004   00000828   00000010   00000000   00000000
00000001   00000001   00000038   00000002   00120101
00000001   00000616   00000013   00000002   00420103
00000001   0000062A   0000002A   00000002   00420103
00000008   00000001   00000000   00000000   00000000
00000004   00000840   00000001   00000000   00000000
00000001   00000001   00000038   00000002   00120101
StringData [00000655]
000028AB -> C0 DE 30 00 00 00 94 00 00 00 FF FF FF FF 70 65 72 69 6B 73 61 72 6F 6F 74 00 71 66 00 00 69 64 70 72 6F 64 69 00 41 4E 44 20 4B 44 50 53 54 54 42 42 4E 4C 20 3D 27 00 6B 6F 64 65 70 73 00 00 27 0D 0A 20 20 20 41 4E 44 20 4B 44 4A 45 4E 54 42 42 4E 4C 3D 27 00 00 6B 6F 64 65 6A 65 6E 6A 61 6E 67 00 27 0D 0A 20 20 20 41 4E 44 20 4B 44 50 54 49 54 42 42 4E 4C 3D 27 00 00 6B 6F 64 65 70 74 00 00 27 20 00 00 71 66 00 00 53 45 4C 45 43 54 20 2A 20 46 52 4F 4D 20 74 62 62 6E 6C 20 57 48 45 52 45 20 54 48 53 4D 53 54 42 42 4E 4C 3D 27 00 00 74 61 68 75 6E 00 73 65 6D 65 73 74 65 72 00 00 27 20 00 00 71 66 00 00 20 00 71 00 64 6F 71 75 65 72 79 00 71 00 6B 6F 6E 65 6B 73 69 00 68 00 73 71 6C 6E 75 6D 72 6F 77 73 00 00 68 00 74 6D 70 00 0D 0A 20 20 20 20 20 20 20 20 20 20 20 20 3C 74 61 62 6C 65 20 63 6C 61 73 73 3D 66 6F 72 6D 3E 0D 0A 20 20 20 20 20 20 20 20 20 20 20 20 20 20 3C 74 72 20 63 6C 61 73 73 3D 6A 75 64 75 6C 64 61 74 61 20 61 6C 69 67 6E 3D 63 65 6E 74 65 72 20 3E 0D 0A 20 20 20 20 20 20 20 2
ÀÞ0...”...ÿÿÿÿperiksaroot.qf..idprodi.AND KDPSTTBBNL ='.kodeps..'
   AND KDJENTBBNL='..kodejenjang.'
   AND KDPTITBBNL='..kodept..' ..qf..SELECT * FROM tbbnl WHERE THSMSTBBNL='..tahun.semester..' ..qf.. .q.mysql_query.q.koneksi.h.sqlnumrows..h.tmp.
            <table class=form>
              <tr class=juduldata align=center >
                <td>Program Studi</td>
                <td>Nilai Huruf</td>
                <td>Bobot</td>
                <td>Syarat Angka >=</td>
                 <td>Semester Asal</td>
                <td>Semester Tujuan</td>
                <td>Status Penyalinan</td>
              </tr>
          ..sqlfetcharray.h.d.INSERT INTO tbbnl 
              (THSMSTBBNL ,KDPTITBBNL ,KDJENTBBNL ,KDPSTTBBNL  , NLAKHTBBNL,BOBOTTBBNL,SYARAT)
              VALUES
              ('..tahun2..semester2.',
              '.d.KDPTITBBNL..' ,'..d.KDJENTBBNL..'  ,'.d.KDPSTTBBNL..'   , 
              '.d.NLAKHTBBNL..' ,'..d.BOBOTTBBNL..' ,'..d.SYARAT..' 
               )..q.mysql_query.q.koneksi.ok..Gagal.sqlaffectedrows.koneksi.ok..OK..
            <tr align=center>
                <td>.d.KDPSTTBBNL..</td>
                <td align=center>..d.NLAKHTBBNL..</td>
                <td align=center>..d.BOBOTTBBNL..</td>
                <td align=center>..d.SYARAT..</td>
                 <td>..semester..arraysemester. .tahun.</td>
                <td>.semester2.arraysemester. .tahun2..</td>
                <td>.ok..</td>
            </tr>..tmp.tmp.</table>..printjudulmenukecil.<b>Daftar Bobot Nilai yang disalin..tmp.printjudulmenukecil.<b>Tidak ada data Bobot Nilai yang disalin.
Length of unprocessed data: 00000004

=========> S t a g e  9  -  Interpreting IC_body/ByteCode

#0000: 0x3B ZEND_INIT_FCALL_BY_NAME   LineNo: 0x0000  Flags: 0x04()
op2   : 01->CONST   0000000E 0000000B  02  03->STRING 01->ref 0042
        KeyWord: periksaroot
----------------------------------------------------------------
[1] 'periksaroot
....................................................................
Buf: Return (1)
______________________________________________________________________
#0001: 0x3D ZEND_DO_FCALL_BY_NAME   LineNo: 0x0000  Flags: 0x01()
result: 04->VAR     00000000 00000001  00  00->NULL   00->val 0000
====================================================================
Return (1)periksaroot();
______________________________________________________________________
#0002: 0x53 ZEND_FETCH_W   LineNo: 0x0000  Flags: 0x07()
result: 04->VAR     00000018 00000000  00  00->NULL   00->val 0000
op1   : 01->CONST   0000001A 00000002  02  03->STRING 01->ref 0042
        KeyWord: qf
op2   : 08->UNUSED  00000000 00000001  00  00->NULL   00->val 0000
----------------------------------------------------------------
[1] '$qf
______________________________________________________________________
#0003: 0x26 ZEND_ASSIGN   LineNo: 0x0000  Flags: 0x07()
result: 04->VAR     00000030 00000001  00  00->NULL   00->val 0000
op1   : 04->VAR     00000018 00000010  00  00->NULL   00->val 0000
op2   : 01->CONST   022A6CC8 00000000  02  03->STRING 01->ref 0042
====================================================================
$qf="36334792";
______________________________________________________________________
#0004: 0x50 ZEND_FETCH_R   LineNo: 0x0000  Flags: 0x07()
result: 04->VAR     00000048 00000000  00  00->NULL   00->val 0000
op1   : 01->CONST   0000001E 00000007  02  03->STRING 01->ref 0042
        KeyWord: idprodi
op2   : 08->UNUSED  00000000 00000001  00  00->NULL   00->val 0000
----------------------------------------------------------------
[1] '$idprodi
______________________________________________________________________
#0005: 0x12 ZEND_IS_NOT_EQUAL   LineNo: 0x0000  Flags: 0x07()
result: 02->TMP_VAR 00000060 00000000  00  00->NULL   00->val 0000
op1   : 04->VAR     00000048 00000010  00  00->NULL   00->val 0000
op2   : 01->CONST   0222CA40 00000000  02  03->STRING 01->ref 0042
----------------------------------------------------------------
[1] '$idprodi!="35834432"
______________________________________________________________________
#0006: 0x2B ZEND_JMPZ   LineNo: 0x0000  Flags: 0x06()
op1   : 02->TMP_VAR 00000060 00000000  00  00->NULL   00->val 0000
op2   : 08->UNUSED  00000014 00000000  00  00->NULL   00->val 0000
....................................................................
Comment: Conditional jmp to #00000014
====================================================================
if ($idprodi!="35834432") {
______________________________________________________________________
#0007: 0x35 ZEND_INIT_STRING   LineNo: 0x0000  Flags: 0x01()
result: 02->TMP_VAR 00000090 00000000  00  00->NULL   00->val 0000
______________________________________________________________________
#0008: 0x37 ZEND_ADD_STRING   LineNo: 0x0000  Flags: 0x07()
result: 02->TMP_VAR 00000090 00000000  00  00->NULL   00->val 0000
op1   : 02->TMP_VAR 00000090 00000000  00  00->NULL   00->val 0000
op2   : 01->CONST   00000026 00000011  02  03->STRING 01->ref 0042
        KeyWord: AND KDPSTTBBNL ='
______________________________________________________________________
#0009: 0x50 ZEND_FETCH_R   LineNo: 0x0000  Flags: 0x07()
result: 04->VAR     000000A8 00000000  00  00->NULL   00->val 0000
op1   : 01->CONST   00000038 00000006  02  03->STRING 01->ref 0042
        KeyWord: kodeps
op2   : 08->UNUSED  00000000 00000001  00  00->NULL   00->val 0000
----------------------------------------------------------------
[1] '$kodeps
______________________________________________________________________
#000A: 0x38 ZEND_ADD_VAR   LineNo: 0x0000  Flags: 0x07()
result: 02->TMP_VAR 00000090 00000000  00  00->NULL   00->val 0000
op1   : 02->TMP_VAR 00000090 00000000  00  00->NULL   00->val 0000
op2   : 04->VAR     000000A8 00000000  00  00->NULL   00->val 0000
______________________________________________________________________
#000B: 0x37 ZEND_ADD_STRING   LineNo: 0x0000  Flags: 0x07()
result: 02->TMP_VAR 00000090 00000000  00  00->NULL   00->val 0000
op1   : 02->TMP_VAR 00000090 00000000  00  00->NULL   00->val 0000
op2   : 01->CONST   00000040 00000016  02  03->STRING 01->ref 0042
        KeyWord: '
   AND KDJENTBBNL='
______________________________________________________________________
#000C: 0x50 ZEND_FETCH_R   LineNo: 0x0000  Flags: 0x07()
result: 04->VAR     000000C0 00000000  00  00->NULL   00->val 0000
op1   : 01->CONST   00000058 0000000B  02  03->STRING 01->ref 0042
        KeyWord: kodejenjang
op2   : 08->UNUSED  00000000 00000001  00  00->NULL   00->val 0000
----------------------------------------------------------------
[1] '$kodejenjang
______________________________________________________________________
#000D: 0x38 ZEND_ADD_VAR   LineNo: 0x0000  Flags: 0x07()
result: 02->TMP_VAR 00000090 00000000  00  00->NULL   00->val 0000
op1   : 02->TMP_VAR 00000090 00000000  00  00->NULL   00->val 0000
op2   : 04->VAR     000000C0 00000000  00  00->NULL   00->val 0000
______________________________________________________________________
#000E: 0x37 ZEND_ADD_STRING   LineNo: 0x0000  Flags: 0x07()
result: 02->TMP_VAR 00000090 00000000  00  00->NULL   00->val 0000
op1   : 02->TMP_VAR 00000090 00000000  00  00->NULL   00->val 0000
op2   : 01->CONST   00000064 00000016  02  03->STRING 01->ref 0042
        KeyWord: '
   AND KDPTITBBNL='
______________________________________________________________________
#000F: 0x50 ZEND_FETCH_R   LineNo: 0x0000  Flags: 0x07()
result: 04->VAR     000000D8 00000000  00  00->NULL   00->val 0000
op1   : 01->CONST   0000007C 00000006  02  03->STRING 01->ref 0042
        KeyWord: kodept
op2   : 08->UNUSED  00000000 00000001  00  00->NULL   00->val 0000
----------------------------------------------------------------
[1] '$kodept
______________________________________________________________________
#0010: 0x38 ZEND_ADD_VAR   LineNo: 0x0000  Flags: 0x07()
result: 02->TMP_VAR 00000090 00000000  00  00->NULL   00->val 0000
op1   : 02->TMP_VAR 00000090 00000000  00  00->NULL   00->val 0000
op2   : 04->VAR     000000D8 00000000  00  00->NULL   00->val 0000
______________________________________________________________________
#0011: 0x37 ZEND_ADD_STRING   LineNo: 0x0000  Flags: 0x07()
result: 02->TMP_VAR 00000090 00000000  00  00->NULL   00->val 0000
op1   : 02->TMP_VAR 00000090 00000000  00  00->NULL   00->val 0000
op2   : 01->CONST   00000084 00000002  02  03->STRING 01->ref 0042
        KeyWord: ' 
______________________________________________________________________
#0012: 0x53 ZEND_FETCH_W   LineNo: 0x0000  Flags: 0x07()
result: 04->VAR     00000078 00000000  00  00->NULL   00->val 0000
op1   : 01->CONST   00000088 00000002  02  03->STRING 01->ref 0042
        KeyWord: qf
op2   : 08->UNUSED  00000000 00000001  00  00->NULL   00->val 0000
----------------------------------------------------------------
[1] '$qf
______________________________________________________________________
#0013: 0x26 ZEND_ASSIGN   LineNo: 0x0000  Flags: 0x07()
result: 04->VAR     000000F0 00000001  00  00->NULL   00->val 0000
op1   : 04->VAR     00000078 00000010  00  00->NULL   00->val 0000
op2   : 02->TMP_VAR 00000090 00000000  00  00->NULL   00->val 0000
______________________________________________________________________
#0014: 0x35 ZEND_INIT_STRING   LineNo: 0x0000  Flags: 0x01()
result: 02->TMP_VAR 00000120 00000000  00  00->NULL   00->val 0000
______________________________________________________________________
#0015: 0x37 ZEND_ADD_STRING   LineNo: 0x0000  Flags: 0x07()
result: 02->TMP_VAR 00000120 00000000  00  00->NULL   00->val 0000
op1   : 02->TMP_VAR 00000120 00000000  00  00->NULL   00->val 0000
op2   : 01->CONST   0000008C 00000026  02  03->STRING 01->ref 0042
        KeyWord: SELECT * FROM tbbnl WHERE THSMSTBBNL='
______________________________________________________________________
#0016: 0x50 ZEND_FETCH_R   LineNo: 0x0000  Flags: 0x07()
result: 04->VAR     00000138 00000000  00  00->NULL   00->val 0000
op1   : 01->CONST   000000B4 00000005  02  03->STRING 01->ref 0042
        KeyWord: tahun
op2   : 08->UNUSED  00000000 00000001  00  00->NULL   00->val 0000
----------------------------------------------------------------
[1] '$tahun
______________________________________________________________________
#0017: 0x38 ZEND_ADD_VAR   LineNo: 0x0000  Flags: 0x07()
result: 02->TMP_VAR 00000120 00000000  00  00->NULL   00->val 0000
op1   : 02->TMP_VAR 00000120 00000000  00  00->NULL   00->val 0000
op2   : 04->VAR     00000138 00000000  00  00->NULL   00->val 0000
______________________________________________________________________
#0018: 0x50 ZEND_FETCH_R   LineNo: 0x0000  Flags: 0x07()
result: 04->VAR     00000150 00000000  00  00->NULL   00->val 0000
op1   : 01->CONST   000000BA 00000008  02  03->STRING 01->ref 0042
        KeyWord: semester
op2   : 08->UNUSED  00000000 00000001  00  00->NULL   00->val 0000
----------------------------------------------------------------
[1] '$semester
______________________________________________________________________
#0019: 0x38 ZEND_ADD_VAR   LineNo: 0x0000  Flags: 0x07()
result: 02->TMP_VAR 00000120 00000000  00  00->NULL   00->val 0000
op1   : 02->TMP_VAR 00000120 00000000  00  00->NULL   00->val 0000
op2   : 04->VAR     00000150 00000000  00  00->NULL   00->val 0000
______________________________________________________________________
#001A: 0x37 ZEND_ADD_STRING   LineNo: 0x0000  Flags: 0x07()
result: 02->TMP_VAR 00000120 00000000  00  00->NULL   00->val 0000
op1   : 02->TMP_VAR 00000120 00000000  00  00->NULL   00->val 0000
op2   : 01->CONST   000000C4 00000002  02  03->STRING 01->ref 0042
        KeyWord: ' 
______________________________________________________________________
#001B: 0x50 ZEND_FETCH_R   LineNo: 0x0000  Flags: 0x07()
result: 04->VAR     00000168 00000000  00  00->NULL   00->val 0000
op1   : 01->CONST   000000C8 00000002  02  03->STRING 01->ref 0042
        KeyWord: qf
op2   : 08->UNUSED  00000000 00000001  00  00->NULL   00->val 0000
----------------------------------------------------------------
[1] '$qf
______________________________________________________________________
#001C: 0x38 ZEND_ADD_VAR   LineNo: 0x0000  Flags: 0x07()
result: 02->TMP_VAR 00000120 00000000  00  00->NULL   00->val 0000
op1   : 02->TMP_VAR 00000120 00000000  00  00->NULL   00->val 0000
op2   : 04->VAR     00000168 00000000  00  00->NULL   00->val 0000
______________________________________________________________________
#001D: 0x37 ZEND_ADD_STRING   LineNo: 0x0000  Flags: 0x07()
result: 02->TMP_VAR 00000120 00000000  00  00->NULL   00->val 0000
op1   : 02->TMP_VAR 00000120 00000000  00  00->NULL   00->val 0000
op2   : 01->CONST   000000CC 00000001  02  03->STRING 01->ref 0042
        KeyWord:  
______________________________________________________________________
#001E: 0x53 ZEND_FETCH_W   LineNo: 0x0000  Flags: 0x07()
result: 04->VAR     00000108 00000000  00  00->NULL   00->val 0000
op1   : 01->CONST   000000CE 00000001  02  03->STRING 01->ref 0042
        KeyWord: q
op2   : 08->UNUSED  00000000 00000001  00  00->NULL   00->val 0000
----------------------------------------------------------------
[1] '$q
______________________________________________________________________
#001F: 0x26 ZEND_ASSIGN   LineNo: 0x0000  Flags: 0x07()
result: 04->VAR     00000180 00000001  00  00->NULL   00->val 0000
op1   : 04->VAR     00000108 00000010  00  00->NULL   00->val 0000
op2   : 02->TMP_VAR 00000120 00000000  00  00->NULL   00->val 0000
______________________________________________________________________
#0020: 0x3B ZEND_INIT_FCALL_BY_NAME   LineNo: 0x0000  Flags: 0x04()
op2   : 01->CONST   000000D0 00000007  02  03->STRING 01->ref 0042
        KeyWord: mysql_query
----------------------------------------------------------------
[1] 'mysql_query
______________________________________________________________________
#0021: 0x5C ZEND_FETCH_FUNC_ARG   LineNo: 0x0000  Flags: 0x0F()
result: 04->VAR     000001B0 00000000  00  00->NULL   00->val 0000
op1   : 01->CONST   000000D8 00000001  02  03->STRING 01->ref 0042
        KeyWord: q
op2   : 08->UNUSED  00000000 00000001  00  00->NULL   00->val 0000
        extended_value(from Flag): 0001
----------------------------------------------------------------
[1] 'mysql_query
[2] '$q
______________________________________________________________________
#0022: 0x42 ZEND_SEND_VAR   LineNo: 0x0000  Flags: 0x1E()
op1   : 04->VAR     000001B0 00000010  00  00->NULL   00->val 0000
op2   : 08->UNUSED  00000001 00000000  00  00->NULL   00->val 0000
        extended_value(from File): 003D
----------------------------------------------------------------
[1] 'mysql_query
....................................................................
Comment: SHOULD_BE_SENT_BY_REF
______________________________________________________________________
#0023: 0x5C ZEND_FETCH_FUNC_ARG   LineNo: 0x0000  Flags: 0x1F()
result: 04->VAR     000001C8 00000000  00  00->NULL   00->val 0000
op1   : 01->CONST   000000DA 00000007  02  03->STRING 01->ref 0042
        KeyWord: koneksi
op2   : 08->UNUSED  00000000 00000001  00  00->NULL   00->val 0000
        extended_value(from File): 0002
----------------------------------------------------------------
[1] 'mysql_query
[2] '$koneksi
______________________________________________________________________
#0024: 0x42 ZEND_SEND_VAR   LineNo: 0x0000  Flags: 0x1E()
op1   : 04->VAR     000001C8 00000010  00  00->NULL   00->val 0000
op2   : 08->UNUSED  00000002 00000000  00  00->NULL   00->val 0000
        extended_value(from File): 003D
----------------------------------------------------------------
[1] 'mysql_query
....................................................................
Comment: SHOULD_BE_SENT_BY_REF
______________________________________________________________________
#0025: 0x3D ZEND_DO_FCALL_BY_NAME   LineNo: 0x0000  Flags: 0x19()
result: 04->VAR     000001E0 00000000  00  00->NULL   00->val 0000
        extended_value(from File): 0002
----------------------------------------------------------------
[1] 'mysqli_query($koneksi,$q)
______________________________________________________________________
#0026: 0x53 ZEND_FETCH_W   LineNo: 0x0000  Flags: 0x07()
result: 04->VAR     00000198 00000000  00  00->NULL   00->val 0000
op1   : 01->CONST   000000E2 00000001  02  03->STRING 01->ref 0042
        KeyWord: h
op2   : 08->UNUSED  00000000 00000001  00  00->NULL   00->val 0000
----------------------------------------------------------------
[1] 'mysqli_query($koneksi,$q)
[2] '$h
______________________________________________________________________
#0027: 0x26 ZEND_ASSIGN   LineNo: 0x0000  Flags: 0x07()
result: 04->VAR     000001F8 00000001  00  00->NULL   00->val 0000
op1   : 04->VAR     00000198 00000010  00  00->NULL   00->val 0000
op2   : 04->VAR     000001E0 00000008  00  00->NULL   00->val 0000
====================================================================
$h=mysqli_query($koneksi,$q);
______________________________________________________________________
#0028: 0x3B ZEND_INIT_FCALL_BY_NAME   LineNo: 0x0000  Flags: 0x04()
op2   : 01->CONST   000000E4 0000000A  02  03->STRING 01->ref 0042
        KeyWord: sqlnumrows
----------------------------------------------------------------
[1] 'sqlnumrows
______________________________________________________________________
#0029: 0x5C ZEND_FETCH_FUNC_ARG   LineNo: 0x0000  Flags: 0x0F()
result: 04->VAR     00000210 00000000  00  00->NULL   00->val 0000
op1   : 01->CONST   000000F0 00000001  02  03->STRING 01->ref 0042
        KeyWord: h
op2   : 08->UNUSED  00000000 00000001  00  00->NULL   00->val 0000
        extended_value(from Flag): 0001
----------------------------------------------------------------
[1] 'sqlnumrows
[2] '$h
______________________________________________________________________
#002A: 0x42 ZEND_SEND_VAR   LineNo: 0x0000  Flags: 0x1E()
op1   : 04->VAR     00000210 00000010  00  00->NULL   00->val 0000
op2   : 08->UNUSED  00000001 00000000  00  00->NULL   00->val 0000
        extended_value(from File): 003D
----------------------------------------------------------------
[1] 'sqlnumrows
....................................................................
Comment: SHOULD_BE_SENT_BY_REF
______________________________________________________________________
#002B: 0x3D ZEND_DO_FCALL_BY_NAME   LineNo: 0x0000  Flags: 0x09()
result: 04->VAR     00000228 00000000  00  00->NULL   00->val 0000
        extended_value(from Flag): 0001
----------------------------------------------------------------
[1] 'sqlnumrows($h)
______________________________________________________________________
#002C: 0x13 ZEND_IS_SMALLER   LineNo: 0x0000  Flags: 0x07()
result: 02->TMP_VAR 00000240 00000000  00  00->NULL   00->val 0000
op1   : 01->CONST   00000000 00000001  02  01->LONG   01->ref 0042
op2   : 04->VAR     00000228 00000008  00  00->NULL   00->val 0000
______________________________________________________________________
#002D: 0x2B ZEND_JMPZ   LineNo: 0x0000  Flags: 0x06()
op1   : 02->TMP_VAR 00000240 00000000  00  00->NULL   00->val 0000
op2   : 08->UNUSED  0000009C 00000000  00  00->NULL   00->val 0000
....................................................................
Comment: Conditional jmp to #0000009C
______________________________________________________________________
#002E: 0x53 ZEND_FETCH_W   LineNo: 0x0000  Flags: 0x07()
result: 04->VAR     00000258 00000000  00  00->NULL   00->val 0000
op1   : 01->CONST   000000F2 00000003  02  03->STRING 01->ref 0042
        KeyWord: tmp
op2   : 08->UNUSED  00000000 00000001  00  00->NULL   00->val 0000
----------------------------------------------------------------
[1] '$tmp
______________________________________________________________________
#002F: 0x26 ZEND_ASSIGN   LineNo: 0x0000  Flags: 0x07()
result: 04->VAR     00000270 00000001  00  00->NULL   00->val 0000
op1   : 04->VAR     00000258 00000010  00  00->NULL   00->val 0000
op2   : 01->CONST   000000F6 0000018A  02  03->STRING 01->ref 0042
        KeyWord: [Obfuscated]0D 0A 20 20 20 20 20 20 20 20 20 20 20 20 3C 74 61 62 6C 65 20 63 6C 61 73 73 3D 66 6F 72 6D 3E 0D 0A 20 20 20 20 20 20 20 20 20 20 20 20 20 20 3C 74 72 20 63 6C 61 73 73 3D 6A 75 64 75 6C 64 61 74 61 20 61 6C 69 67 6E 3D 63 65 6E 74 65 72 20 3E 0D 0A 20 20 20 20 20 20 20 20 20 20 20 20 20 20 20 20 3C 74 64 3E 50 72 6F 67 72 61 6D 20 53 74 75 64 69 3C 2F 74 64 3E 0D 0A 20 20 20 20 20 20 20 20 20 20 20 20 20 20 20 20 3C 74 64 3E 4E 69 6C 61 69 20 48 75 72 75 66 3C 2F 74 64 3E 0D 0A 20 20 20 20 20 20 20 20 20 20 20 20 20 20 20 20 3C 74 64 3E 42 6F 62 6F 74 3C 2F 74 64 3E 0D 0A 20 20 20 20 20 20 20 20 20 20 20 20 20 20 20 20 3C 74 64 3E 53 79 61 72 61 74 20 41 6E 67 6B 61 20 3E 3D 3C 2F 74 64 3E 0D 0A 20 20 20 20 20 20 20 20 20 20 20 20 20 20 20 20 20 3C 74 64 3E 53 65 6D 65 73 74 65 72 20 41 73 61 6C 3C 2F 74 64 3E 0D 0A 20 20 20 20 20 20 20 20 20 20 20 20 20 20 20 20 3C 74 64 3E 53 65 6D 65 73 74 65 72 20 54 75 6A 75 61 6E 3C 2F 74 64 3E 0D 0A 20 20 20 20 20 20 20 20 20 20 20 20 20
====================================================================
$tmp="[Obfuscated]0D 0A 20 20 20 20 20 20 20 20 20 20 20 20 3C 74 61 62 6C 65 20 63 6C 61 73 73 3D 66 6F 72 6D 3E 0D 0A 20 20 20 20 20 20 20 20 20 20 20 20 20 20 3C 74 72 20 63 6C 61 73 73 3D 6A 75 64 75 6C 64 61 74 61 20 61 6C 69 67 6E 3D 63 65 6E 74 65 72 20 3E 0D 0A 20 20 20 20 20 20 20 20 20 20 20 20 20 20 20 20 3C 74 64 3E 50 72 6F 67 72 61 6D 20 53 74 75 64 69 3C 2F 74 64 3E 0D 0A 20 20 20 20 20 20 20 20 20 20 20 20 20 20 20 20 3C 74 64 3E 4E 69 6C 61 69 20 48 75 72 75 66 3C 2F 74 64 3E 0D 0A 20 20 20 20 20 20 20 20 20 20 20 20 20 20 20 20 3C 74 64 3E 42 6F 62 6F 74 3C 2F 74 64 3E 0D 0A 20 20 20 20 20 20 20 20 20 20 20 20 20 20 20 20 3C 74 64 3E 53 79 61 72 61 74 20 41 6E 67 6B 61 20 3E 3D 3C 2F 74 64 3E 0D 0A 20 20 20 20 20 20 20 20 20 20 20 20 20 20 20 20 20 3C 74 64 3E 53 65 6D 65 73 74 65 72 20 41 73 61 6C 3C 2F 74 64 3E 0D 0A 20 20 20 20 20 20 20 20 20 20 20 20 20 20 20 20 3C 74 64 3E 53 65 6D 65 73 74 65 72 20 54 75 6A 75 61 6E 3C 2F 74 64 3E 0D 0A 20 20 20 20 20 20 20 20 20 20 20 20 20 20 20 20 3
______________________________________________________________________
#0030: 0x3B ZEND_INIT_FCALL_BY_NAME   LineNo: 0x0000  Flags: 0x04()
op2   : 01->CONST   00000282 0000000D  02  03->STRING 01->ref 0042
        KeyWord: sqlfetcharray
----------------------------------------------------------------
[1] 'sqlfetcharray
______________________________________________________________________
#0031: 0x5C ZEND_FETCH_FUNC_ARG   LineNo: 0x0000  Flags: 0x0F()
result: 04->VAR     000002A0 00000000  00  00->NULL   00->val 0000
op1   : 01->CONST   00000290 00000001  02  03->STRING 01->ref 0042
        KeyWord: h
op2   : 08->UNUSED  00000000 00000001  00  00->NULL   00->val 0000
        extended_value(from Flag): 0001
----------------------------------------------------------------
[1] 'sqlfetcharray
[2] '$h
______________________________________________________________________
#0032: 0x42 ZEND_SEND_VAR   LineNo: 0x0000  Flags: 0x1E()
op1   : 04->VAR     000002A0 00000010  00  00->NULL   00->val 0000
op2   : 08->UNUSED  00000001 00000000  00  00->NULL   00->val 0000
        extended_value(from File): 003D
----------------------------------------------------------------
[1] 'sqlfetcharray
....................................................................
Comment: SHOULD_BE_SENT_BY_REF
______________________________________________________________________
#0033: 0x3D ZEND_DO_FCALL_BY_NAME   LineNo: 0x0000  Flags: 0x09()
result: 04->VAR     000002B8 00000000  00  00->NULL   00->val 0000
        extended_value(from Flag): 0001
----------------------------------------------------------------
[1] 'sqlfetcharray($h)
______________________________________________________________________
#0034: 0x53 ZEND_FETCH_W   LineNo: 0x0000  Flags: 0x07()
result: 04->VAR     00000288 00000000  00  00->NULL   00->val 0000
op1   : 01->CONST   00000292 00000001  02  03->STRING 01->ref 0042
        KeyWord: d
op2   : 08->UNUSED  00000000 00000001  00  00->NULL   00->val 0000
----------------------------------------------------------------
[1] 'sqlfetcharray($h)
[2] '$d
______________________________________________________________________
#0035: 0x26 ZEND_ASSIGN   LineNo: 0x0000  Flags: 0x07()
result: 04->VAR     000002D0 00000000  00  00->NULL   00->val 0000
op1   : 04->VAR     00000288 00000010  00  00->NULL   00->val 0000
op2   : 04->VAR     000002B8 00000008  00  00->NULL   00->val 0000
----------------------------------------------------------------
[1] '$d=sqlfetcharray($h)
______________________________________________________________________
#0036: 0x2B ZEND_JMPZ   LineNo: 0x0000  Flags: 0x06()
op1   : 04->VAR     000002D0 00000000  00  00->NULL   00->val 0000
op2   : 08->UNUSED  00000094 00000000  00  00->NULL   00->val 0000
....................................................................
Comment: Conditional jmp to #00000094
====================================================================
while ($d=sqlfetcharray($h)) {
______________________________________________________________________
#0037: 0x35 ZEND_INIT_STRING   LineNo: 0x0000  Flags: 0x01()
result: 02->TMP_VAR 00000300 00000000  00  00->NULL   00->val 0000
______________________________________________________________________
#0038: 0x37 ZEND_ADD_STRING   LineNo: 0x0000  Flags: 0x07()
result: 02->TMP_VAR 00000300 00000000  00  00->NULL   00->val 0000
op1   : 02->TMP_VAR 00000300 00000000  00  00->NULL   00->val 0000
op2   : 01->CONST   00000294 0000009A  02  03->STRING 01->ref 0042
        KeyWord: INSERT INTO tbbnl 
              (THSMSTBBNL ,KDPTITBBNL ,KDJENTBBNL ,KDPSTTBBNL  , NLAKHTBBNL,BOBOTTBBNL,SYARAT)
              VALUES
              ('
______________________________________________________________________
#0039: 0x50 ZEND_FETCH_R   LineNo: 0x0000  Flags: 0x07()
result: 04->VAR     00000318 00000000  00  00->NULL   00->val 0000
op1   : 01->CONST   00000330 00000006  02  03->STRING 01->ref 0042
        KeyWord: tahun2
op2   : 08->UNUSED  00000000 00000001  00  00->NULL   00->val 0000
----------------------------------------------------------------
[1] '$tahun2
______________________________________________________________________
#003A: 0x38 ZEND_ADD_VAR   LineNo: 0x0000  Flags: 0x07()
result: 02->TMP_VAR 00000300 00000000  00  00->NULL   00->val 0000
op1   : 02->TMP_VAR 00000300 00000000  00  00->NULL   00->val 0000
op2   : 04->VAR     00000318 00000000  00  00->NULL   00->val 0000
______________________________________________________________________
#003B: 0x50 ZEND_FETCH_R   LineNo: 0x0000  Flags: 0x07()
result: 04->VAR     00000330 00000000  00  00->NULL   00->val 0000
op1   : 01->CONST   00000338 00000009  02  03->STRING 01->ref 0042
        KeyWord: semester2
op2   : 08->UNUSED  00000000 00000001  00  00->NULL   00->val 0000
----------------------------------------------------------------
[1] '$semester2
______________________________________________________________________
#003C: 0x38 ZEND_ADD_VAR   LineNo: 0x0000  Flags: 0x07()
result: 02->TMP_VAR 00000300 00000000  00  00->NULL   00->val 0000
op1   : 02->TMP_VAR 00000300 00000000  00  00->NULL   00->val 0000
op2   : 04->VAR     00000330 00000000  00  00->NULL   00->val 0000
______________________________________________________________________
#003D: 0x37 ZEND_ADD_STRING   LineNo: 0x0000  Flags: 0x07()
result: 02->TMP_VAR 00000300 00000000  00  00->NULL   00->val 0000
op1   : 02->TMP_VAR 00000300 00000000  00  00->NULL   00->val 0000
op2   : 01->CONST   00000342 00000013  02  03->STRING 01->ref 0042
        KeyWord: ',
              '
______________________________________________________________________
#003E: 0x50 ZEND_FETCH_R   LineNo: 0x0000  Flags: 0x07()
result: 04->VAR     00000348 00000000  00  00->NULL   00->val 0000
op1   : 01->CONST   00000356 00000001  02  03->STRING 01->ref 0042
        KeyWord: d
op2   : 08->UNUSED  00000000 00000001  00  00->NULL   00->val 0000
----------------------------------------------------------------
[1] '$d
______________________________________________________________________
#003F: 0x51 ZEND_FETCH_DIM_R   LineNo: 0x0000  Flags: 0x07()
result: 04->VAR     00000360 00000000  00  00->NULL   00->val 0000
op1   : 04->VAR     00000348 00000000  00  00->NULL   00->val 0000
op2   : 01->CONST   00000358 0000000A  02  03->STRING 01->ref 0042
        KeyWord: KDPTITBBNL
----------------------------------------------------------------
[1] '$d
______________________________________________________________________
#0040: 0x38 ZEND_ADD_VAR   LineNo: 0x0000  Flags: 0x07()
result: 02->TMP_VAR 00000300 00000000  00  00->NULL   00->val 0000
op1   : 02->TMP_VAR 00000300 00000000  00  00->NULL   00->val 0000
op2   : 04->VAR     00000360 00000000  00  00->NULL   00->val 0000
----------------------------------------------------------------
[1] '$d
______________________________________________________________________
#0041: 0x37 ZEND_ADD_STRING   LineNo: 0x0000  Flags: 0x07()
result: 02->TMP_VAR 00000300 00000000  00  00->NULL   00->val 0000
op1   : 02->TMP_VAR 00000300 00000000  00  00->NULL   00->val 0000
op2   : 01->CONST   00000364 00000004  02  03->STRING 01->ref 0042
        KeyWord: ' ,'
----------------------------------------------------------------
[1] '$d
______________________________________________________________________
#0042: 0x50 ZEND_FETCH_R   LineNo: 0x0000  Flags: 0x07()
result: 04->VAR     00000378 00000000  00  00->NULL   00->val 0000
op1   : 01->CONST   0000036A 00000001  02  03->STRING 01->ref 0042
        KeyWord: d
op2   : 08->UNUSED  00000000 00000001  00  00->NULL   00->val 0000
----------------------------------------------------------------
[1] '$d
[2] '$d
______________________________________________________________________
#0043: 0x51 ZEND_FETCH_DIM_R   LineNo: 0x0000  Flags: 0x07()
result: 04->VAR     00000390 00000000  00  00->NULL   00->val 0000
op1   : 04->VAR     00000378 00000000  00  00->NULL   00->val 0000
op2   : 01->CONST   0000036C 0000000A  02  03->STRING 01->ref 0042
        KeyWord: KDJENTBBNL
----------------------------------------------------------------
[1] '$d
[2] '$d
______________________________________________________________________
#0044: 0x38 ZEND_ADD_VAR   LineNo: 0x0000  Flags: 0x07()
result: 02->TMP_VAR 00000300 00000000  00  00->NULL   00->val 0000
op1   : 02->TMP_VAR 00000300 00000000  00  00->NULL   00->val 0000
op2   : 04->VAR     00000390 00000000  00  00->NULL   00->val 0000
----------------------------------------------------------------
[1] '$d
[2] '$d
______________________________________________________________________
#0045: 0x37 ZEND_ADD_STRING   LineNo: 0x0000  Flags: 0x07()
result: 02->TMP_VAR 00000300 00000000  00  00->NULL   00->val 0000
op1   : 02->TMP_VAR 00000300 00000000  00  00->NULL   00->val 0000
op2   : 01->CONST   00000378 00000005  02  03->STRING 01->ref 0042
        KeyWord: '  ,'
----------------------------------------------------------------
[1] '$d
[2] '$d
______________________________________________________________________
#0046: 0x50 ZEND_FETCH_R   LineNo: 0x0000  Flags: 0x07()
result: 04->VAR     000003A8 00000000  00  00->NULL   00->val 0000
op1   : 01->CONST   0000037E 00000001  02  03->STRING 01->ref 0042
        KeyWord: d
op2   : 08->UNUSED  00000000 00000001  00  00->NULL   00->val 0000
----------------------------------------------------------------
[1] '$d
[2] '$d
[3] '$d
______________________________________________________________________
#0047: 0x51 ZEND_FETCH_DIM_R   LineNo: 0x0000  Flags: 0x07()
result: 04->VAR     000003C0 00000000  00  00->NULL   00->val 0000
op1   : 04->VAR     000003A8 00000000  00  00->NULL   00->val 0000
op2   : 01->CONST   00000380 0000000A  02  03->STRING 01->ref 0042
        KeyWord: KDPSTTBBNL
----------------------------------------------------------------
[1] '$d
[2] '$d
[3] '$d
______________________________________________________________________
#0048: 0x38 ZEND_ADD_VAR   LineNo: 0x0000  Flags: 0x07()
result: 02->TMP_VAR 00000300 00000000  00  00->NULL   00->val 0000
op1   : 02->TMP_VAR 00000300 00000000  00  00->NULL   00->val 0000
op2   : 04->VAR     000003C0 00000000  00  00->NULL   00->val 0000
----------------------------------------------------------------
[1] '$d
[2] '$d
[3] '$d
______________________________________________________________________
#0049: 0x37 ZEND_ADD_STRING   LineNo: 0x0000  Flags: 0x07()
result: 02->TMP_VAR 00000300 00000000  00  00->NULL   00->val 0000
op1   : 02->TMP_VAR 00000300 00000000  00  00->NULL   00->val 0000
op2   : 01->CONST   0000038C 00000017  02  03->STRING 01->ref 0042
        KeyWord: '   , 
              '
----------------------------------------------------------------
[1] '$d
[2] '$d
[3] '$d
______________________________________________________________________
#004A: 0x50 ZEND_FETCH_R   LineNo: 0x0000  Flags: 0x07()
result: 04->VAR     000003D8 00000000  00  00->NULL   00->val 0000
op1   : 01->CONST   000003A4 00000001  02  03->STRING 01->ref 0042
        KeyWord: d
op2   : 08->UNUSED  00000000 00000001  00  00->NULL   00->val 0000
----------------------------------------------------------------
[1] '$d
[2] '$d
[3] '$d
[4] '$d
______________________________________________________________________
#004B: 0x51 ZEND_FETCH_DIM_R   LineNo: 0x0000  Flags: 0x07()
result: 04->VAR     000003F0 00000000  00  00->NULL   00->val 0000
op1   : 04->VAR     000003D8 00000000  00  00->NULL   00->val 0000
op2   : 01->CONST   000003A6 0000000A  02  03->STRING 01->ref 0042
        KeyWord: NLAKHTBBNL
----------------------------------------------------------------
[1] '$d
[2] '$d
[3] '$d
[4] '$d
______________________________________________________________________
#004C: 0x38 ZEND_ADD_VAR   LineNo: 0x0000  Flags: 0x07()
result: 02->TMP_VAR 00000300 00000000  00  00->NULL   00->val 0000
op1   : 02->TMP_VAR 00000300 00000000  00  00->NULL   00->val 0000
op2   : 04->VAR     000003F0 00000000  00  00->NULL   00->val 0000
----------------------------------------------------------------
[1] '$d
[2] '$d
[3] '$d
[4] '$d
______________________________________________________________________
#004D: 0x37 ZEND_ADD_STRING   LineNo: 0x0000  Flags: 0x07()
result: 02->TMP_VAR 00000300 00000000  00  00->NULL   00->val 0000
op1   : 02->TMP_VAR 00000300 00000000  00  00->NULL   00->val 0000
op2   : 01->CONST   000003B2 00000004  02  03->STRING 01->ref 0042
        KeyWord: ' ,'
----------------------------------------------------------------
[1] '$d
[2] '$d
[3] '$d
[4] '$d
______________________________________________________________________
#004E: 0x50 ZEND_FETCH_R   LineNo: 0x0000  Flags: 0x07()
result: 04->VAR     00000408 00000000  00  00->NULL   00->val 0000
op1   : 01->CONST   000003B8 00000001  02  03->STRING 01->ref 0042
        KeyWord: d
op2   : 08->UNUSED  00000000 00000001  00  00->NULL   00->val 0000
----------------------------------------------------------------
[1] '$d
[2] '$d
[3] '$d
[4] '$d
[5] '$d
______________________________________________________________________
#004F: 0x51 ZEND_FETCH_DIM_R   LineNo: 0x0000  Flags: 0x07()
result: 04->VAR     00000420 00000000  00  00->NULL   00->val 0000
op1   : 04->VAR     00000408 00000000  00  00->NULL   00->val 0000
op2   : 01->CONST   000003BA 0000000A  02  03->STRING 01->ref 0042
        KeyWord: BOBOTTBBNL
----------------------------------------------------------------
[1] '$d
[2] '$d
[3] '$d
[4] '$d
[5] '$d
______________________________________________________________________
#0050: 0x38 ZEND_ADD_VAR   LineNo: 0x0000  Flags: 0x07()
result: 02->TMP_VAR 00000300 00000000  00  00->NULL   00->val 0000
op1   : 02->TMP_VAR 00000300 00000000  00  00->NULL   00->val 0000
op2   : 04->VAR     00000420 00000000  00  00->NULL   00->val 0000
----------------------------------------------------------------
[1] '$d
[2] '$d
[3] '$d
[4] '$d
[5] '$d
______________________________________________________________________
#0051: 0x37 ZEND_ADD_STRING   LineNo: 0x0000  Flags: 0x07()
result: 02->TMP_VAR 00000300 00000000  00  00->NULL   00->val 0000
op1   : 02->TMP_VAR 00000300 00000000  00  00->NULL   00->val 0000
op2   : 01->CONST   000003C6 00000004  02  03->STRING 01->ref 0042
        KeyWord: ' ,'
----------------------------------------------------------------
[1] '$d
[2] '$d
[3] '$d
[4] '$d
[5] '$d
______________________________________________________________________
#0052: 0x50 ZEND_FETCH_R   LineNo: 0x0000  Flags: 0x07()
result: 04->VAR     00000438 00000000  00  00->NULL   00->val 0000
op1   : 01->CONST   000003CC 00000001  02  03->STRING 01->ref 0042
        KeyWord: d
op2   : 08->UNUSED  00000000 00000001  00  00->NULL   00->val 0000
----------------------------------------------------------------
[1] '$d
[2] '$d
[3] '$d
[4] '$d
[5] '$d
[6] '$d
______________________________________________________________________
#0053: 0x51 ZEND_FETCH_DIM_R   LineNo: 0x0000  Flags: 0x07()
result: 04->VAR     00000450 00000000  00  00->NULL   00->val 0000
op1   : 04->VAR     00000438 00000000  00  00->NULL   00->val 0000
op2   : 01->CONST   000003CE 00000006  02  03->STRING 01->ref 0042
        KeyWord: SYARAT
----------------------------------------------------------------
[1] '$d
[2] '$d
[3] '$d
[4] '$d
[5] '$d
[6] '$d
______________________________________________________________________
#0054: 0x38 ZEND_ADD_VAR   LineNo: 0x0000  Flags: 0x07()
result: 02->TMP_VAR 00000300 00000000  00  00->NULL   00->val 0000
op1   : 02->TMP_VAR 00000300 00000000  00  00->NULL   00->val 0000
op2   : 04->VAR     00000450 00000000  00  00->NULL   00->val 0000
----------------------------------------------------------------
[1] '$d
[2] '$d
[3] '$d
[4] '$d
[5] '$d
[6] '$d
______________________________________________________________________
#0055: 0x37 ZEND_ADD_STRING   LineNo: 0x0000  Flags: 0x07()
result: 02->TMP_VAR 00000300 00000000  00  00->NULL   00->val 0000
op1   : 02->TMP_VAR 00000300 00000000  00  00->NULL   00->val 0000
op2   : 01->CONST   000003D6 00000014  02  03->STRING 01->ref 0042
        KeyWord: ' 
               )
----------------------------------------------------------------
[1] '$d
[2] '$d
[3] '$d
[4] '$d
[5] '$d
[6] '$d
______________________________________________________________________
#0056: 0x53 ZEND_FETCH_W   LineNo: 0x0000  Flags: 0x07()
result: 04->VAR     000002E8 00000000  00  00->NULL   00->val 0000
op1   : 01->CONST   000003EC 00000001  02  03->STRING 01->ref 0042
        KeyWord: q
op2   : 08->UNUSED  00000000 00000001  00  00->NULL   00->val 0000
----------------------------------------------------------------
[1] '$d
[2] '$d
[3] '$d
[4] '$d
[5] '$d
[6] '$d
[7] '$q
______________________________________________________________________
#0057: 0x26 ZEND_ASSIGN   LineNo: 0x0000  Flags: 0x07()
result: 04->VAR     00000468 00000001  00  00->NULL   00->val 0000
op1   : 04->VAR     000002E8 00000010  00  00->NULL   00->val 0000
op2   : 02->TMP_VAR 00000300 00000000  00  00->NULL   00->val 0000
----------------------------------------------------------------
[1] '$d
[2] '$d
[3] '$d
[4] '$d
[5] '$d
[6] '$d
Correcting Stack error...
====================================================================
$d$d$d$d$d$d;
______________________________________________________________________
#0058: 0x3B ZEND_INIT_FCALL_BY_NAME   LineNo: 0x0000  Flags: 0x04()
op2   : 01->CONST   000003EE 00000007  02  03->STRING 01->ref 0042
        KeyWord: mysql_query
----------------------------------------------------------------
[1] 'mysql_query
______________________________________________________________________
#0059: 0x5C ZEND_FETCH_FUNC_ARG   LineNo: 0x0000  Flags: 0x0F()
result: 04->VAR     00000480 00000000  00  00->NULL   00->val 0000
op1   : 01->CONST   000003F6 00000001  02  03->STRING 01->ref 0042
        KeyWord: q
op2   : 08->UNUSED  00000000 00000001  00  00->NULL   00->val 0000
        extended_value(from Flag): 0001
----------------------------------------------------------------
[1] 'mysql_query
[2] '$q
______________________________________________________________________
#005A: 0x42 ZEND_SEND_VAR   LineNo: 0x0000  Flags: 0x1E()
op1   : 04->VAR     00000480 00000010  00  00->NULL   00->val 0000
op2   : 08->UNUSED  00000001 00000000  00  00->NULL   00->val 0000
        extended_value(from File): 003D
----------------------------------------------------------------
[1] 'mysql_query
....................................................................
Comment: SHOULD_BE_SENT_BY_REF
______________________________________________________________________
#005B: 0x5C ZEND_FETCH_FUNC_ARG   LineNo: 0x0000  Flags: 0x1F()
result: 04->VAR     00000498 00000000  00  00->NULL   00->val 0000
op1   : 01->CONST   000003F8 00000007  02  03->STRING 01->ref 0042
        KeyWord: koneksi
op2   : 08->UNUSED  00000000 00000001  00  00->NULL   00->val 0000
        extended_value(from File): 0002
----------------------------------------------------------------
[1] 'mysql_query
[2] '$koneksi
______________________________________________________________________
#005C: 0x42 ZEND_SEND_VAR   LineNo: 0x0000  Flags: 0x1E()
op1   : 04->VAR     00000498 00000010  00  00->NULL   00->val 0000
op2   : 08->UNUSED  00000002 00000000  00  00->NULL   00->val 0000
        extended_value(from File): 003D
----------------------------------------------------------------
[1] 'mysql_query
....................................................................
Comment: SHOULD_BE_SENT_BY_REF
______________________________________________________________________
#005D: 0x3D ZEND_DO_FCALL_BY_NAME   LineNo: 0x0000  Flags: 0x19()
result: 04->VAR     000004B0 00000001  00  00->NULL   00->val 0000
        extended_value(from File): 0002
====================================================================
mysqli_query($koneksi,$q);
______________________________________________________________________
#005E: 0x53 ZEND_FETCH_W   LineNo: 0x0000  Flags: 0x07()
result: 04->VAR     000004C8 00000000  00  00->NULL   00->val 0000
op1   : 01->CONST   00000400 00000002  02  03->STRING 01->ref 0042
        KeyWord: ok
op2   : 08->UNUSED  00000000 00000001  00  00->NULL   00->val 0000
----------------------------------------------------------------
[1] '$ok
______________________________________________________________________
#005F: 0x26 ZEND_ASSIGN   LineNo: 0x0000  Flags: 0x07()
result: 04->VAR     000004E0 00000001  00  00->NULL   00->val 0000
op1   : 04->VAR     000004C8 00000010  00  00->NULL   00->val 0000
op2   : 01->CONST   00000404 00000005  02  03->STRING 01->ref 0042
        KeyWord: Gagal
====================================================================
$ok="Gagal";
______________________________________________________________________
#0060: 0x3B ZEND_INIT_FCALL_BY_NAME   LineNo: 0x0000  Flags: 0x04()
op2   : 01->CONST   0000040A 0000000F  02  03->STRING 01->ref 0042
        KeyWord: sqlaffectedrows
----------------------------------------------------------------
[1] 'sqlaffectedrows
______________________________________________________________________
#0061: 0x5C ZEND_FETCH_FUNC_ARG   LineNo: 0x0000  Flags: 0x0F()
result: 04->VAR     000004F8 00000000  00  00->NULL   00->val 0000
op1   : 01->CONST   0000041A 00000007  02  03->STRING 01->ref 0042
        KeyWord: koneksi
op2   : 08->UNUSED  00000000 00000001  00  00->NULL   00->val 0000
        extended_value(from Flag): 0001
----------------------------------------------------------------
[1] 'sqlaffectedrows
[2] '$koneksi
______________________________________________________________________
#0062: 0x42 ZEND_SEND_VAR   LineNo: 0x0000  Flags: 0x1E()
op1   : 04->VAR     000004F8 00000010  00  00->NULL   00->val 0000
op2   : 08->UNUSED  00000001 00000000  00  00->NULL   00->val 0000
        extended_value(from File): 003D
----------------------------------------------------------------
[1] 'sqlaffectedrows
....................................................................
Comment: SHOULD_BE_SENT_BY_REF
______________________________________________________________________
#0063: 0x3D ZEND_DO_FCALL_BY_NAME   LineNo: 0x0000  Flags: 0x09()
result: 04->VAR     00000510 00000000  00  00->NULL   00->val 0000
        extended_value(from Flag): 0001
----------------------------------------------------------------
[1] 'sqlaffectedrows($koneksi)
______________________________________________________________________
#0064: 0x13 ZEND_IS_SMALLER   LineNo: 0x0000  Flags: 0x07()
result: 02->TMP_VAR 00000528 00000000  00  00->NULL   00->val 0000
op1   : 01->CONST   00000000 00000007  02  01->LONG   01->ref 0042
op2   : 04->VAR     00000510 00000008  00  00->NULL   00->val 0000
______________________________________________________________________
#0065: 0x2B ZEND_JMPZ   LineNo: 0x0000  Flags: 0x06()
op1   : 02->TMP_VAR 00000528 00000000  00  00->NULL   00->val 0000
op2   : 08->UNUSED  00000068 00000000  00  00->NULL   00->val 0000
....................................................................
Comment: Conditional jmp to #00000068
______________________________________________________________________
#0066: 0x53 ZEND_FETCH_W   LineNo: 0x0000  Flags: 0x07()
result: 04->VAR     00000540 00000000  00  00->NULL   00->val 0000
op1   : 01->CONST   00000422 00000002  02  03->STRING 01->ref 0042
        KeyWord: ok
op2   : 08->UNUSED  00000000 00000001  00  00->NULL   00->val 0000
----------------------------------------------------------------
[1] '$ok
______________________________________________________________________
#0067: 0x26 ZEND_ASSIGN   LineNo: 0x0000  Flags: 0x07()
result: 04->VAR     00000558 00000001  00  00->NULL   00->val 0000
op1   : 04->VAR     00000540 00000010  00  00->NULL   00->val 0000
op2   : 01->CONST   00000426 00000002  02  03->STRING 01->ref 0042
        KeyWord: OK
====================================================================
$ok="OK";
______________________________________________________________________
#0068: 0x35 ZEND_INIT_STRING   LineNo: 0x0000  Flags: 0x01()
result: 02->TMP_VAR 00000588 00000000  00  00->NULL   00->val 0000
______________________________________________________________________
#0069: 0x37 ZEND_ADD_STRING   LineNo: 0x0000  Flags: 0x07()
result: 02->TMP_VAR 00000588 00000000  00  00->NULL   00->val 0000
op1   : 02->TMP_VAR 00000588 00000000  00  00->NULL   00->val 0000
op2   : 01->CONST   0000042A 00000035  02  03->STRING 01->ref 0042
        KeyWord: [Obfuscated]0D 0A 20 20 20 20 20 20 20 20 20 20 20 20 3C 74 72 20 61 6C 69 67 6E 3D 63 65 6E 74 65 72 3E 0D 0A 20 20 20 20 20 20 20 20 20 20 20 20 20 20 20 20 3C 74 64 3E 
______________________________________________________________________
#006A: 0x50 ZEND_FETCH_R   LineNo: 0x0000  Flags: 0x07()
result: 04->VAR     000005A0 00000000  00  00->NULL   00->val 0000
op1   : 01->CONST   00000460 00000001  02  03->STRING 01->ref 0042
        KeyWord: d
op2   : 08->UNUSED  00000000 00000001  00  00->NULL   00->val 0000
----------------------------------------------------------------
[1] '$d
______________________________________________________________________
#006B: 0x51 ZEND_FETCH_DIM_R   LineNo: 0x0000  Flags: 0x07()
result: 04->VAR     000005B8 00000000  00  00->NULL   00->val 0000
op1   : 04->VAR     000005A0 00000000  00  00->NULL   00->val 0000
op2   : 01->CONST   00000462 0000000A  02  03->STRING 01->ref 0042
        KeyWord: KDPSTTBBNL
----------------------------------------------------------------
[1] '$d
______________________________________________________________________
#006C: 0x38 ZEND_ADD_VAR   LineNo: 0x0000  Flags: 0x07()
result: 02->TMP_VAR 00000588 00000000  00  00->NULL   00->val 0000
op1   : 02->TMP_VAR 00000588 00000000  00  00->NULL   00->val 0000
op2   : 04->VAR     000005B8 00000000  00  00->NULL   00->val 0000
----------------------------------------------------------------
[1] '$d
______________________________________________________________________
#006D: 0x37 ZEND_ADD_STRING   LineNo: 0x0000  Flags: 0x07()
result: 02->TMP_VAR 00000588 00000000  00  00->NULL   00->val 0000
op1   : 02->TMP_VAR 00000588 00000000  00  00->NULL   00->val 0000
op2   : 01->CONST   0000046E 00000028  02  03->STRING 01->ref 0042
        KeyWord: </td>
                <td align=center>
----------------------------------------------------------------
[1] '$d
______________________________________________________________________
#006E: 0x50 ZEND_FETCH_R   LineNo: 0x0000  Flags: 0x07()
result: 04->VAR     000005D0 00000000  00  00->NULL   00->val 0000
op1   : 01->CONST   00000498 00000001  02  03->STRING 01->ref 0042
        KeyWord: d
op2   : 08->UNUSED  00000000 00000001  00  00->NULL   00->val 0000
----------------------------------------------------------------
[1] '$d
[2] '$d
______________________________________________________________________
#006F: 0x51 ZEND_FETCH_DIM_R   LineNo: 0x0000  Flags: 0x07()
result: 04->VAR     000005E8 00000000  00  00->NULL   00->val 0000
op1   : 04->VAR     000005D0 00000000  00  00->NULL   00->val 0000
op2   : 01->CONST   0000049A 0000000A  02  03->STRING 01->ref 0042
        KeyWord: NLAKHTBBNL
----------------------------------------------------------------
[1] '$d
[2] '$d
______________________________________________________________________
#0070: 0x38 ZEND_ADD_VAR   LineNo: 0x0000  Flags: 0x07()
result: 02->TMP_VAR 00000588 00000000  00  00->NULL   00->val 0000
op1   : 02->TMP_VAR 00000588 00000000  00  00->NULL   00->val 0000
op2   : 04->VAR     000005E8 00000000  00  00->NULL   00->val 0000
----------------------------------------------------------------
[1] '$d
[2] '$d
______________________________________________________________________
#0071: 0x37 ZEND_ADD_STRING   LineNo: 0x0000  Flags: 0x07()
result: 02->TMP_VAR 00000588 00000000  00  00->NULL   00->val 0000
op1   : 02->TMP_VAR 00000588 00000000  00  00->NULL   00->val 0000
op2   : 01->CONST   000004A6 00000028  02  03->STRING 01->ref 0042
        KeyWord: </td>
                <td align=center>
----------------------------------------------------------------
[1] '$d
[2] '$d
______________________________________________________________________
#0072: 0x50 ZEND_FETCH_R   LineNo: 0x0000  Flags: 0x07()
result: 04->VAR     00000600 00000000  00  00->NULL   00->val 0000
op1   : 01->CONST   000004D0 00000001  02  03->STRING 01->ref 0042
        KeyWord: d
op2   : 08->UNUSED  00000000 00000001  00  00->NULL   00->val 0000
----------------------------------------------------------------
[1] '$d
[2] '$d
[3] '$d
______________________________________________________________________
#0073: 0x51 ZEND_FETCH_DIM_R   LineNo: 0x0000  Flags: 0x07()
result: 04->VAR     00000618 00000000  00  00->NULL   00->val 0000
op1   : 04->VAR     00000600 00000000  00  00->NULL   00->val 0000
op2   : 01->CONST   000004D2 0000000A  02  03->STRING 01->ref 0042
        KeyWord: BOBOTTBBNL
----------------------------------------------------------------
[1] '$d
[2] '$d
[3] '$d
______________________________________________________________________
#0074: 0x38 ZEND_ADD_VAR   LineNo: 0x0000  Flags: 0x07()
result: 02->TMP_VAR 00000588 00000000  00  00->NULL   00->val 0000
op1   : 02->TMP_VAR 00000588 00000000  00  00->NULL   00->val 0000
op2   : 04->VAR     00000618 00000000  00  00->NULL   00->val 0000
----------------------------------------------------------------
[1] '$d
[2] '$d
[3] '$d
______________________________________________________________________
#0075: 0x37 ZEND_ADD_STRING   LineNo: 0x0000  Flags: 0x07()
result: 02->TMP_VAR 00000588 00000000  00  00->NULL   00->val 0000
op1   : 02->TMP_VAR 00000588 00000000  00  00->NULL   00->val 0000
op2   : 01->CONST   000004DE 00000028  02  03->STRING 01->ref 0042
        KeyWord: </td>
                <td align=center>
----------------------------------------------------------------
[1] '$d
[2] '$d
[3] '$d
______________________________________________________________________
#0076: 0x50 ZEND_FETCH_R   LineNo: 0x0000  Flags: 0x07()
result: 04->VAR     00000630 00000000  00  00->NULL   00->val 0000
op1   : 01->CONST   00000508 00000001  02  03->STRING 01->ref 0042
        KeyWord: d
op2   : 08->UNUSED  00000000 00000001  00  00->NULL   00->val 0000
----------------------------------------------------------------
[1] '$d
[2] '$d
[3] '$d
[4] '$d
______________________________________________________________________
#0077: 0x51 ZEND_FETCH_DIM_R   LineNo: 0x0000  Flags: 0x07()
result: 04->VAR     00000648 00000000  00  00->NULL   00->val 0000
op1   : 04->VAR     00000630 00000000  00  00->NULL   00->val 0000
op2   : 01->CONST   0000050A 00000006  02  03->STRING 01->ref 0042
        KeyWord: SYARAT
----------------------------------------------------------------
[1] '$d
[2] '$d
[3] '$d
[4] '$d
______________________________________________________________________
#0078: 0x38 ZEND_ADD_VAR   LineNo: 0x0000  Flags: 0x07()
result: 02->TMP_VAR 00000588 00000000  00  00->NULL   00->val 0000
op1   : 02->TMP_VAR 00000588 00000000  00  00->NULL   00->val 0000
op2   : 04->VAR     00000648 00000000  00  00->NULL   00->val 0000
----------------------------------------------------------------
[1] '$d
[2] '$d
[3] '$d
[4] '$d
______________________________________________________________________
#0079: 0x37 ZEND_ADD_STRING   LineNo: 0x0000  Flags: 0x07()
result: 02->TMP_VAR 00000588 00000000  00  00->NULL   00->val 0000
op1   : 02->TMP_VAR 00000588 00000000  00  00->NULL   00->val 0000
op2   : 01->CONST   00000512 0000001C  02  03->STRING 01->ref 0042
        KeyWord: </td>
                 <td>
----------------------------------------------------------------
[1] '$d
[2] '$d
[3] '$d
[4] '$d
______________________________________________________________________
#007A: 0x50 ZEND_FETCH_R   LineNo: 0x0000  Flags: 0x07()
result: 04->VAR     00000678 00000000  00  00->NULL   00->val 0000
op1   : 01->CONST   00000530 00000008  02  03->STRING 01->ref 0042
        KeyWord: semester
op2   : 08->UNUSED  00000000 00000001  00  00->NULL   00->val 0000
----------------------------------------------------------------
[1] '$d
[2] '$d
[3] '$d
[4] '$d
[5] '$semester
______________________________________________________________________
#007B: 0x50 ZEND_FETCH_R   LineNo: 0x0000  Flags: 0x07()
result: 04->VAR     00000660 00000000  00  00->NULL   00->val 0000
op1   : 01->CONST   0000053A 0000000D  02  03->STRING 01->ref 0042
        KeyWord: arraysemester
op2   : 08->UNUSED  00000000 00000001  00  00->NULL   00->val 0000
----------------------------------------------------------------
[1] '$d
[2] '$d
[3] '$d
[4] '$d
[5] '$semester
[6] '$arraysemester
______________________________________________________________________
#007C: 0x51 ZEND_FETCH_DIM_R   LineNo: 0x0000  Flags: 0x07()
result: 04->VAR     00000690 00000000  00  00->NULL   00->val 0000
op1   : 04->VAR     00000660 00000000  00  00->NULL   00->val 0000
op2   : 04->VAR     00000678 00000010  00  00->NULL   00->val 0000
----------------------------------------------------------------
[1] '$d
[2] '$d
[3] '$d
[4] '$d
[5] '$semester
[6] '$arraysemester
______________________________________________________________________
#007D: 0x08 ZEND_CONCAT   LineNo: 0x0000  Flags: 0x07()
result: 02->TMP_VAR 000006A8 00000000  00  00->NULL   00->val 0000
op1   : 02->TMP_VAR 00000588 00000000  00  00->NULL   00->val 0000
op2   : 04->VAR     00000690 00000010  00  00->NULL   00->val 0000
----------------------------------------------------------------
[1] '$d
[2] '$d
[3] '$d
[4] '$d
[5] '$semester
[6] '$arraysemester
______________________________________________________________________
#007E: 0x35 ZEND_INIT_STRING   LineNo: 0x0000  Flags: 0x01()
result: 02->TMP_VAR 000006C0 00000000  00  00->NULL   00->val 0000
----------------------------------------------------------------
[1] '$d
[2] '$d
[3] '$d
[4] '$d
[5] '$semester
[6] '$arraysemester
______________________________________________________________________
#007F: 0x37 ZEND_ADD_STRING   LineNo: 0x0000  Flags: 0x07()
result: 02->TMP_VAR 000006C0 00000000  00  00->NULL   00->val 0000
op1   : 02->TMP_VAR 000006C0 00000000  00  00->NULL   00->val 0000
op2   : 01->CONST   00000548 00000001  02  03->STRING 01->ref 0042
        KeyWord:  
----------------------------------------------------------------
[1] '$d
[2] '$d
[3] '$d
[4] '$d
[5] '$semester
[6] '$arraysemester
______________________________________________________________________
#0080: 0x50 ZEND_FETCH_R   LineNo: 0x0000  Flags: 0x07()
result: 04->VAR     000006D8 00000000  00  00->NULL   00->val 0000
op1   : 01->CONST   0000054A 00000005  02  03->STRING 01->ref 0042
        KeyWord: tahun
op2   : 08->UNUSED  00000000 00000001  00  00->NULL   00->val 0000
----------------------------------------------------------------
[1] '$d
[2] '$d
[3] '$d
[4] '$d
[5] '$semester
[6] '$arraysemester
[7] '$tahun
______________________________________________________________________
#0081: 0x38 ZEND_ADD_VAR   LineNo: 0x0000  Flags: 0x07()
result: 02->TMP_VAR 000006C0 00000000  00  00->NULL   00->val 0000
op1   : 02->TMP_VAR 000006C0 00000000  00  00->NULL   00->val 0000
op2   : 04->VAR     000006D8 00000000  00  00->NULL   00->val 0000
----------------------------------------------------------------
[1] '$d
[2] '$d
[3] '$d
[4] '$d
[5] '$semester
[6] '$arraysemester
______________________________________________________________________
#0082: 0x37 ZEND_ADD_STRING   LineNo: 0x0000  Flags: 0x07()
result: 02->TMP_VAR 000006C0 00000000  00  00->NULL   00->val 0000
op1   : 02->TMP_VAR 000006C0 00000000  00  00->NULL   00->val 0000
op2   : 01->CONST   00000550 0000001B  02  03->STRING 01->ref 0042
        KeyWord: </td>
                <td>
----------------------------------------------------------------
[1] '$d
[2] '$d
[3] '$d
[4] '$d
[5] '$semester
[6] '$arraysemester
______________________________________________________________________
#0083: 0x08 ZEND_CONCAT   LineNo: 0x0000  Flags: 0x07()
result: 02->TMP_VAR 000006F0 00000000  00  00->NULL   00->val 0000
op1   : 02->TMP_VAR 000006A8 00000000  00  00->NULL   00->val 0000
op2   : 02->TMP_VAR 000006C0 00000000  00  00->NULL   00->val 0000
----------------------------------------------------------------
[1] '$d
[2] '$d
[3] '$d
[4] '$d
[5] '$semester
[6] '$arraysemester
______________________________________________________________________
#0084: 0x50 ZEND_FETCH_R   LineNo: 0x0000  Flags: 0x07()
result: 04->VAR     00000720 00000000  00  00->NULL   00->val 0000
op1   : 01->CONST   0000056C 00000009  02  03->STRING 01->ref 0042
        KeyWord: semester2
op2   : 08->UNUSED  00000000 00000001  00  00->NULL   00->val 0000
----------------------------------------------------------------
[1] '$d
[2] '$d
[3] '$d
[4] '$d
[5] '$semester
[6] '$arraysemester
[7] '$semester2
______________________________________________________________________
#0085: 0x50 ZEND_FETCH_R   LineNo: 0x0000  Flags: 0x07()
result: 04->VAR     00000708 00000000  00  00->NULL   00->val 0000
op1   : 01->CONST   00000576 0000000D  02  03->STRING 01->ref 0042
        KeyWord: arraysemester
op2   : 08->UNUSED  00000000 00000001  00  00->NULL   00->val 0000
----------------------------------------------------------------
[1] '$d
[2] '$d
[3] '$d
[4] '$d
[5] '$semester
[6] '$arraysemester
[7] '$semester2
[8] '$arraysemester
______________________________________________________________________
#0086: 0x51 ZEND_FETCH_DIM_R   LineNo: 0x0000  Flags: 0x07()
result: 04->VAR     00000738 00000000  00  00->NULL   00->val 0000
op1   : 04->VAR     00000708 00000000  00  00->NULL   00->val 0000
op2   : 04->VAR     00000720 00000010  00  00->NULL   00->val 0000
----------------------------------------------------------------
[1] '$d
[2] '$d
[3] '$d
[4] '$d
[5] '$semester
[6] '$arraysemester
[7] '$semester2
[8] '$arraysemester
______________________________________________________________________
#0087: 0x08 ZEND_CONCAT   LineNo: 0x0000  Flags: 0x07()
result: 02->TMP_VAR 00000750 00000000  00  00->NULL   00->val 0000
op1   : 02->TMP_VAR 000006F0 00000000  00  00->NULL   00->val 0000
op2   : 04->VAR     00000738 00000010  00  00->NULL   00->val 0000
----------------------------------------------------------------
[1] '$d
[2] '$d
[3] '$d
[4] '$d
[5] '$semester
[6] '$arraysemester
[7] '$semester2
[8] '$arraysemester
______________________________________________________________________
#0088: 0x35 ZEND_INIT_STRING   LineNo: 0x0000  Flags: 0x01()
result: 02->TMP_VAR 00000768 00000000  00  00->NULL   00->val 0000
----------------------------------------------------------------
[1] '$d
[2] '$d
[3] '$d
[4] '$d
[5] '$semester
[6] '$arraysemester
[7] '$semester2
[8] '$arraysemester
______________________________________________________________________
#0089: 0x37 ZEND_ADD_STRING   LineNo: 0x0000  Flags: 0x07()
result: 02->TMP_VAR 00000768 00000000  00  00->NULL   00->val 0000
op1   : 02->TMP_VAR 00000768 00000000  00  00->NULL   00->val 0000
op2   : 01->CONST   00000584 00000001  02  03->STRING 01->ref 0042
        KeyWord:  
----------------------------------------------------------------
[1] '$d
[2] '$d
[3] '$d
[4] '$d
[5] '$semester
[6] '$arraysemester
[7] '$semester2
[8] '$arraysemester
______________________________________________________________________
#008A: 0x50 ZEND_FETCH_R   LineNo: 0x0000  Flags: 0x07()
result: 04->VAR     00000780 00000000  00  00->NULL   00->val 0000
op1   : 01->CONST   00000586 00000006  02  03->STRING 01->ref 0042
        KeyWord: tahun2
op2   : 08->UNUSED  00000000 00000001  00  00->NULL   00->val 0000
----------------------------------------------------------------
[1] '$d
[2] '$d
[3] '$d
[4] '$d
[5] '$semester
[6] '$arraysemester
[7] '$semester2
[8] '$arraysemester
[9] '$tahun2
______________________________________________________________________
#008B: 0x38 ZEND_ADD_VAR   LineNo: 0x0000  Flags: 0x07()
result: 02->TMP_VAR 00000768 00000000  00  00->NULL   00->val 0000
op1   : 02->TMP_VAR 00000768 00000000  00  00->NULL   00->val 0000
op2   : 04->VAR     00000780 00000000  00  00->NULL   00->val 0000
----------------------------------------------------------------
[1] '$d
[2] '$d
[3] '$d
[4] '$d
[5] '$semester
[6] '$arraysemester
[7] '$semester2
[8] '$arraysemester
______________________________________________________________________
#008C: 0x37 ZEND_ADD_STRING   LineNo: 0x0000  Flags: 0x07()
result: 02->TMP_VAR 00000768 00000000  00  00->NULL   00->val 0000
op1   : 02->TMP_VAR 00000768 00000000  00  00->NULL   00->val 0000
op2   : 01->CONST   0000058E 0000001B  02  03->STRING 01->ref 0042
        KeyWord: </td>
                <td>
----------------------------------------------------------------
[1] '$d
[2] '$d
[3] '$d
[4] '$d
[5] '$semester
[6] '$arraysemester
[7] '$semester2
[8] '$arraysemester
______________________________________________________________________
#008D: 0x50 ZEND_FETCH_R   LineNo: 0x0000  Flags: 0x07()
result: 04->VAR     00000798 00000000  00  00->NULL   00->val 0000
op1   : 01->CONST   000005AA 00000002  02  03->STRING 01->ref 0042
        KeyWord: ok
op2   : 08->UNUSED  00000000 00000001  00  00->NULL   00->val 0000
----------------------------------------------------------------
[1] '$d
[2] '$d
[3] '$d
[4] '$d
[5] '$semester
[6] '$arraysemester
[7] '$semester2
[8] '$arraysemester
[9] '$ok
______________________________________________________________________
#008E: 0x38 ZEND_ADD_VAR   LineNo: 0x0000  Flags: 0x07()
result: 02->TMP_VAR 00000768 00000000  00  00->NULL   00->val 0000
op1   : 02->TMP_VAR 00000768 00000000  00  00->NULL   00->val 0000
op2   : 04->VAR     00000798 00000000  00  00->NULL   00->val 0000
----------------------------------------------------------------
[1] '$d
[2] '$d
[3] '$d
[4] '$d
[5] '$semester
[6] '$arraysemester
[7] '$semester2
[8] '$arraysemester
______________________________________________________________________
#008F: 0x37 ZEND_ADD_STRING   LineNo: 0x0000  Flags: 0x07()
result: 02->TMP_VAR 00000768 00000000  00  00->NULL   00->val 0000
op1   : 02->TMP_VAR 00000768 00000000  00  00->NULL   00->val 0000
op2   : 01->CONST   000005AE 00000018  02  03->STRING 01->ref 0042
        KeyWord: </td>
            </tr>
----------------------------------------------------------------
[1] '$d
[2] '$d
[3] '$d
[4] '$d
[5] '$semester
[6] '$arraysemester
[7] '$semester2
[8] '$arraysemester
______________________________________________________________________
#0090: 0x08 ZEND_CONCAT   LineNo: 0x0000  Flags: 0x07()
result: 02->TMP_VAR 000007B0 00000000  00  00->NULL   00->val 0000
op1   : 02->TMP_VAR 00000750 00000000  00  00->NULL   00->val 0000
op2   : 02->TMP_VAR 00000768 00000000  00  00->NULL   00->val 0000
----------------------------------------------------------------
[1] '$d
[2] '$d
[3] '$d
[4] '$d
[5] '$semester
[6] '$arraysemester
[7] '$semester2
[8] '$arraysemester
______________________________________________________________________
#0091: 0x56 ZEND_FETCH_RW   LineNo: 0x0000  Flags: 0x07()
result: 04->VAR     00000570 00000000  00  00->NULL   00->val 0000
op1   : 01->CONST   000005C8 00000003  02  03->STRING 01->ref 0042
        KeyWord: tmp
op2   : 08->UNUSED  00000000 00000001  00  00->NULL   00->val 0000
----------------------------------------------------------------
[1] '$d
[2] '$d
[3] '$d
[4] '$d
[5] '$semester
[6] '$arraysemester
[7] '$semester2
[8] '$arraysemester
[9] '$tmp
______________________________________________________________________
#0092: 0x1E ZEND_ASSIGN_CONCAT   LineNo: 0x0000  Flags: 0x07()
result: 04->VAR     000007C8 00000001  00  00->NULL   00->val 0000
op1   : 04->VAR     00000570 00000010  00  00->NULL   00->val 0000
op2   : 02->TMP_VAR 000007B0 00000000  00  00->NULL   00->val 0000
----------------------------------------------------------------
[1] '$d
[2] '$d
[3] '$d
[4] '$d
[5] '$semester
[6] '$arraysemester
[7] '$semester2
[8] '$arraysemester
Correcting Stack error...
====================================================================
$arraysemester$semester2$arraysemester$semester$d$d$d$d;
______________________________________________________________________
#0093: 0x2A ZEND_JMP   LineNo: 0x0000  Flags: 0x02()
op1   : 08->UNUSED  00000030 00000000  00  00->NULL   00->val 0000
....................................................................
Comment: GoTo Command #0030
______________________________________________________________________
#0094: 0x56 ZEND_FETCH_RW   LineNo: 0x0000  Flags: 0x07()
result: 04->VAR     000007E0 00000000  00  00->NULL   00->val 0000
op1   : 01->CONST   000005CC 00000003  02  03->STRING 01->ref 0042
        KeyWord: tmp
op2   : 08->UNUSED  00000000 00000001  00  00->NULL   00->val 0000
----------------------------------------------------------------
[1] '$tmp
______________________________________________________________________
#0095: 0x1E ZEND_ASSIGN_CONCAT   LineNo: 0x0000  Flags: 0x07()
result: 04->VAR     000007F8 00000001  00  00->NULL   00->val 0000
op1   : 04->VAR     000007E0 00000010  00  00->NULL   00->val 0000
op2   : 01->CONST   000005D0 00000008  02  03->STRING 01->ref 0042
        KeyWord: </table>
====================================================================
$tmp.="</table>";
______________________________________________________________________
#0096: 0x3B ZEND_INIT_FCALL_BY_NAME   LineNo: 0x0000  Flags: 0x04()
op2   : 01->CONST   000005DA 00000013  02  03->STRING 01->ref 0042
        KeyWord: printjudulmenukecil
----------------------------------------------------------------
[1] 'printjudulmenukecil
______________________________________________________________________
#0097: 0x41 ZEND_SEND_VAL   LineNo: 0x0000  Flags: 0x1E()
op1   : 01->CONST   000005EE 00000022  02  03->STRING 01->ref 0042
        KeyWord: <b>Daftar Bobot Nilai yang disalin
op2   : 08->UNUSED  00000001 00000000  00  00->NULL   00->val 0000
        extended_value(from File): 003D
----------------------------------------------------------------
[1] 'printjudulmenukecil
....................................................................
Comment: Arg[1] = "<b>Daftar Bobot Nilai yang disalin"
______________________________________________________________________
#0098: 0x3D ZEND_DO_FCALL_BY_NAME   LineNo: 0x0000  Flags: 0x09()
result: 04->VAR     00000810 00000001  00  00->NULL   00->val 0000
        extended_value(from Flag): 0001
====================================================================
printjudulmenukecil("<b>Daftar Bobot Nilai yang disalin");
______________________________________________________________________
#0099: 0x50 ZEND_FETCH_R   LineNo: 0x0000  Flags: 0x07()
result: 04->VAR     00000828 00000000  00  00->NULL   00->val 0000
op1   : 01->CONST   00000612 00000003  02  03->STRING 01->ref 0042
        KeyWord: tmp
op2   : 08->UNUSED  00000000 00000001  00  00->NULL   00->val 0000
----------------------------------------------------------------
[1] '$tmp
______________________________________________________________________
#009A: 0x28 ZEND_ECHO   LineNo: 0x0000  Flags: 0x02()
op1   : 04->VAR     00000828 00000010  00  00->NULL   00->val 0000
====================================================================
echo $tmp;
______________________________________________________________________
#009B: 0x3E ZEND_RETURN   LineNo: 0x0000  Flags: 0x02()
op1   : 01->CONST   00000001 00000038  02  01->LONG   01->ref 0012
====================================================================
Return (1);
______________________________________________________________________
#009C: 0x3B ZEND_INIT_FCALL_BY_NAME   LineNo: 0x0000  Flags: 0x04()
op2   : 01->CONST   00000616 00000013  02  03->STRING 01->ref 0042
        KeyWord: printjudulmenukecil
----------------------------------------------------------------
[1] 'printjudulmenukecil
______________________________________________________________________
#009D: 0x41 ZEND_SEND_VAL   LineNo: 0x0000  Flags: 0x1E()
op1   : 01->CONST   0000062A 0000002A  02  03->STRING 01->ref 0042
        KeyWord: <b>Tidak ada data Bobot Nilai yang disalin
op2   : 08->UNUSED  00000001 00000000  00  00->NULL   00->val 0000
        extended_value(from File): 003D
----------------------------------------------------------------
[1] 'printjudulmenukecil
....................................................................
Comment: Arg[1] = "<b>Tidak ada data Bobot Nilai yang disalin"
______________________________________________________________________
#009E: 0x3D ZEND_DO_FCALL_BY_NAME   LineNo: 0x0000  Flags: 0x09()
result: 04->VAR     00000840 00000001  00  00->NULL   00->val 0000
        extended_value(from Flag): 0001
====================================================================
printjudulmenukecil("<b>Tidak ada data Bobot Nilai yang disalin");
______________________________________________________________________
#009F: 0x3E ZEND_RETURN   LineNo: 0x0000  Flags: 0x02()
op1   : 01->CONST   00000001 00000038  02  01->LONG   01->ref 0012
====================================================================
Return (1);
______________________________________________________________________
#00A0: 0x95 ZEND_HANDLE_EXCEPTION   LineNo: 0x0000  Flags: 0x00()
______________________________________________________________________
FunctionsCount: 0000
Classes: 0000
File sucessfully processes!

