========== Ioncube_Decoder 1.1.40  LogFile ==========

=========> S t a g e  0  -  Getting RawData (UnBase64-Raw.bin)

Opening C:\AppServ\www\siakad\lib\carimakul.php
000003AF -> Start of ionCubeData...
00000C9C -> 000008ED Bytes read.
IC_Base64_Marker: '4+oV' Decoding Base64->Bin...

=========> S t a g e  1  -  Validating RawData

ionCubeVersionType: 3CCC22E1 [Encrypted: 149FEC13]
ioncube_Version_Type 3

=========> S t a g e  2  -  Processing RawData

RawBinData_Size: 00000A48
FileSizeKey: 2395B6B7 (RawBinData_Size + 12321) Xor &H23958CDE
Header_FileSizeKey: 2395B6B5
Header_FileSizeKey and FileSizeKey are different! (Difference: 00000002)
Note: RawBinData_Size calculate from Header_FileSizeKey is: 00000A4A  (Difference: 00000002)
Header_Size: 000000BE (InitKey for MT: 64458FD5)
Adler32_CRC for 'IC_Raw[0004]..[00DC]' and calculated MATCH. CRC: 3FFD6BFB

=========> S t a g e  3  -  Extracting Header from RawData (->IC_Header.bin)


=========> S t a g e  4  -  Interpreting IC_Header

Minimum Loader Version: 00.00.00 (for ex. ioncube_loader_win_4.3.dll requires >0301010)
VerData 0x00000003
ObfuFlags 00000000 00000000

ObfuFuncHashSeed: 
Bytecode_XorKey: 92A764C5
 -> The Encoder uses '0x92A764C5' to overwrite/delete the real bytecode key - since there is a LicenseFile(+enforceLicense) from which that value should be retrieved. (However don't worry we'll be able to calcuate that value if there is not LicFile. :)
IncludeXorKey[should be 0xE9FC23B1]: E9FC23B1
LicenseFile: lisensi.txt
DisableCheckingOfLicenseRestrictions: 0
LicensePassphrase: lisensi
CustomErrCallbackHandler: 'ioncube_event_handler'
Enable_auto_prepend_Append_file: 0
Customised error messages entries: 0x00
Include file protection entries: 0x00
Adler32_CRC for '<?php //... ?>' and calculated MATCH. CRC: EB60391D
IC_HeaderEx start: 0086
IC_HeaderEx end: 00AE   IC_Header HeaderSize: 00BE

=========> S t a g e  5  -  Interpreting IC_HeaderEx

0001 <-IC_Type_Minor
0005 <-IC_Type_Major
The file [%s] was encoded with the PHP 5 ionCube Encoder, and requires PHP 5 to be installed.
00000CE7 <-PhpFlags
  0x0001  0001
  0x0002  0002 
  0x0004  0004 
  0x0020  Allow run with untrusted server extensions
  0x0040  PHP5_Body
  0x0080  CmdBytesAreEncrypted
  0x0400  EncryptStrings[KeyWord.c_Object] in memory during Compile& Execute
  0x0800  ObfuscateStripLineNumbers

IC Encoder Registration data(MemberID): 0x10050603  30754
Calculate ByteCode_Key ('0x363432' + sum of the chars from LicensePassphrase): 00363729
Overwrite ByteCode_Key to : 0x00363729
Bytecode_MT_XorKey: 00363729
Copy of IncludeXorKey in Header_MoreData: 0xE9FC23B1
unknown Data: 8501A8C0 E3FC1B00 2690 00 00
EvalTimeMin: 4/16/2012 8:10:00 AM   128330D1 '+0500DA46'=>4F8BD3D8 seconds since 1.1.1970
EvalTimeMax: 4/16/2012 8:10:00 AM   4A8AF992 '+3D08A307'=>4F8BD3D8 seconds since 1.1.1970
BodyStartOffset: 0x000000E4

=========> S t a g e  6  -  Extracting & Inflating IC_body from RawData (->IC_body.bin)

000000E8  Body_MT_Seed: 409F9061
000000EC  Bytecode_MT_Seed: 94926680

=========> S t a g e  7  -  Reading IC_body.bin


=========> S t a g e  8  -  Read function body data

Reading Body
00000008 -> 00000002
S2[Fixed Size 0x70]:
0000007A ->  00000002
 Skipped3 ->  00000000
 FuncNameStart ->  00000000 00000000
 CmdData ->  00000000
 Args ->  00000000
 ArgsMin ->  00000000
 php4Extra ->  024718F0 00000002 0247AF60 0242C708 0000006B 0000006B
 Skipped1 ->  00000049 00000002 00000001
 PHPFileNamePtr ->  FFFFFFFF
 Php5-O1  00000000
 Php5-O1Count  00000000 00000000 00000000 00000000 00000000 0247C648 00000000 00000000 00000000 00000000
 
00000079 -> FunctionName:  function {MainFunction}
 
00000082 -> 0000006B<-CmdCount
byteCmds[Elementsize=0x2] Elements: 00000072
Command(Encrypted)
------------------
0793
07D5
07A8
07F1
070C
07B7
0720
07EC
03BA
0FFA
0641
034D
071B
07D0
073D
04C0
0F32
1E20
003D
0967
0793
06FF
0700
0708
0745
07A2
0697
0123
075F
0770
0777
07DA
07EF
07B0
03A8
07CB
0719
06D5
0318
07E4
0705
0782
0770
073F
0144
07AA
070A
0777
0758
0761
075E
07B2
071B
0780
0753
0726
0773
04FB
0F8B
1E49
003D
1FE8
0002
1EDB
003D
1968
0002
07D6
0774
04A7
01D8
023E
045D
0F9D
1E0E
003D
09C9
0784
06FA
0469
0F16
1E44
003D
094E
07A6
078F
069F
0542
074E
0716
0715
018A
0783
075D
07C5
076A
07E3
07A4
0570
0759
073F
07C3
07FD
050A
07A5
074F
079F
0711
073E
0788
02BD
02F8
0234
0095
CmdParams[Elementsize=0x14] Elements: 0000010A
Type      Op1       Op2       Flags5    Flags
---------------------------------------------
00000004   00000000   00000000   00000000   00000000
00000001   0000000E   00000004   00000002   00420103
00000008   00000000   00000001   00000000   00000000
00000004   00000018   00000001   00000000   00000000
00000004   00000000   00000010   00000000   00000000
00000001   00000014   00000003   00000002   00420103
00000004   00000030   00000000   00000000   00000000
00000001   00000018   00000004   00000002   00420103
00000008   00000000   00000001   00000000   00000000
00000002   00000048   00000000   00000000   00000000
00000004   00000030   00000010   00000000   00000000
00000001   0000001E   0000000C   00000002   00420103
00000004   00000060   00000001   00000000   00000000
00000002   00000048   00000000   00000000   00000000
00000008   00000002   00000000   00000000   00000000
00000004   00000078   00000000   00000000   00000000
00000001   0000002C   00000004   00000002   00420103
00000008   00000000   00000001   00000000   00000000
00000002   00000090   00000000   00000000   00000000
00000004   00000078   00000010   00000000   00000000
00000001   00000032   0000000A   00000002   00420103
00000004   000000A8   00000001   00000000   00000000
00000002   00000090   00000000   00000000   00000000
00000008   00000002   00000000   00000000   00000000
00000004   000000C0   00000000   00000000   00000000
00000001   FFFFFFF7   00000005   00000002   00420103
00000002   000000D8   00000000   00000000   00000000
00000004   000000C0   00000000   00000000   00000000
00000001   0000003E   0000000B   00000002   00420103
00000002   000000D8   00000000   00000000   00000000
00000008   00000069   00000000   00000000   00000000
00000004   00000108   00000000   00000000   00000000
00000001   FFFFFFF7   00000005   00000002   00420103
00000004   00000120   00000000   00000000   00000000
00000004   00000108   00000000   00000000   00000000
00000001   0000004A   0000000B   00000002   00420103
00000004   000000F0   00000000   00000000   00000000
00000001   00000056   0000000B   00000002   00420103
00000008   00000000   00000001   00000000   00000000
00000004   00000138   00000001   00000000   00000000
00000004   000000F0   00000010   00000000   00000000
00000004   00000120   00000010   00000000   00000000
00000001   FFFFFDF1   00000006   00000002   00420103
00000004   00000150   00000000   00000000   00000000
00000001   00000062   0000000B   00000002   00420103
00000008   00000000   00000001   00000000   00000000
00000004   00000150   00000010   00000000   00000000
00000008   00000001   00000000   00000000   00000000
00000004   00000168   00000000   00000000   00000000
00000002   00000180   00000000   00000000   00000000
00000001   00000002   00000001   00000002   00420101
00000004   00000168   00000008   00000000   00000000
00000002   00000180   00000000   00000000   00000000
00000008   00000069   00000000   00000000   00000000
00000004   00000198   00000000   00000000   00000000
00000001   0000006E   00000006   00000002   00420103
00000008   00000000   00000001   00000000   00000000
00000004   000001B0   00000001   00000000   00000000
00000004   00000198   00000010   00000000   00000000
00000001   022FF1F8   00000000   00000002   00420103
00000004   000001C8   00000000   00000000   00000000
00000001   00000076   00000005   00000002   00420103
00000008   00000000   00000001   00000000   00000000
00000002   000001E0   00000000   00000000   00000000
00000004   000001C8   00000010   00000000   00000000
00000001   0227DC28   00000000   00000002   00420103
00000002   000001E0   00000000   00000000   00000000
00000008   00000021   00000000   00000000   00000000
00000002   00000210   00000000   00000000   00000000
00000002   00000210   00000000   00000000   00000000
00000002   00000210   00000000   00000000   00000000
00000001   0000007C   00000014   00000002   00420103
00000004   00000228   00000000   00000000   00000000
00000001   00000092   00000005   00000002   00420103
00000008   00000000   00000001   00000000   00000000
00000002   00000210   00000000   00000000   00000000
00000002   00000210   00000000   00000000   00000000
00000004   00000228   00000000   00000000   00000000
00000002   00000210   00000000   00000000   00000000
00000002   00000210   00000000   00000000   00000000
00000001   00000098   00000002   00000002   00420103
00000004   000001F8   00000000   00000000   00000000
00000001   0000009C   00000006   00000002   00420103
00000008   00000000   00000001   00000000   00000000
00000004   00000240   00000001   00000000   00000000
00000004   000001F8   00000010   00000000   00000000
00000002   00000210   00000000   00000000   00000000
00000004   00000258   00000000   00000000   00000000
00000001   FFFFFFF5   00000008   00000002   00420103
00000004   00000270   00000000   00000000   00000000
00000004   00000258   00000000   00000000   00000000
00000001   000000A4   00000006   00000002   00420103
00000002   00000288   00000000   00000000   00000000
00000004   00000270   00000010   00000000   00000000
00000001   0232BDA8   00000000   00000002   00420103
00000002   00000288   00000000   00000000   00000000
00000008   0000002B   00000000   00000000   00000000
00000004   000002B8   00000000   00000000   00000000
00000001   FFFFFFF5   00000008   00000002   00420103
00000004   000002D0   00000000   00000000   00000000
00000004   000002B8   00000000   00000000   00000000
00000001   000000AC   00000006   00000002   00420103
00000002   000002E8   00000000   00000000   00000000
00000001   000000B4   00000013   00000002   00420103
00000004   000002D0   00000010   00000000   00000000
00000002   00000300   00000000   00000000   00000000
00000002   000002E8   00000000   00000000   00000000
00000001   000000C8   00000001   00000002   00420103
00000004   000002A0   00000000   00000000   00000000
00000001   000000CA   00000006   00000002   00420103
00000008   00000000   00000001   00000000   00000000
00000004   00000318   00000001   00000000   00000000
00000004   000002A0   00000010   00000000   00000000
00000002   00000300   00000000   00000000   00000000
00000002   00000348   00000000   00000000   00000000
00000002   00000348   00000000   00000000   00000000
00000002   00000348   00000000   00000000   00000000
00000001   000000D2   0000006C   00000002   00420103
00000004   00000360   00000000   00000000   00000000
00000001   00000140   0000000B   00000002   00420103
00000008   00000000   00000001   00000000   00000000
00000002   00000348   00000000   00000000   00000000
00000002   00000348   00000000   00000000   00000000
00000004   00000360   00000000   00000000   00000000
00000002   00000348   00000000   00000000   00000000
00000002   00000348   00000000   00000000   00000000
00000001   0000014C   00000015   00000002   00420103
00000004   00000378   00000000   00000000   00000000
00000001   00000162   0000000B   00000002   00420103
00000008   00000000   00000001   00000000   00000000
00000002   00000348   00000000   00000000   00000000
00000002   00000348   00000000   00000000   00000000
00000004   00000378   00000000   00000000   00000000
00000002   00000348   00000000   00000000   00000000
00000002   00000348   00000000   00000000   00000000
00000001   0000016E   0000000A   00000002   00420103
00000004   00000390   00000000   00000000   00000000
00000001   0000017A   00000006   00000002   00420103
00000008   00000000   00000001   00000000   00000000
00000002   00000348   00000000   00000000   00000000
00000002   00000348   00000000   00000000   00000000
00000004   00000390   00000000   00000000   00000000
00000002   00000348   00000000   00000000   00000000
00000002   00000348   00000000   00000000   00000000
00000001   00000182   0000002C   00000002   00420103
00000004   00000330   00000000   00000000   00000000
00000001   000001B0   00000001   00000002   00420103
00000008   00000000   00000001   00000000   00000000
00000004   000003A8   00000001   00000000   00000000
00000004   00000330   00000010   00000000   00000000
00000002   00000348   00000000   00000000   00000000
00000001   000001B2   00000007   00000002   00420103
00000004   000003D8   00000000   00000000   00000000
00000001   000001BA   00000001   00000002   00420103
00000008   00000000   00000001   00000000   00000000
00000004   000003D8   00000010   00000000   00000000
00000008   00000001   00000000   00000000   00000000
00000004   000003F0   00000000   00000000   00000000
00000001   000001BC   00000007   00000002   00420103
00000008   00000000   00000001   00000000   00000000
00000004   000003F0   00000010   00000000   00000000
00000008   00000002   00000000   00000000   00000000
00000004   00000408   00000000   00000000   00000000
00000004   000003C0   00000000   00000000   00000000
00000001   000001C4   00000001   00000002   00420103
00000008   00000000   00000001   00000000   00000000
00000004   00000420   00000001   00000000   00000000
00000004   000003C0   00000010   00000000   00000000
00000004   00000408   00000008   00000000   00000000
00000001   FFFFFEC4   0000000B   00000002   00420103
00000004   00000438   00000000   00000000   00000000
00000004   00000438   00000008   00000000   00000000
00000001   000001C6   0000000A   00000002   00420103
00000004   00000450   00000000   00000000   00000000
00000001   000001D2   00000001   00000002   00420103
00000008   00000000   00000001   00000000   00000000
00000004   00000450   00000010   00000000   00000000
00000008   00000001   00000000   00000000   00000000
00000004   00000468   00000000   00000000   00000000
00000002   00000480   00000000   00000000   00000000
00000001   00000000   00000001   00000002   00420101
00000004   00000468   00000008   00000000   00000000
00000002   00000480   00000000   00000000   00000000
00000008   00000069   00000000   00000000   00000000
00000001   000001D4   0000000D   00000002   00420103
00000004   000004B0   00000000   00000000   00000000
00000001   000001E2   00000001   00000002   00420103
00000008   00000000   00000001   00000000   00000000
00000004   000004B0   00000010   00000000   00000000
00000008   00000001   00000000   00000000   00000000
00000004   000004C8   00000000   00000000   00000000
00000004   00000498   00000000   00000000   00000000
00000001   000001E4   00000001   00000002   00420103
00000008   00000000   00000001   00000000   00000000
00000004   000004E0   00000000   00000000   00000000
00000004   00000498   00000010   00000000   00000000
00000004   000004C8   00000008   00000000   00000000
00000004   000004E0   00000000   00000000   00000000
00000008   00000069   00000000   00000000   00000000
00000002   00000510   00000000   00000000   00000000
00000001   000001E6   00000002   00000002   00420103
00000004   000004F8   00000000   00000000   00000000
00000001   000001EA   00000001   00000002   00420103
00000008   00000000   00000001   00000000   00000000
00000004   00000528   00000000   00000000   00000000
00000004   000004F8   00000000   00000000   00000000
00000002   00000510   00000000   00000000   00000000
00000002   00000540   00000000   00000000   00000000
00000001   000001EC   00000018   00000002   00420103
00000004   00000528   00000010   00000000   00000000
00000002   00000558   00000000   00000000   00000000
00000002   00000558   00000000   00000000   00000000
00000002   00000558   00000000   00000000   00000000
00000001   00000206   00000008   00000002   00420103
00000004   00000570   00000000   00000000   00000000
00000001   00000210   00000001   00000002   00420103
00000008   00000000   00000001   00000000   00000000
00000004   00000588   00000000   00000000   00000000
00000004   00000570   00000000   00000000   00000000
00000001   00000212   00000002   00000002   00420103
00000002   00000558   00000000   00000000   00000000
00000002   00000558   00000000   00000000   00000000
00000004   00000588   00000000   00000000   00000000
00000002   00000558   00000000   00000000   00000000
00000002   00000558   00000000   00000000   00000000
00000001   00000216   00000007   00000002   00420103
00000002   000005A0   00000000   00000000   00000000
00000002   00000540   00000000   00000000   00000000
00000002   00000558   00000000   00000000   00000000
00000002   000005D0   00000000   00000000   00000000
00000001   0000021E   00000004   00000002   00420103
00000004   000005B8   00000000   00000000   00000000
00000001   00000224   00000001   00000002   00420103
00000008   00000000   00000001   00000000   00000000
00000004   000005E8   00000000   00000000   00000000
00000004   000005B8   00000000   00000000   00000000
00000002   000005D0   00000000   00000000   00000000
00000002   00000600   00000000   00000000   00000000
00000002   000005A0   00000000   00000000   00000000
00000004   000005E8   00000010   00000000   00000000
00000002   00000618   00000000   00000000   00000000
00000002   00000600   00000000   00000000   00000000
00000001   00000226   00000003   00000002   00420103
00000002   00000660   00000000   00000000   00000000
00000001   0000022A   00000007   00000002   00420103
00000004   00000648   00000000   00000000   00000000
00000001   00000232   00000001   00000002   00420103
00000008   00000000   00000001   00000000   00000000
00000004   00000678   00000000   00000000   00000000
00000004   00000648   00000000   00000000   00000000
00000002   00000660   00000000   00000000   00000000
00000004   00000630   00000000   00000000   00000000
00000001   00000234   0000000D   00000002   00420103
00000008   00000000   00000001   00000000   00000000
00000004   00000690   00000000   00000000   00000000
00000004   00000630   00000000   00000000   00000000
00000004   00000678   00000010   00000000   00000000
00000002   000006A8   00000000   00000000   00000000
00000002   00000618   00000000   00000000   00000000
00000004   00000690   00000010   00000000   00000000
00000002   000006C0   00000000   00000000   00000000
00000002   000006A8   00000000   00000000   00000000
00000001   00000242   00000005   00000002   00420103
00000002   000006C0   00000000   00000000   00000000
00000008   00000049   00000000   00000000   00000000
00000001   00000001   00000038   00000002   00120101
StringData [00000248]
00001882 -> C0 DE 49 00 00 00 69 00 00 00 FF FF FF FF 72 6F 6F 74 00 00 2E 2E 2F 00 72 6F 6F 74 00 00 73 65 73 69 75 73 65 72 2E 70 68 70 00 00 72 6F 6F 74 00 00 68 65 61 64 65 72 2E 70 68 70 00 00 71 75 65 72 79 53 74 72 69 6E 67 00 71 75 65 72 79 53 74 72 69 6E 67 00 71 75 65 72 79 53 74 72 69 6E 67 00 71 75 65 72 79 53 74 72 69 6E 67 00 71 66 69 65 6C 64 00 00 70 72 6F 64 69 00 20 41 4E 44 20 6D 61 6B 75 6C 2E 49 44 50 52 4F 44 49 3D 27 00 00 70 72 6F 64 69 00 27 20 00 00 71 66 69 65 6C 64 00 00 70 72 6F 64 69 73 00 00 70 72 6F 64 69 73 00 00 41 4E 44 20 6D 61 6B 75 6C 2E 49 44 50 52 4F 44 49 3D 27 00 27 00 71 66 69 65 6C 64 00 00 53 45 4C 45 43 54 20 6D 61 6B 75 6C 2E 49 44 09 20 2C 6D 61 6B 75 6C 2E 4E 41 4D 41 2C 20 20 6D 61 6B 75 6C 2E 49 44 50 52 4F 44 49 0D 0A 20 20 20 20 20 46 52 4F 4D 20 6D 61 6B 75 6C 0D 0A 20 20 20 20 20 57 48 45 52 45 20 0D 0A 20 20 20 20 20 20 0D 0A 20 20 20 20 20 28 6D 61 6B 75 6C 2E 4E 41 4D 41 20 4C 49 4B 45 20 27 25 00 00 71 75 65 72 79 53 74 72 69 6E 67 00 25 27 20 4F 52 2
ÀÞI...i...ÿÿÿÿroot..../.root..sesiuser.php..root..header.php..queryString.queryString.queryString.queryString.qfield..prodi. AND makul.IDPRODI='..prodi.' ..qfield..prodis..prodis..AND makul.IDPRODI='.'.qfield..SELECT makul.ID	 ,makul.NAMA,  makul.IDPRODI
     FROM makul
     WHERE 
      
     (makul.NAMA LIKE '%..queryString.%' OR makul.ID LIKE '.queryString.%')
     ..qfield..
     ORDER BY makul.ID   
     LIMIT 0,20..q.mysql_query.q.koneksi.h.sqlnumrows..h.sqlfetcharray.h.d.ID..d.<li onClick="fillMakul('..');"><b>..d.ID..</b> - .NAMA..d.,  .IDPRODI.d.arrayprodidep.</li>.
Length of unprocessed data: 00000004

=========> S t a g e  9  -  Interpreting IC_body/ByteCode

#0000: 0x53 ZEND_FETCH_W   LineNo: 0x0000  Flags: 0x07()
result: 04->VAR     00000000 00000000  00  00->NULL   00->val 0000
op1   : 01->CONST   0000000E 00000004  02  03->STRING 01->ref 0042
        KeyWord: root
op2   : 08->UNUSED  00000000 00000001  00  00->NULL   00->val 0000
----------------------------------------------------------------
[1] '$root
....................................................................
Buf: $arrayprodidepReturn (1)
______________________________________________________________________
#0001: 0x26 ZEND_ASSIGN   LineNo: 0x0000  Flags: 0x07()
result: 04->VAR     00000018 00000001  00  00->NULL   00->val 0000
op1   : 04->VAR     00000000 00000010  00  00->NULL   00->val 0000
op2   : 01->CONST   00000014 00000003  02  03->STRING 01->ref 0042
        KeyWord: ../
====================================================================
$arrayprodidepReturn (1)$root="../";
______________________________________________________________________
#0002: 0x50 ZEND_FETCH_R   LineNo: 0x0000  Flags: 0x07()
result: 04->VAR     00000030 00000000  00  00->NULL   00->val 0000
op1   : 01->CONST   00000018 00000004  02  03->STRING 01->ref 0042
        KeyWord: root
op2   : 08->UNUSED  00000000 00000001  00  00->NULL   00->val 0000
----------------------------------------------------------------
[1] '$root
______________________________________________________________________
#0003: 0x08 ZEND_CONCAT   LineNo: 0x0000  Flags: 0x07()
result: 02->TMP_VAR 00000048 00000000  00  00->NULL   00->val 0000
op1   : 04->VAR     00000030 00000010  00  00->NULL   00->val 0000
op2   : 01->CONST   0000001E 0000000C  02  03->STRING 01->ref 0042
        KeyWord: sesiuser.php
----------------------------------------------------------------
[1] '$root."sesiuser.php"
______________________________________________________________________
#0004: 0x49 ZEND_INCLUDE_OR_EVAL   LineNo: 0x0000  Flags: 0x07()
result: 04->VAR     00000060 00000001  00  00->NULL   00->val 0000
op1   : 02->TMP_VAR 00000048 00000000  00  00->NULL   00->val 0000
op2   : 08->UNUSED  00000002 00000000  00  00->NULL   00->val 0000
----------------------------------------------------------------
[1] '$root."sesiuser.php"
Correcting Stack error...
====================================================================
$root."sesiuser.php";
______________________________________________________________________
#0005: 0x50 ZEND_FETCH_R   LineNo: 0x0000  Flags: 0x07()
result: 04->VAR     00000078 00000000  00  00->NULL   00->val 0000
op1   : 01->CONST   0000002C 00000004  02  03->STRING 01->ref 0042
        KeyWord: root
op2   : 08->UNUSED  00000000 00000001  00  00->NULL   00->val 0000
----------------------------------------------------------------
[1] '$root
______________________________________________________________________
#0006: 0x08 ZEND_CONCAT   LineNo: 0x0000  Flags: 0x07()
result: 02->TMP_VAR 00000090 00000000  00  00->NULL   00->val 0000
op1   : 04->VAR     00000078 00000010  00  00->NULL   00->val 0000
op2   : 01->CONST   00000032 0000000A  02  03->STRING 01->ref 0042
        KeyWord: header.php
----------------------------------------------------------------
[1] '$root."header.php"
______________________________________________________________________
#0007: 0x49 ZEND_INCLUDE_OR_EVAL   LineNo: 0x0000  Flags: 0x07()
result: 04->VAR     000000A8 00000001  00  00->NULL   00->val 0000
op1   : 02->TMP_VAR 00000090 00000000  00  00->NULL   00->val 0000
op2   : 08->UNUSED  00000002 00000000  00  00->NULL   00->val 0000
----------------------------------------------------------------
[1] '$root."header.php"
Correcting Stack error...
====================================================================
$root."header.php";
______________________________________________________________________
#0008: 0x59 ZEND_FETCH_IS   LineNo: 0x0000  Flags: 0x03()
result: 04->VAR     000000C0 00000000  00  00->NULL   00->val 0000
op1   : 01->CONST   FFFFFFF7 00000005  02  03->STRING 01->ref 0042
        KeyWord: _POST
______________________________________________________________________
#0009: 0x73 ZEND_ISSET_ISEMPTY_DIM_OBJ   LineNo: 0x0000  Flags: 0x0F()
result: 02->TMP_VAR 000000D8 00000000  00  00->NULL   00->val 0000
op1   : 04->VAR     000000C0 00000000  00  00->NULL   00->val 0000
op2   : 01->CONST   0000003E 0000000B  02  03->STRING 01->ref 0042
        KeyWord: queryString
        extended_value(from Flag): 0001
______________________________________________________________________
#000A: 0x2B ZEND_JMPZ   LineNo: 0x0000  Flags: 0x06()
op1   : 02->TMP_VAR 000000D8 00000000  00  00->NULL   00->val 0000
op2   : 08->UNUSED  00000069 00000000  00  00->NULL   00->val 0000
....................................................................
Comment: Conditional jmp to #00000069
______________________________________________________________________
#000B: 0x50 ZEND_FETCH_R   LineNo: 0x0000  Flags: 0x03()
result: 04->VAR     00000108 00000000  00  00->NULL   00->val 0000
op1   : 01->CONST   FFFFFFF7 00000005  02  03->STRING 01->ref 0042
        KeyWord: _POST
----------------------------------------------------------------
[1] '$_POST
______________________________________________________________________
#000C: 0x51 ZEND_FETCH_DIM_R   LineNo: 0x0000  Flags: 0x07()
result: 04->VAR     00000120 00000000  00  00->NULL   00->val 0000
op1   : 04->VAR     00000108 00000000  00  00->NULL   00->val 0000
op2   : 01->CONST   0000004A 0000000B  02  03->STRING 01->ref 0042
        KeyWord: queryString
----------------------------------------------------------------
[1] '$_POST
______________________________________________________________________
#000D: 0x53 ZEND_FETCH_W   LineNo: 0x0000  Flags: 0x07()
result: 04->VAR     000000F0 00000000  00  00->NULL   00->val 0000
op1   : 01->CONST   00000056 0000000B  02  03->STRING 01->ref 0042
        KeyWord: queryString
op2   : 08->UNUSED  00000000 00000001  00  00->NULL   00->val 0000
----------------------------------------------------------------
[1] '$_POST
[2] '$queryString
______________________________________________________________________
#000E: 0x26 ZEND_ASSIGN   LineNo: 0x0000  Flags: 0x07()
result: 04->VAR     00000138 00000001  00  00->NULL   00->val 0000
op1   : 04->VAR     000000F0 00000010  00  00->NULL   00->val 0000
op2   : 04->VAR     00000120 00000010  00  00->NULL   00->val 0000
----------------------------------------------------------------
[1] '$_POST
Correcting Stack error...
====================================================================
$_POST;
______________________________________________________________________
#000F: 0x3B ZEND_INIT_FCALL_BY_NAME   LineNo: 0x0000  Flags: 0x04()
op2   : 01->CONST   FFFFFDF1 00000006  02  03->STRING 01->ref 0042
        KeyWord: strlen
----------------------------------------------------------------
[1] 'strlen
______________________________________________________________________
#0010: 0x5C ZEND_FETCH_FUNC_ARG   LineNo: 0x0000  Flags: 0x0F()
result: 04->VAR     00000150 00000000  00  00->NULL   00->val 0000
op1   : 01->CONST   00000062 0000000B  02  03->STRING 01->ref 0042
        KeyWord: queryString
op2   : 08->UNUSED  00000000 00000001  00  00->NULL   00->val 0000
        extended_value(from Flag): 0001
----------------------------------------------------------------
[1] 'strlen
[2] '$queryString
______________________________________________________________________
#0011: 0x42 ZEND_SEND_VAR   LineNo: 0x0000  Flags: 0x1E()
op1   : 04->VAR     00000150 00000010  00  00->NULL   00->val 0000
op2   : 08->UNUSED  00000001 00000000  00  00->NULL   00->val 0000
        extended_value(from File): 003D
----------------------------------------------------------------
[1] 'strlen
....................................................................
Comment: SHOULD_BE_SENT_BY_REF
______________________________________________________________________
#0012: 0x3D ZEND_DO_FCALL_BY_NAME   LineNo: 0x0000  Flags: 0x09()
result: 04->VAR     00000168 00000000  00  00->NULL   00->val 0000
        extended_value(from Flag): 0001
----------------------------------------------------------------
[1] 'strlen($queryString)
______________________________________________________________________
#0013: 0x13 ZEND_IS_SMALLER   LineNo: 0x0000  Flags: 0x07()
result: 02->TMP_VAR 00000180 00000000  00  00->NULL   00->val 0000
op1   : 01->CONST   00000002 00000001  02  01->LONG   01->ref 0042
op2   : 04->VAR     00000168 00000008  00  00->NULL   00->val 0000
----------------------------------------------------------------
[1] '2<strlen($queryString)
______________________________________________________________________
#0014: 0x2B ZEND_JMPZ   LineNo: 0x0000  Flags: 0x06()
op1   : 02->TMP_VAR 00000180 00000000  00  00->NULL   00->val 0000
op2   : 08->UNUSED  00000069 00000000  00  00->NULL   00->val 0000
....................................................................
Comment: Conditional jmp to #00000069
====================================================================
while (2<strlen($queryString)) {
______________________________________________________________________
#0015: 0x53 ZEND_FETCH_W   LineNo: 0x0000  Flags: 0x07()
result: 04->VAR     00000198 00000000  00  00->NULL   00->val 0000
op1   : 01->CONST   0000006E 00000006  02  03->STRING 01->ref 0042
        KeyWord: qfield
op2   : 08->UNUSED  00000000 00000001  00  00->NULL   00->val 0000
----------------------------------------------------------------
[1] '$qfield
______________________________________________________________________
#0016: 0x26 ZEND_ASSIGN   LineNo: 0x0000  Flags: 0x07()
result: 04->VAR     000001B0 00000001  00  00->NULL   00->val 0000
op1   : 04->VAR     00000198 00000010  00  00->NULL   00->val 0000
op2   : 01->CONST   022FF1F8 00000000  02  03->STRING 01->ref 0042
====================================================================
$qfield="36696568";
______________________________________________________________________
#0017: 0x50 ZEND_FETCH_R   LineNo: 0x0000  Flags: 0x07()
result: 04->VAR     000001C8 00000000  00  00->NULL   00->val 0000
op1   : 01->CONST   00000076 00000005  02  03->STRING 01->ref 0042
        KeyWord: prodi
op2   : 08->UNUSED  00000000 00000001  00  00->NULL   00->val 0000
----------------------------------------------------------------
[1] '$prodi
______________________________________________________________________
#0018: 0x12 ZEND_IS_NOT_EQUAL   LineNo: 0x0000  Flags: 0x07()
result: 02->TMP_VAR 000001E0 00000000  00  00->NULL   00->val 0000
op1   : 04->VAR     000001C8 00000010  00  00->NULL   00->val 0000
op2   : 01->CONST   0227DC28 00000000  02  03->STRING 01->ref 0042
----------------------------------------------------------------
[1] '$prodi!="36166696"
______________________________________________________________________
#0019: 0x2B ZEND_JMPZ   LineNo: 0x0000  Flags: 0x06()
op1   : 02->TMP_VAR 000001E0 00000000  00  00->NULL   00->val 0000
op2   : 08->UNUSED  00000021 00000000  00  00->NULL   00->val 0000
....................................................................
Comment: Conditional jmp to #00000021
====================================================================
while ($prodi!="36166696") {
______________________________________________________________________
#001A: 0x35 ZEND_INIT_STRING   LineNo: 0x0000  Flags: 0x01()
result: 02->TMP_VAR 00000210 00000000  00  00->NULL   00->val 0000
______________________________________________________________________
#001B: 0x37 ZEND_ADD_STRING   LineNo: 0x0000  Flags: 0x07()
result: 02->TMP_VAR 00000210 00000000  00  00->NULL   00->val 0000
op1   : 02->TMP_VAR 00000210 00000000  00  00->NULL   00->val 0000
op2   : 01->CONST   0000007C 00000014  02  03->STRING 01->ref 0042
        KeyWord:  AND makul.IDPRODI='
______________________________________________________________________
#001C: 0x50 ZEND_FETCH_R   LineNo: 0x0000  Flags: 0x07()
result: 04->VAR     00000228 00000000  00  00->NULL   00->val 0000
op1   : 01->CONST   00000092 00000005  02  03->STRING 01->ref 0042
        KeyWord: prodi
op2   : 08->UNUSED  00000000 00000001  00  00->NULL   00->val 0000
----------------------------------------------------------------
[1] '$prodi
______________________________________________________________________
#001D: 0x38 ZEND_ADD_VAR   LineNo: 0x0000  Flags: 0x07()
result: 02->TMP_VAR 00000210 00000000  00  00->NULL   00->val 0000
op1   : 02->TMP_VAR 00000210 00000000  00  00->NULL   00->val 0000
op2   : 04->VAR     00000228 00000000  00  00->NULL   00->val 0000
______________________________________________________________________
#001E: 0x37 ZEND_ADD_STRING   LineNo: 0x0000  Flags: 0x07()
result: 02->TMP_VAR 00000210 00000000  00  00->NULL   00->val 0000
op1   : 02->TMP_VAR 00000210 00000000  00  00->NULL   00->val 0000
op2   : 01->CONST   00000098 00000002  02  03->STRING 01->ref 0042
        KeyWord: ' 
______________________________________________________________________
#001F: 0x56 ZEND_FETCH_RW   LineNo: 0x0000  Flags: 0x07()
result: 04->VAR     000001F8 00000000  00  00->NULL   00->val 0000
op1   : 01->CONST   0000009C 00000006  02  03->STRING 01->ref 0042
        KeyWord: qfield
op2   : 08->UNUSED  00000000 00000001  00  00->NULL   00->val 0000
----------------------------------------------------------------
[1] '$qfield
______________________________________________________________________
#0020: 0x1E ZEND_ASSIGN_CONCAT   LineNo: 0x0000  Flags: 0x07()
result: 04->VAR     00000240 00000001  00  00->NULL   00->val 0000
op1   : 04->VAR     000001F8 00000010  00  00->NULL   00->val 0000
op2   : 02->TMP_VAR 00000210 00000000  00  00->NULL   00->val 0000
______________________________________________________________________
#0021: 0x50 ZEND_FETCH_R   LineNo: 0x0000  Flags: 0x03()
result: 04->VAR     00000258 00000000  00  00->NULL   00->val 0000
op1   : 01->CONST   FFFFFFF5 00000008  02  03->STRING 01->ref 0042
        KeyWord: _SESSION
----------------------------------------------------------------
[1] '$_SESSION
______________________________________________________________________
#0022: 0x51 ZEND_FETCH_DIM_R   LineNo: 0x0000  Flags: 0x07()
result: 04->VAR     00000270 00000000  00  00->NULL   00->val 0000
op1   : 04->VAR     00000258 00000000  00  00->NULL   00->val 0000
op2   : 01->CONST   000000A4 00000006  02  03->STRING 01->ref 0042
        KeyWord: prodis
----------------------------------------------------------------
[1] '$_SESSION
______________________________________________________________________
#0023: 0x12 ZEND_IS_NOT_EQUAL   LineNo: 0x0000  Flags: 0x07()
result: 02->TMP_VAR 00000288 00000000  00  00->NULL   00->val 0000
op1   : 04->VAR     00000270 00000010  00  00->NULL   00->val 0000
op2   : 01->CONST   0232BDA8 00000000  02  03->STRING 01->ref 0042
----------------------------------------------------------------
[1] '$_SESSION
______________________________________________________________________
#0024: 0x2B ZEND_JMPZ   LineNo: 0x0000  Flags: 0x06()
op1   : 02->TMP_VAR 00000288 00000000  00  00->NULL   00->val 0000
op2   : 08->UNUSED  0000002B 00000000  00  00->NULL   00->val 0000
----------------------------------------------------------------
[1] '$_SESSION
....................................................................
Comment: Conditional jmp to #0000002B
______________________________________________________________________
#0025: 0x50 ZEND_FETCH_R   LineNo: 0x0000  Flags: 0x03()
result: 04->VAR     000002B8 00000000  00  00->NULL   00->val 0000
op1   : 01->CONST   FFFFFFF5 00000008  02  03->STRING 01->ref 0042
        KeyWord: _SESSION
----------------------------------------------------------------
[1] '$_SESSION
[2] '$_SESSION
______________________________________________________________________
#0026: 0x51 ZEND_FETCH_DIM_R   LineNo: 0x0000  Flags: 0x07()
result: 04->VAR     000002D0 00000000  00  00->NULL   00->val 0000
op1   : 04->VAR     000002B8 00000000  00  00->NULL   00->val 0000
op2   : 01->CONST   000000AC 00000006  02  03->STRING 01->ref 0042
        KeyWord: prodis
----------------------------------------------------------------
[1] '$_SESSION
[2] '$_SESSION
______________________________________________________________________
#0027: 0x08 ZEND_CONCAT   LineNo: 0x0000  Flags: 0x07()
result: 02->TMP_VAR 000002E8 00000000  00  00->NULL   00->val 0000
op1   : 01->CONST   000000B4 00000013  02  03->STRING 01->ref 0042
        KeyWord: AND makul.IDPRODI='
op2   : 04->VAR     000002D0 00000010  00  00->NULL   00->val 0000
----------------------------------------------------------------
[1] '$_SESSION
[2] '$_SESSION
______________________________________________________________________
#0028: 0x08 ZEND_CONCAT   LineNo: 0x0000  Flags: 0x07()
result: 02->TMP_VAR 00000300 00000000  00  00->NULL   00->val 0000
op1   : 02->TMP_VAR 000002E8 00000000  00  00->NULL   00->val 0000
op2   : 01->CONST   000000C8 00000001  02  03->STRING 01->ref 0042
        KeyWord: '
----------------------------------------------------------------
[1] '$_SESSION
[2] '$_SESSION
______________________________________________________________________
#0029: 0x56 ZEND_FETCH_RW   LineNo: 0x0000  Flags: 0x07()
result: 04->VAR     000002A0 00000000  00  00->NULL   00->val 0000
op1   : 01->CONST   000000CA 00000006  02  03->STRING 01->ref 0042
        KeyWord: qfield
op2   : 08->UNUSED  00000000 00000001  00  00->NULL   00->val 0000
----------------------------------------------------------------
[1] '$_SESSION
[2] '$_SESSION
[3] '$qfield
______________________________________________________________________
#002A: 0x1E ZEND_ASSIGN_CONCAT   LineNo: 0x0000  Flags: 0x07()
result: 04->VAR     00000318 00000001  00  00->NULL   00->val 0000
op1   : 04->VAR     000002A0 00000010  00  00->NULL   00->val 0000
op2   : 02->TMP_VAR 00000300 00000000  00  00->NULL   00->val 0000
----------------------------------------------------------------
[1] '$_SESSION
[2] '$_SESSION
Correcting Stack error...
====================================================================
$_SESSION$_SESSION;
______________________________________________________________________
#002B: 0x35 ZEND_INIT_STRING   LineNo: 0x0000  Flags: 0x01()
result: 02->TMP_VAR 00000348 00000000  00  00->NULL   00->val 0000
______________________________________________________________________
#002C: 0x37 ZEND_ADD_STRING   LineNo: 0x0000  Flags: 0x07()
result: 02->TMP_VAR 00000348 00000000  00  00->NULL   00->val 0000
op1   : 02->TMP_VAR 00000348 00000000  00  00->NULL   00->val 0000
op2   : 01->CONST   000000D2 0000006C  02  03->STRING 01->ref 0042
        KeyWord: SELECT makul.ID	 ,makul.NAMA,  makul.IDPRODI
     FROM makul
     WHERE 
      
     (makul.NAMA LIKE '%
______________________________________________________________________
#002D: 0x50 ZEND_FETCH_R   LineNo: 0x0000  Flags: 0x07()
result: 04->VAR     00000360 00000000  00  00->NULL   00->val 0000
op1   : 01->CONST   00000140 0000000B  02  03->STRING 01->ref 0042
        KeyWord: queryString
op2   : 08->UNUSED  00000000 00000001  00  00->NULL   00->val 0000
----------------------------------------------------------------
[1] '$queryString
______________________________________________________________________
#002E: 0x38 ZEND_ADD_VAR   LineNo: 0x0000  Flags: 0x07()
result: 02->TMP_VAR 00000348 00000000  00  00->NULL   00->val 0000
op1   : 02->TMP_VAR 00000348 00000000  00  00->NULL   00->val 0000
op2   : 04->VAR     00000360 00000000  00  00->NULL   00->val 0000
______________________________________________________________________
#002F: 0x37 ZEND_ADD_STRING   LineNo: 0x0000  Flags: 0x07()
result: 02->TMP_VAR 00000348 00000000  00  00->NULL   00->val 0000
op1   : 02->TMP_VAR 00000348 00000000  00  00->NULL   00->val 0000
op2   : 01->CONST   0000014C 00000015  02  03->STRING 01->ref 0042
        KeyWord: %' OR makul.ID LIKE '
______________________________________________________________________
#0030: 0x50 ZEND_FETCH_R   LineNo: 0x0000  Flags: 0x07()
result: 04->VAR     00000378 00000000  00  00->NULL   00->val 0000
op1   : 01->CONST   00000162 0000000B  02  03->STRING 01->ref 0042
        KeyWord: queryString
op2   : 08->UNUSED  00000000 00000001  00  00->NULL   00->val 0000
----------------------------------------------------------------
[1] '$queryString
______________________________________________________________________
#0031: 0x38 ZEND_ADD_VAR   LineNo: 0x0000  Flags: 0x07()
result: 02->TMP_VAR 00000348 00000000  00  00->NULL   00->val 0000
op1   : 02->TMP_VAR 00000348 00000000  00  00->NULL   00->val 0000
op2   : 04->VAR     00000378 00000000  00  00->NULL   00->val 0000
______________________________________________________________________
#0032: 0x37 ZEND_ADD_STRING   LineNo: 0x0000  Flags: 0x07()
result: 02->TMP_VAR 00000348 00000000  00  00->NULL   00->val 0000
op1   : 02->TMP_VAR 00000348 00000000  00  00->NULL   00->val 0000
op2   : 01->CONST   0000016E 0000000A  02  03->STRING 01->ref 0042
        KeyWord: %')
     
______________________________________________________________________
#0033: 0x50 ZEND_FETCH_R   LineNo: 0x0000  Flags: 0x07()
result: 04->VAR     00000390 00000000  00  00->NULL   00->val 0000
op1   : 01->CONST   0000017A 00000006  02  03->STRING 01->ref 0042
        KeyWord: qfield
op2   : 08->UNUSED  00000000 00000001  00  00->NULL   00->val 0000
----------------------------------------------------------------
[1] '$qfield
______________________________________________________________________
#0034: 0x38 ZEND_ADD_VAR   LineNo: 0x0000  Flags: 0x07()
result: 02->TMP_VAR 00000348 00000000  00  00->NULL   00->val 0000
op1   : 02->TMP_VAR 00000348 00000000  00  00->NULL   00->val 0000
op2   : 04->VAR     00000390 00000000  00  00->NULL   00->val 0000
______________________________________________________________________
#0035: 0x37 ZEND_ADD_STRING   LineNo: 0x0000  Flags: 0x07()
result: 02->TMP_VAR 00000348 00000000  00  00->NULL   00->val 0000
op1   : 02->TMP_VAR 00000348 00000000  00  00->NULL   00->val 0000
op2   : 01->CONST   00000182 0000002C  02  03->STRING 01->ref 0042
        KeyWord: [Obfuscated]0D 0A 20 20 20 20 20 4F 52 44 45 52 20 42 59 20 6D 61 6B 75 6C 2E 49 44 20 20 20 0D 0A 20 20 20 20 20 4C 49 4D 49 54 20 30 2C 32 30 
______________________________________________________________________
#0036: 0x53 ZEND_FETCH_W   LineNo: 0x0000  Flags: 0x07()
result: 04->VAR     00000330 00000000  00  00->NULL   00->val 0000
op1   : 01->CONST   000001B0 00000001  02  03->STRING 01->ref 0042
        KeyWord: q
op2   : 08->UNUSED  00000000 00000001  00  00->NULL   00->val 0000
----------------------------------------------------------------
[1] '$q
______________________________________________________________________
#0037: 0x26 ZEND_ASSIGN   LineNo: 0x0000  Flags: 0x07()
result: 04->VAR     000003A8 00000001  00  00->NULL   00->val 0000
op1   : 04->VAR     00000330 00000010  00  00->NULL   00->val 0000
op2   : 02->TMP_VAR 00000348 00000000  00  00->NULL   00->val 0000
______________________________________________________________________
#0038: 0x3B ZEND_INIT_FCALL_BY_NAME   LineNo: 0x0000  Flags: 0x04()
op2   : 01->CONST   000001B2 00000007  02  03->STRING 01->ref 0042
        KeyWord: mysql_query
----------------------------------------------------------------
[1] 'mysql_query
______________________________________________________________________
#0039: 0x5C ZEND_FETCH_FUNC_ARG   LineNo: 0x0000  Flags: 0x0F()
result: 04->VAR     000003D8 00000000  00  00->NULL   00->val 0000
op1   : 01->CONST   000001BA 00000001  02  03->STRING 01->ref 0042
        KeyWord: q
op2   : 08->UNUSED  00000000 00000001  00  00->NULL   00->val 0000
        extended_value(from Flag): 0001
----------------------------------------------------------------
[1] 'mysql_query
[2] '$q
______________________________________________________________________
#003A: 0x42 ZEND_SEND_VAR   LineNo: 0x0000  Flags: 0x1E()
op1   : 04->VAR     000003D8 00000010  00  00->NULL   00->val 0000
op2   : 08->UNUSED  00000001 00000000  00  00->NULL   00->val 0000
        extended_value(from File): 003D
----------------------------------------------------------------
[1] 'mysql_query
....................................................................
Comment: SHOULD_BE_SENT_BY_REF
______________________________________________________________________
#003B: 0x5C ZEND_FETCH_FUNC_ARG   LineNo: 0x0000  Flags: 0x1F()
result: 04->VAR     000003F0 00000000  00  00->NULL   00->val 0000
op1   : 01->CONST   000001BC 00000007  02  03->STRING 01->ref 0042
        KeyWord: koneksi
op2   : 08->UNUSED  00000000 00000001  00  00->NULL   00->val 0000
        extended_value(from File): 0002
----------------------------------------------------------------
[1] 'mysql_query
[2] '$koneksi
______________________________________________________________________
#003C: 0x42 ZEND_SEND_VAR   LineNo: 0x0000  Flags: 0x1E()
op1   : 04->VAR     000003F0 00000010  00  00->NULL   00->val 0000
op2   : 08->UNUSED  00000002 00000000  00  00->NULL   00->val 0000
        extended_value(from File): 003D
----------------------------------------------------------------
[1] 'mysql_query
....................................................................
Comment: SHOULD_BE_SENT_BY_REF
______________________________________________________________________
#003D: 0x3D ZEND_DO_FCALL_BY_NAME   LineNo: 0x0000  Flags: 0x19()
result: 04->VAR     00000408 00000000  00  00->NULL   00->val 0000
        extended_value(from File): 0002
----------------------------------------------------------------
[1] 'mysqli_query($koneksi,$q)
______________________________________________________________________
#003E: 0x53 ZEND_FETCH_W   LineNo: 0x0000  Flags: 0x07()
result: 04->VAR     000003C0 00000000  00  00->NULL   00->val 0000
op1   : 01->CONST   000001C4 00000001  02  03->STRING 01->ref 0042
        KeyWord: h
op2   : 08->UNUSED  00000000 00000001  00  00->NULL   00->val 0000
----------------------------------------------------------------
[1] 'mysqli_query($koneksi,$q)
[2] '$h
______________________________________________________________________
#003F: 0x26 ZEND_ASSIGN   LineNo: 0x0000  Flags: 0x07()
result: 04->VAR     00000420 00000001  00  00->NULL   00->val 0000
op1   : 04->VAR     000003C0 00000010  00  00->NULL   00->val 0000
op2   : 04->VAR     00000408 00000008  00  00->NULL   00->val 0000
====================================================================
$h=mysqli_query($koneksi,$q);
______________________________________________________________________
#0040: 0x3B ZEND_INIT_FCALL_BY_NAME   LineNo: 0x0000  Flags: 0x04()
op2   : 01->CONST   FFFFFEC4 0000000B  02  03->STRING 01->ref 0042
        KeyWord: mysql_error
----------------------------------------------------------------
[1] 'mysql_error
______________________________________________________________________
#0041: 0x3D ZEND_DO_FCALL_BY_NAME   LineNo: 0x0000  Flags: 0x01()
result: 04->VAR     00000438 00000000  00  00->NULL   00->val 0000
----------------------------------------------------------------
[1] 'mysql_error()
______________________________________________________________________
#0042: 0x28 ZEND_ECHO   LineNo: 0x0000  Flags: 0x02()
op1   : 04->VAR     00000438 00000008  00  00->NULL   00->val 0000
====================================================================
echo mysql_error();
______________________________________________________________________
#0043: 0x3B ZEND_INIT_FCALL_BY_NAME   LineNo: 0x0000  Flags: 0x04()
op2   : 01->CONST   000001C6 0000000A  02  03->STRING 01->ref 0042
        KeyWord: sqlnumrows
----------------------------------------------------------------
[1] 'sqlnumrows
______________________________________________________________________
#0044: 0x5C ZEND_FETCH_FUNC_ARG   LineNo: 0x0000  Flags: 0x0F()
result: 04->VAR     00000450 00000000  00  00->NULL   00->val 0000
op1   : 01->CONST   000001D2 00000001  02  03->STRING 01->ref 0042
        KeyWord: h
op2   : 08->UNUSED  00000000 00000001  00  00->NULL   00->val 0000
        extended_value(from Flag): 0001
----------------------------------------------------------------
[1] 'sqlnumrows
[2] '$h
______________________________________________________________________
#0045: 0x42 ZEND_SEND_VAR   LineNo: 0x0000  Flags: 0x1E()
op1   : 04->VAR     00000450 00000010  00  00->NULL   00->val 0000
op2   : 08->UNUSED  00000001 00000000  00  00->NULL   00->val 0000
        extended_value(from File): 003D
----------------------------------------------------------------
[1] 'sqlnumrows
....................................................................
Comment: SHOULD_BE_SENT_BY_REF
______________________________________________________________________
#0046: 0x3D ZEND_DO_FCALL_BY_NAME   LineNo: 0x0000  Flags: 0x09()
result: 04->VAR     00000468 00000000  00  00->NULL   00->val 0000
        extended_value(from Flag): 0001
----------------------------------------------------------------
[1] 'sqlnumrows($h)
______________________________________________________________________
#0047: 0x13 ZEND_IS_SMALLER   LineNo: 0x0000  Flags: 0x07()
result: 02->TMP_VAR 00000480 00000000  00  00->NULL   00->val 0000
op1   : 01->CONST   00000000 00000001  02  01->LONG   01->ref 0042
op2   : 04->VAR     00000468 00000008  00  00->NULL   00->val 0000
______________________________________________________________________
#0048: 0x2B ZEND_JMPZ   LineNo: 0x0000  Flags: 0x06()
op1   : 02->TMP_VAR 00000480 00000000  00  00->NULL   00->val 0000
op2   : 08->UNUSED  00000069 00000000  00  00->NULL   00->val 0000
....................................................................
Comment: Conditional jmp to #00000069
______________________________________________________________________
#0049: 0x3B ZEND_INIT_FCALL_BY_NAME   LineNo: 0x0000  Flags: 0x04()
op2   : 01->CONST   000001D4 0000000D  02  03->STRING 01->ref 0042
        KeyWord: sqlfetcharray
----------------------------------------------------------------
[1] 'sqlfetcharray
______________________________________________________________________
#004A: 0x5C ZEND_FETCH_FUNC_ARG   LineNo: 0x0000  Flags: 0x0F()
result: 04->VAR     000004B0 00000000  00  00->NULL   00->val 0000
op1   : 01->CONST   000001E2 00000001  02  03->STRING 01->ref 0042
        KeyWord: h
op2   : 08->UNUSED  00000000 00000001  00  00->NULL   00->val 0000
        extended_value(from Flag): 0001
----------------------------------------------------------------
[1] 'sqlfetcharray
[2] '$h
______________________________________________________________________
#004B: 0x42 ZEND_SEND_VAR   LineNo: 0x0000  Flags: 0x1E()
op1   : 04->VAR     000004B0 00000010  00  00->NULL   00->val 0000
op2   : 08->UNUSED  00000001 00000000  00  00->NULL   00->val 0000
        extended_value(from File): 003D
----------------------------------------------------------------
[1] 'sqlfetcharray
....................................................................
Comment: SHOULD_BE_SENT_BY_REF
______________________________________________________________________
#004C: 0x3D ZEND_DO_FCALL_BY_NAME   LineNo: 0x0000  Flags: 0x09()
result: 04->VAR     000004C8 00000000  00  00->NULL   00->val 0000
        extended_value(from Flag): 0001
----------------------------------------------------------------
[1] 'sqlfetcharray($h)
______________________________________________________________________
#004D: 0x53 ZEND_FETCH_W   LineNo: 0x0000  Flags: 0x07()
result: 04->VAR     00000498 00000000  00  00->NULL   00->val 0000
op1   : 01->CONST   000001E4 00000001  02  03->STRING 01->ref 0042
        KeyWord: d
op2   : 08->UNUSED  00000000 00000001  00  00->NULL   00->val 0000
----------------------------------------------------------------
[1] 'sqlfetcharray($h)
[2] '$d
______________________________________________________________________
#004E: 0x26 ZEND_ASSIGN   LineNo: 0x0000  Flags: 0x07()
result: 04->VAR     000004E0 00000000  00  00->NULL   00->val 0000
op1   : 04->VAR     00000498 00000010  00  00->NULL   00->val 0000
op2   : 04->VAR     000004C8 00000008  00  00->NULL   00->val 0000
----------------------------------------------------------------
[1] '$d=sqlfetcharray($h)
______________________________________________________________________
#004F: 0x2B ZEND_JMPZ   LineNo: 0x0000  Flags: 0x06()
op1   : 04->VAR     000004E0 00000000  00  00->NULL   00->val 0000
op2   : 08->UNUSED  00000069 00000000  00  00->NULL   00->val 0000
....................................................................
Comment: Conditional jmp to #00000069
====================================================================
while ($d=sqlfetcharray($h)) {
______________________________________________________________________
#0050: 0x63 ZEND_FETCH_CONSTANT   LineNo: 0x0000  Flags: 0x05()
result: 02->TMP_VAR 00000510 00000000  00  00->NULL   00->val 0000
op2   : 01->CONST   000001E6 00000002  02  03->STRING 01->ref 0042
        KeyWord: ID
______________________________________________________________________
#0051: 0x50 ZEND_FETCH_R   LineNo: 0x0000  Flags: 0x07()
result: 04->VAR     000004F8 00000000  00  00->NULL   00->val 0000
op1   : 01->CONST   000001EA 00000001  02  03->STRING 01->ref 0042
        KeyWord: d
op2   : 08->UNUSED  00000000 00000001  00  00->NULL   00->val 0000
----------------------------------------------------------------
[1] '$d
______________________________________________________________________
#0052: 0x51 ZEND_FETCH_DIM_R   LineNo: 0x0000  Flags: 0x07()
result: 04->VAR     00000528 00000000  00  00->NULL   00->val 0000
op1   : 04->VAR     000004F8 00000000  00  00->NULL   00->val 0000
op2   : 02->TMP_VAR 00000510 00000000  00  00->NULL   00->val 0000
----------------------------------------------------------------
[1] '$d
______________________________________________________________________
#0053: 0x08 ZEND_CONCAT   LineNo: 0x0000  Flags: 0x07()
result: 02->TMP_VAR 00000540 00000000  00  00->NULL   00->val 0000
op1   : 01->CONST   000001EC 00000018  02  03->STRING 01->ref 0042
        KeyWord: <li onClick="fillMakul('
op2   : 04->VAR     00000528 00000010  00  00->NULL   00->val 0000
----------------------------------------------------------------
[1] '$d
______________________________________________________________________
#0054: 0x35 ZEND_INIT_STRING   LineNo: 0x0000  Flags: 0x01()
result: 02->TMP_VAR 00000558 00000000  00  00->NULL   00->val 0000
----------------------------------------------------------------
[1] '$d
______________________________________________________________________
#0055: 0x37 ZEND_ADD_STRING   LineNo: 0x0000  Flags: 0x07()
result: 02->TMP_VAR 00000558 00000000  00  00->NULL   00->val 0000
op1   : 02->TMP_VAR 00000558 00000000  00  00->NULL   00->val 0000
op2   : 01->CONST   00000206 00000008  02  03->STRING 01->ref 0042
        KeyWord: ');"><b>
----------------------------------------------------------------
[1] '$d
______________________________________________________________________
#0056: 0x50 ZEND_FETCH_R   LineNo: 0x0000  Flags: 0x07()
result: 04->VAR     00000570 00000000  00  00->NULL   00->val 0000
op1   : 01->CONST   00000210 00000001  02  03->STRING 01->ref 0042
        KeyWord: d
op2   : 08->UNUSED  00000000 00000001  00  00->NULL   00->val 0000
----------------------------------------------------------------
[1] '$d
[2] '$d
______________________________________________________________________
#0057: 0x51 ZEND_FETCH_DIM_R   LineNo: 0x0000  Flags: 0x07()
result: 04->VAR     00000588 00000000  00  00->NULL   00->val 0000
op1   : 04->VAR     00000570 00000000  00  00->NULL   00->val 0000
op2   : 01->CONST   00000212 00000002  02  03->STRING 01->ref 0042
        KeyWord: ID
----------------------------------------------------------------
[1] '$d
[2] '$d
______________________________________________________________________
#0058: 0x38 ZEND_ADD_VAR   LineNo: 0x0000  Flags: 0x07()
result: 02->TMP_VAR 00000558 00000000  00  00->NULL   00->val 0000
op1   : 02->TMP_VAR 00000558 00000000  00  00->NULL   00->val 0000
op2   : 04->VAR     00000588 00000000  00  00->NULL   00->val 0000
----------------------------------------------------------------
[1] '$d
[2] '$d
______________________________________________________________________
#0059: 0x37 ZEND_ADD_STRING   LineNo: 0x0000  Flags: 0x07()
result: 02->TMP_VAR 00000558 00000000  00  00->NULL   00->val 0000
op1   : 02->TMP_VAR 00000558 00000000  00  00->NULL   00->val 0000
op2   : 01->CONST   00000216 00000007  02  03->STRING 01->ref 0042
        KeyWord: </b> - 
----------------------------------------------------------------
[1] '$d
[2] '$d
______________________________________________________________________
#005A: 0x08 ZEND_CONCAT   LineNo: 0x0000  Flags: 0x07()
result: 02->TMP_VAR 000005A0 00000000  00  00->NULL   00->val 0000
op1   : 02->TMP_VAR 00000540 00000000  00  00->NULL   00->val 0000
op2   : 02->TMP_VAR 00000558 00000000  00  00->NULL   00->val 0000
----------------------------------------------------------------
[1] '$d
[2] '$d
______________________________________________________________________
#005B: 0x63 ZEND_FETCH_CONSTANT   LineNo: 0x0000  Flags: 0x05()
result: 02->TMP_VAR 000005D0 00000000  00  00->NULL   00->val 0000
op2   : 01->CONST   0000021E 00000004  02  03->STRING 01->ref 0042
        KeyWord: NAMA
----------------------------------------------------------------
[1] '$d
[2] '$d
______________________________________________________________________
#005C: 0x50 ZEND_FETCH_R   LineNo: 0x0000  Flags: 0x07()
result: 04->VAR     000005B8 00000000  00  00->NULL   00->val 0000
op1   : 01->CONST   00000224 00000001  02  03->STRING 01->ref 0042
        KeyWord: d
op2   : 08->UNUSED  00000000 00000001  00  00->NULL   00->val 0000
----------------------------------------------------------------
[1] '$d
[2] '$d
[3] '$d
______________________________________________________________________
#005D: 0x51 ZEND_FETCH_DIM_R   LineNo: 0x0000  Flags: 0x07()
result: 04->VAR     000005E8 00000000  00  00->NULL   00->val 0000
op1   : 04->VAR     000005B8 00000000  00  00->NULL   00->val 0000
op2   : 02->TMP_VAR 000005D0 00000000  00  00->NULL   00->val 0000
----------------------------------------------------------------
[1] '$d
[2] '$d
[3] '$d
______________________________________________________________________
#005E: 0x08 ZEND_CONCAT   LineNo: 0x0000  Flags: 0x07()
result: 02->TMP_VAR 00000600 00000000  00  00->NULL   00->val 0000
op1   : 02->TMP_VAR 000005A0 00000000  00  00->NULL   00->val 0000
op2   : 04->VAR     000005E8 00000010  00  00->NULL   00->val 0000
----------------------------------------------------------------
[1] '$d
[2] '$d
[3] '$d
______________________________________________________________________
#005F: 0x08 ZEND_CONCAT   LineNo: 0x0000  Flags: 0x07()
result: 02->TMP_VAR 00000618 00000000  00  00->NULL   00->val 0000
op1   : 02->TMP_VAR 00000600 00000000  00  00->NULL   00->val 0000
op2   : 01->CONST   00000226 00000003  02  03->STRING 01->ref 0042
        KeyWord: ,  
----------------------------------------------------------------
[1] '$d
[2] '$d
[3] '$d
______________________________________________________________________
#0060: 0x63 ZEND_FETCH_CONSTANT   LineNo: 0x0000  Flags: 0x05()
result: 02->TMP_VAR 00000660 00000000  00  00->NULL   00->val 0000
op2   : 01->CONST   0000022A 00000007  02  03->STRING 01->ref 0042
        KeyWord: IDPRODI
----------------------------------------------------------------
[1] '$d
[2] '$d
[3] '$d
______________________________________________________________________
#0061: 0x50 ZEND_FETCH_R   LineNo: 0x0000  Flags: 0x07()
result: 04->VAR     00000648 00000000  00  00->NULL   00->val 0000
op1   : 01->CONST   00000232 00000001  02  03->STRING 01->ref 0042
        KeyWord: d
op2   : 08->UNUSED  00000000 00000001  00  00->NULL   00->val 0000
----------------------------------------------------------------
[1] '$d
[2] '$d
[3] '$d
[4] '$d
______________________________________________________________________
#0062: 0x51 ZEND_FETCH_DIM_R   LineNo: 0x0000  Flags: 0x07()
result: 04->VAR     00000678 00000000  00  00->NULL   00->val 0000
op1   : 04->VAR     00000648 00000000  00  00->NULL   00->val 0000
op2   : 02->TMP_VAR 00000660 00000000  00  00->NULL   00->val 0000
----------------------------------------------------------------
[1] '$d
[2] '$d
[3] '$d
[4] '$d
______________________________________________________________________
#0063: 0x50 ZEND_FETCH_R   LineNo: 0x0000  Flags: 0x07()
result: 04->VAR     00000630 00000000  00  00->NULL   00->val 0000
op1   : 01->CONST   00000234 0000000D  02  03->STRING 01->ref 0042
        KeyWord: arrayprodidep
op2   : 08->UNUSED  00000000 00000001  00  00->NULL   00->val 0000
----------------------------------------------------------------
[1] '$d
[2] '$d
[3] '$d
[4] '$d
[5] '$arrayprodidep
______________________________________________________________________
#0064: 0x51 ZEND_FETCH_DIM_R   LineNo: 0x0000  Flags: 0x07()
result: 04->VAR     00000690 00000000  00  00->NULL   00->val 0000
op1   : 04->VAR     00000630 00000000  00  00->NULL   00->val 0000
op2   : 04->VAR     00000678 00000010  00  00->NULL   00->val 0000
----------------------------------------------------------------
[1] '$d
[2] '$d
[3] '$d
[4] '$d
[5] '$arrayprodidep
______________________________________________________________________
#0065: 0x08 ZEND_CONCAT   LineNo: 0x0000  Flags: 0x07()
result: 02->TMP_VAR 000006A8 00000000  00  00->NULL   00->val 0000
op1   : 02->TMP_VAR 00000618 00000000  00  00->NULL   00->val 0000
op2   : 04->VAR     00000690 00000010  00  00->NULL   00->val 0000
----------------------------------------------------------------
[1] '$d
[2] '$d
[3] '$d
[4] '$d
[5] '$arrayprodidep
______________________________________________________________________
#0066: 0x08 ZEND_CONCAT   LineNo: 0x0000  Flags: 0x07()
result: 02->TMP_VAR 000006C0 00000000  00  00->NULL   00->val 0000
op1   : 02->TMP_VAR 000006A8 00000000  00  00->NULL   00->val 0000
op2   : 01->CONST   00000242 00000005  02  03->STRING 01->ref 0042
        KeyWord: </li>
----------------------------------------------------------------
[1] '$d
[2] '$d
[3] '$d
[4] '$d
[5] '$arrayprodidep
______________________________________________________________________
#0067: 0x28 ZEND_ECHO   LineNo: 0x0000  Flags: 0x02()
op1   : 02->TMP_VAR 000006C0 00000000  00  00->NULL   00->val 0000
----------------------------------------------------------------
[1] '$d
[2] '$d
[3] '$d
[4] '$d
[5] '$arrayprodidep
______________________________________________________________________
#0068: 0x2A ZEND_JMP   LineNo: 0x0000  Flags: 0x02()
op1   : 08->UNUSED  00000049 00000000  00  00->NULL   00->val 0000
----------------------------------------------------------------
[1] '$d
[2] '$d
[3] '$d
[4] '$d
[5] '$arrayprodidep
....................................................................
Comment: GoTo Command #0049
....................................................................
Buf: $arrayprodidep
______________________________________________________________________
#0069: 0x3E ZEND_RETURN   LineNo: 0x0000  Flags: 0x02()
op1   : 01->CONST   00000001 00000038  02  01->LONG   01->ref 0012
----------------------------------------------------------------
[1] '$d
[2] '$d
[3] '$d
[4] '$d
....................................................................
Buf: $arrayprodidepReturn (1)
______________________________________________________________________
#006A: 0x95 ZEND_HANDLE_EXCEPTION   LineNo: 0x0000  Flags: 0x00()
______________________________________________________________________
ERR: Decompiling this function is finish but there's still data on the decompile stack ->Dumping that data now...
FunctionsCount: 0000
Classes: 0000
File sucessfully processes!

