========== Ioncube_Decoder 1.1.40  LogFile ==========

=========> S t a g e  0  -  Getting RawData (UnBase64-Raw.bin)

Opening C:\AppServ\www\siakad\lib\caricalonmahasiswa.php
000003AF -> Start of ionCubeData...
00000D5F -> 000009B0 Bytes read.
IC_Base64_Marker: '4+oV' Decoding Base64->Bin...

=========> S t a g e  1  -  Validating RawData

ionCubeVersionType: 3CCC22E1 [Encrypted: 149FEC13]
ioncube_Version_Type 3

=========> S t a g e  2  -  Processing RawData

RawBinData_Size: 00000AD7
FileSizeKey: 2395B626 (RawBinData_Size + 12321) Xor &H23958CDE
Header_FileSizeKey: 2395B624
Header_FileSizeKey and FileSizeKey are different! (Difference: 00000002)
Note: RawBinData_Size calculate from Header_FileSizeKey is: 00000ADD  (Difference: 00000006)
Header_Size: 000000BE (InitKey for MT: 2EB0A7D8)
Adler32_CRC for 'IC_Raw[0004]..[00DF]' and calculated MATCH. CRC: 677D6945

=========> S t a g e  3  -  Extracting Header from RawData (->IC_Header.bin)


=========> S t a g e  4  -  Interpreting IC_Header

Minimum Loader Version: 00.00.00 (for ex. ioncube_loader_win_4.3.dll requires >0301010)
VerData 0x00000003
ObfuFlags 00000000 00000000

ObfuFuncHashSeed: 
Bytecode_XorKey: 0036928D
IncludeXorKey[should be 0xE9FC23B1]: E9FC23B1
LicenseFile: lisensi.txt
DisableCheckingOfLicenseRestrictions: 1
LicensePassphrase: lisensi
CustomErrCallbackHandler: 'ioncube_event_handler'
Enable_auto_prepend_Append_file: 0
Customised error messages entries: 0x00
Include file protection entries: 0x00
Adler32_CRC for '<?php //... ?>' and calculated MATCH. CRC: EB60391D
IC_HeaderEx start: 0086
IC_HeaderEx end: 00AE   IC_Header HeaderSize: 00BE

=========> S t a g e  5  -  Interpreting IC_HeaderEx

0001 <-IC_Type_Minor
0005 <-IC_Type_Major
The file [%s] was encoded with the PHP 5 ionCube Encoder, and requires PHP 5 to be installed.
00000CE7 <-PhpFlags
  0x0001  0001
  0x0002  0002 
  0x0004  0004 
  0x0020  Allow run with untrusted server extensions
  0x0040  PHP5_Body
  0x0080  CmdBytesAreEncrypted
  0x0400  EncryptStrings[KeyWord.c_Object] in memory during Compile& Execute
  0x0800  ObfuscateStripLineNumbers

IC Encoder Registration data(MemberID): 0x10050603  30754
Bytecode_MT_XorKey: 0036928D
Copy of IncludeXorKey in Header_MoreData: 0xE9FC23B1
unknown Data: 7D01A8C0 E3FC1B00 2690 00 00
EvalTimeMin: 10/5/2012 4:13:15 AM   1365BB54 '+0500DA46'=>506E5E5B seconds since 1.1.1970
EvalTimeMax: 10/5/2012 4:13:15 AM   4B6D8415 '+3D08A307'=>506E5E5B seconds since 1.1.1970
BodyStartOffset: 0x000000E7

=========> S t a g e  6  -  Extracting & Inflating IC_body from RawData (->IC_body.bin)

000000EB  Body_MT_Seed: 77112759
000000EF  Bytecode_MT_Seed: 41DB56AB

=========> S t a g e  7  -  Reading IC_body.bin


=========> S t a g e  8  -  Read function body data

Reading Body
00000008 -> 00000002
S2[Fixed Size 0x70]:
0000007A ->  00000002
 Skipped3 ->  00000000
 FuncNameStart ->  00000000 00000000
 CmdData ->  00000000
 Args ->  00000000
 ArgsMin ->  00000000
 php4Extra ->  01F6D668 00000000 005C15C8 01ED6FF8 00000075 00000075
 Skipped1 ->  0000004C 00000002 00000001
 PHPFileNamePtr ->  FFFFFFFF
 Php5-O1  00000000
 Php5-O1Count  00000000 00000000 00000000 00000000 00000000 01EB6A50 00000000 0041B0C0 00000000 00000000
 
00000079 -> FunctionName:  function {MainFunction}
 
00000082 -> 00000075<-CmdCount
byteCmds[Elementsize=0x2] Elements: 0000007C
Command(Encrypted)
------------------
0788
0717
0785
078B
072D
0740
0794
07A1
0335
0FD5
06C0
0376
0722
0747
0768
049A
0F7C
1E67
003D
0914
07AE
06BC
0713
078B
078B
07C5
06F3
0131
0793
07CE
07A2
07B2
07E0
07F1
078C
07B2
067B
01EB
0736
0780
07C0
075A
07D0
07BF
0716
0764
06FE
01FE
0744
07D8
07A7
07D5
0770
074E
01E5
07DE
0746
0702
07E1
07F1
0778
0787
079B
078F
07BE
0745
07AF
0466
0F53
1ED7
003D
1F4A
0002
1E1A
003D
1969
0002
07AC
07E9
0496
0187
02BF
04A9
0FB9
1EDE
003D
0958
0737
06EB
0461
0FF0
1E7A
003D
09BC
0711
0702
06D9
05CA
075B
073E
076A
0155
0792
07F6
071A
073B
0782
0791
0575
0737
077F
070E
079C
05C0
07B9
073D
07B9
07AA
077F
0715
025F
0212
022D
0095
CmdParams[Elementsize=0x14] Elements: 00000125
Type      Op1       Op2       Flags5    Flags
---------------------------------------------
00000004   00000000   00000000   00000000   00000000
00000001   0000000E   00000004   00000002   00420103
00000008   00000000   00000001   00000000   00000000
00000004   00000018   00000001   00000000   00000000
00000004   00000000   00000010   00000000   00000000
00000001   00000014   00000003   00000002   00420103
00000004   00000030   00000000   00000000   00000000
00000001   00000018   00000004   00000002   00420103
00000008   00000000   00000001   00000000   00000000
00000002   00000048   00000000   00000000   00000000
00000004   00000030   00000010   00000000   00000000
00000001   0000001E   0000000C   00000002   00420103
00000004   00000060   00000001   00000000   00000000
00000002   00000048   00000000   00000000   00000000
00000008   00000002   00000000   00000000   00000000
00000004   00000078   00000000   00000000   00000000
00000001   0000002C   00000004   00000002   00420103
00000008   00000000   00000001   00000000   00000000
00000002   00000090   00000000   00000000   00000000
00000004   00000078   00000010   00000000   00000000
00000001   00000032   0000000A   00000002   00420103
00000004   000000A8   00000001   00000000   00000000
00000002   00000090   00000000   00000000   00000000
00000008   00000002   00000000   00000000   00000000
00000004   000000C0   00000000   00000000   00000000
00000001   FFFFFFF7   00000005   00000002   00420103
00000002   000000D8   00000000   00000000   00000000
00000004   000000C0   00000000   00000000   00000000
00000001   0000003E   0000000B   00000002   00420103
00000002   000000D8   00000000   00000000   00000000
00000008   00000073   00000000   00000000   00000000
00000004   00000108   00000000   00000000   00000000
00000001   FFFFFFF7   00000005   00000002   00420103
00000004   00000120   00000000   00000000   00000000
00000004   00000108   00000000   00000000   00000000
00000001   0000004A   0000000B   00000002   00420103
00000004   000000F0   00000000   00000000   00000000
00000001   00000056   0000000B   00000002   00420103
00000008   00000000   00000001   00000000   00000000
00000004   00000138   00000001   00000000   00000000
00000004   000000F0   00000010   00000000   00000000
00000004   00000120   00000010   00000000   00000000
00000001   FFFFFDF1   00000006   00000002   00420103
00000004   00000150   00000000   00000000   00000000
00000001   00000062   0000000B   00000002   00420103
00000008   00000000   00000001   00000000   00000000
00000004   00000150   00000010   00000000   00000000
00000008   00000001   00000000   00000000   00000000
00000004   00000168   00000000   00000000   00000000
00000002   00000180   00000000   00000000   00000000
00000001   00000002   00000001   00000002   00420101
00000004   00000168   00000008   00000000   00000000
00000002   00000180   00000000   00000000   00000000
00000008   00000073   00000000   00000000   00000000
00000004   00000198   00000000   00000000   00000000
00000001   0000006E   00000006   00000002   00420103
00000008   00000000   00000001   00000000   00000000
00000004   000001B0   00000001   00000000   00000000
00000004   00000198   00000010   00000000   00000000
00000001   01F6CFE0   00000000   00000002   00420103
00000004   000001C8   00000000   00000000   00000000
00000001   00000076   00000005   00000002   00420103
00000008   00000000   00000001   00000000   00000000
00000002   000001E0   00000000   00000000   00000000
00000004   000001C8   00000010   00000000   00000000
00000001   005E1120   00000000   00000002   00420103
00000002   000001E0   00000000   00000000   00000000
00000008   00000021   00000000   00000000   00000000
00000002   00000210   00000000   00000000   00000000
00000002   00000210   00000000   00000000   00000000
00000002   00000210   00000000   00000000   00000000
00000001   0000007C   0000001B   00000002   00420103
00000004   00000228   00000000   00000000   00000000
00000001   00000098   00000005   00000002   00420103
00000008   00000000   00000001   00000000   00000000
00000002   00000210   00000000   00000000   00000000
00000002   00000210   00000000   00000000   00000000
00000004   00000228   00000000   00000000   00000000
00000002   00000210   00000000   00000000   00000000
00000002   00000210   00000000   00000000   00000000
00000001   0000009E   00000001   00000002   00420103
00000004   000001F8   00000000   00000000   00000000
00000001   000000A0   00000006   00000002   00420103
00000008   00000000   00000001   00000000   00000000
00000004   00000240   00000001   00000000   00000000
00000004   000001F8   00000010   00000000   00000000
00000002   00000210   00000000   00000000   00000000
00000004   00000258   00000000   00000000   00000000
00000001   000000A8   00000009   00000002   00420103
00000008   00000000   00000001   00000000   00000000
00000002   00000270   00000000   00000000   00000000
00000004   00000258   00000010   00000000   00000000
00000001   01E517A8   00000000   00000002   00420103
00000002   00000270   00000000   00000000   00000000
00000008   0000002B   00000000   00000000   00000000
00000002   000002A0   00000000   00000000   00000000
00000002   000002A0   00000000   00000000   00000000
00000002   000002A0   00000000   00000000   00000000
00000001   000000B2   0000001F   00000002   00420103
00000004   000002B8   00000000   00000000   00000000
00000001   000000D2   00000009   00000002   00420103
00000008   00000000   00000001   00000000   00000000
00000002   000002A0   00000000   00000000   00000000
00000002   000002A0   00000000   00000000   00000000
00000004   000002B8   00000000   00000000   00000000
00000002   000002A0   00000000   00000000   00000000
00000002   000002A0   00000000   00000000   00000000
00000001   000000DC   00000001   00000002   00420103
00000004   00000288   00000000   00000000   00000000
00000001   000000DE   00000006   00000002   00420103
00000008   00000000   00000001   00000000   00000000
00000004   000002D0   00000001   00000000   00000000
00000004   00000288   00000010   00000000   00000000
00000002   000002A0   00000000   00000000   00000000
00000004   000002E8   00000000   00000000   00000000
00000001   000000E6   00000009   00000002   00420103
00000008   00000000   00000001   00000000   00000000
00000002   00000300   00000000   00000000   00000000
00000004   000002E8   00000010   00000000   00000000
00000001   01EBDF98   00000000   00000002   00420103
00000002   00000300   00000000   00000000   00000000
00000008   00000035   00000000   00000000   00000000
00000002   00000330   00000000   00000000   00000000
00000002   00000330   00000000   00000000   00000000
00000002   00000330   00000000   00000000   00000000
00000001   000000F0   0000001D   00000002   00420103
00000004   00000348   00000000   00000000   00000000
00000001   0000010E   00000009   00000002   00420103
00000008   00000000   00000001   00000000   00000000
00000002   00000330   00000000   00000000   00000000
00000002   00000330   00000000   00000000   00000000
00000004   00000348   00000000   00000000   00000000
00000002   00000330   00000000   00000000   00000000
00000002   00000330   00000000   00000000   00000000
00000001   00000118   00000001   00000002   00420103
00000004   00000318   00000000   00000000   00000000
00000001   0000011A   00000006   00000002   00420103
00000008   00000000   00000001   00000000   00000000
00000004   00000360   00000001   00000000   00000000
00000004   00000318   00000010   00000000   00000000
00000002   00000330   00000000   00000000   00000000
00000002   00000390   00000000   00000000   00000000
00000002   00000390   00000000   00000000   00000000
00000002   00000390   00000000   00000000   00000000
00000001   00000122   00000095   00000002   00420103
00000004   000003A8   00000000   00000000   00000000
00000001   000001B8   0000000B   00000002   00420103
00000008   00000000   00000001   00000000   00000000
00000002   00000390   00000000   00000000   00000000
00000002   00000390   00000000   00000000   00000000
00000004   000003A8   00000000   00000000   00000000
00000002   00000390   00000000   00000000   00000000
00000002   00000390   00000000   00000000   00000000
00000001   000001C4   0000001E   00000002   00420103
00000004   000003C0   00000000   00000000   00000000
00000001   000001E4   0000000B   00000002   00420103
00000008   00000000   00000001   00000000   00000000
00000002   00000390   00000000   00000000   00000000
00000002   00000390   00000000   00000000   00000000
00000004   000003C0   00000000   00000000   00000000
00000002   00000390   00000000   00000000   00000000
00000002   00000390   00000000   00000000   00000000
00000001   000001F0   0000000A   00000002   00420103
00000004   000003D8   00000000   00000000   00000000
00000001   000001FC   00000006   00000002   00420103
00000008   00000000   00000001   00000000   00000000
00000002   00000390   00000000   00000000   00000000
00000002   00000390   00000000   00000000   00000000
00000004   000003D8   00000000   00000000   00000000
00000002   00000390   00000000   00000000   00000000
00000002   00000390   00000000   00000000   00000000
00000001   00000204   00000042   00000002   00420103
00000004   00000378   00000000   00000000   00000000
00000001   00000248   00000001   00000002   00420103
00000008   00000000   00000001   00000000   00000000
00000004   000003F0   00000001   00000000   00000000
00000004   00000378   00000010   00000000   00000000
00000002   00000390   00000000   00000000   00000000
00000001   0000024A   00000007   00000002   00420103
00000004   00000420   00000000   00000000   00000000
00000001   00000252   00000001   00000002   00420103
00000008   00000000   00000001   00000000   00000000
00000004   00000420   00000010   00000000   00000000
00000008   00000001   00000000   00000000   00000000
00000004   00000438   00000000   00000000   00000000
00000001   00000254   00000007   00000002   00420103
00000008   00000000   00000001   00000000   00000000
00000004   00000438   00000010   00000000   00000000
00000008   00000002   00000000   00000000   00000000
00000004   00000450   00000000   00000000   00000000
00000004   00000408   00000000   00000000   00000000
00000001   0000025C   00000001   00000002   00420103
00000008   00000000   00000001   00000000   00000000
00000004   00000468   00000001   00000000   00000000
00000004   00000408   00000010   00000000   00000000
00000004   00000450   00000008   00000000   00000000
00000001   FFFFFEC4   0000000B   00000002   00420103
00000004   00000480   00000000   00000000   00000000
00000004   00000480   00000008   00000000   00000000
00000001   0000025E   0000000A   00000002   00420103
00000004   00000498   00000000   00000000   00000000
00000001   0000026A   00000001   00000002   00420103
00000008   00000000   00000001   00000000   00000000
00000004   00000498   00000010   00000000   00000000
00000008   00000001   00000000   00000000   00000000
00000004   000004B0   00000000   00000000   00000000
00000002   000004C8   00000000   00000000   00000000
00000001   00000000   00000001   00000002   00420101
00000004   000004B0   00000008   00000000   00000000
00000002   000004C8   00000000   00000000   00000000
00000008   00000073   00000000   00000000   00000000
00000001   0000026C   0000000D   00000002   00420103
00000004   000004F8   00000000   00000000   00000000
00000001   0000027A   00000001   00000002   00420103
00000008   00000000   00000001   00000000   00000000
00000004   000004F8   00000010   00000000   00000000
00000008   00000001   00000000   00000000   00000000
00000004   00000510   00000000   00000000   00000000
00000004   000004E0   00000000   00000000   00000000
00000001   0000027C   00000001   00000002   00420103
00000008   00000000   00000001   00000000   00000000
00000004   00000528   00000000   00000000   00000000
00000004   000004E0   00000010   00000000   00000000
00000004   00000510   00000008   00000000   00000000
00000004   00000528   00000000   00000000   00000000
00000008   00000073   00000000   00000000   00000000
00000002   00000558   00000000   00000000   00000000
00000001   0000027E   00000002   00000002   00420103
00000004   00000540   00000000   00000000   00000000
00000001   00000282   00000001   00000002   00420103
00000008   00000000   00000001   00000000   00000000
00000004   00000570   00000000   00000000   00000000
00000004   00000540   00000000   00000000   00000000
00000002   00000558   00000000   00000000   00000000
00000002   00000588   00000000   00000000   00000000
00000001   00000284   0000001B   00000002   00420103
00000004   00000570   00000010   00000000   00000000
00000002   000005A0   00000000   00000000   00000000
00000002   000005A0   00000000   00000000   00000000
00000002   000005A0   00000000   00000000   00000000
00000001   000002A0   00000008   00000002   00420103
00000004   000005B8   00000000   00000000   00000000
00000001   000002AA   00000001   00000002   00420103
00000008   00000000   00000001   00000000   00000000
00000004   000005D0   00000000   00000000   00000000
00000004   000005B8   00000000   00000000   00000000
00000001   000002AC   00000002   00000002   00420103
00000002   000005A0   00000000   00000000   00000000
00000002   000005A0   00000000   00000000   00000000
00000004   000005D0   00000000   00000000   00000000
00000002   000005A0   00000000   00000000   00000000
00000002   000005A0   00000000   00000000   00000000
00000001   000002B0   00000007   00000002   00420103
00000002   000005E8   00000000   00000000   00000000
00000002   00000588   00000000   00000000   00000000
00000002   000005A0   00000000   00000000   00000000
00000002   00000618   00000000   00000000   00000000
00000001   000002B8   00000004   00000002   00420103
00000004   00000600   00000000   00000000   00000000
00000001   000002BE   00000001   00000002   00420103
00000008   00000000   00000001   00000000   00000000
00000004   00000630   00000000   00000000   00000000
00000004   00000600   00000000   00000000   00000000
00000002   00000618   00000000   00000000   00000000
00000002   00000648   00000000   00000000   00000000
00000002   000005E8   00000000   00000000   00000000
00000004   00000630   00000010   00000000   00000000
00000002   00000660   00000000   00000000   00000000
00000002   00000648   00000000   00000000   00000000
00000001   000002C0   00000003   00000002   00420103
00000002   000006A8   00000000   00000000   00000000
00000001   000002C4   00000007   00000002   00420103
00000004   00000690   00000000   00000000   00000000
00000001   000002CC   00000001   00000002   00420103
00000008   00000000   00000001   00000000   00000000
00000004   000006C0   00000000   00000000   00000000
00000004   00000690   00000000   00000000   00000000
00000002   000006A8   00000000   00000000   00000000
00000004   00000678   00000000   00000000   00000000
00000001   000002CE   0000000D   00000002   00420103
00000008   00000000   00000001   00000000   00000000
00000004   000006D8   00000000   00000000   00000000
00000004   00000678   00000000   00000000   00000000
00000004   000006C0   00000010   00000000   00000000
00000002   000006F0   00000000   00000000   00000000
00000002   00000660   00000000   00000000   00000000
00000004   000006D8   00000010   00000000   00000000
00000002   00000708   00000000   00000000   00000000
00000002   000006F0   00000000   00000000   00000000
00000001   000002DC   00000005   00000002   00420103
00000002   00000708   00000000   00000000   00000000
00000008   00000053   00000000   00000000   00000000
00000001   00000001   00000038   00000002   00120101
StringData [000002E2]
00001B4C -> C0 DE 53 00 00 00 73 00 00 00 FF FF FF FF 72 6F 6F 74 00 00 2E 2E 2F 00 72 6F 6F 74 00 00 73 65 73 69 75 73 65 72 2E 70 68 70 00 00 72 6F 6F 74 00 00 68 65 61 64 65 72 2E 70 68 70 00 00 71 75 65 72 79 53 74 72 69 6E 67 00 71 75 65 72 79 53 74 72 69 6E 67 00 71 75 65 72 79 53 74 72 69 6E 67 00 71 75 65 72 79 53 74 72 69 6E 67 00 71 66 69 65 6C 64 00 00 74 61 68 75 6E 00 20 41 4E 44 20 63 61 6C 6F 6E 6D 61 68 61 73 69 73 77 61 2E 54 41 48 55 4E 3D 27 00 74 61 68 75 6E 00 27 00 71 66 69 65 6C 64 00 00 67 65 6C 6F 6D 62 61 6E 67 00 20 41 4E 44 20 63 61 6C 6F 6E 6D 61 68 61 73 69 73 77 61 2E 47 45 4C 4F 4D 42 41 4E 47 3D 27 00 67 65 6C 6F 6D 62 61 6E 67 00 27 00 71 66 69 65 6C 64 00 00 69 64 70 69 6C 69 68 61 6E 00 20 41 4E 44 20 63 61 6C 6F 6E 6D 61 68 61 73 69 73 77 61 2E 50 49 4C 49 48 41 4E 3D 27 00 69 64 70 69 6C 69 68 61 6E 00 27 00 71 66 69 65 6C 64 00 00 53 45 4C 45 43 54 20 63 61 6C 6F 6E 6D 61 68 61 73 69 73 77 61 2E 49 44 2C 63 61 6C 6F 6E 6D 61 68 61 73 69 73 77 61 2E 4E 41 4D 41 2C 20 63 6
ÀÞS...s...ÿÿÿÿroot..../.root..sesiuser.php..root..header.php..queryString.queryString.queryString.queryString.qfield..tahun. AND calonmahasiswa.TAHUN='.tahun.'.qfield..gelombang. AND calonmahasiswa.GELOMBANG='.gelombang.'.qfield..idpilihan. AND calonmahasiswa.PILIHAN='.idpilihan.'.qfield..SELECT calonmahasiswa.ID,calonmahasiswa.NAMA, calonmahasiswa.LULUS AS IDPRODI   
     FROM calonmahasiswa  
     WHERE (calonmahasiswa.NAMA LIKE '%.queryString.%' OR calonmahasiswa.ID LIKE '..queryString.%')
     ..qfield..
     ORDER BY calonmahasiswa.ID,  calonmahasiswa.NAMA LIMIT 0,20..q.mysql_query.q.koneksi.h.sqlnumrows..h.sqlfetcharray.h.d.ID..d.<li onClick="fillCalonMhs('.');"><b>..d.ID..</b> - .NAMA..d.,  .IDPRODI.d.arrayprodidep.</li>.
Length of unprocessed data: 00000004

=========> S t a g e  9  -  Interpreting IC_body/ByteCode

#0000: 0x53 ZEND_FETCH_W   LineNo: 0x0000  Flags: 0x07()
result: 04->VAR     00000000 00000000  00  00->NULL   00->val 0000
op1   : 01->CONST   0000000E 00000004  02  03->STRING 01->ref 0042
        KeyWord: root
op2   : 08->UNUSED  00000000 00000001  00  00->NULL   00->val 0000
----------------------------------------------------------------
[1] '$root
______________________________________________________________________
#0001: 0x26 ZEND_ASSIGN   LineNo: 0x0000  Flags: 0x07()
result: 04->VAR     00000018 00000001  00  00->NULL   00->val 0000
op1   : 04->VAR     00000000 00000010  00  00->NULL   00->val 0000
op2   : 01->CONST   00000014 00000003  02  03->STRING 01->ref 0042
        KeyWord: ../
====================================================================
$root="../";
______________________________________________________________________
#0002: 0x50 ZEND_FETCH_R   LineNo: 0x0000  Flags: 0x07()
result: 04->VAR     00000030 00000000  00  00->NULL   00->val 0000
op1   : 01->CONST   00000018 00000004  02  03->STRING 01->ref 0042
        KeyWord: root
op2   : 08->UNUSED  00000000 00000001  00  00->NULL   00->val 0000
----------------------------------------------------------------
[1] '$root
______________________________________________________________________
#0003: 0x08 ZEND_CONCAT   LineNo: 0x0000  Flags: 0x07()
result: 02->TMP_VAR 00000048 00000000  00  00->NULL   00->val 0000
op1   : 04->VAR     00000030 00000010  00  00->NULL   00->val 0000
op2   : 01->CONST   0000001E 0000000C  02  03->STRING 01->ref 0042
        KeyWord: sesiuser.php
----------------------------------------------------------------
[1] '$root."sesiuser.php"
______________________________________________________________________
#0004: 0x49 ZEND_INCLUDE_OR_EVAL   LineNo: 0x0000  Flags: 0x07()
result: 04->VAR     00000060 00000001  00  00->NULL   00->val 0000
op1   : 02->TMP_VAR 00000048 00000000  00  00->NULL   00->val 0000
op2   : 08->UNUSED  00000002 00000000  00  00->NULL   00->val 0000
----------------------------------------------------------------
[1] '$root."sesiuser.php"
Correcting Stack error...
====================================================================
$root."sesiuser.php";
______________________________________________________________________
#0005: 0x50 ZEND_FETCH_R   LineNo: 0x0000  Flags: 0x07()
result: 04->VAR     00000078 00000000  00  00->NULL   00->val 0000
op1   : 01->CONST   0000002C 00000004  02  03->STRING 01->ref 0042
        KeyWord: root
op2   : 08->UNUSED  00000000 00000001  00  00->NULL   00->val 0000
----------------------------------------------------------------
[1] '$root
______________________________________________________________________
#0006: 0x08 ZEND_CONCAT   LineNo: 0x0000  Flags: 0x07()
result: 02->TMP_VAR 00000090 00000000  00  00->NULL   00->val 0000
op1   : 04->VAR     00000078 00000010  00  00->NULL   00->val 0000
op2   : 01->CONST   00000032 0000000A  02  03->STRING 01->ref 0042
        KeyWord: header.php
----------------------------------------------------------------
[1] '$root."header.php"
______________________________________________________________________
#0007: 0x49 ZEND_INCLUDE_OR_EVAL   LineNo: 0x0000  Flags: 0x07()
result: 04->VAR     000000A8 00000001  00  00->NULL   00->val 0000
op1   : 02->TMP_VAR 00000090 00000000  00  00->NULL   00->val 0000
op2   : 08->UNUSED  00000002 00000000  00  00->NULL   00->val 0000
----------------------------------------------------------------
[1] '$root."header.php"
Correcting Stack error...
====================================================================
$root."header.php";
______________________________________________________________________
#0008: 0x59 ZEND_FETCH_IS   LineNo: 0x0000  Flags: 0x03()
result: 04->VAR     000000C0 00000000  00  00->NULL   00->val 0000
op1   : 01->CONST   FFFFFFF7 00000005  02  03->STRING 01->ref 0042
        KeyWord: _POST
______________________________________________________________________
#0009: 0x73 ZEND_ISSET_ISEMPTY_DIM_OBJ   LineNo: 0x0000  Flags: 0x0F()
result: 02->TMP_VAR 000000D8 00000000  00  00->NULL   00->val 0000
op1   : 04->VAR     000000C0 00000000  00  00->NULL   00->val 0000
op2   : 01->CONST   0000003E 0000000B  02  03->STRING 01->ref 0042
        KeyWord: queryString
        extended_value(from Flag): 0001
______________________________________________________________________
#000A: 0x2B ZEND_JMPZ   LineNo: 0x0000  Flags: 0x06()
op1   : 02->TMP_VAR 000000D8 00000000  00  00->NULL   00->val 0000
op2   : 08->UNUSED  00000073 00000000  00  00->NULL   00->val 0000
....................................................................
Comment: Conditional jmp to #00000073
______________________________________________________________________
#000B: 0x50 ZEND_FETCH_R   LineNo: 0x0000  Flags: 0x03()
result: 04->VAR     00000108 00000000  00  00->NULL   00->val 0000
op1   : 01->CONST   FFFFFFF7 00000005  02  03->STRING 01->ref 0042
        KeyWord: _POST
----------------------------------------------------------------
[1] '$_POST
______________________________________________________________________
#000C: 0x51 ZEND_FETCH_DIM_R   LineNo: 0x0000  Flags: 0x07()
result: 04->VAR     00000120 00000000  00  00->NULL   00->val 0000
op1   : 04->VAR     00000108 00000000  00  00->NULL   00->val 0000
op2   : 01->CONST   0000004A 0000000B  02  03->STRING 01->ref 0042
        KeyWord: queryString
----------------------------------------------------------------
[1] '$_POST
______________________________________________________________________
#000D: 0x53 ZEND_FETCH_W   LineNo: 0x0000  Flags: 0x07()
result: 04->VAR     000000F0 00000000  00  00->NULL   00->val 0000
op1   : 01->CONST   00000056 0000000B  02  03->STRING 01->ref 0042
        KeyWord: queryString
op2   : 08->UNUSED  00000000 00000001  00  00->NULL   00->val 0000
----------------------------------------------------------------
[1] '$_POST
[2] '$queryString
______________________________________________________________________
#000E: 0x26 ZEND_ASSIGN   LineNo: 0x0000  Flags: 0x07()
result: 04->VAR     00000138 00000001  00  00->NULL   00->val 0000
op1   : 04->VAR     000000F0 00000010  00  00->NULL   00->val 0000
op2   : 04->VAR     00000120 00000010  00  00->NULL   00->val 0000
----------------------------------------------------------------
[1] '$_POST
Correcting Stack error...
====================================================================
$_POST;
______________________________________________________________________
#000F: 0x3B ZEND_INIT_FCALL_BY_NAME   LineNo: 0x0000  Flags: 0x04()
op2   : 01->CONST   FFFFFDF1 00000006  02  03->STRING 01->ref 0042
        KeyWord: strlen
----------------------------------------------------------------
[1] 'strlen
______________________________________________________________________
#0010: 0x5C ZEND_FETCH_FUNC_ARG   LineNo: 0x0000  Flags: 0x0F()
result: 04->VAR     00000150 00000000  00  00->NULL   00->val 0000
op1   : 01->CONST   00000062 0000000B  02  03->STRING 01->ref 0042
        KeyWord: queryString
op2   : 08->UNUSED  00000000 00000001  00  00->NULL   00->val 0000
        extended_value(from Flag): 0001
----------------------------------------------------------------
[1] 'strlen
[2] '$queryString
______________________________________________________________________
#0011: 0x42 ZEND_SEND_VAR   LineNo: 0x0000  Flags: 0x1E()
op1   : 04->VAR     00000150 00000010  00  00->NULL   00->val 0000
op2   : 08->UNUSED  00000001 00000000  00  00->NULL   00->val 0000
        extended_value(from File): 003D
----------------------------------------------------------------
[1] 'strlen
....................................................................
Comment: SHOULD_BE_SENT_BY_REF
______________________________________________________________________
#0012: 0x3D ZEND_DO_FCALL_BY_NAME   LineNo: 0x0000  Flags: 0x09()
result: 04->VAR     00000168 00000000  00  00->NULL   00->val 0000
        extended_value(from Flag): 0001
----------------------------------------------------------------
[1] 'strlen($queryString)
______________________________________________________________________
#0013: 0x13 ZEND_IS_SMALLER   LineNo: 0x0000  Flags: 0x07()
result: 02->TMP_VAR 00000180 00000000  00  00->NULL   00->val 0000
op1   : 01->CONST   00000002 00000001  02  01->LONG   01->ref 0042
op2   : 04->VAR     00000168 00000008  00  00->NULL   00->val 0000
----------------------------------------------------------------
[1] '2<strlen($queryString)
______________________________________________________________________
#0014: 0x2B ZEND_JMPZ   LineNo: 0x0000  Flags: 0x06()
op1   : 02->TMP_VAR 00000180 00000000  00  00->NULL   00->val 0000
op2   : 08->UNUSED  00000073 00000000  00  00->NULL   00->val 0000
....................................................................
Comment: Conditional jmp to #00000073
====================================================================
while (2<strlen($queryString)) {
______________________________________________________________________
#0015: 0x53 ZEND_FETCH_W   LineNo: 0x0000  Flags: 0x07()
result: 04->VAR     00000198 00000000  00  00->NULL   00->val 0000
op1   : 01->CONST   0000006E 00000006  02  03->STRING 01->ref 0042
        KeyWord: qfield
op2   : 08->UNUSED  00000000 00000001  00  00->NULL   00->val 0000
----------------------------------------------------------------
[1] '$qfield
______________________________________________________________________
#0016: 0x26 ZEND_ASSIGN   LineNo: 0x0000  Flags: 0x07()
result: 04->VAR     000001B0 00000001  00  00->NULL   00->val 0000
op1   : 04->VAR     00000198 00000010  00  00->NULL   00->val 0000
op2   : 01->CONST   01F6CFE0 00000000  02  03->STRING 01->ref 0042
====================================================================
$qfield="32952288";
______________________________________________________________________
#0017: 0x50 ZEND_FETCH_R   LineNo: 0x0000  Flags: 0x07()
result: 04->VAR     000001C8 00000000  00  00->NULL   00->val 0000
op1   : 01->CONST   00000076 00000005  02  03->STRING 01->ref 0042
        KeyWord: tahun
op2   : 08->UNUSED  00000000 00000001  00  00->NULL   00->val 0000
----------------------------------------------------------------
[1] '$tahun
______________________________________________________________________
#0018: 0x12 ZEND_IS_NOT_EQUAL   LineNo: 0x0000  Flags: 0x07()
result: 02->TMP_VAR 000001E0 00000000  00  00->NULL   00->val 0000
op1   : 04->VAR     000001C8 00000010  00  00->NULL   00->val 0000
op2   : 01->CONST   005E1120 00000000  02  03->STRING 01->ref 0042
----------------------------------------------------------------
[1] '$tahun!="6164768"
______________________________________________________________________
#0019: 0x2B ZEND_JMPZ   LineNo: 0x0000  Flags: 0x06()
op1   : 02->TMP_VAR 000001E0 00000000  00  00->NULL   00->val 0000
op2   : 08->UNUSED  00000021 00000000  00  00->NULL   00->val 0000
....................................................................
Comment: Conditional jmp to #00000021
====================================================================
while ($tahun!="6164768") {
______________________________________________________________________
#001A: 0x35 ZEND_INIT_STRING   LineNo: 0x0000  Flags: 0x01()
result: 02->TMP_VAR 00000210 00000000  00  00->NULL   00->val 0000
______________________________________________________________________
#001B: 0x37 ZEND_ADD_STRING   LineNo: 0x0000  Flags: 0x07()
result: 02->TMP_VAR 00000210 00000000  00  00->NULL   00->val 0000
op1   : 02->TMP_VAR 00000210 00000000  00  00->NULL   00->val 0000
op2   : 01->CONST   0000007C 0000001B  02  03->STRING 01->ref 0042
        KeyWord:  AND calonmahasiswa.TAHUN='
______________________________________________________________________
#001C: 0x50 ZEND_FETCH_R   LineNo: 0x0000  Flags: 0x07()
result: 04->VAR     00000228 00000000  00  00->NULL   00->val 0000
op1   : 01->CONST   00000098 00000005  02  03->STRING 01->ref 0042
        KeyWord: tahun
op2   : 08->UNUSED  00000000 00000001  00  00->NULL   00->val 0000
----------------------------------------------------------------
[1] '$tahun
______________________________________________________________________
#001D: 0x38 ZEND_ADD_VAR   LineNo: 0x0000  Flags: 0x07()
result: 02->TMP_VAR 00000210 00000000  00  00->NULL   00->val 0000
op1   : 02->TMP_VAR 00000210 00000000  00  00->NULL   00->val 0000
op2   : 04->VAR     00000228 00000000  00  00->NULL   00->val 0000
______________________________________________________________________
#001E: 0x37 ZEND_ADD_STRING   LineNo: 0x0000  Flags: 0x07()
result: 02->TMP_VAR 00000210 00000000  00  00->NULL   00->val 0000
op1   : 02->TMP_VAR 00000210 00000000  00  00->NULL   00->val 0000
op2   : 01->CONST   0000009E 00000001  02  03->STRING 01->ref 0042
        KeyWord: '
______________________________________________________________________
#001F: 0x56 ZEND_FETCH_RW   LineNo: 0x0000  Flags: 0x07()
result: 04->VAR     000001F8 00000000  00  00->NULL   00->val 0000
op1   : 01->CONST   000000A0 00000006  02  03->STRING 01->ref 0042
        KeyWord: qfield
op2   : 08->UNUSED  00000000 00000001  00  00->NULL   00->val 0000
----------------------------------------------------------------
[1] '$qfield
______________________________________________________________________
#0020: 0x1E ZEND_ASSIGN_CONCAT   LineNo: 0x0000  Flags: 0x07()
result: 04->VAR     00000240 00000001  00  00->NULL   00->val 0000
op1   : 04->VAR     000001F8 00000010  00  00->NULL   00->val 0000
op2   : 02->TMP_VAR 00000210 00000000  00  00->NULL   00->val 0000
______________________________________________________________________
#0021: 0x50 ZEND_FETCH_R   LineNo: 0x0000  Flags: 0x07()
result: 04->VAR     00000258 00000000  00  00->NULL   00->val 0000
op1   : 01->CONST   000000A8 00000009  02  03->STRING 01->ref 0042
        KeyWord: gelombang
op2   : 08->UNUSED  00000000 00000001  00  00->NULL   00->val 0000
----------------------------------------------------------------
[1] '$gelombang
______________________________________________________________________
#0022: 0x12 ZEND_IS_NOT_EQUAL   LineNo: 0x0000  Flags: 0x07()
result: 02->TMP_VAR 00000270 00000000  00  00->NULL   00->val 0000
op1   : 04->VAR     00000258 00000010  00  00->NULL   00->val 0000
op2   : 01->CONST   01E517A8 00000000  02  03->STRING 01->ref 0042
______________________________________________________________________
#0023: 0x2B ZEND_JMPZ   LineNo: 0x0000  Flags: 0x06()
op1   : 02->TMP_VAR 00000270 00000000  00  00->NULL   00->val 0000
op2   : 08->UNUSED  0000002B 00000000  00  00->NULL   00->val 0000
....................................................................
Comment: Conditional jmp to #0000002B
______________________________________________________________________
#0024: 0x35 ZEND_INIT_STRING   LineNo: 0x0000  Flags: 0x01()
result: 02->TMP_VAR 000002A0 00000000  00  00->NULL   00->val 0000
______________________________________________________________________
#0025: 0x37 ZEND_ADD_STRING   LineNo: 0x0000  Flags: 0x07()
result: 02->TMP_VAR 000002A0 00000000  00  00->NULL   00->val 0000
op1   : 02->TMP_VAR 000002A0 00000000  00  00->NULL   00->val 0000
op2   : 01->CONST   000000B2 0000001F  02  03->STRING 01->ref 0042
        KeyWord:  AND calonmahasiswa.GELOMBANG='
______________________________________________________________________
#0026: 0x50 ZEND_FETCH_R   LineNo: 0x0000  Flags: 0x07()
result: 04->VAR     000002B8 00000000  00  00->NULL   00->val 0000
op1   : 01->CONST   000000D2 00000009  02  03->STRING 01->ref 0042
        KeyWord: gelombang
op2   : 08->UNUSED  00000000 00000001  00  00->NULL   00->val 0000
----------------------------------------------------------------
[1] '$gelombang
______________________________________________________________________
#0027: 0x38 ZEND_ADD_VAR   LineNo: 0x0000  Flags: 0x07()
result: 02->TMP_VAR 000002A0 00000000  00  00->NULL   00->val 0000
op1   : 02->TMP_VAR 000002A0 00000000  00  00->NULL   00->val 0000
op2   : 04->VAR     000002B8 00000000  00  00->NULL   00->val 0000
______________________________________________________________________
#0028: 0x37 ZEND_ADD_STRING   LineNo: 0x0000  Flags: 0x07()
result: 02->TMP_VAR 000002A0 00000000  00  00->NULL   00->val 0000
op1   : 02->TMP_VAR 000002A0 00000000  00  00->NULL   00->val 0000
op2   : 01->CONST   000000DC 00000001  02  03->STRING 01->ref 0042
        KeyWord: '
______________________________________________________________________
#0029: 0x56 ZEND_FETCH_RW   LineNo: 0x0000  Flags: 0x07()
result: 04->VAR     00000288 00000000  00  00->NULL   00->val 0000
op1   : 01->CONST   000000DE 00000006  02  03->STRING 01->ref 0042
        KeyWord: qfield
op2   : 08->UNUSED  00000000 00000001  00  00->NULL   00->val 0000
----------------------------------------------------------------
[1] '$qfield
______________________________________________________________________
#002A: 0x1E ZEND_ASSIGN_CONCAT   LineNo: 0x0000  Flags: 0x07()
result: 04->VAR     000002D0 00000001  00  00->NULL   00->val 0000
op1   : 04->VAR     00000288 00000010  00  00->NULL   00->val 0000
op2   : 02->TMP_VAR 000002A0 00000000  00  00->NULL   00->val 0000
______________________________________________________________________
#002B: 0x50 ZEND_FETCH_R   LineNo: 0x0000  Flags: 0x07()
result: 04->VAR     000002E8 00000000  00  00->NULL   00->val 0000
op1   : 01->CONST   000000E6 00000009  02  03->STRING 01->ref 0042
        KeyWord: idpilihan
op2   : 08->UNUSED  00000000 00000001  00  00->NULL   00->val 0000
----------------------------------------------------------------
[1] '$idpilihan
______________________________________________________________________
#002C: 0x12 ZEND_IS_NOT_EQUAL   LineNo: 0x0000  Flags: 0x07()
result: 02->TMP_VAR 00000300 00000000  00  00->NULL   00->val 0000
op1   : 04->VAR     000002E8 00000010  00  00->NULL   00->val 0000
op2   : 01->CONST   01EBDF98 00000000  02  03->STRING 01->ref 0042
______________________________________________________________________
#002D: 0x2B ZEND_JMPZ   LineNo: 0x0000  Flags: 0x06()
op1   : 02->TMP_VAR 00000300 00000000  00  00->NULL   00->val 0000
op2   : 08->UNUSED  00000035 00000000  00  00->NULL   00->val 0000
....................................................................
Comment: Conditional jmp to #00000035
______________________________________________________________________
#002E: 0x35 ZEND_INIT_STRING   LineNo: 0x0000  Flags: 0x01()
result: 02->TMP_VAR 00000330 00000000  00  00->NULL   00->val 0000
______________________________________________________________________
#002F: 0x37 ZEND_ADD_STRING   LineNo: 0x0000  Flags: 0x07()
result: 02->TMP_VAR 00000330 00000000  00  00->NULL   00->val 0000
op1   : 02->TMP_VAR 00000330 00000000  00  00->NULL   00->val 0000
op2   : 01->CONST   000000F0 0000001D  02  03->STRING 01->ref 0042
        KeyWord:  AND calonmahasiswa.PILIHAN='
______________________________________________________________________
#0030: 0x50 ZEND_FETCH_R   LineNo: 0x0000  Flags: 0x07()
result: 04->VAR     00000348 00000000  00  00->NULL   00->val 0000
op1   : 01->CONST   0000010E 00000009  02  03->STRING 01->ref 0042
        KeyWord: idpilihan
op2   : 08->UNUSED  00000000 00000001  00  00->NULL   00->val 0000
----------------------------------------------------------------
[1] '$idpilihan
______________________________________________________________________
#0031: 0x38 ZEND_ADD_VAR   LineNo: 0x0000  Flags: 0x07()
result: 02->TMP_VAR 00000330 00000000  00  00->NULL   00->val 0000
op1   : 02->TMP_VAR 00000330 00000000  00  00->NULL   00->val 0000
op2   : 04->VAR     00000348 00000000  00  00->NULL   00->val 0000
______________________________________________________________________
#0032: 0x37 ZEND_ADD_STRING   LineNo: 0x0000  Flags: 0x07()
result: 02->TMP_VAR 00000330 00000000  00  00->NULL   00->val 0000
op1   : 02->TMP_VAR 00000330 00000000  00  00->NULL   00->val 0000
op2   : 01->CONST   00000118 00000001  02  03->STRING 01->ref 0042
        KeyWord: '
______________________________________________________________________
#0033: 0x56 ZEND_FETCH_RW   LineNo: 0x0000  Flags: 0x07()
result: 04->VAR     00000318 00000000  00  00->NULL   00->val 0000
op1   : 01->CONST   0000011A 00000006  02  03->STRING 01->ref 0042
        KeyWord: qfield
op2   : 08->UNUSED  00000000 00000001  00  00->NULL   00->val 0000
----------------------------------------------------------------
[1] '$qfield
______________________________________________________________________
#0034: 0x1E ZEND_ASSIGN_CONCAT   LineNo: 0x0000  Flags: 0x07()
result: 04->VAR     00000360 00000001  00  00->NULL   00->val 0000
op1   : 04->VAR     00000318 00000010  00  00->NULL   00->val 0000
op2   : 02->TMP_VAR 00000330 00000000  00  00->NULL   00->val 0000
______________________________________________________________________
#0035: 0x35 ZEND_INIT_STRING   LineNo: 0x0000  Flags: 0x01()
result: 02->TMP_VAR 00000390 00000000  00  00->NULL   00->val 0000
______________________________________________________________________
#0036: 0x37 ZEND_ADD_STRING   LineNo: 0x0000  Flags: 0x07()
result: 02->TMP_VAR 00000390 00000000  00  00->NULL   00->val 0000
op1   : 02->TMP_VAR 00000390 00000000  00  00->NULL   00->val 0000
op2   : 01->CONST   00000122 00000095  02  03->STRING 01->ref 0042
        KeyWord: SELECT calonmahasiswa.ID,calonmahasiswa.NAMA, calonmahasiswa.LULUS AS IDPRODI   
     FROM calonmahasiswa  
     WHERE (calonmahasiswa.NAMA LIKE '%
______________________________________________________________________
#0037: 0x50 ZEND_FETCH_R   LineNo: 0x0000  Flags: 0x07()
result: 04->VAR     000003A8 00000000  00  00->NULL   00->val 0000
op1   : 01->CONST   000001B8 0000000B  02  03->STRING 01->ref 0042
        KeyWord: queryString
op2   : 08->UNUSED  00000000 00000001  00  00->NULL   00->val 0000
----------------------------------------------------------------
[1] '$queryString
______________________________________________________________________
#0038: 0x38 ZEND_ADD_VAR   LineNo: 0x0000  Flags: 0x07()
result: 02->TMP_VAR 00000390 00000000  00  00->NULL   00->val 0000
op1   : 02->TMP_VAR 00000390 00000000  00  00->NULL   00->val 0000
op2   : 04->VAR     000003A8 00000000  00  00->NULL   00->val 0000
______________________________________________________________________
#0039: 0x37 ZEND_ADD_STRING   LineNo: 0x0000  Flags: 0x07()
result: 02->TMP_VAR 00000390 00000000  00  00->NULL   00->val 0000
op1   : 02->TMP_VAR 00000390 00000000  00  00->NULL   00->val 0000
op2   : 01->CONST   000001C4 0000001E  02  03->STRING 01->ref 0042
        KeyWord: %' OR calonmahasiswa.ID LIKE '
______________________________________________________________________
#003A: 0x50 ZEND_FETCH_R   LineNo: 0x0000  Flags: 0x07()
result: 04->VAR     000003C0 00000000  00  00->NULL   00->val 0000
op1   : 01->CONST   000001E4 0000000B  02  03->STRING 01->ref 0042
        KeyWord: queryString
op2   : 08->UNUSED  00000000 00000001  00  00->NULL   00->val 0000
----------------------------------------------------------------
[1] '$queryString
______________________________________________________________________
#003B: 0x38 ZEND_ADD_VAR   LineNo: 0x0000  Flags: 0x07()
result: 02->TMP_VAR 00000390 00000000  00  00->NULL   00->val 0000
op1   : 02->TMP_VAR 00000390 00000000  00  00->NULL   00->val 0000
op2   : 04->VAR     000003C0 00000000  00  00->NULL   00->val 0000
______________________________________________________________________
#003C: 0x37 ZEND_ADD_STRING   LineNo: 0x0000  Flags: 0x07()
result: 02->TMP_VAR 00000390 00000000  00  00->NULL   00->val 0000
op1   : 02->TMP_VAR 00000390 00000000  00  00->NULL   00->val 0000
op2   : 01->CONST   000001F0 0000000A  02  03->STRING 01->ref 0042
        KeyWord: %')
     
______________________________________________________________________
#003D: 0x50 ZEND_FETCH_R   LineNo: 0x0000  Flags: 0x07()
result: 04->VAR     000003D8 00000000  00  00->NULL   00->val 0000
op1   : 01->CONST   000001FC 00000006  02  03->STRING 01->ref 0042
        KeyWord: qfield
op2   : 08->UNUSED  00000000 00000001  00  00->NULL   00->val 0000
----------------------------------------------------------------
[1] '$qfield
______________________________________________________________________
#003E: 0x38 ZEND_ADD_VAR   LineNo: 0x0000  Flags: 0x07()
result: 02->TMP_VAR 00000390 00000000  00  00->NULL   00->val 0000
op1   : 02->TMP_VAR 00000390 00000000  00  00->NULL   00->val 0000
op2   : 04->VAR     000003D8 00000000  00  00->NULL   00->val 0000
______________________________________________________________________
#003F: 0x37 ZEND_ADD_STRING   LineNo: 0x0000  Flags: 0x07()
result: 02->TMP_VAR 00000390 00000000  00  00->NULL   00->val 0000
op1   : 02->TMP_VAR 00000390 00000000  00  00->NULL   00->val 0000
op2   : 01->CONST   00000204 00000042  02  03->STRING 01->ref 0042
        KeyWord: [Obfuscated]0D 0A 20 20 20 20 20 4F 52 44 45 52 20 42 59 20 63 61 6C 6F 6E 6D 61 68 61 73 69 73 77 61 2E 49 44 2C 20 20 63 61 6C 6F 6E 6D 61 68 61 73 69 73 77 61 2E 4E 41 4D 41 20 4C 49 4D 49 54 20 30 2C 32 30 
______________________________________________________________________
#0040: 0x53 ZEND_FETCH_W   LineNo: 0x0000  Flags: 0x07()
result: 04->VAR     00000378 00000000  00  00->NULL   00->val 0000
op1   : 01->CONST   00000248 00000001  02  03->STRING 01->ref 0042
        KeyWord: q
op2   : 08->UNUSED  00000000 00000001  00  00->NULL   00->val 0000
----------------------------------------------------------------
[1] '$q
______________________________________________________________________
#0041: 0x26 ZEND_ASSIGN   LineNo: 0x0000  Flags: 0x07()
result: 04->VAR     000003F0 00000001  00  00->NULL   00->val 0000
op1   : 04->VAR     00000378 00000010  00  00->NULL   00->val 0000
op2   : 02->TMP_VAR 00000390 00000000  00  00->NULL   00->val 0000
______________________________________________________________________
#0042: 0x3B ZEND_INIT_FCALL_BY_NAME   LineNo: 0x0000  Flags: 0x04()
op2   : 01->CONST   0000024A 00000007  02  03->STRING 01->ref 0042
        KeyWord: mysql_query
----------------------------------------------------------------
[1] 'mysql_query
______________________________________________________________________
#0043: 0x5C ZEND_FETCH_FUNC_ARG   LineNo: 0x0000  Flags: 0x0F()
result: 04->VAR     00000420 00000000  00  00->NULL   00->val 0000
op1   : 01->CONST   00000252 00000001  02  03->STRING 01->ref 0042
        KeyWord: q
op2   : 08->UNUSED  00000000 00000001  00  00->NULL   00->val 0000
        extended_value(from Flag): 0001
----------------------------------------------------------------
[1] 'mysql_query
[2] '$q
______________________________________________________________________
#0044: 0x42 ZEND_SEND_VAR   LineNo: 0x0000  Flags: 0x1E()
op1   : 04->VAR     00000420 00000010  00  00->NULL   00->val 0000
op2   : 08->UNUSED  00000001 00000000  00  00->NULL   00->val 0000
        extended_value(from File): 003D
----------------------------------------------------------------
[1] 'mysql_query
....................................................................
Comment: SHOULD_BE_SENT_BY_REF
______________________________________________________________________
#0045: 0x5C ZEND_FETCH_FUNC_ARG   LineNo: 0x0000  Flags: 0x1F()
result: 04->VAR     00000438 00000000  00  00->NULL   00->val 0000
op1   : 01->CONST   00000254 00000007  02  03->STRING 01->ref 0042
        KeyWord: koneksi
op2   : 08->UNUSED  00000000 00000001  00  00->NULL   00->val 0000
        extended_value(from File): 0002
----------------------------------------------------------------
[1] 'mysql_query
[2] '$koneksi
______________________________________________________________________
#0046: 0x42 ZEND_SEND_VAR   LineNo: 0x0000  Flags: 0x1E()
op1   : 04->VAR     00000438 00000010  00  00->NULL   00->val 0000
op2   : 08->UNUSED  00000002 00000000  00  00->NULL   00->val 0000
        extended_value(from File): 003D
----------------------------------------------------------------
[1] 'mysql_query
....................................................................
Comment: SHOULD_BE_SENT_BY_REF
______________________________________________________________________
#0047: 0x3D ZEND_DO_FCALL_BY_NAME   LineNo: 0x0000  Flags: 0x19()
result: 04->VAR     00000450 00000000  00  00->NULL   00->val 0000
        extended_value(from File): 0002
----------------------------------------------------------------
[1] 'mysqli_query($koneksi,$q)
______________________________________________________________________
#0048: 0x53 ZEND_FETCH_W   LineNo: 0x0000  Flags: 0x07()
result: 04->VAR     00000408 00000000  00  00->NULL   00->val 0000
op1   : 01->CONST   0000025C 00000001  02  03->STRING 01->ref 0042
        KeyWord: h
op2   : 08->UNUSED  00000000 00000001  00  00->NULL   00->val 0000
----------------------------------------------------------------
[1] 'mysqli_query($koneksi,$q)
[2] '$h
______________________________________________________________________
#0049: 0x26 ZEND_ASSIGN   LineNo: 0x0000  Flags: 0x07()
result: 04->VAR     00000468 00000001  00  00->NULL   00->val 0000
op1   : 04->VAR     00000408 00000010  00  00->NULL   00->val 0000
op2   : 04->VAR     00000450 00000008  00  00->NULL   00->val 0000
====================================================================
$h=mysqli_query($koneksi,$q);
______________________________________________________________________
#004A: 0x3B ZEND_INIT_FCALL_BY_NAME   LineNo: 0x0000  Flags: 0x04()
op2   : 01->CONST   FFFFFEC4 0000000B  02  03->STRING 01->ref 0042
        KeyWord: mysql_error
----------------------------------------------------------------
[1] 'mysql_error
______________________________________________________________________
#004B: 0x3D ZEND_DO_FCALL_BY_NAME   LineNo: 0x0000  Flags: 0x01()
result: 04->VAR     00000480 00000000  00  00->NULL   00->val 0000
----------------------------------------------------------------
[1] 'mysql_error()
______________________________________________________________________
#004C: 0x28 ZEND_ECHO   LineNo: 0x0000  Flags: 0x02()
op1   : 04->VAR     00000480 00000008  00  00->NULL   00->val 0000
====================================================================
echo mysql_error();
______________________________________________________________________
#004D: 0x3B ZEND_INIT_FCALL_BY_NAME   LineNo: 0x0000  Flags: 0x04()
op2   : 01->CONST   0000025E 0000000A  02  03->STRING 01->ref 0042
        KeyWord: sqlnumrows
----------------------------------------------------------------
[1] 'sqlnumrows
______________________________________________________________________
#004E: 0x5C ZEND_FETCH_FUNC_ARG   LineNo: 0x0000  Flags: 0x0F()
result: 04->VAR     00000498 00000000  00  00->NULL   00->val 0000
op1   : 01->CONST   0000026A 00000001  02  03->STRING 01->ref 0042
        KeyWord: h
op2   : 08->UNUSED  00000000 00000001  00  00->NULL   00->val 0000
        extended_value(from Flag): 0001
----------------------------------------------------------------
[1] 'sqlnumrows
[2] '$h
______________________________________________________________________
#004F: 0x42 ZEND_SEND_VAR   LineNo: 0x0000  Flags: 0x1E()
op1   : 04->VAR     00000498 00000010  00  00->NULL   00->val 0000
op2   : 08->UNUSED  00000001 00000000  00  00->NULL   00->val 0000
        extended_value(from File): 003D
----------------------------------------------------------------
[1] 'sqlnumrows
....................................................................
Comment: SHOULD_BE_SENT_BY_REF
______________________________________________________________________
#0050: 0x3D ZEND_DO_FCALL_BY_NAME   LineNo: 0x0000  Flags: 0x09()
result: 04->VAR     000004B0 00000000  00  00->NULL   00->val 0000
        extended_value(from Flag): 0001
----------------------------------------------------------------
[1] 'sqlnumrows($h)
______________________________________________________________________
#0051: 0x13 ZEND_IS_SMALLER   LineNo: 0x0000  Flags: 0x07()
result: 02->TMP_VAR 000004C8 00000000  00  00->NULL   00->val 0000
op1   : 01->CONST   00000000 00000001  02  01->LONG   01->ref 0042
op2   : 04->VAR     000004B0 00000008  00  00->NULL   00->val 0000
______________________________________________________________________
#0052: 0x2B ZEND_JMPZ   LineNo: 0x0000  Flags: 0x06()
op1   : 02->TMP_VAR 000004C8 00000000  00  00->NULL   00->val 0000
op2   : 08->UNUSED  00000073 00000000  00  00->NULL   00->val 0000
....................................................................
Comment: Conditional jmp to #00000073
______________________________________________________________________
#0053: 0x3B ZEND_INIT_FCALL_BY_NAME   LineNo: 0x0000  Flags: 0x04()
op2   : 01->CONST   0000026C 0000000D  02  03->STRING 01->ref 0042
        KeyWord: sqlfetcharray
----------------------------------------------------------------
[1] 'sqlfetcharray
______________________________________________________________________
#0054: 0x5C ZEND_FETCH_FUNC_ARG   LineNo: 0x0000  Flags: 0x0F()
result: 04->VAR     000004F8 00000000  00  00->NULL   00->val 0000
op1   : 01->CONST   0000027A 00000001  02  03->STRING 01->ref 0042
        KeyWord: h
op2   : 08->UNUSED  00000000 00000001  00  00->NULL   00->val 0000
        extended_value(from Flag): 0001
----------------------------------------------------------------
[1] 'sqlfetcharray
[2] '$h
______________________________________________________________________
#0055: 0x42 ZEND_SEND_VAR   LineNo: 0x0000  Flags: 0x1E()
op1   : 04->VAR     000004F8 00000010  00  00->NULL   00->val 0000
op2   : 08->UNUSED  00000001 00000000  00  00->NULL   00->val 0000
        extended_value(from File): 003D
----------------------------------------------------------------
[1] 'sqlfetcharray
....................................................................
Comment: SHOULD_BE_SENT_BY_REF
______________________________________________________________________
#0056: 0x3D ZEND_DO_FCALL_BY_NAME   LineNo: 0x0000  Flags: 0x09()
result: 04->VAR     00000510 00000000  00  00->NULL   00->val 0000
        extended_value(from Flag): 0001
----------------------------------------------------------------
[1] 'sqlfetcharray($h)
______________________________________________________________________
#0057: 0x53 ZEND_FETCH_W   LineNo: 0x0000  Flags: 0x07()
result: 04->VAR     000004E0 00000000  00  00->NULL   00->val 0000
op1   : 01->CONST   0000027C 00000001  02  03->STRING 01->ref 0042
        KeyWord: d
op2   : 08->UNUSED  00000000 00000001  00  00->NULL   00->val 0000
----------------------------------------------------------------
[1] 'sqlfetcharray($h)
[2] '$d
______________________________________________________________________
#0058: 0x26 ZEND_ASSIGN   LineNo: 0x0000  Flags: 0x07()
result: 04->VAR     00000528 00000000  00  00->NULL   00->val 0000
op1   : 04->VAR     000004E0 00000010  00  00->NULL   00->val 0000
op2   : 04->VAR     00000510 00000008  00  00->NULL   00->val 0000
----------------------------------------------------------------
[1] '$d=sqlfetcharray($h)
______________________________________________________________________
#0059: 0x2B ZEND_JMPZ   LineNo: 0x0000  Flags: 0x06()
op1   : 04->VAR     00000528 00000000  00  00->NULL   00->val 0000
op2   : 08->UNUSED  00000073 00000000  00  00->NULL   00->val 0000
....................................................................
Comment: Conditional jmp to #00000073
====================================================================
while ($d=sqlfetcharray($h)) {
______________________________________________________________________
#005A: 0x63 ZEND_FETCH_CONSTANT   LineNo: 0x0000  Flags: 0x05()
result: 02->TMP_VAR 00000558 00000000  00  00->NULL   00->val 0000
op2   : 01->CONST   0000027E 00000002  02  03->STRING 01->ref 0042
        KeyWord: ID
______________________________________________________________________
#005B: 0x50 ZEND_FETCH_R   LineNo: 0x0000  Flags: 0x07()
result: 04->VAR     00000540 00000000  00  00->NULL   00->val 0000
op1   : 01->CONST   00000282 00000001  02  03->STRING 01->ref 0042
        KeyWord: d
op2   : 08->UNUSED  00000000 00000001  00  00->NULL   00->val 0000
----------------------------------------------------------------
[1] '$d
______________________________________________________________________
#005C: 0x51 ZEND_FETCH_DIM_R   LineNo: 0x0000  Flags: 0x07()
result: 04->VAR     00000570 00000000  00  00->NULL   00->val 0000
op1   : 04->VAR     00000540 00000000  00  00->NULL   00->val 0000
op2   : 02->TMP_VAR 00000558 00000000  00  00->NULL   00->val 0000
----------------------------------------------------------------
[1] '$d
______________________________________________________________________
#005D: 0x08 ZEND_CONCAT   LineNo: 0x0000  Flags: 0x07()
result: 02->TMP_VAR 00000588 00000000  00  00->NULL   00->val 0000
op1   : 01->CONST   00000284 0000001B  02  03->STRING 01->ref 0042
        KeyWord: <li onClick="fillCalonMhs('
op2   : 04->VAR     00000570 00000010  00  00->NULL   00->val 0000
----------------------------------------------------------------
[1] '$d
______________________________________________________________________
#005E: 0x35 ZEND_INIT_STRING   LineNo: 0x0000  Flags: 0x01()
result: 02->TMP_VAR 000005A0 00000000  00  00->NULL   00->val 0000
----------------------------------------------------------------
[1] '$d
______________________________________________________________________
#005F: 0x37 ZEND_ADD_STRING   LineNo: 0x0000  Flags: 0x07()
result: 02->TMP_VAR 000005A0 00000000  00  00->NULL   00->val 0000
op1   : 02->TMP_VAR 000005A0 00000000  00  00->NULL   00->val 0000
op2   : 01->CONST   000002A0 00000008  02  03->STRING 01->ref 0042
        KeyWord: ');"><b>
----------------------------------------------------------------
[1] '$d
______________________________________________________________________
#0060: 0x50 ZEND_FETCH_R   LineNo: 0x0000  Flags: 0x07()
result: 04->VAR     000005B8 00000000  00  00->NULL   00->val 0000
op1   : 01->CONST   000002AA 00000001  02  03->STRING 01->ref 0042
        KeyWord: d
op2   : 08->UNUSED  00000000 00000001  00  00->NULL   00->val 0000
----------------------------------------------------------------
[1] '$d
[2] '$d
______________________________________________________________________
#0061: 0x51 ZEND_FETCH_DIM_R   LineNo: 0x0000  Flags: 0x07()
result: 04->VAR     000005D0 00000000  00  00->NULL   00->val 0000
op1   : 04->VAR     000005B8 00000000  00  00->NULL   00->val 0000
op2   : 01->CONST   000002AC 00000002  02  03->STRING 01->ref 0042
        KeyWord: ID
----------------------------------------------------------------
[1] '$d
[2] '$d
______________________________________________________________________
#0062: 0x38 ZEND_ADD_VAR   LineNo: 0x0000  Flags: 0x07()
result: 02->TMP_VAR 000005A0 00000000  00  00->NULL   00->val 0000
op1   : 02->TMP_VAR 000005A0 00000000  00  00->NULL   00->val 0000
op2   : 04->VAR     000005D0 00000000  00  00->NULL   00->val 0000
----------------------------------------------------------------
[1] '$d
[2] '$d
______________________________________________________________________
#0063: 0x37 ZEND_ADD_STRING   LineNo: 0x0000  Flags: 0x07()
result: 02->TMP_VAR 000005A0 00000000  00  00->NULL   00->val 0000
op1   : 02->TMP_VAR 000005A0 00000000  00  00->NULL   00->val 0000
op2   : 01->CONST   000002B0 00000007  02  03->STRING 01->ref 0042
        KeyWord: </b> - 
----------------------------------------------------------------
[1] '$d
[2] '$d
______________________________________________________________________
#0064: 0x08 ZEND_CONCAT   LineNo: 0x0000  Flags: 0x07()
result: 02->TMP_VAR 000005E8 00000000  00  00->NULL   00->val 0000
op1   : 02->TMP_VAR 00000588 00000000  00  00->NULL   00->val 0000
op2   : 02->TMP_VAR 000005A0 00000000  00  00->NULL   00->val 0000
----------------------------------------------------------------
[1] '$d
[2] '$d
______________________________________________________________________
#0065: 0x63 ZEND_FETCH_CONSTANT   LineNo: 0x0000  Flags: 0x05()
result: 02->TMP_VAR 00000618 00000000  00  00->NULL   00->val 0000
op2   : 01->CONST   000002B8 00000004  02  03->STRING 01->ref 0042
        KeyWord: NAMA
----------------------------------------------------------------
[1] '$d
[2] '$d
______________________________________________________________________
#0066: 0x50 ZEND_FETCH_R   LineNo: 0x0000  Flags: 0x07()
result: 04->VAR     00000600 00000000  00  00->NULL   00->val 0000
op1   : 01->CONST   000002BE 00000001  02  03->STRING 01->ref 0042
        KeyWord: d
op2   : 08->UNUSED  00000000 00000001  00  00->NULL   00->val 0000
----------------------------------------------------------------
[1] '$d
[2] '$d
[3] '$d
______________________________________________________________________
#0067: 0x51 ZEND_FETCH_DIM_R   LineNo: 0x0000  Flags: 0x07()
result: 04->VAR     00000630 00000000  00  00->NULL   00->val 0000
op1   : 04->VAR     00000600 00000000  00  00->NULL   00->val 0000
op2   : 02->TMP_VAR 00000618 00000000  00  00->NULL   00->val 0000
----------------------------------------------------------------
[1] '$d
[2] '$d
[3] '$d
______________________________________________________________________
#0068: 0x08 ZEND_CONCAT   LineNo: 0x0000  Flags: 0x07()
result: 02->TMP_VAR 00000648 00000000  00  00->NULL   00->val 0000
op1   : 02->TMP_VAR 000005E8 00000000  00  00->NULL   00->val 0000
op2   : 04->VAR     00000630 00000010  00  00->NULL   00->val 0000
----------------------------------------------------------------
[1] '$d
[2] '$d
[3] '$d
______________________________________________________________________
#0069: 0x08 ZEND_CONCAT   LineNo: 0x0000  Flags: 0x07()
result: 02->TMP_VAR 00000660 00000000  00  00->NULL   00->val 0000
op1   : 02->TMP_VAR 00000648 00000000  00  00->NULL   00->val 0000
op2   : 01->CONST   000002C0 00000003  02  03->STRING 01->ref 0042
        KeyWord: ,  
----------------------------------------------------------------
[1] '$d
[2] '$d
[3] '$d
______________________________________________________________________
#006A: 0x63 ZEND_FETCH_CONSTANT   LineNo: 0x0000  Flags: 0x05()
result: 02->TMP_VAR 000006A8 00000000  00  00->NULL   00->val 0000
op2   : 01->CONST   000002C4 00000007  02  03->STRING 01->ref 0042
        KeyWord: IDPRODI
----------------------------------------------------------------
[1] '$d
[2] '$d
[3] '$d
______________________________________________________________________
#006B: 0x50 ZEND_FETCH_R   LineNo: 0x0000  Flags: 0x07()
result: 04->VAR     00000690 00000000  00  00->NULL   00->val 0000
op1   : 01->CONST   000002CC 00000001  02  03->STRING 01->ref 0042
        KeyWord: d
op2   : 08->UNUSED  00000000 00000001  00  00->NULL   00->val 0000
----------------------------------------------------------------
[1] '$d
[2] '$d
[3] '$d
[4] '$d
______________________________________________________________________
#006C: 0x51 ZEND_FETCH_DIM_R   LineNo: 0x0000  Flags: 0x07()
result: 04->VAR     000006C0 00000000  00  00->NULL   00->val 0000
op1   : 04->VAR     00000690 00000000  00  00->NULL   00->val 0000
op2   : 02->TMP_VAR 000006A8 00000000  00  00->NULL   00->val 0000
----------------------------------------------------------------
[1] '$d
[2] '$d
[3] '$d
[4] '$d
______________________________________________________________________
#006D: 0x50 ZEND_FETCH_R   LineNo: 0x0000  Flags: 0x07()
result: 04->VAR     00000678 00000000  00  00->NULL   00->val 0000
op1   : 01->CONST   000002CE 0000000D  02  03->STRING 01->ref 0042
        KeyWord: arrayprodidep
op2   : 08->UNUSED  00000000 00000001  00  00->NULL   00->val 0000
----------------------------------------------------------------
[1] '$d
[2] '$d
[3] '$d
[4] '$d
[5] '$arrayprodidep
______________________________________________________________________
#006E: 0x51 ZEND_FETCH_DIM_R   LineNo: 0x0000  Flags: 0x07()
result: 04->VAR     000006D8 00000000  00  00->NULL   00->val 0000
op1   : 04->VAR     00000678 00000000  00  00->NULL   00->val 0000
op2   : 04->VAR     000006C0 00000010  00  00->NULL   00->val 0000
----------------------------------------------------------------
[1] '$d
[2] '$d
[3] '$d
[4] '$d
[5] '$arrayprodidep
______________________________________________________________________
#006F: 0x08 ZEND_CONCAT   LineNo: 0x0000  Flags: 0x07()
result: 02->TMP_VAR 000006F0 00000000  00  00->NULL   00->val 0000
op1   : 02->TMP_VAR 00000660 00000000  00  00->NULL   00->val 0000
op2   : 04->VAR     000006D8 00000010  00  00->NULL   00->val 0000
----------------------------------------------------------------
[1] '$d
[2] '$d
[3] '$d
[4] '$d
[5] '$arrayprodidep
______________________________________________________________________
#0070: 0x08 ZEND_CONCAT   LineNo: 0x0000  Flags: 0x07()
result: 02->TMP_VAR 00000708 00000000  00  00->NULL   00->val 0000
op1   : 02->TMP_VAR 000006F0 00000000  00  00->NULL   00->val 0000
op2   : 01->CONST   000002DC 00000005  02  03->STRING 01->ref 0042
        KeyWord: </li>
----------------------------------------------------------------
[1] '$d
[2] '$d
[3] '$d
[4] '$d
[5] '$arrayprodidep
______________________________________________________________________
#0071: 0x28 ZEND_ECHO   LineNo: 0x0000  Flags: 0x02()
op1   : 02->TMP_VAR 00000708 00000000  00  00->NULL   00->val 0000
----------------------------------------------------------------
[1] '$d
[2] '$d
[3] '$d
[4] '$d
[5] '$arrayprodidep
______________________________________________________________________
#0072: 0x2A ZEND_JMP   LineNo: 0x0000  Flags: 0x02()
op1   : 08->UNUSED  00000053 00000000  00  00->NULL   00->val 0000
----------------------------------------------------------------
[1] '$d
[2] '$d
[3] '$d
[4] '$d
[5] '$arrayprodidep
....................................................................
Comment: GoTo Command #0053
....................................................................
Buf: $arrayprodidep
______________________________________________________________________
#0073: 0x3E ZEND_RETURN   LineNo: 0x0000  Flags: 0x02()
op1   : 01->CONST   00000001 00000038  02  01->LONG   01->ref 0012
----------------------------------------------------------------
[1] '$d
[2] '$d
[3] '$d
[4] '$d
....................................................................
Buf: $arrayprodidepReturn (1)
______________________________________________________________________
#0074: 0x95 ZEND_HANDLE_EXCEPTION   LineNo: 0x0000  Flags: 0x00()
______________________________________________________________________
ERR: Decompiling this function is finish but there's still data on the decompile stack ->Dumping that data now...
FunctionsCount: 0000
Classes: 0000
File sucessfully processes!

