========== Ioncube_Decoder 1.1.40  LogFile ==========

=========> S t a g e  0  -  Getting RawData (UnBase64-Raw.bin)

Opening C:\AppServ\www\siakad\lib\listakun.php
000003AF -> Start of ionCubeData...
00001278 -> 00000EC9 Bytes read.
IC_Base64_Marker: '4+oV' Decoding Base64->Bin...

=========> S t a g e  1  -  Validating RawData

ionCubeVersionType: 3CCC22E1 [Encrypted: 149FEC13]
ioncube_Version_Type 3

=========> S t a g e  2  -  Processing RawData

RawBinData_Size: 00000E9D
FileSizeKey: 2395B260 (RawBinData_Size + 12321) Xor &H23958CDE
Header_FileSizeKey: 2395B21E
Header_FileSizeKey and FileSizeKey are different! (Difference: 00000042)
Note: RawBinData_Size calculate from Header_FileSizeKey is: 00000D23  (Difference: 0000017A)
Header_Size: 000000BE (InitKey for MT: 139CB5CE)
Adler32_CRC for 'IC_Raw[0004]..[00DD]' and calculated MATCH. CRC: C06A6F72

=========> S t a g e  3  -  Extracting Header from RawData (->IC_Header.bin)


=========> S t a g e  4  -  Interpreting IC_Header

Minimum Loader Version: 00.00.00 (for ex. ioncube_loader_win_4.3.dll requires >0301010)
VerData 0x00000003
ObfuFlags 00000000 00000000

ObfuFuncHashSeed: 
Bytecode_XorKey: 0036928D
IncludeXorKey[should be 0xE9FC23B1]: E9FC23B1
LicenseFile: lisensi.txt
DisableCheckingOfLicenseRestrictions: 1
LicensePassphrase: lisensi
CustomErrCallbackHandler: 'ioncube_event_handler'
Enable_auto_prepend_Append_file: 0
Customised error messages entries: 0x00
Include file protection entries: 0x00
Adler32_CRC for '<?php //... ?>' and calculated MATCH. CRC: EB60391D
IC_HeaderEx start: 0086
IC_HeaderEx end: 00AE   IC_Header HeaderSize: 00BE

=========> S t a g e  5  -  Interpreting IC_HeaderEx

0001 <-IC_Type_Minor
0005 <-IC_Type_Major
The file [%s] was encoded with the PHP 5 ionCube Encoder, and requires PHP 5 to be installed.
00000CE7 <-PhpFlags
  0x0001  0001
  0x0002  0002 
  0x0004  0004 
  0x0020  Allow run with untrusted server extensions
  0x0040  PHP5_Body
  0x0080  CmdBytesAreEncrypted
  0x0400  EncryptStrings[KeyWord.c_Object] in memory during Compile& Execute
  0x0800  ObfuscateStripLineNumbers

IC Encoder Registration data(MemberID): 0x10050603  30754
Bytecode_MT_XorKey: 0036928D
Copy of IncludeXorKey in Header_MoreData: 0xE9FC23B1
unknown Data: 7D01A8C0 E3FC1B00 2690 00 00
EvalTimeMin: 10/5/2012 4:13:15 AM   1365BB54 '+0500DA46'=>506E5E5B seconds since 1.1.1970
EvalTimeMax: 10/5/2012 4:13:15 AM   4B6D8415 '+3D08A307'=>506E5E5B seconds since 1.1.1970
BodyStartOffset: 0x000000E5

=========> S t a g e  6  -  Extracting & Inflating IC_body from RawData (->IC_body.bin)

000000E9  Body_MT_Seed: B518455F
000000ED  Bytecode_MT_Seed: 42BC0EAB

=========> S t a g e  7  -  Reading IC_body.bin


=========> S t a g e  8  -  Read function body data

Reading Body
00000008 -> 00000003
S2[Fixed Size 0x70]:
0000007A ->  454C4502
 Skipped3 ->  00000000
 FuncNameStart ->  00000000 6168616D
 CmdData ->  00000000
 Args ->  00000000
 ArgsMin ->  00000000
 php4Extra ->  01EFEDD8 69730068 01E3F150 01ED6FF8 000000A7 000000A7
 Skipped1 ->  0000005A 00000002 00000001
 PHPFileNamePtr ->  FFFFFFFF
 Php5-O1  00000000
 Php5-O1Count  00000000 00000000 00000000 00000000 204D0000 01ED1890 68616D6E 73697361 00000000 00000000
 
00000079 -> FunctionName: public static function {MainFunction}
 
00000082 -> 000000A7<-CmdCount
byteCmds[Elementsize=0x2] Elements: 000000B6
Command(Encrypted)
------------------
07FC
07FB
07FF
07AC
07BB
078D
07A0
0717
0783
0785
0765
0442
0F09
1E5C
003D
1FA8
0002
1ED9
003D
1FEF
0003
1ED9
003D
1911
0003
0717
076C
0771
07CF
07EB
04AB
0FE7
1E63
003D
1F56
0002
1E55
003D
1999
0002
0439
1EE1
003D
1F10
0002
1E62
003D
1962
0002
0753
0792
0280
0743
07A7
0738
02B4
01F4
07E2
079E
073A
076A
0297
027C
07E9
0762
0715
025A
07B5
0701
07F7
02F4
02F5
02E1
02A4
0242
0296
02DD
0254
02FF
02F4
0210
02F6
02C7
0216
0273
02A8
0275
02C6
02CD
023C
02E8
028A
0265
02B2
0210
0227
02F2
02CB
025F
0266
0262
02B2
0257
0209
04E3
015D
07EF
077A
0136
0762
0752
077D
077B
02AB
0748
078E
0755
0F51
070C
0767
0723
071C
07AC
070D
07BC
0206
048F
0FBE
1ECC
003D
09A0
0763
07F6
0566
0769
077E
07E6
0573
07F6
07E5
079C
0713
0707
0141
074B
0767
0748
07C7
0257
059F
0786
07AC
078A
0638
0769
07B6
07C4
071D
074D
0700
05C0
072C
07D2
07A7
07C6
025B
026B
0523
0751
077D
0759
07B4
020D
02D6
02B4
0A85
0244
0259
02D2
02C2
022C
0095
CmdParams[Elementsize=0x14] Elements: 00000160
Type      Op1       Op2       Flags5    Flags
---------------------------------------------
00000004   00000000   00000000   00000000   00000000
00000001   0000000E   00000004   00000002   00420103
00000008   00000000   00000001   00000000   00000000
00000004   00000018   00000001   00000000   00000000
00000004   00000000   00000010   00000000   00000000
00000001   00000014   00000003   00000002   00420103
00000004   00000030   00000000   00000000   00000000
00000001   00000018   00000004   00000002   00420103
00000008   00000000   00000001   00000000   00000000
00000002   00000048   00000000   00000000   00000000
00000004   00000030   00000010   00000000   00000000
00000001   0000001E   0000000C   00000002   00420103
00000004   00000060   00000001   00000000   00000000
00000002   00000048   00000000   00000000   00000000
00000008   00000002   00000000   00000000   00000000
00000004   00000078   00000000   00000000   00000000
00000001   0000002C   00000004   00000002   00420103
00000008   00000000   00000001   00000000   00000000
00000002   00000090   00000000   00000000   00000000
00000004   00000078   00000010   00000000   00000000
00000001   00000032   00000006   00000002   00420103
00000004   000000A8   00000001   00000000   00000000
00000002   00000090   00000000   00000000   00000000
00000008   00000002   00000000   00000000   00000000
00000004   000000C0   00000000   00000000   00000000
00000001   0000003A   00000004   00000002   00420103
00000008   00000000   00000001   00000000   00000000
00000002   000000D8   00000000   00000000   00000000
00000004   000000C0   00000010   00000000   00000000
00000001   00000040   0000000A   00000002   00420103
00000004   000000F0   00000001   00000000   00000000
00000002   000000D8   00000000   00000000   00000000
00000008   00000002   00000000   00000000   00000000
00000001   FFFFFECE   0000000D   00000002   00420103
00000004   00000120   00000000   00000000   00000000
00000001   0000004C   00000007   00000002   00420103
00000008   00000000   00000001   00000000   00000000
00000004   00000120   00000010   00000000   00000000
00000008   00000001   00000000   00000000   00000000
00000004   00000138   00000000   00000000   00000000
00000001   00000054   00000008   00000002   00420103
00000008   00000000   00000001   00000000   00000000
00000004   00000138   00000010   00000000   00000000
00000008   00000002   00000000   00000000   00000000
00000004   00000150   00000000   00000000   00000000
00000001   0000005E   0000000B   00000002   00420103
00000008   00000000   00000001   00000000   00000000
00000004   00000150   00000010   00000000   00000000
00000008   00000003   00000000   00000000   00000000
00000004   00000168   00000000   00000000   00000000
00000004   00000108   00000000   00000000   00000000
00000001   0000006A   00000002   00000002   00420103
00000008   00000000   00000001   00000000   00000000
00000004   00000180   00000001   00000000   00000000
00000004   00000108   00000010   00000000   00000000
00000004   00000168   00000008   00000000   00000000
00000004   000001B0   00000000   00000000   00000000
00000001   0000006E   00000002   00000002   00420103
00000008   00000000   00000001   00000000   00000000
00000004   00000198   00000000   00000000   00000000
00000001   00000072   00000007   00000002   00420103
00000008   00000000   00000001   00000000   00000000
00000004   000001C8   00000001   00000000   00000000
00000004   00000198   00000010   00000000   00000000
00000004   000001B0   00000010   00000000   00000000
00000001   FFFFFE9D   0000000F   00000002   00420103
00000004   000001E0   00000000   00000000   00000000
00000001   0000007A   0000000C   00000002   00420103
00000008   00000000   00000001   00000000   00000000
00000004   000001E0   00000010   00000000   00000000
00000008   00000001   00000000   00000000   00000000
00000004   000001F8   00000000   00000000   00000000
00000001   00000088   00000002   00000002   00420103
00000008   00000000   00000001   00000000   00000000
00000004   000001F8   00000010   00000000   00000000
00000008   00000002   00000000   00000000   00000000
00000004   00000210   00000001   00000000   00000000
00000001   0000008C   0000000B   00000002   00420103
00000001   00000098   00000001   00000002   00420103
00000008   00000001   00000000   00000000   00000000
00000004   00000240   00000000   00000000   00000000
00000001   0000009A   00000005   00000002   00420103
00000008   00000000   00000001   00000000   00000000
00000004   00000240   00000010   00000000   00000000
00000008   00000002   00000000   00000000   00000000
00000004   00000258   00000000   00000000   00000000
00000004   00000228   00000000   00000000   00000000
00000001   000000A0   00000005   00000002   00420103
00000008   00000000   00000001   00000000   00000000
00000004   00000270   00000001   00000000   00000000
00000004   00000228   00000010   00000000   00000000
00000004   00000258   00000008   00000000   00000000
00000001   000000A6   00000018   00000002   00420103
00000004   00000288   00000000   00000000   00000000
00000001   000000C0   00000004   00000002   00420103
00000008   00000000   00000001   00000000   00000000
00000002   000002A0   00000000   00000000   00000000
00000004   00000288   00000010   00000000   00000000
00000001   000000C6   00000012   00000002   00420103
00000004   000002B8   00000001   00000000   00000000
00000002   000002A0   00000000   00000000   00000000
00000008   00000002   00000000   00000000   00000000
00000001   000000DA   00000033   00000002   00420103
00000002   000002D0   00000000   00000000   00000000
00000002   000002D0   00000000   00000000   00000000
00000002   000002D0   00000000   00000000   00000000
00000001   0000010E   0000002B   00000002   00420103
00000004   000002E8   00000000   00000000   00000000
00000001   0000013A   00000003   00000002   00420103
00000008   00000000   00000001   00000000   00000000
00000002   000002D0   00000000   00000000   00000000
00000002   000002D0   00000000   00000000   00000000
00000004   000002E8   00000000   00000000   00000000
00000002   000002D0   00000000   00000000   00000000
00000002   000002D0   00000000   00000000   00000000
00000001   0000013E   00000003   00000002   00420103
00000002   000002D0   00000000   00000000   00000000
00000001   00000142   0000003A   00000002   00420103
00000004   00000300   00000000   00000000   00000000
00000001   0000017E   00000004   00000002   00420103
00000008   00000000   00000001   00000000   00000000
00000002   00000318   00000000   00000000   00000000
00000001   00000184   0000000D   00000002   00420103
00000004   00000300   00000010   00000000   00000000
00000002   00000330   00000000   00000000   00000000
00000002   00000318   00000000   00000000   00000000
00000001   00000192   00000050   00000002   00420103
00000002   00000330   00000000   00000000   00000000
00000004   00000348   00000000   00000000   00000000
00000001   000001E4   00000004   00000002   00420103
00000008   00000000   00000001   00000000   00000000
00000002   00000360   00000000   00000000   00000000
00000001   000001EA   0000000D   00000002   00420103
00000004   00000348   00000010   00000000   00000000
00000002   00000378   00000000   00000000   00000000
00000002   00000360   00000000   00000000   00000000
00000001   000001F8   0000002F   00000002   00420103
00000002   00000378   00000000   00000000   00000000
00000001   00000228   0000001F   00000002   00420103
00000001   00000248   00000005   00000002   00420103
00000001   0000024E   0000001B   00000002   00420103
00000001   0000026A   0000001B   00000002   00420103
00000001   00000286   0000001C   00000002   00420103
00000001   000002A4   00000026   00000002   00420103
00000001   000002CC   00000032   00000002   00420103
00000001   00000300   00000031   00000002   00420103
00000001   00000332   0000002F   00000002   00420103
00000001   00000362   00000045   00000002   00420103
00000001   000003A8   00000043   00000002   00420103
00000001   000003EC   00000041   00000002   00420103
00000001   0000042E   00000016   00000002   00420103
00000001   00000446   00000043   00000002   00420103
00000001   0000048A   00000041   00000002   00420103
00000001   000004CC   00000016   00000002   00420103
00000001   000004E4   00000013   00000002   00420103
00000001   000004F8   0000000E   00000002   00420103
00000001   00000508   0000000A   00000002   00420103
00000001   00000514   00000007   00000002   00420103
00000001   0000051C   00000014   00000002   00420103
00000001   00000532   00000003   00000002   00420103
00000001   00000536   00000009   00000002   00420103
00000001   00000540   0000000C   00000002   00420103
00000001   0000054E   00000008   00000002   00420103
00000001   00000558   00000007   00000002   00420103
00000001   00000560   0000004F   00000002   00420103
00000001   000005B0   0000002B   00000002   00420103
00000001   000005DC   00000005   00000002   00420103
00000001   000005E2   00000040   00000002   00420103
00000001   00000624   00000006   00000002   00420103
00000001   0000062C   00000005   00000002   00420103
00000001   00000632   00000005   00000002   00420103
00000001   00000638   00000008   00000002   00420103
00000004   000003A8   00000000   00000000   00000000
00000004   00000390   00000000   00000000   00000000
00000001   00000642   00000004   00000002   00420103
00000008   00000000   00000001   00000000   00000000
00000004   000003C0   00000001   00000000   00000000
00000004   00000390   00000010   00000000   00000000
00000004   000003A8   00000008   00000000   00000000
00000002   000003D8   00000000   00000000   00000000
00000002   000003D8   00000000   00000000   00000000
00000002   000003D8   00000000   00000000   00000000
00000001   00000648   00000014   00000002   00420103
00000004   000003F0   00000000   00000000   00000000
00000001   0000065E   0000000A   00000002   00420103
00000008   00000000   00000001   00000000   00000000
00000002   000003D8   00000000   00000000   00000000
00000002   000003D8   00000000   00000000   00000000
00000004   000003F0   00000000   00000000   00000000
00000002   000003D8   00000000   00000000   00000000
00000002   000003D8   00000000   00000000   00000000
00000001   0000066A   0000000D   00000002   00420103
00000002   000003D8   00000000   00000000   00000000
00000004   00000408   00000000   00000000   00000000
00000001   FFFFFF14   00000001   00000002   00420103
00000008   00000000   00000001   00000000   00000000
00000004   00000420   00000001   00000000   00000000
00000004   00000408   00000010   00000000   00000000
00000001   00000000   00000001   00000002   00420101
00000004   00000438   00000000   00000000   00000000
00000001   00000678   00000004   00000002   00420103
00000008   00000000   00000001   00000000   00000000
00000004   00000450   00000000   00000000   00000000
00000004   00000438   00000010   00000000   00000000
00000008   00000082   00000000   00000000   00000000
00000002   00000468   00000000   00000000   00000000
00000004   00000450   00000000   00000000   00000000
00000008   000000A0   00000000   00000000   00000000
00000004   00000480   00000000   00000000   00000000
00000001   FFFFFEF0   00000001   00000002   00420103
00000008   00000000   00000001   00000000   00000000
00000004   00000498   00000000   00000000   00000000
00000001   0000067E   00000003   00000002   00420103
00000008   00000000   00000001   00000000   00000000
00000004   000004B0   00000000   00000000   00000000
00000002   00000468   00000000   00000000   00000000
00000001   00000000   00000000   00000002   00000101
00000004   000004C8   00000000   00000000   00000000
00000002   00000468   00000000   00000000   00000000
00000001   00000001   00000000   00000002   00000101
00000004   000004E0   00000001   00000000   00000000
00000004   00000498   00000010   00000000   00000000
00000004   000004B0   00000000   00000000   00000000
00000004   000004F8   00000001   00000000   00000000
00000004   00000480   00000010   00000000   00000000
00000004   000004C8   00000000   00000000   00000000
00000002   00000468   00000000   00000000   00000000
00000001   00000682   00000005   00000002   00420103
00000004   00000528   00000000   00000000   00000000
00000001   FFFFFF14   00000001   00000002   00420103
00000008   00000000   00000001   00000000   00000000
00000004   00000528   00000010   00000000   00000000
00000008   00000001   00000000   00000000   00000000
00000004   00000540   00000000   00000000   00000000
00000004   00000510   00000000   00000000   00000000
00000001   00000688   00000005   00000002   00420103
00000008   00000000   00000001   00000000   00000000
00000004   00000558   00000001   00000000   00000000
00000004   00000510   00000010   00000000   00000000
00000004   00000540   00000008   00000000   00000000
00000002   000005A0   00000000   00000000   00000000
00000001   0000068E   00000004   00000002   00420103
00000004   00000588   00000000   00000000   00000000
00000001   00000694   00000003   00000002   00420103
00000008   00000000   00000001   00000000   00000000
00000004   000005B8   00000000   00000000   00000000
00000004   00000588   00000000   00000000   00000000
00000002   000005A0   00000000   00000000   00000000
00000002   000005D0   00000000   00000000   00000000
00000004   000005B8   00000010   00000000   00000000
00000001   00000698   00000001   00000002   00420103
00000002   00000600   00000000   00000000   00000000
00000001   0000069A   00000002   00000002   00420103
00000004   000005E8   00000000   00000000   00000000
00000001   0000069E   00000003   00000002   00420103
00000008   00000000   00000001   00000000   00000000
00000004   00000618   00000000   00000000   00000000
00000004   000005E8   00000000   00000000   00000000
00000002   00000600   00000000   00000000   00000000
00000002   00000630   00000000   00000000   00000000
00000002   000005D0   00000000   00000000   00000000
00000004   00000618   00000010   00000000   00000000
00000004   00000570   00000000   00000000   00000000
00000001   000006A2   00000004   00000002   00420103
00000008   00000000   00000001   00000000   00000000
00000004   00000648   00000001   00000000   00000000
00000004   00000570   00000010   00000000   00000000
00000002   00000630   00000000   00000000   00000000
00000002   00000660   00000000   00000000   00000000
00000002   00000660   00000000   00000000   00000000
00000002   00000660   00000000   00000000   00000000
00000001   000006A8   00000004   00000002   00420103
00000004   00000678   00000000   00000000   00000000
00000001   000006AE   00000005   00000002   00420103
00000008   00000000   00000001   00000000   00000000
00000002   00000660   00000000   00000000   00000000
00000002   00000660   00000000   00000000   00000000
00000004   00000678   00000000   00000000   00000000
00000002   00000660   00000000   00000000   00000000
00000002   00000660   00000000   00000000   00000000
00000001   000006B4   00000002   00000002   00420103
00000002   00000660   00000000   00000000   00000000
00000002   000006A8   00000000   00000000   00000000
00000001   000006B8   00000007   00000002   00420103
00000004   00000690   00000000   00000000   00000000
00000001   000006C0   00000003   00000002   00420103
00000008   00000000   00000001   00000000   00000000
00000004   000006C0   00000000   00000000   00000000
00000004   00000690   00000000   00000000   00000000
00000002   000006A8   00000000   00000000   00000000
00000002   000006D8   00000000   00000000   00000000
00000004   000006C0   00000010   00000000   00000000
00000001   00000001   00000007   00000002   00420101
00000002   000006D8   00000000   00000000   00000000
00000008   00000098   00000000   00000000   00000000
00000004   000006F0   00000000   00000000   00000000
00000001   000006C4   00000004   00000002   00420103
00000008   00000000   00000001   00000000   00000000
00000002   00000708   00000000   00000000   00000000
00000001   000006CA   0000002A   00000002   00420103
00000004   000006F0   00000010   00000000   00000000
00000002   00000720   00000000   00000000   00000000
00000002   00000708   00000000   00000000   00000000
00000001   000006F6   00000003   00000002   00420103
00000004   00000738   00000000   00000000   00000000
00000001   000006FA   00000004   00000002   00420103
00000008   00000000   00000001   00000000   00000000
00000002   00000750   00000000   00000000   00000000
00000002   00000720   00000000   00000000   00000000
00000004   00000738   00000010   00000000   00000000
00000002   00000768   00000000   00000000   00000000
00000002   00000750   00000000   00000000   00000000
00000001   00000700   00000004   00000002   00420103
00000002   00000798   00000000   00000000   00000000
00000001   00000706   0000000B   00000002   00420103
00000004   00000780   00000000   00000000   00000000
00000001   00000712   00000003   00000002   00420103
00000008   00000000   00000001   00000000   00000000
00000004   000007B0   00000000   00000000   00000000
00000004   00000780   00000000   00000000   00000000
00000002   00000798   00000000   00000000   00000000
00000002   000007C8   00000000   00000000   00000000
00000002   00000768   00000000   00000000   00000000
00000004   000007B0   00000010   00000000   00000000
00000002   000007E0   00000000   00000000   00000000
00000002   000007C8   00000000   00000000   00000000
00000001   00000716   00000006   00000002   00420103
00000002   000007E0   00000000   00000000   00000000
00000008   0000009E   00000000   00000000   00000000
00000002   00000810   00000000   00000000   00000000
00000001   0000071E   0000000B   00000002   00420103
00000004   000007F8   00000000   00000000   00000000
00000001   0000072A   00000003   00000002   00420103
00000008   00000000   00000001   00000000   00000000
00000004   00000828   00000000   00000000   00000000
00000004   000007F8   00000000   00000000   00000000
00000002   00000810   00000000   00000000   00000000
00000002   00000840   00000000   00000000   00000000
00000001   0000072E   00000010   00000002   00420103
00000004   00000828   00000010   00000000   00000000
00000002   00000858   00000000   00000000   00000000
00000002   00000840   00000000   00000000   00000000
00000001   00000740   00000006   00000002   00420103
00000002   00000858   00000000   00000000   00000000
00000001   00000748   00000006   00000002   00420103
00000008   00000068   00000000   00000000   00000000
00000004   00000450   00000000   00000000   00000000
00000001   00000750   00000009   00000002   00420103
00000001   0000075A   00000006   00000002   00420103
00000001   00000762   00000008   00000002   00420103
00000001   0000076C   00000008   00000002   00420103
00000001   00000001   00000038   00000002   00120101
StringData [00000775]
000024EF -> C0 DE 68 00 00 00 A0 00 00 00 FF FF FF FF 72 6F 6F 74 00 00 2E 2E 2F 00 72 6F 6F 74 00 00 73 65 73 69 75 73 65 72 2E 70 68 70 00 00 72 6F 6F 74 00 00 64 62 2E 70 68 70 00 00 72 6F 6F 74 00 00 68 65 61 64 65 72 2E 70 68 70 00 00 68 6F 73 74 73 71 6C 00 6C 6F 67 69 6E 73 71 6C 00 00 70 61 73 73 77 6F 72 64 73 71 6C 00 64 62 00 00 64 62 00 00 6B 6F 6E 65 6B 73 69 00 62 61 73 69 73 64 61 74 61 73 71 6C 00 00 64 62 00 00 73 70 6C 69 74 5F 73 69 6B 61 64 00 2C 00 70 66 6C 74 72 00 70 75 6E 69 74 00 3C 68 74 6D 6C 3E 0A 09 09 09 3C 68 65 61 64 3E 0A 3C 73 74 79 6C 65 3E 00 00 72 6F 6F 74 00 00 63 73 73 2F 6C 69 73 74 5F 70 72 6F 64 69 2E 63 73 73 00 00 0A 3C 2F 73 74 79 6C 65 3E 3C 74 69 74 6C 65 3E 44 61 66 74 61 72 20 4E 61 6D 61 20 4B 6F 64 65 20 41 6B 75 6E 74 61 6E 73 69 3C 2F 74 69 74 6C 65 3E 0A 00 3C 6C 69 6E 6B 20 72 65 6C 3D 73 74 79 6C 65 73 68 65 65 74 20 74 79 70 65 3D 27 74 65 78 74 2F 63 73 73 27 20 68 72 65 66 3D 27 00 63 73 73 00 27 3E 0A 00 3C 6D 65 74 61 20 68 74 74 70 2D 65 71 75 69 7
ÀÞh... ...ÿÿÿÿroot..../.root..sesiuser.php..root..db.php..root..header.php..hostsql.loginsql..passwordsql.db..db..koneksi.basisdatasql..db..split_sikad.,.pfltr.punit.<html>
			<head>
<style>..root..css/list_prodi.css..
</style><title>Daftar Nama Kode Akuntansi</title>
.<link rel=stylesheet type='text/css' href='.css.'>
.<meta http-equiv='Content-Style-Type' content='text/css'>
..root..<script src='.tampilan/lib/jquery-1.4.min.js' type='text/javascript' charset='utf-8'></script>..root..<script src='.css/script.js' type='text/javascript'></script>.<SCRIPT LANGUAGE="JavaScript">
.<!--
.function pick(pfld,pval) {
.    fld = pfld.split(',');
.    val = pval.split(','); 
..    var wod = window.opener.document;
..    if (window.opener && !window.opener.closed) {
..        for (var i=0; i<wod.forms.length; i++) {
.            if (wod.forms[i].name == fld[0]) {
.                for (var j=0; j<wod.forms[i].elements.length; j++) {
.                    if (wod.forms[i].elements[j].name == fld[1]) {
.                    
Length of unprocessed data: 00000004

=========> S t a g e  9  -  Interpreting IC_body/ByteCode

#0000: 0x53 ZEND_FETCH_W   LineNo: 0x0000  Flags: 0x07()
result: 04->VAR     00000000 00000000  00  00->NULL   00->val 0000
op1   : 01->CONST   0000000E 00000004  02  03->STRING 01->ref 0042
        KeyWord: root
op2   : 08->UNUSED  00000000 00000001  00  00->NULL   00->val 0000
----------------------------------------------------------------
[1] '$root
....................................................................
Buf: $arrayprodidepReturn (1)
______________________________________________________________________
#0001: 0x26 ZEND_ASSIGN   LineNo: 0x0000  Flags: 0x07()
result: 04->VAR     00000018 00000001  00  00->NULL   00->val 0000
op1   : 04->VAR     00000000 00000010  00  00->NULL   00->val 0000
op2   : 01->CONST   00000014 00000003  02  03->STRING 01->ref 0042
        KeyWord: ../
====================================================================
$arrayprodidepReturn (1)$root="../";
______________________________________________________________________
#0002: 0x50 ZEND_FETCH_R   LineNo: 0x0000  Flags: 0x07()
result: 04->VAR     00000030 00000000  00  00->NULL   00->val 0000
op1   : 01->CONST   00000018 00000004  02  03->STRING 01->ref 0042
        KeyWord: root
op2   : 08->UNUSED  00000000 00000001  00  00->NULL   00->val 0000
----------------------------------------------------------------
[1] '$root
______________________________________________________________________
#0003: 0x08 ZEND_CONCAT   LineNo: 0x0000  Flags: 0x07()
result: 02->TMP_VAR 00000048 00000000  00  00->NULL   00->val 0000
op1   : 04->VAR     00000030 00000010  00  00->NULL   00->val 0000
op2   : 01->CONST   0000001E 0000000C  02  03->STRING 01->ref 0042
        KeyWord: sesiuser.php
----------------------------------------------------------------
[1] '$root."sesiuser.php"
______________________________________________________________________
#0004: 0x49 ZEND_INCLUDE_OR_EVAL   LineNo: 0x0000  Flags: 0x07()
result: 04->VAR     00000060 00000001  00  00->NULL   00->val 0000
op1   : 02->TMP_VAR 00000048 00000000  00  00->NULL   00->val 0000
op2   : 08->UNUSED  00000002 00000000  00  00->NULL   00->val 0000
----------------------------------------------------------------
[1] '$root."sesiuser.php"
Correcting Stack error...
====================================================================
$root."sesiuser.php";
______________________________________________________________________
#0005: 0x50 ZEND_FETCH_R   LineNo: 0x0000  Flags: 0x07()
result: 04->VAR     00000078 00000000  00  00->NULL   00->val 0000
op1   : 01->CONST   0000002C 00000004  02  03->STRING 01->ref 0042
        KeyWord: root
op2   : 08->UNUSED  00000000 00000001  00  00->NULL   00->val 0000
----------------------------------------------------------------
[1] '$root
______________________________________________________________________
#0006: 0x08 ZEND_CONCAT   LineNo: 0x0000  Flags: 0x07()
result: 02->TMP_VAR 00000090 00000000  00  00->NULL   00->val 0000
op1   : 04->VAR     00000078 00000010  00  00->NULL   00->val 0000
op2   : 01->CONST   00000032 00000006  02  03->STRING 01->ref 0042
        KeyWord: db.php
----------------------------------------------------------------
[1] '$root."db.php"
______________________________________________________________________
#0007: 0x49 ZEND_INCLUDE_OR_EVAL   LineNo: 0x0000  Flags: 0x07()
result: 04->VAR     000000A8 00000001  00  00->NULL   00->val 0000
op1   : 02->TMP_VAR 00000090 00000000  00  00->NULL   00->val 0000
op2   : 08->UNUSED  00000002 00000000  00  00->NULL   00->val 0000
----------------------------------------------------------------
[1] '$root."db.php"
Correcting Stack error...
====================================================================
$root."db.php";
______________________________________________________________________
#0008: 0x50 ZEND_FETCH_R   LineNo: 0x0000  Flags: 0x07()
result: 04->VAR     000000C0 00000000  00  00->NULL   00->val 0000
op1   : 01->CONST   0000003A 00000004  02  03->STRING 01->ref 0042
        KeyWord: root
op2   : 08->UNUSED  00000000 00000001  00  00->NULL   00->val 0000
----------------------------------------------------------------
[1] '$root
______________________________________________________________________
#0009: 0x08 ZEND_CONCAT   LineNo: 0x0000  Flags: 0x07()
result: 02->TMP_VAR 000000D8 00000000  00  00->NULL   00->val 0000
op1   : 04->VAR     000000C0 00000010  00  00->NULL   00->val 0000
op2   : 01->CONST   00000040 0000000A  02  03->STRING 01->ref 0042
        KeyWord: header.php
----------------------------------------------------------------
[1] '$root."header.php"
______________________________________________________________________
#000A: 0x49 ZEND_INCLUDE_OR_EVAL   LineNo: 0x0000  Flags: 0x07()
result: 04->VAR     000000F0 00000001  00  00->NULL   00->val 0000
op1   : 02->TMP_VAR 000000D8 00000000  00  00->NULL   00->val 0000
op2   : 08->UNUSED  00000002 00000000  00  00->NULL   00->val 0000
----------------------------------------------------------------
[1] '$root."header.php"
Correcting Stack error...
====================================================================
$root."header.php";
______________________________________________________________________
#000B: 0x3B ZEND_INIT_FCALL_BY_NAME   LineNo: 0x0000  Flags: 0x04()
op2   : 01->CONST   FFFFFECE 0000000D  02  03->STRING 01->ref 0042
        KeyWord: mysql_connect
----------------------------------------------------------------
[1] 'mysql_connect
______________________________________________________________________
#000C: 0x5C ZEND_FETCH_FUNC_ARG   LineNo: 0x0000  Flags: 0x0F()
result: 04->VAR     00000120 00000000  00  00->NULL   00->val 0000
op1   : 01->CONST   0000004C 00000007  02  03->STRING 01->ref 0042
        KeyWord: hostsql
op2   : 08->UNUSED  00000000 00000001  00  00->NULL   00->val 0000
        extended_value(from Flag): 0001
----------------------------------------------------------------
[1] 'mysql_connect
[2] '$hostsql
______________________________________________________________________
#000D: 0x42 ZEND_SEND_VAR   LineNo: 0x0000  Flags: 0x1E()
op1   : 04->VAR     00000120 00000010  00  00->NULL   00->val 0000
op2   : 08->UNUSED  00000001 00000000  00  00->NULL   00->val 0000
        extended_value(from File): 003D
----------------------------------------------------------------
[1] 'mysql_connect
....................................................................
Comment: SHOULD_BE_SENT_BY_REF
______________________________________________________________________
#000E: 0x5C ZEND_FETCH_FUNC_ARG   LineNo: 0x0000  Flags: 0x1F()
result: 04->VAR     00000138 00000000  00  00->NULL   00->val 0000
op1   : 01->CONST   00000054 00000008  02  03->STRING 01->ref 0042
        KeyWord: loginsql
op2   : 08->UNUSED  00000000 00000001  00  00->NULL   00->val 0000
        extended_value(from File): 0002
----------------------------------------------------------------
[1] 'mysql_connect
[2] '$loginsql
______________________________________________________________________
#000F: 0x42 ZEND_SEND_VAR   LineNo: 0x0000  Flags: 0x1E()
op1   : 04->VAR     00000138 00000010  00  00->NULL   00->val 0000
op2   : 08->UNUSED  00000002 00000000  00  00->NULL   00->val 0000
        extended_value(from File): 003D
----------------------------------------------------------------
[1] 'mysql_connect
....................................................................
Comment: SHOULD_BE_SENT_BY_REF
______________________________________________________________________
#0010: 0x5C ZEND_FETCH_FUNC_ARG   LineNo: 0x0000  Flags: 0x1F()
result: 04->VAR     00000150 00000000  00  00->NULL   00->val 0000
op1   : 01->CONST   0000005E 0000000B  02  03->STRING 01->ref 0042
        KeyWord: passwordsql
op2   : 08->UNUSED  00000000 00000001  00  00->NULL   00->val 0000
        extended_value(from File): 0003
----------------------------------------------------------------
[1] 'mysql_connect
[2] '$passwordsql
______________________________________________________________________
#0011: 0x42 ZEND_SEND_VAR   LineNo: 0x0000  Flags: 0x1E()
op1   : 04->VAR     00000150 00000010  00  00->NULL   00->val 0000
op2   : 08->UNUSED  00000003 00000000  00  00->NULL   00->val 0000
        extended_value(from File): 003D
----------------------------------------------------------------
[1] 'mysql_connect
....................................................................
Comment: SHOULD_BE_SENT_BY_REF
______________________________________________________________________
#0012: 0x3D ZEND_DO_FCALL_BY_NAME   LineNo: 0x0000  Flags: 0x19()
result: 04->VAR     00000168 00000000  00  00->NULL   00->val 0000
        extended_value(from File): 0003
----------------------------------------------------------------
[1] 'mysql_connect($hostsql,$loginsql,$passwordsql)
______________________________________________________________________
#0013: 0x53 ZEND_FETCH_W   LineNo: 0x0000  Flags: 0x07()
result: 04->VAR     00000108 00000000  00  00->NULL   00->val 0000
op1   : 01->CONST   0000006A 00000002  02  03->STRING 01->ref 0042
        KeyWord: db
op2   : 08->UNUSED  00000000 00000001  00  00->NULL   00->val 0000
----------------------------------------------------------------
[1] 'mysql_connect($hostsql,$loginsql,$passwordsql)
[2] '$db
______________________________________________________________________
#0014: 0x26 ZEND_ASSIGN   LineNo: 0x0000  Flags: 0x07()
result: 04->VAR     00000180 00000001  00  00->NULL   00->val 0000
op1   : 04->VAR     00000108 00000010  00  00->NULL   00->val 0000
op2   : 04->VAR     00000168 00000008  00  00->NULL   00->val 0000
====================================================================
$db=mysql_connect($hostsql,$loginsql,$passwordsql);
______________________________________________________________________
#0015: 0x50 ZEND_FETCH_R   LineNo: 0x0000  Flags: 0x07()
result: 04->VAR     000001B0 00000000  00  00->NULL   00->val 0000
op1   : 01->CONST   0000006E 00000002  02  03->STRING 01->ref 0042
        KeyWord: db
op2   : 08->UNUSED  00000000 00000001  00  00->NULL   00->val 0000
----------------------------------------------------------------
[1] '$db
______________________________________________________________________
#0016: 0x53 ZEND_FETCH_W   LineNo: 0x0000  Flags: 0x07()
result: 04->VAR     00000198 00000000  00  00->NULL   00->val 0000
op1   : 01->CONST   00000072 00000007  02  03->STRING 01->ref 0042
        KeyWord: koneksi
op2   : 08->UNUSED  00000000 00000001  00  00->NULL   00->val 0000
----------------------------------------------------------------
[1] '$db
[2] '$koneksi
______________________________________________________________________
#0017: 0x26 ZEND_ASSIGN   LineNo: 0x0000  Flags: 0x07()
result: 04->VAR     000001C8 00000001  00  00->NULL   00->val 0000
op1   : 04->VAR     00000198 00000010  00  00->NULL   00->val 0000
op2   : 04->VAR     000001B0 00000010  00  00->NULL   00->val 0000
====================================================================
$koneksi=$db;
______________________________________________________________________
#0018: 0x3B ZEND_INIT_FCALL_BY_NAME   LineNo: 0x0000  Flags: 0x04()
op2   : 01->CONST   FFFFFE9D 0000000F  02  03->STRING 01->ref 0042
        KeyWord: mysql_select_db
----------------------------------------------------------------
[1] 'mysql_select_db
______________________________________________________________________
#0019: 0x5C ZEND_FETCH_FUNC_ARG   LineNo: 0x0000  Flags: 0x0F()
result: 04->VAR     000001E0 00000000  00  00->NULL   00->val 0000
op1   : 01->CONST   0000007A 0000000C  02  03->STRING 01->ref 0042
        KeyWord: basisdatasql
op2   : 08->UNUSED  00000000 00000001  00  00->NULL   00->val 0000
        extended_value(from Flag): 0001
----------------------------------------------------------------
[1] 'mysql_select_db
[2] '$basisdatasql
______________________________________________________________________
#001A: 0x42 ZEND_SEND_VAR   LineNo: 0x0000  Flags: 0x1E()
op1   : 04->VAR     000001E0 00000010  00  00->NULL   00->val 0000
op2   : 08->UNUSED  00000001 00000000  00  00->NULL   00->val 0000
        extended_value(from File): 003D
----------------------------------------------------------------
[1] 'mysql_select_db
....................................................................
Comment: SHOULD_BE_SENT_BY_REF
______________________________________________________________________
#001B: 0x5C ZEND_FETCH_FUNC_ARG   LineNo: 0x0000  Flags: 0x1F()
result: 04->VAR     000001F8 00000000  00  00->NULL   00->val 0000
op1   : 01->CONST   00000088 00000002  02  03->STRING 01->ref 0042
        KeyWord: db
op2   : 08->UNUSED  00000000 00000001  00  00->NULL   00->val 0000
        extended_value(from File): 0002
----------------------------------------------------------------
[1] 'mysql_select_db
[2] '$db
______________________________________________________________________
#001C: 0x42 ZEND_SEND_VAR   LineNo: 0x0000  Flags: 0x1E()
op1   : 04->VAR     000001F8 00000010  00  00->NULL   00->val 0000
op2   : 08->UNUSED  00000002 00000000  00  00->NULL   00->val 0000
        extended_value(from File): 003D
----------------------------------------------------------------
[1] 'mysql_select_db
....................................................................
Comment: SHOULD_BE_SENT_BY_REF
______________________________________________________________________
#001D: 0x3D ZEND_DO_FCALL_BY_NAME   LineNo: 0x0000  Flags: 0x19()
result: 04->VAR     00000210 00000001  00  00->NULL   00->val 0000
        extended_value(from File): 0002
====================================================================
mysql_select_db($basisdatasql,$db);
______________________________________________________________________
#001E: 0x3B ZEND_INIT_FCALL_BY_NAME   LineNo: 0x0000  Flags: 0x04()
op2   : 01->CONST   0000008C 0000000B  02  03->STRING 01->ref 0042
        KeyWord: split_sikad
----------------------------------------------------------------
[1] 'split_sikad
______________________________________________________________________
#001F: 0x41 ZEND_SEND_VAL   LineNo: 0x0000  Flags: 0x1E()
op1   : 01->CONST   00000098 00000001  02  03->STRING 01->ref 0042
        KeyWord: ,
op2   : 08->UNUSED  00000001 00000000  00  00->NULL   00->val 0000
        extended_value(from File): 003D
----------------------------------------------------------------
[1] 'split_sikad
....................................................................
Comment: Arg[1] = ","
______________________________________________________________________
#0020: 0x5C ZEND_FETCH_FUNC_ARG   LineNo: 0x0000  Flags: 0x1F()
result: 04->VAR     00000240 00000000  00  00->NULL   00->val 0000
op1   : 01->CONST   0000009A 00000005  02  03->STRING 01->ref 0042
        KeyWord: pfltr
op2   : 08->UNUSED  00000000 00000001  00  00->NULL   00->val 0000
        extended_value(from File): 0002
----------------------------------------------------------------
[1] 'split_sikad
[2] '$pfltr
______________________________________________________________________
#0021: 0x42 ZEND_SEND_VAR   LineNo: 0x0000  Flags: 0x1E()
op1   : 04->VAR     00000240 00000010  00  00->NULL   00->val 0000
op2   : 08->UNUSED  00000002 00000000  00  00->NULL   00->val 0000
        extended_value(from File): 003D
----------------------------------------------------------------
[1] 'split_sikad
....................................................................
Comment: SHOULD_BE_SENT_BY_REF
______________________________________________________________________
#0022: 0x3D ZEND_DO_FCALL_BY_NAME   LineNo: 0x0000  Flags: 0x19()
result: 04->VAR     00000258 00000000  00  00->NULL   00->val 0000
        extended_value(from File): 0002
----------------------------------------------------------------
[1] 'split_sikad(",",$pfltr)
______________________________________________________________________
#0023: 0x53 ZEND_FETCH_W   LineNo: 0x0000  Flags: 0x07()
result: 04->VAR     00000228 00000000  00  00->NULL   00->val 0000
op1   : 01->CONST   000000A0 00000005  02  03->STRING 01->ref 0042
        KeyWord: punit
op2   : 08->UNUSED  00000000 00000001  00  00->NULL   00->val 0000
----------------------------------------------------------------
[1] 'split_sikad(",",$pfltr)
[2] '$punit
______________________________________________________________________
#0024: 0x26 ZEND_ASSIGN   LineNo: 0x0000  Flags: 0x07()
result: 04->VAR     00000270 00000001  00  00->NULL   00->val 0000
op1   : 04->VAR     00000228 00000010  00  00->NULL   00->val 0000
op2   : 04->VAR     00000258 00000008  00  00->NULL   00->val 0000
====================================================================
$punit=split_sikad(",",$pfltr);
______________________________________________________________________
#0025: 0x28 ZEND_ECHO   LineNo: 0x0000  Flags: 0x02()
op1   : 01->CONST   000000A6 00000018  02  03->STRING 01->ref 0042
        KeyWord: <html>
			<head>
<style>
====================================================================
echo "<html>\n			<head>\n<style>";
______________________________________________________________________
#0026: 0x50 ZEND_FETCH_R   LineNo: 0x0000  Flags: 0x07()
result: 04->VAR     00000288 00000000  00  00->NULL   00->val 0000
op1   : 01->CONST   000000C0 00000004  02  03->STRING 01->ref 0042
        KeyWord: root
op2   : 08->UNUSED  00000000 00000001  00  00->NULL   00->val 0000
----------------------------------------------------------------
[1] '$root
______________________________________________________________________
#0027: 0x08 ZEND_CONCAT   LineNo: 0x0000  Flags: 0x07()
result: 02->TMP_VAR 000002A0 00000000  00  00->NULL   00->val 0000
op1   : 04->VAR     00000288 00000010  00  00->NULL   00->val 0000
op2   : 01->CONST   000000C6 00000012  02  03->STRING 01->ref 0042
        KeyWord: css/list_prodi.css
----------------------------------------------------------------
[1] '$root."css/list_prodi.css"
______________________________________________________________________
#0028: 0x49 ZEND_INCLUDE_OR_EVAL   LineNo: 0x0000  Flags: 0x07()
result: 04->VAR     000002B8 00000001  00  00->NULL   00->val 0000
op1   : 02->TMP_VAR 000002A0 00000000  00  00->NULL   00->val 0000
op2   : 08->UNUSED  00000002 00000000  00  00->NULL   00->val 0000
----------------------------------------------------------------
[1] '$root."css/list_prodi.css"
Correcting Stack error...
====================================================================
$root."css/list_prodi.css";
______________________________________________________________________
#0029: 0x28 ZEND_ECHO   LineNo: 0x0000  Flags: 0x02()
op1   : 01->CONST   000000DA 00000033  02  03->STRING 01->ref 0042
        KeyWord: 
</style><title>Daftar Nama Kode Akuntansi</title>

====================================================================
echo "\n</style><title>Daftar Nama Kode Akuntansi</title>\n";
______________________________________________________________________
#002A: 0x35 ZEND_INIT_STRING   LineNo: 0x0000  Flags: 0x01()
result: 02->TMP_VAR 000002D0 00000000  00  00->NULL   00->val 0000
______________________________________________________________________
#002B: 0x37 ZEND_ADD_STRING   LineNo: 0x0000  Flags: 0x07()
result: 02->TMP_VAR 000002D0 00000000  00  00->NULL   00->val 0000
op1   : 02->TMP_VAR 000002D0 00000000  00  00->NULL   00->val 0000
op2   : 01->CONST   0000010E 0000002B  02  03->STRING 01->ref 0042
        KeyWord: <link rel=stylesheet type='text/css' href='
______________________________________________________________________
#002C: 0x50 ZEND_FETCH_R   LineNo: 0x0000  Flags: 0x07()
result: 04->VAR     000002E8 00000000  00  00->NULL   00->val 0000
op1   : 01->CONST   0000013A 00000003  02  03->STRING 01->ref 0042
        KeyWord: css
op2   : 08->UNUSED  00000000 00000001  00  00->NULL   00->val 0000
----------------------------------------------------------------
[1] '$css
______________________________________________________________________
#002D: 0x38 ZEND_ADD_VAR   LineNo: 0x0000  Flags: 0x07()
result: 02->TMP_VAR 000002D0 00000000  00  00->NULL   00->val 0000
op1   : 02->TMP_VAR 000002D0 00000000  00  00->NULL   00->val 0000
op2   : 04->VAR     000002E8 00000000  00  00->NULL   00->val 0000
______________________________________________________________________
#002E: 0x37 ZEND_ADD_STRING   LineNo: 0x0000  Flags: 0x07()
result: 02->TMP_VAR 000002D0 00000000  00  00->NULL   00->val 0000
op1   : 02->TMP_VAR 000002D0 00000000  00  00->NULL   00->val 0000
op2   : 01->CONST   0000013E 00000003  02  03->STRING 01->ref 0042
        KeyWord: '>

______________________________________________________________________
#002F: 0x28 ZEND_ECHO   LineNo: 0x0000  Flags: 0x02()
op1   : 02->TMP_VAR 000002D0 00000000  00  00->NULL   00->val 0000
______________________________________________________________________
#0030: 0x28 ZEND_ECHO   LineNo: 0x0000  Flags: 0x02()
op1   : 01->CONST   00000142 0000003A  02  03->STRING 01->ref 0042
        KeyWord: <meta http-equiv='Content-Style-Type' content='text/css'>

====================================================================
echo "<meta http-equiv='Content-Style-Type' content='text/css'>\n";
______________________________________________________________________
#0031: 0x50 ZEND_FETCH_R   LineNo: 0x0000  Flags: 0x07()
result: 04->VAR     00000300 00000000  00  00->NULL   00->val 0000
op1   : 01->CONST   0000017E 00000004  02  03->STRING 01->ref 0042
        KeyWord: root
op2   : 08->UNUSED  00000000 00000001  00  00->NULL   00->val 0000
----------------------------------------------------------------
[1] '$root
______________________________________________________________________
#0032: 0x08 ZEND_CONCAT   LineNo: 0x0000  Flags: 0x07()
result: 02->TMP_VAR 00000318 00000000  00  00->NULL   00->val 0000
op1   : 01->CONST   00000184 0000000D  02  03->STRING 01->ref 0042
        KeyWord: <script src='
op2   : 04->VAR     00000300 00000010  00  00->NULL   00->val 0000
______________________________________________________________________
#0033: 0x08 ZEND_CONCAT   LineNo: 0x0000  Flags: 0x07()
result: 02->TMP_VAR 00000330 00000000  00  00->NULL   00->val 0000
op1   : 02->TMP_VAR 00000318 00000000  00  00->NULL   00->val 0000
op2   : 01->CONST   00000192 00000050  02  03->STRING 01->ref 0042
        KeyWord: tampilan/lib/jquery-1.4.min.js' type='text/javascript' charset='utf-8'></script>
______________________________________________________________________
#0034: 0x28 ZEND_ECHO   LineNo: 0x0000  Flags: 0x02()
op1   : 02->TMP_VAR 00000330 00000000  00  00->NULL   00->val 0000
______________________________________________________________________
#0035: 0x50 ZEND_FETCH_R   LineNo: 0x0000  Flags: 0x07()
result: 04->VAR     00000348 00000000  00  00->NULL   00->val 0000
op1   : 01->CONST   000001E4 00000004  02  03->STRING 01->ref 0042
        KeyWord: root
op2   : 08->UNUSED  00000000 00000001  00  00->NULL   00->val 0000
----------------------------------------------------------------
[1] '$root
______________________________________________________________________
#0036: 0x08 ZEND_CONCAT   LineNo: 0x0000  Flags: 0x07()
result: 02->TMP_VAR 00000360 00000000  00  00->NULL   00->val 0000
op1   : 01->CONST   000001EA 0000000D  02  03->STRING 01->ref 0042
        KeyWord: <script src='
op2   : 04->VAR     00000348 00000010  00  00->NULL   00->val 0000
______________________________________________________________________
#0037: 0x08 ZEND_CONCAT   LineNo: 0x0000  Flags: 0x07()
result: 02->TMP_VAR 00000378 00000000  00  00->NULL   00->val 0000
op1   : 02->TMP_VAR 00000360 00000000  00  00->NULL   00->val 0000
op2   : 01->CONST   000001F8 0000002F  02  03->STRING 01->ref 0042
        KeyWord: css/script.js' type='text/javascript'></script>
______________________________________________________________________
#0038: 0x28 ZEND_ECHO   LineNo: 0x0000  Flags: 0x02()
op1   : 02->TMP_VAR 00000378 00000000  00  00->NULL   00->val 0000
______________________________________________________________________
#0039: 0x28 ZEND_ECHO   LineNo: 0x0000  Flags: 0x02()
op1   : 01->CONST   00000228 0000001F  02  03->STRING 01->ref 0042
        KeyWord: <SCRIPT LANGUAGE="JavaScript">

====================================================================
echo "<SCRIPT LANGUAGE="JavaScript">\n";
______________________________________________________________________
#003A: 0x28 ZEND_ECHO   LineNo: 0x0000  Flags: 0x02()
op1   : 01->CONST   00000248 00000005  02  03->STRING 01->ref 0042
        KeyWord: <!--

====================================================================
echo "<!--\n";
______________________________________________________________________
#003B: 0x28 ZEND_ECHO   LineNo: 0x0000  Flags: 0x02()
op1   : 01->CONST   0000024E 0000001B  02  03->STRING 01->ref 0042
        KeyWord: function pick(pfld,pval) {

====================================================================
echo "function pick(pfld,pval) {\n";
______________________________________________________________________
#003C: 0x28 ZEND_ECHO   LineNo: 0x0000  Flags: 0x02()
op1   : 01->CONST   0000026A 0000001B  02  03->STRING 01->ref 0042
        KeyWord:     fld = pfld.split(',');

====================================================================
echo "    fld = pfld.split(',');\n";
______________________________________________________________________
#003D: 0x28 ZEND_ECHO   LineNo: 0x0000  Flags: 0x02()
op1   : 01->CONST   00000286 0000001C  02  03->STRING 01->ref 0042
        KeyWord:     val = pval.split(','); 

====================================================================
echo "    val = pval.split(','); \n";
______________________________________________________________________
#003E: 0x28 ZEND_ECHO   LineNo: 0x0000  Flags: 0x02()
op1   : 01->CONST   000002A4 00000026  02  03->STRING 01->ref 0042
        KeyWord:     var wod = window.opener.document;

====================================================================
echo "    var wod = window.opener.document;\n";
______________________________________________________________________
#003F: 0x28 ZEND_ECHO   LineNo: 0x0000  Flags: 0x02()
op1   : 01->CONST   000002CC 00000032  02  03->STRING 01->ref 0042
        KeyWord:     if (window.opener && !window.opener.closed) {

====================================================================
echo "    if (window.opener && !window.opener.closed) {\n";
______________________________________________________________________
#0040: 0x28 ZEND_ECHO   LineNo: 0x0000  Flags: 0x02()
op1   : 01->CONST   00000300 00000031  02  03->STRING 01->ref 0042
        KeyWord:         for (var i=0; i<wod.forms.length; i++) {

====================================================================
echo "        for (var i=0; i<wod.forms.length; i++) {\n";
______________________________________________________________________
#0041: 0x28 ZEND_ECHO   LineNo: 0x0000  Flags: 0x02()
op1   : 01->CONST   00000332 0000002F  02  03->STRING 01->ref 0042
        KeyWord:             if (wod.forms[i].name == fld[0]) {

====================================================================
echo "            if (wod.forms[i].name == fld[0]) {\n";
______________________________________________________________________
#0042: 0x28 ZEND_ECHO   LineNo: 0x0000  Flags: 0x02()
op1   : 01->CONST   00000362 00000045  02  03->STRING 01->ref 0042
        KeyWord:                 for (var j=0; j<wod.forms[i].elements.length; j++) {

====================================================================
echo "                for (var j=0; j<wod.forms[i].elements.length; j++) {\n";
______________________________________________________________________
#0043: 0x28 ZEND_ECHO   LineNo: 0x0000  Flags: 0x02()
op1   : 01->CONST   000003A8 00000043  02  03->STRING 01->ref 0042
        KeyWord:                     if (wod.forms[i].elements[j].name == fld[1]) {

====================================================================
echo "                    if (wod.forms[i].elements[j].name == fld[1]) {\n";
______________________________________________________________________
#0044: 0x28 ZEND_ECHO   LineNo: 0x0000  Flags: 0x02()
op1   : 01->CONST   000003EC 00000041  02  03->STRING 01->ref 0042
        KeyWord:                         wod.forms[i].elements[j].value = val[0];

====================================================================
echo "                        wod.forms[i].elements[j].value = val[0];\n";
______________________________________________________________________
#0045: 0x28 ZEND_ECHO   LineNo: 0x0000  Flags: 0x02()
op1   : 01->CONST   0000042E 00000016  02  03->STRING 01->ref 0042
        KeyWord:                     }

====================================================================
echo "                    }\n";
______________________________________________________________________
#0046: 0x28 ZEND_ECHO   LineNo: 0x0000  Flags: 0x02()
op1   : 01->CONST   00000446 00000043  02  03->STRING 01->ref 0042
        KeyWord:                     if (wod.forms[i].elements[j].name == fld[2]) {

====================================================================
echo "                    if (wod.forms[i].elements[j].name == fld[2]) {\n";
______________________________________________________________________
#0047: 0x28 ZEND_ECHO   LineNo: 0x0000  Flags: 0x02()
op1   : 01->CONST   0000048A 00000041  02  03->STRING 01->ref 0042
        KeyWord:                         wod.forms[i].elements[j].value = val[1];

====================================================================
echo "                        wod.forms[i].elements[j].value = val[1];\n";
______________________________________________________________________
#0048: 0x28 ZEND_ECHO   LineNo: 0x0000  Flags: 0x02()
op1   : 01->CONST   000004CC 00000016  02  03->STRING 01->ref 0042
        KeyWord:                     }

====================================================================
echo "                    }\n";
______________________________________________________________________
#0049: 0x28 ZEND_ECHO   LineNo: 0x0000  Flags: 0x02()
op1   : 01->CONST   000004E4 00000013  02  03->STRING 01->ref 0042
        KeyWord:                 } 

====================================================================
echo "                } \n";
______________________________________________________________________
#004A: 0x28 ZEND_ECHO   LineNo: 0x0000  Flags: 0x02()
op1   : 01->CONST   000004F8 0000000E  02  03->STRING 01->ref 0042
        KeyWord:             }

====================================================================
echo "            }\n";
______________________________________________________________________
#004B: 0x28 ZEND_ECHO   LineNo: 0x0000  Flags: 0x02()
op1   : 01->CONST   00000508 0000000A  02  03->STRING 01->ref 0042
        KeyWord:         }

====================================================================
echo "        }\n";
______________________________________________________________________
#004C: 0x28 ZEND_ECHO   LineNo: 0x0000  Flags: 0x02()
op1   : 01->CONST   00000514 00000007  02  03->STRING 01->ref 0042
        KeyWord:     } 

====================================================================
echo "    } \n";
______________________________________________________________________
#004D: 0x28 ZEND_ECHO   LineNo: 0x0000  Flags: 0x02()
op1   : 01->CONST   0000051C 00000014  02  03->STRING 01->ref 0042
        KeyWord:     window.close();

====================================================================
echo "    window.close();\n";
______________________________________________________________________
#004E: 0x28 ZEND_ECHO   LineNo: 0x0000  Flags: 0x02()
op1   : 01->CONST   00000532 00000003  02  03->STRING 01->ref 0042
        KeyWord: };

====================================================================
echo "};\n";
______________________________________________________________________
#004F: 0x28 ZEND_ECHO   LineNo: 0x0000  Flags: 0x02()
op1   : 01->CONST   00000536 00000009  02  03->STRING 01->ref 0042
        KeyWord: // -->  

====================================================================
echo "// -->  \n";
______________________________________________________________________
#0050: 0x28 ZEND_ECHO   LineNo: 0x0000  Flags: 0x02()
op1   : 01->CONST   00000540 0000000C  02  03->STRING 01->ref 0042
        KeyWord: </SCRIPT>  

====================================================================
echo "</SCRIPT>  \n";
______________________________________________________________________
#0051: 0x28 ZEND_ECHO   LineNo: 0x0000  Flags: 0x02()
op1   : 01->CONST   0000054E 00000008  02  03->STRING 01->ref 0042
        KeyWord: </head>

====================================================================
echo "</head>\n";
______________________________________________________________________
#0052: 0x28 ZEND_ECHO   LineNo: 0x0000  Flags: 0x02()
op1   : 01->CONST   00000558 00000007  02  03->STRING 01->ref 0042
        KeyWord: <body>

====================================================================
echo "<body>\n";
______________________________________________________________________
#0053: 0x28 ZEND_ECHO   LineNo: 0x0000  Flags: 0x02()
op1   : 01->CONST   00000560 0000004F  02  03->STRING 01->ref 0042
        KeyWord: 
<div id="wrap">
	
    <h2 id="title">Daftar Nama Kode Akuntansi</h2>
  
    


====================================================================
echo "\n<div id="wrap">\n	\n    <h2 id="title">Daftar Nama Kode Akuntansi</h2>\n  \n    \n\n";
______________________________________________________________________
#0054: 0x28 ZEND_ECHO   LineNo: 0x0000  Flags: 0x02()
op1   : 01->CONST   000005B0 0000002B  02  03->STRING 01->ref 0042
        KeyWord: <table width='100%' border='0' class=menu>

====================================================================
echo "<table width='100%' border='0' class=menu>\n";
______________________________________________________________________
#0055: 0x28 ZEND_ECHO   LineNo: 0x0000  Flags: 0x02()
op1   : 01->CONST   000005DC 00000005  02  03->STRING 01->ref 0042
        KeyWord: <tr>

====================================================================
echo "<tr>\n";
______________________________________________________________________
#0056: 0x28 ZEND_ECHO   LineNo: 0x0000  Flags: 0x02()
op1   : 01->CONST   000005E2 00000040  02  03->STRING 01->ref 0042
        KeyWord: <td class='judul1' align=center>Daftar Nama Kode Akuntansi</td>

====================================================================
echo "<td class='judul1' align=center>Daftar Nama Kode Akuntansi</td>\n";
______________________________________________________________________
#0057: 0x28 ZEND_ECHO   LineNo: 0x0000  Flags: 0x02()
op1   : 01->CONST   00000624 00000006  02  03->STRING 01->ref 0042
        KeyWord: </tr>

====================================================================
echo "</tr>\n";
______________________________________________________________________
#0058: 0x28 ZEND_ECHO   LineNo: 0x0000  Flags: 0x02()
op1   : 01->CONST   0000062C 00000005  02  03->STRING 01->ref 0042
        KeyWord: <tr>

====================================================================
echo "<tr>\n";
______________________________________________________________________
#0059: 0x28 ZEND_ECHO   LineNo: 0x0000  Flags: 0x02()
op1   : 01->CONST   00000632 00000005  02  03->STRING 01->ref 0042
        KeyWord: <td>

====================================================================
echo "<td>\n";
______________________________________________________________________
#005A: 0x3B ZEND_INIT_FCALL_BY_NAME   LineNo: 0x0000  Flags: 0x04()
op2   : 01->CONST   00000638 00000008  02  03->STRING 01->ref 0042
        KeyWord: listakun
----------------------------------------------------------------
[1] 'listakun
______________________________________________________________________
#005B: 0x3D ZEND_DO_FCALL_BY_NAME   LineNo: 0x0000  Flags: 0x01()
result: 04->VAR     000003A8 00000000  00  00->NULL   00->val 0000
----------------------------------------------------------------
[1] 'listakun()
______________________________________________________________________
#005C: 0x53 ZEND_FETCH_W   LineNo: 0x0000  Flags: 0x07()
result: 04->VAR     00000390 00000000  00  00->NULL   00->val 0000
op1   : 01->CONST   00000642 00000004  02  03->STRING 01->ref 0042
        KeyWord: akun
op2   : 08->UNUSED  00000000 00000001  00  00->NULL   00->val 0000
----------------------------------------------------------------
[1] 'listakun()
[2] '$akun
______________________________________________________________________
#005D: 0x26 ZEND_ASSIGN   LineNo: 0x0000  Flags: 0x07()
result: 04->VAR     000003C0 00000001  00  00->NULL   00->val 0000
op1   : 04->VAR     00000390 00000010  00  00->NULL   00->val 0000
op2   : 04->VAR     000003A8 00000008  00  00->NULL   00->val 0000
====================================================================
$akun=listakun();
______________________________________________________________________
#005E: 0x35 ZEND_INIT_STRING   LineNo: 0x0000  Flags: 0x01()
result: 02->TMP_VAR 000003D8 00000000  00  00->NULL   00->val 0000
______________________________________________________________________
#005F: 0x37 ZEND_ADD_STRING   LineNo: 0x0000  Flags: 0x07()
result: 02->TMP_VAR 000003D8 00000000  00  00->NULL   00->val 0000
op1   : 02->TMP_VAR 000003D8 00000000  00  00->NULL   00->val 0000
op2   : 01->CONST   00000648 00000014  02  03->STRING 01->ref 0042
        KeyWord: <table width='100%' 
______________________________________________________________________
#0060: 0x50 ZEND_FETCH_R   LineNo: 0x0000  Flags: 0x07()
result: 04->VAR     000003F0 00000000  00  00->NULL   00->val 0000
op1   : 01->CONST   0000065E 0000000A  02  03->STRING 01->ref 0042
        KeyWord: borderdata
op2   : 08->UNUSED  00000000 00000001  00  00->NULL   00->val 0000
----------------------------------------------------------------
[1] '$borderdata
______________________________________________________________________
#0061: 0x38 ZEND_ADD_VAR   LineNo: 0x0000  Flags: 0x07()
result: 02->TMP_VAR 000003D8 00000000  00  00->NULL   00->val 0000
op1   : 02->TMP_VAR 000003D8 00000000  00  00->NULL   00->val 0000
op2   : 04->VAR     000003F0 00000000  00  00->NULL   00->val 0000
______________________________________________________________________
#0062: 0x37 ZEND_ADD_STRING   LineNo: 0x0000  Flags: 0x07()
result: 02->TMP_VAR 000003D8 00000000  00  00->NULL   00->val 0000
op1   : 02->TMP_VAR 000003D8 00000000  00  00->NULL   00->val 0000
op2   : 01->CONST   0000066A 0000000D  02  03->STRING 01->ref 0042
        KeyWord:  class=data>

______________________________________________________________________
#0063: 0x28 ZEND_ECHO   LineNo: 0x0000  Flags: 0x02()
op1   : 02->TMP_VAR 000003D8 00000000  00  00->NULL   00->val 0000
______________________________________________________________________
#0064: 0x53 ZEND_FETCH_W   LineNo: 0x0000  Flags: 0x07()
result: 04->VAR     00000408 00000000  00  00->NULL   00->val 0000
op1   : 01->CONST   FFFFFF14 00000001  02  03->STRING 01->ref 0042
        KeyWord: i
op2   : 08->UNUSED  00000000 00000001  00  00->NULL   00->val 0000
----------------------------------------------------------------
[1] '$i
______________________________________________________________________
#0065: 0x26 ZEND_ASSIGN   LineNo: 0x0000  Flags: 0x07()
result: 04->VAR     00000420 00000001  00  00->NULL   00->val 0000
op1   : 04->VAR     00000408 00000010  00  00->NULL   00->val 0000
op2   : 01->CONST   00000000 00000001  02  01->LONG   01->ref 0042
====================================================================
$i=0;
______________________________________________________________________
#0066: 0x53 ZEND_FETCH_W   LineNo: 0x0000  Flags: 0x07()
result: 04->VAR     00000438 00000000  00  00->NULL   00->val 0000
op1   : 01->CONST   00000678 00000004  02  03->STRING 01->ref 0042
        KeyWord: akun
op2   : 08->UNUSED  00000000 00000001  00  00->NULL   00->val 0000
----------------------------------------------------------------
[1] '$akun
______________________________________________________________________
#0067: 0x4D ZEND_FE_RESET   LineNo: 0x0000  Flags: 0x0F()
result: 04->VAR     00000450 00000000  00  00->NULL   00->val 0000
op1   : 04->VAR     00000438 00000010  00  00->NULL   00->val 0000
op2   : 08->UNUSED  00000082 00000000  00  00->NULL   00->val 0000
        extended_value(from Flag): 0001
----------------------------------------------------------------
[1] '$akun
______________________________________________________________________
#0068: 0x4E ZEND_FE_FETCH   LineNo: 0x0000  Flags: 0x07()
result: 02->TMP_VAR 00000468 00000000  00  00->NULL   00->val 0000
op1   : 04->VAR     00000450 00000000  00  00->NULL   00->val 0000
op2   : 08->UNUSED  000000A0 00000000  00  00->NULL   00->val 0000
        Command is 4e - Added Flag '2' to extended_value: 0003
----------------------------------------------------------------
[1] '$akun
______________________________________________________________________
#0069: 0x53 ZEND_FETCH_W   LineNo: 0x0000  Flags: 0x07()
result: 04->VAR     00000480 00000000  00  00->NULL   00->val 0000
op1   : 01->CONST   FFFFFEF0 00000001  02  03->STRING 01->ref 0042
        KeyWord: k
op2   : 08->UNUSED  00000000 00000001  00  00->NULL   00->val 0000
----------------------------------------------------------------
[1] '$akun
[2] '$k
______________________________________________________________________
#006A: 0x53 ZEND_FETCH_W   LineNo: 0x0000  Flags: 0x07()
result: 04->VAR     00000498 00000000  00  00->NULL   00->val 0000
op1   : 01->CONST   0000067E 00000003  02  03->STRING 01->ref 0042
        KeyWord: row
op2   : 08->UNUSED  00000000 00000001  00  00->NULL   00->val 0000
----------------------------------------------------------------
[1] '$akun
[2] '$k
[3] '$row
______________________________________________________________________
#006B: 0x62 ZEND_FETCH_DIM_TMP_VAR   LineNo: 0x0000  Flags: 0x07()
result: 04->VAR     000004B0 00000000  00  00->NULL   00->val 0000
op1   : 02->TMP_VAR 00000468 00000000  00  00->NULL   00->val 0000
op2   : 01->CONST   00000000 00000000  02  01->LONG   01->ref 0000
----------------------------------------------------------------
[1] '$akun
[2] '$k
[3] '$row
______________________________________________________________________
#006C: 0x62 ZEND_FETCH_DIM_TMP_VAR   LineNo: 0x0000  Flags: 0x07()
result: 04->VAR     000004C8 00000000  00  00->NULL   00->val 0000
op1   : 02->TMP_VAR 00000468 00000000  00  00->NULL   00->val 0000
op2   : 01->CONST   00000001 00000000  02  01->LONG   01->ref 0000
----------------------------------------------------------------
[1] '$akun
[2] '$k
[3] '$row
______________________________________________________________________
#006D: 0x26 ZEND_ASSIGN   LineNo: 0x0000  Flags: 0x07()
result: 04->VAR     000004E0 00000001  00  00->NULL   00->val 0000
op1   : 04->VAR     00000498 00000010  00  00->NULL   00->val 0000
op2   : 04->VAR     000004B0 00000000  00  00->NULL   00->val 0000
----------------------------------------------------------------
[1] '$akun
[2] '$k
Correcting Stack error...
====================================================================
$k$akun;
______________________________________________________________________
#006E: 0x26 ZEND_ASSIGN   LineNo: 0x0000  Flags: 0x07()
result: 04->VAR     000004F8 00000001  00  00->NULL   00->val 0000
op1   : 04->VAR     00000480 00000010  00  00->NULL   00->val 0000
op2   : 04->VAR     000004C8 00000000  00  00->NULL   00->val 0000
______________________________________________________________________
#006F: 0x46 ZEND_FREE   LineNo: 0x0000  Flags: 0x02()
op1   : 02->TMP_VAR 00000468 00000000  00  00->NULL   00->val 0000
______________________________________________________________________
#0070: 0x3B ZEND_INIT_FCALL_BY_NAME   LineNo: 0x0000  Flags: 0x04()
op2   : 01->CONST   00000682 00000005  02  03->STRING 01->ref 0042
        KeyWord: kelas
----------------------------------------------------------------
[1] 'kelas
______________________________________________________________________
#0071: 0x5C ZEND_FETCH_FUNC_ARG   LineNo: 0x0000  Flags: 0x0F()
result: 04->VAR     00000528 00000000  00  00->NULL   00->val 0000
op1   : 01->CONST   FFFFFF14 00000001  02  03->STRING 01->ref 0042
        KeyWord: i
op2   : 08->UNUSED  00000000 00000001  00  00->NULL   00->val 0000
        extended_value(from Flag): 0001
----------------------------------------------------------------
[1] 'kelas
[2] '$i
______________________________________________________________________
#0072: 0x42 ZEND_SEND_VAR   LineNo: 0x0000  Flags: 0x1E()
op1   : 04->VAR     00000528 00000010  00  00->NULL   00->val 0000
op2   : 08->UNUSED  00000001 00000000  00  00->NULL   00->val 0000
        extended_value(from File): 003D
----------------------------------------------------------------
[1] 'kelas
....................................................................
Comment: SHOULD_BE_SENT_BY_REF
______________________________________________________________________
#0073: 0x3D ZEND_DO_FCALL_BY_NAME   LineNo: 0x0000  Flags: 0x09()
result: 04->VAR     00000540 00000000  00  00->NULL   00->val 0000
        extended_value(from Flag): 0001
----------------------------------------------------------------
[1] 'kelas($i)
______________________________________________________________________
#0074: 0x53 ZEND_FETCH_W   LineNo: 0x0000  Flags: 0x07()
result: 04->VAR     00000510 00000000  00  00->NULL   00->val 0000
op1   : 01->CONST   00000688 00000005  02  03->STRING 01->ref 0042
        KeyWord: kelas
op2   : 08->UNUSED  00000000 00000001  00  00->NULL   00->val 0000
----------------------------------------------------------------
[1] 'kelas($i)
[2] '$kelas
______________________________________________________________________
#0075: 0x26 ZEND_ASSIGN   LineNo: 0x0000  Flags: 0x07()
result: 04->VAR     00000558 00000001  00  00->NULL   00->val 0000
op1   : 04->VAR     00000510 00000010  00  00->NULL   00->val 0000
op2   : 04->VAR     00000540 00000008  00  00->NULL   00->val 0000
====================================================================
$kelas=kelas($i);
______________________________________________________________________
#0076: 0x63 ZEND_FETCH_CONSTANT   LineNo: 0x0000  Flags: 0x05()
result: 02->TMP_VAR 000005A0 00000000  00  00->NULL   00->val 0000
op2   : 01->CONST   0000068E 00000004  02  03->STRING 01->ref 0042
        KeyWord: NAMA
______________________________________________________________________
#0077: 0x50 ZEND_FETCH_R   LineNo: 0x0000  Flags: 0x07()
result: 04->VAR     00000588 00000000  00  00->NULL   00->val 0000
op1   : 01->CONST   00000694 00000003  02  03->STRING 01->ref 0042
        KeyWord: row
op2   : 08->UNUSED  00000000 00000001  00  00->NULL   00->val 0000
----------------------------------------------------------------
[1] '$row
______________________________________________________________________
#0078: 0x51 ZEND_FETCH_DIM_R   LineNo: 0x0000  Flags: 0x07()
result: 04->VAR     000005B8 00000000  00  00->NULL   00->val 0000
op1   : 04->VAR     00000588 00000000  00  00->NULL   00->val 0000
op2   : 02->TMP_VAR 000005A0 00000000  00  00->NULL   00->val 0000
----------------------------------------------------------------
[1] '$row
______________________________________________________________________
#0079: 0x08 ZEND_CONCAT   LineNo: 0x0000  Flags: 0x07()
result: 02->TMP_VAR 000005D0 00000000  00  00->NULL   00->val 0000
op1   : 04->VAR     000005B8 00000010  00  00->NULL   00->val 0000
op2   : 01->CONST   00000698 00000001  02  03->STRING 01->ref 0042
        KeyWord: ,
----------------------------------------------------------------
[1] '$row
______________________________________________________________________
#007A: 0x63 ZEND_FETCH_CONSTANT   LineNo: 0x0000  Flags: 0x05()
result: 02->TMP_VAR 00000600 00000000  00  00->NULL   00->val 0000
op2   : 01->CONST   0000069A 00000002  02  03->STRING 01->ref 0042
        KeyWord: ID
----------------------------------------------------------------
[1] '$row
______________________________________________________________________
#007B: 0x50 ZEND_FETCH_R   LineNo: 0x0000  Flags: 0x07()
result: 04->VAR     000005E8 00000000  00  00->NULL   00->val 0000
op1   : 01->CONST   0000069E 00000003  02  03->STRING 01->ref 0042
        KeyWord: row
op2   : 08->UNUSED  00000000 00000001  00  00->NULL   00->val 0000
----------------------------------------------------------------
[1] '$row
[2] '$row
______________________________________________________________________
#007C: 0x51 ZEND_FETCH_DIM_R   LineNo: 0x0000  Flags: 0x07()
result: 04->VAR     00000618 00000000  00  00->NULL   00->val 0000
op1   : 04->VAR     000005E8 00000000  00  00->NULL   00->val 0000
op2   : 02->TMP_VAR 00000600 00000000  00  00->NULL   00->val 0000
----------------------------------------------------------------
[1] '$row
[2] '$row
______________________________________________________________________
#007D: 0x08 ZEND_CONCAT   LineNo: 0x0000  Flags: 0x07()
result: 02->TMP_VAR 00000630 00000000  00  00->NULL   00->val 0000
op1   : 02->TMP_VAR 000005D0 00000000  00  00->NULL   00->val 0000
op2   : 04->VAR     00000618 00000010  00  00->NULL   00->val 0000
----------------------------------------------------------------
[1] '$row
[2] '$row
______________________________________________________________________
#007E: 0x53 ZEND_FETCH_W   LineNo: 0x0000  Flags: 0x07()
result: 04->VAR     00000570 00000000  00  00->NULL   00->val 0000
op1   : 01->CONST   000006A2 00000004  02  03->STRING 01->ref 0042
        KeyWord: pval
op2   : 08->UNUSED  00000000 00000001  00  00->NULL   00->val 0000
----------------------------------------------------------------
[1] '$row
[2] '$row
[3] '$pval
______________________________________________________________________
#007F: 0x26 ZEND_ASSIGN   LineNo: 0x0000  Flags: 0x07()
result: 04->VAR     00000648 00000001  00  00->NULL   00->val 0000
op1   : 04->VAR     00000570 00000010  00  00->NULL   00->val 0000
op2   : 02->TMP_VAR 00000630 00000000  00  00->NULL   00->val 0000
----------------------------------------------------------------
[1] '$row
[2] '$row
Correcting Stack error...
====================================================================
$row$row;
______________________________________________________________________
#0080: 0x35 ZEND_INIT_STRING   LineNo: 0x0000  Flags: 0x01()
result: 02->TMP_VAR 00000660 00000000  00  00->NULL   00->val 0000
______________________________________________________________________
#0081: 0x37 ZEND_ADD_STRING   LineNo: 0x0000  Flags: 0x07()
result: 02->TMP_VAR 00000660 00000000  00  00->NULL   00->val 0000
op1   : 02->TMP_VAR 00000660 00000000  00  00->NULL   00->val 0000
op2   : 01->CONST   000006A8 00000004  02  03->STRING 01->ref 0042
        KeyWord: <tr 
______________________________________________________________________
#0082: 0x50 ZEND_FETCH_R   LineNo: 0x0000  Flags: 0x07()
result: 04->VAR     00000678 00000000  00  00->NULL   00->val 0000
op1   : 01->CONST   000006AE 00000005  02  03->STRING 01->ref 0042
        KeyWord: kelas
op2   : 08->UNUSED  00000000 00000001  00  00->NULL   00->val 0000
----------------------------------------------------------------
[1] '$kelas
______________________________________________________________________
#0083: 0x38 ZEND_ADD_VAR   LineNo: 0x0000  Flags: 0x07()
result: 02->TMP_VAR 00000660 00000000  00  00->NULL   00->val 0000
op1   : 02->TMP_VAR 00000660 00000000  00  00->NULL   00->val 0000
op2   : 04->VAR     00000678 00000000  00  00->NULL   00->val 0000
______________________________________________________________________
#0084: 0x37 ZEND_ADD_STRING   LineNo: 0x0000  Flags: 0x07()
result: 02->TMP_VAR 00000660 00000000  00  00->NULL   00->val 0000
op1   : 02->TMP_VAR 00000660 00000000  00  00->NULL   00->val 0000
op2   : 01->CONST   000006B4 00000002  02  03->STRING 01->ref 0042
        KeyWord: >

______________________________________________________________________
#0085: 0x28 ZEND_ECHO   LineNo: 0x0000  Flags: 0x02()
op1   : 02->TMP_VAR 00000660 00000000  00  00->NULL   00->val 0000
______________________________________________________________________
#0086: 0x63 ZEND_FETCH_CONSTANT   LineNo: 0x0000  Flags: 0x05()
result: 02->TMP_VAR 000006A8 00000000  00  00->NULL   00->val 0000
op2   : 01->CONST   000006B8 00000007  02  03->STRING 01->ref 0042
        KeyWord: TINGKAT
______________________________________________________________________
#0087: 0x50 ZEND_FETCH_R   LineNo: 0x0000  Flags: 0x07()
result: 04->VAR     00000690 00000000  00  00->NULL   00->val 0000
op1   : 01->CONST   000006C0 00000003  02  03->STRING 01->ref 0042
        KeyWord: row
op2   : 08->UNUSED  00000000 00000001  00  00->NULL   00->val 0000
----------------------------------------------------------------
[1] '$row
______________________________________________________________________
#0088: 0x51 ZEND_FETCH_DIM_R   LineNo: 0x0000  Flags: 0x07()
result: 04->VAR     000006C0 00000000  00  00->NULL   00->val 0000
op1   : 04->VAR     00000690 00000000  00  00->NULL   00->val 0000
op2   : 02->TMP_VAR 000006A8 00000000  00  00->NULL   00->val 0000
----------------------------------------------------------------
[1] '$row
______________________________________________________________________
#0089: 0x11 ZEND_IS_EQUAL   LineNo: 0x0000  Flags: 0x07()
result: 02->TMP_VAR 000006D8 00000000  00  00->NULL   00->val 0000
op1   : 04->VAR     000006C0 00000010  00  00->NULL   00->val 0000
op2   : 01->CONST   00000001 00000007  02  01->LONG   01->ref 0042
----------------------------------------------------------------
[1] '$row
______________________________________________________________________
#008A: 0x2B ZEND_JMPZ   LineNo: 0x0000  Flags: 0x06()
op1   : 02->TMP_VAR 000006D8 00000000  00  00->NULL   00->val 0000
op2   : 08->UNUSED  00000098 00000000  00  00->NULL   00->val 0000
----------------------------------------------------------------
[1] '$row
....................................................................
Comment: Conditional jmp to #00000098
______________________________________________________________________
#008B: 0x50 ZEND_FETCH_R   LineNo: 0x0000  Flags: 0x07()
result: 04->VAR     000006F0 00000000  00  00->NULL   00->val 0000
op1   : 01->CONST   000006C4 00000004  02  03->STRING 01->ref 0042
        KeyWord: pfld
op2   : 08->UNUSED  00000000 00000001  00  00->NULL   00->val 0000
----------------------------------------------------------------
[1] '$row
[2] '$pfld
______________________________________________________________________
#008C: 0x08 ZEND_CONCAT   LineNo: 0x0000  Flags: 0x07()
result: 02->TMP_VAR 00000708 00000000  00  00->NULL   00->val 0000
op1   : 01->CONST   000006CA 0000002A  02  03->STRING 01->ref 0042
        KeyWord: <td class=isi2 ><a href="javascript:pick('
op2   : 04->VAR     000006F0 00000010  00  00->NULL   00->val 0000
----------------------------------------------------------------
[1] '$row
______________________________________________________________________
#008D: 0x08 ZEND_CONCAT   LineNo: 0x0000  Flags: 0x07()
result: 02->TMP_VAR 00000720 00000000  00  00->NULL   00->val 0000
op1   : 02->TMP_VAR 00000708 00000000  00  00->NULL   00->val 0000
op2   : 01->CONST   000006F6 00000003  02  03->STRING 01->ref 0042
        KeyWord: ','
----------------------------------------------------------------
[1] '$row
______________________________________________________________________
#008E: 0x50 ZEND_FETCH_R   LineNo: 0x0000  Flags: 0x07()
result: 04->VAR     00000738 00000000  00  00->NULL   00->val 0000
op1   : 01->CONST   000006FA 00000004  02  03->STRING 01->ref 0042
        KeyWord: pval
op2   : 08->UNUSED  00000000 00000001  00  00->NULL   00->val 0000
----------------------------------------------------------------
[1] '$row
[2] '$pval
______________________________________________________________________
#008F: 0x08 ZEND_CONCAT   LineNo: 0x0000  Flags: 0x07()
result: 02->TMP_VAR 00000750 00000000  00  00->NULL   00->val 0000
op1   : 02->TMP_VAR 00000720 00000000  00  00->NULL   00->val 0000
op2   : 04->VAR     00000738 00000010  00  00->NULL   00->val 0000
----------------------------------------------------------------
[1] '$row
[2] '$pval
______________________________________________________________________
#0090: 0x08 ZEND_CONCAT   LineNo: 0x0000  Flags: 0x07()
result: 02->TMP_VAR 00000768 00000000  00  00->NULL   00->val 0000
op1   : 02->TMP_VAR 00000750 00000000  00  00->NULL   00->val 0000
op2   : 01->CONST   00000700 00000004  02  03->STRING 01->ref 0042
        KeyWord: ')">
----------------------------------------------------------------
[1] '$row
[2] '$pval
______________________________________________________________________
#0091: 0x63 ZEND_FETCH_CONSTANT   LineNo: 0x0000  Flags: 0x05()
result: 02->TMP_VAR 00000798 00000000  00  00->NULL   00->val 0000
op2   : 01->CONST   00000706 0000000B  02  03->STRING 01->ref 0042
        KeyWord: NAMAPANJANG
----------------------------------------------------------------
[1] '$row
[2] '$pval
______________________________________________________________________
#0092: 0x50 ZEND_FETCH_R   LineNo: 0x0000  Flags: 0x07()
result: 04->VAR     00000780 00000000  00  00->NULL   00->val 0000
op1   : 01->CONST   00000712 00000003  02  03->STRING 01->ref 0042
        KeyWord: row
op2   : 08->UNUSED  00000000 00000001  00  00->NULL   00->val 0000
----------------------------------------------------------------
[1] '$row
[2] '$pval
[3] '$row
______________________________________________________________________
#0093: 0x51 ZEND_FETCH_DIM_R   LineNo: 0x0000  Flags: 0x07()
result: 04->VAR     000007B0 00000000  00  00->NULL   00->val 0000
op1   : 04->VAR     00000780 00000000  00  00->NULL   00->val 0000
op2   : 02->TMP_VAR 00000798 00000000  00  00->NULL   00->val 0000
----------------------------------------------------------------
[1] '$row
[2] '$pval
[3] '$row
______________________________________________________________________
#0094: 0x08 ZEND_CONCAT   LineNo: 0x0000  Flags: 0x07()
result: 02->TMP_VAR 000007C8 00000000  00  00->NULL   00->val 0000
op1   : 02->TMP_VAR 00000768 00000000  00  00->NULL   00->val 0000
op2   : 04->VAR     000007B0 00000010  00  00->NULL   00->val 0000
----------------------------------------------------------------
[1] '$row
[2] '$pval
[3] '$row
______________________________________________________________________
#0095: 0x08 ZEND_CONCAT   LineNo: 0x0000  Flags: 0x07()
result: 02->TMP_VAR 000007E0 00000000  00  00->NULL   00->val 0000
op1   : 02->TMP_VAR 000007C8 00000000  00  00->NULL   00->val 0000
op2   : 01->CONST   00000716 00000006  02  03->STRING 01->ref 0042
        KeyWord: </td>

----------------------------------------------------------------
[1] '$row
[2] '$pval
[3] '$row
______________________________________________________________________
#0096: 0x28 ZEND_ECHO   LineNo: 0x0000  Flags: 0x02()
op1   : 02->TMP_VAR 000007E0 00000000  00  00->NULL   00->val 0000
----------------------------------------------------------------
[1] '$row
[2] '$pval
[3] '$row
______________________________________________________________________
#0097: 0x2A ZEND_JMP   LineNo: 0x0000  Flags: 0x02()
op1   : 08->UNUSED  0000009E 00000000  00  00->NULL   00->val 0000
----------------------------------------------------------------
[1] '$row
[2] '$pval
[3] '$row
....................................................................
Comment: GoTo Command #009E
______________________________________________________________________
#0098: 0x63 ZEND_FETCH_CONSTANT   LineNo: 0x0000  Flags: 0x05()
result: 02->TMP_VAR 00000810 00000000  00  00->NULL   00->val 0000
op2   : 01->CONST   0000071E 0000000B  02  03->STRING 01->ref 0042
        KeyWord: NAMAPANJANG
----------------------------------------------------------------
[1] '$row
[2] '$pval
[3] '$row
______________________________________________________________________
#0099: 0x50 ZEND_FETCH_R   LineNo: 0x0000  Flags: 0x07()
result: 04->VAR     000007F8 00000000  00  00->NULL   00->val 0000
op1   : 01->CONST   0000072A 00000003  02  03->STRING 01->ref 0042
        KeyWord: row
op2   : 08->UNUSED  00000000 00000001  00  00->NULL   00->val 0000
----------------------------------------------------------------
[1] '$row
[2] '$pval
[3] '$row
[4] '$row
______________________________________________________________________
#009A: 0x51 ZEND_FETCH_DIM_R   LineNo: 0x0000  Flags: 0x07()
result: 04->VAR     00000828 00000000  00  00->NULL   00->val 0000
op1   : 04->VAR     000007F8 00000000  00  00->NULL   00->val 0000
op2   : 02->TMP_VAR 00000810 00000000  00  00->NULL   00->val 0000
----------------------------------------------------------------
[1] '$row
[2] '$pval
[3] '$row
[4] '$row
______________________________________________________________________
#009B: 0x08 ZEND_CONCAT   LineNo: 0x0000  Flags: 0x07()
result: 02->TMP_VAR 00000840 00000000  00  00->NULL   00->val 0000
op1   : 01->CONST   0000072E 00000010  02  03->STRING 01->ref 0042
        KeyWord: <td class=isi2 >
op2   : 04->VAR     00000828 00000010  00  00->NULL   00->val 0000
----------------------------------------------------------------
[1] '$row
[2] '$pval
[3] '$row
[4] '$row
______________________________________________________________________
#009C: 0x08 ZEND_CONCAT   LineNo: 0x0000  Flags: 0x07()
result: 02->TMP_VAR 00000858 00000000  00  00->NULL   00->val 0000
op1   : 02->TMP_VAR 00000840 00000000  00  00->NULL   00->val 0000
op2   : 01->CONST   00000740 00000006  02  03->STRING 01->ref 0042
        KeyWord: </td>

----------------------------------------------------------------
[1] '$row
[2] '$pval
[3] '$row
[4] '$row
______________________________________________________________________
#009D: 0x28 ZEND_ECHO   LineNo: 0x0000  Flags: 0x02()
op1   : 02->TMP_VAR 00000858 00000000  00  00->NULL   00->val 0000
----------------------------------------------------------------
[1] '$row
[2] '$pval
[3] '$row
[4] '$row
______________________________________________________________________
#009E: 0x28 ZEND_ECHO   LineNo: 0x0000  Flags: 0x02()
op1   : 01->CONST   00000748 00000006  02  03->STRING 01->ref 0042
        KeyWord: </tr>

----------------------------------------------------------------
[1] '$row
[2] '$pval
[3] '$row
[4] '$row
....................................................................
Buf: echo "</tr>\n"
______________________________________________________________________
#009F: 0x2A ZEND_JMP   LineNo: 0x0000  Flags: 0x02()
op1   : 08->UNUSED  00000068 00000000  00  00->NULL   00->val 0000
----------------------------------------------------------------
[1] '$row
[2] '$pval
[3] '$row
[4] '$row
....................................................................
Comment: GoTo Command #0068
....................................................................
Buf: echo "</tr>\n"
______________________________________________________________________
#00A0: 0x31 ZEND_SWITCH_FREE   LineNo: 0x0000  Flags: 0x0A()
op1   : 04->VAR     00000450 00000000  00  00->NULL   00->val 0000
        extended_value(from Flag): 0001
----------------------------------------------------------------
[1] '$row
[2] '$pval
[3] '$row
[4] '$row
....................................................................
Buf: echo "</tr>\n"
______________________________________________________________________
#00A1: 0x28 ZEND_ECHO   LineNo: 0x0000  Flags: 0x02()
op1   : 01->CONST   00000750 00000009  02  03->STRING 01->ref 0042
        KeyWord: </table>

----------------------------------------------------------------
[1] '$row
[2] '$pval
[3] '$row
[4] '$row
....................................................................
Buf: echo "</tr>\n"echo "</table>\n"
______________________________________________________________________
#00A2: 0x28 ZEND_ECHO   LineNo: 0x0000  Flags: 0x02()
op1   : 01->CONST   0000075A 00000006  02  03->STRING 01->ref 0042
        KeyWord: </div>
----------------------------------------------------------------
[1] '$row
[2] '$pval
[3] '$row
[4] '$row
....................................................................
Buf: echo "</tr>\n"echo "</table>\n"echo "</div>"
______________________________________________________________________
#00A3: 0x28 ZEND_ECHO   LineNo: 0x0000  Flags: 0x02()
op1   : 01->CONST   00000762 00000008  02  03->STRING 01->ref 0042
        KeyWord: </body>

----------------------------------------------------------------
[1] '$row
[2] '$pval
[3] '$row
[4] '$row
....................................................................
Buf: echo "</tr>\n"echo "</table>\n"echo "</div>"echo "</body>\n"
______________________________________________________________________
#00A4: 0x28 ZEND_ECHO   LineNo: 0x0000  Flags: 0x02()
op1   : 01->CONST   0000076C 00000008  02  03->STRING 01->ref 0042
        KeyWord: </html>

----------------------------------------------------------------
[1] '$row
[2] '$pval
[3] '$row
[4] '$row
....................................................................
Buf: echo "</tr>\n"echo "</table>\n"echo "</div>"echo "</body>\n"echo "</html>\n"
______________________________________________________________________
#00A5: 0x3E ZEND_RETURN   LineNo: 0x0000  Flags: 0x02()
op1   : 01->CONST   00000001 00000038  02  01->LONG   01->ref 0012
----------------------------------------------------------------
[1] '$row
[2] '$pval
[3] '$row
[4] '$row
....................................................................
Buf: echo "</tr>\n"echo "</table>\n"echo "</div>"echo "</body>\n"echo "</html>\n"Return (1)
______________________________________________________________________
#00A6: 0x95 ZEND_HANDLE_EXCEPTION   LineNo: 0x0000  Flags: 0x00()
______________________________________________________________________
ERR: Decompiling this function is finish but there's still data on the decompile stack ->Dumping that data now...
FunctionsCount: 0000
Classes: 0000
File sucessfully processes!

