========== Ioncube_Decoder 1.1.40  LogFile ==========

=========> S t a g e  0  -  Getting RawData (UnBase64-Raw.bin)

Opening C:\AppServ\www\siakad\lib\prosessettingpdf.php
000003AF -> Start of ionCubeData...
000008BF -> 00000510 Bytes read.
IC_Base64_Marker: '4+oV' Decoding Base64->Bin...

=========> S t a g e  1  -  Validating RawData

ionCubeVersionType: 3CCC22E1 [Encrypted: 149FEC13]
ioncube_Version_Type 3

=========> S t a g e  2  -  Processing RawData

RawBinData_Size: 0000076C
FileSizeKey: 2395BB53 (RawBinData_Size + 12321) Xor &H23958CDE
Header_FileSizeKey: 2395BB51
Header_FileSizeKey and FileSizeKey are different! (Difference: 00000002)
Note: RawBinData_Size calculate from Header_FileSizeKey is: 000007EE  (Difference: 00000082)
Header_Size: 000000BE (InitKey for MT: 27D8E34B)
Adler32_CRC for 'IC_Raw[0004]..[00DC]' and calculated MATCH. CRC: 7A98714B

=========> S t a g e  3  -  Extracting Header from RawData (->IC_Header.bin)


=========> S t a g e  4  -  Interpreting IC_Header

Minimum Loader Version: 00.00.00 (for ex. ioncube_loader_win_4.3.dll requires >0301010)
VerData 0x00000003
ObfuFlags 00000000 00000000

ObfuFuncHashSeed: 
Bytecode_XorKey: 0036928D
IncludeXorKey[should be 0xE9FC23B1]: E9FC23B1
LicenseFile: lisensi.txt
DisableCheckingOfLicenseRestrictions: 1
LicensePassphrase: lisensi
CustomErrCallbackHandler: 'ioncube_event_handler'
Enable_auto_prepend_Append_file: 0
Customised error messages entries: 0x00
Include file protection entries: 0x00
Adler32_CRC for '<?php //... ?>' and calculated MATCH. CRC: EB60391D
IC_HeaderEx start: 0086
IC_HeaderEx end: 00AE   IC_Header HeaderSize: 00BE

=========> S t a g e  5  -  Interpreting IC_HeaderEx

0001 <-IC_Type_Minor
0005 <-IC_Type_Major
The file [%s] was encoded with the PHP 5 ionCube Encoder, and requires PHP 5 to be installed.
00000CE7 <-PhpFlags
  0x0001  0001
  0x0002  0002 
  0x0004  0004 
  0x0020  Allow run with untrusted server extensions
  0x0040  PHP5_Body
  0x0080  CmdBytesAreEncrypted
  0x0400  EncryptStrings[KeyWord.c_Object] in memory during Compile& Execute
  0x0800  ObfuscateStripLineNumbers

IC Encoder Registration data(MemberID): 0x10050603  30754
Bytecode_MT_XorKey: 0036928D
Copy of IncludeXorKey in Header_MoreData: 0xE9FC23B1
unknown Data: 7D01A8C0 E3FC1B00 2690 00 00
EvalTimeMin: 10/5/2012 4:13:15 AM   1365BB54 '+0500DA46'=>506E5E5B seconds since 1.1.1970
EvalTimeMax: 10/5/2012 4:13:15 AM   4B6D8415 '+3D08A307'=>506E5E5B seconds since 1.1.1970
BodyStartOffset: 0x000000E4

=========> S t a g e  6  -  Extracting & Inflating IC_body from RawData (->IC_body.bin)

000000E8  Body_MT_Seed: 743DF987
000000EC  Bytecode_MT_Seed: 41EF3353

=========> S t a g e  7  -  Reading IC_body.bin


=========> S t a g e  8  -  Read function body data

Reading Body
00000008 -> 00000002
S2[Fixed Size 0x70]:
0000007A ->  20202002
 Skipped3 ->  00000000
 FuncNameStart ->  00000000 200A0D3E
 CmdData ->  00000000
 Args ->  00000000
 ArgsMin ->  00000000
 php4Extra ->  005CDE80 2020000A 01E657E0 01EE3EC8 0000002B 0000002B
 Skipped1 ->  00000017 00000000 00000000
 PHPFileNamePtr ->  FFFFFFFF
 Php5-O1  00000000
 Php5-O1Count  00000000 00000000 00000000 00000000 3D650000 01F54888 6E657069 6E756767 00000000 00000000
 
00000079 -> FunctionName: abstract  function {MainFunction}
 
00000082 -> 0000002B<-CmdCount
byteCmds[Elementsize=0x2] Elements: 0000002F
Command(Encrypted)
------------------
0733
0777
079D
07C1
07EE
0769
07C4
0770
0453
01A6
07B1
0738
061A
01EF
07D8
0741
0759
07EA
071D
0788
0724
07AC
076E
07BE
07A0
0720
0726
071C
0710
07FC
0730
0758
07D5
07DA
07B7
0417
0F91
1EC2
003D
1FDA
0002
1E4F
003D
199C
0002
020E
0095
CmdParams[Elementsize=0x14] Elements: 0000006F
Type      Op1       Op2       Flags5    Flags
---------------------------------------------
00000004   00000000   00000000   00000000   00000000
00000001   00000002   00000004   00000002   00420103
00000008   00000000   00000001   00000000   00000000
00000004   00000018   00000001   00000000   00000000
00000004   00000000   00000010   00000000   00000000
00000001   00000008   00000003   00000002   00420103
00000004   00000030   00000000   00000000   00000000
00000001   0000000C   00000004   00000002   00420103
00000008   00000000   00000001   00000000   00000000
00000002   00000048   00000000   00000000   00000000
00000004   00000030   00000010   00000000   00000000
00000001   00000012   0000000C   00000002   00420103
00000004   00000060   00000001   00000000   00000000
00000002   00000048   00000000   00000000   00000000
00000008   00000002   00000000   00000000   00000000
00000004   00000078   00000000   00000000   00000000
00000001   00000020   00000004   00000002   00420103
00000008   00000000   00000001   00000000   00000000
00000002   00000090   00000000   00000000   00000000
00000004   00000078   00000010   00000000   00000000
00000001   00000026   0000000A   00000002   00420103
00000004   000000A8   00000001   00000000   00000000
00000002   00000090   00000000   00000000   00000000
00000008   00000002   00000000   00000000   00000000
00000001   00000032   0000000B   00000002   00420103
00000004   000000C0   00000001   00000000   00000000
00000004   000000D8   00000000   00000000   00000000
00000001   0000003E   00000006   00000002   00420103
00000008   00000000   00000001   00000000   00000000
00000002   000000F0   00000000   00000000   00000000
00000004   000000D8   00000010   00000000   00000000
00000001   005CFAA0   00000000   00000002   00420103
00000002   000000F0   00000000   00000000   00000000
00000008   00000029   00000000   00000000   00000000
00000002   00000120   00000000   00000000   00000000
00000002   00000120   00000000   00000000   00000000
00000002   00000120   00000000   00000000   00000000
00000001   00000046   00000024   00000002   00420103
00000004   00000138   00000000   00000000   00000000
00000001   0000006C   00000006   00000002   00420103
00000008   00000000   00000001   00000000   00000000
00000002   00000120   00000000   00000000   00000000
00000002   00000120   00000000   00000000   00000000
00000004   00000138   00000000   00000000   00000000
00000002   00000120   00000000   00000000   00000000
00000002   00000120   00000000   00000000   00000000
00000001   00000074   00000011   00000002   00420103
00000004   00000150   00000000   00000000   00000000
00000001   00000086   00000009   00000002   00420103
00000008   00000000   00000001   00000000   00000000
00000002   00000120   00000000   00000000   00000000
00000002   00000120   00000000   00000000   00000000
00000004   00000150   00000000   00000000   00000000
00000002   00000120   00000000   00000000   00000000
00000002   00000120   00000000   00000000   00000000
00000001   00000090   00000012   00000002   00420103
00000004   00000168   00000000   00000000   00000000
00000001   000000A4   0000000A   00000002   00420103
00000008   00000000   00000001   00000000   00000000
00000002   00000120   00000000   00000000   00000000
00000002   00000120   00000000   00000000   00000000
00000004   00000168   00000000   00000000   00000000
00000002   00000120   00000000   00000000   00000000
00000002   00000120   00000000   00000000   00000000
00000001   000000B0   00000013   00000002   00420103
00000004   00000180   00000000   00000000   00000000
00000001   000000C4   0000000B   00000002   00420103
00000008   00000000   00000001   00000000   00000000
00000002   00000120   00000000   00000000   00000000
00000002   00000120   00000000   00000000   00000000
00000004   00000180   00000000   00000000   00000000
00000002   00000120   00000000   00000000   00000000
00000002   00000120   00000000   00000000   00000000
00000001   000000D0   00000012   00000002   00420103
00000004   00000198   00000000   00000000   00000000
00000001   000000E4   0000000A   00000002   00420103
00000008   00000000   00000001   00000000   00000000
00000002   00000120   00000000   00000000   00000000
00000002   00000120   00000000   00000000   00000000
00000004   00000198   00000000   00000000   00000000
00000002   00000120   00000000   00000000   00000000
00000002   00000120   00000000   00000000   00000000
00000001   000000F0   00000013   00000002   00420103
00000004   000001B0   00000000   00000000   00000000
00000001   00000104   0000000B   00000002   00420103
00000008   00000000   00000001   00000000   00000000
00000002   00000120   00000000   00000000   00000000
00000002   00000120   00000000   00000000   00000000
00000004   000001B0   00000000   00000000   00000000
00000002   00000120   00000000   00000000   00000000
00000002   00000120   00000000   00000000   00000000
00000001   00000110   0000000D   00000002   00420103
00000004   00000108   00000000   00000000   00000000
00000001   0000011E   00000001   00000002   00420103
00000008   00000000   00000001   00000000   00000000
00000004   000001C8   00000001   00000000   00000000
00000004   00000108   00000010   00000000   00000000
00000002   00000120   00000000   00000000   00000000
00000001   00000120   00000007   00000002   00420103
00000004   000001E0   00000000   00000000   00000000
00000001   00000128   00000001   00000002   00420103
00000008   00000000   00000001   00000000   00000000
00000004   000001E0   00000010   00000000   00000000
00000008   00000001   00000000   00000000   00000000
00000004   000001F8   00000000   00000000   00000000
00000001   0000012A   00000007   00000002   00420103
00000008   00000000   00000001   00000000   00000000
00000004   000001F8   00000010   00000000   00000000
00000008   00000002   00000000   00000000   00000000
00000004   00000210   00000001   00000000   00000000
00000001   00000001   00000038   00000002   00120101
StringData [00000132]
00000ACA -> C0 DE 72 6F 6F 74 00 00 2E 2E 2F 00 72 6F 6F 74 00 00 73 65 73 69 75 73 65 72 2E 70 68 70 00 00 72 6F 6F 74 00 00 68 65 61 64 65 72 2E 70 68 70 00 00 70 65 72 69 6B 73 61 72 6F 6F 74 00 75 6B 75 72 61 6E 00 00 55 50 44 41 54 45 20 73 65 74 74 69 6E 67 70 64 66 20 0D 0A 53 45 54 20 0D 0A 20 20 55 4B 55 52 41 4E 3D 27 00 00 75 6B 75 72 61 6E 00 00 27 2C 0D 0A 20 20 4F 52 49 45 4E 54 41 53 49 3D 27 00 6F 72 69 65 6E 74 61 73 69 00 27 2C 0D 0A 20 20 4D 41 52 47 49 4E 4B 49 52 49 3D 27 00 00 6D 61 72 67 69 6E 6B 69 72 69 00 00 27 2C 0D 0A 20 20 4D 41 52 47 49 4E 4B 41 4E 41 4E 3D 27 00 6D 61 72 67 69 6E 6B 61 6E 61 6E 00 27 2C 0D 0A 20 20 4D 41 52 47 49 4E 41 54 41 53 3D 27 00 00 6D 61 72 67 69 6E 61 74 61 73 00 00 27 2C 0D 0A 20 20 4D 41 52 47 49 4E 42 41 57 41 48 3D 27 00 6D 61 72 67 69 6E 62 61 77 61 68 00 27 0D 0A 57 48 45 52 45 20 49 44 3D 30 00 71 00 64 6F 71 75 65 72 79 00 71 00 6B 6F 6E 65 6B 73 69 00 
ÀÞroot..../.root..sesiuser.php..root..header.php..periksaroot.ukuran..UPDATE settingpdf 
SET 
  UKURAN='..ukuran..',
  ORIENTASI='.orientasi.',
  MARGINKIRI='..marginkiri..',
  MARGINKANAN='.marginkanan.',
  MARGINATAS='..marginatas..',
  MARGINBAWAH='.marginbawah.'
WHERE ID=0.q.mysql_query.q.koneksi.
Length of unprocessed data: 00000004

=========> S t a g e  9  -  Interpreting IC_body/ByteCode

#0000: 0x53 ZEND_FETCH_W   LineNo: 0x0000  Flags: 0x07()
result: 04->VAR     00000000 00000000  00  00->NULL   00->val 0000
op1   : 01->CONST   00000002 00000004  02  03->STRING 01->ref 0042
        KeyWord: root
op2   : 08->UNUSED  00000000 00000001  00  00->NULL   00->val 0000
----------------------------------------------------------------
[1] '$root
....................................................................
Buf: echo "</tr>\n"$rowecho "</table>\n"echo "</div>"echo "</body>\n"echo "</html>\n"Return (1)
______________________________________________________________________
#0001: 0x26 ZEND_ASSIGN   LineNo: 0x0000  Flags: 0x07()
result: 04->VAR     00000018 00000001  00  00->NULL   00->val 0000
op1   : 04->VAR     00000000 00000010  00  00->NULL   00->val 0000
op2   : 01->CONST   00000008 00000003  02  03->STRING 01->ref 0042
        KeyWord: ../
====================================================================
echo "</tr>\n"$rowecho "</table>\n"echo "</div>"echo "</body>\n"echo "</html>\n"Return (1)$root="../";
______________________________________________________________________
#0002: 0x50 ZEND_FETCH_R   LineNo: 0x0000  Flags: 0x07()
result: 04->VAR     00000030 00000000  00  00->NULL   00->val 0000
op1   : 01->CONST   0000000C 00000004  02  03->STRING 01->ref 0042
        KeyWord: root
op2   : 08->UNUSED  00000000 00000001  00  00->NULL   00->val 0000
----------------------------------------------------------------
[1] '$root
______________________________________________________________________
#0003: 0x08 ZEND_CONCAT   LineNo: 0x0000  Flags: 0x07()
result: 02->TMP_VAR 00000048 00000000  00  00->NULL   00->val 0000
op1   : 04->VAR     00000030 00000010  00  00->NULL   00->val 0000
op2   : 01->CONST   00000012 0000000C  02  03->STRING 01->ref 0042
        KeyWord: sesiuser.php
----------------------------------------------------------------
[1] '$root."sesiuser.php"
______________________________________________________________________
#0004: 0x49 ZEND_INCLUDE_OR_EVAL   LineNo: 0x0000  Flags: 0x07()
result: 04->VAR     00000060 00000001  00  00->NULL   00->val 0000
op1   : 02->TMP_VAR 00000048 00000000  00  00->NULL   00->val 0000
op2   : 08->UNUSED  00000002 00000000  00  00->NULL   00->val 0000
----------------------------------------------------------------
[1] '$root."sesiuser.php"
Correcting Stack error...
====================================================================
$root."sesiuser.php";
______________________________________________________________________
#0005: 0x50 ZEND_FETCH_R   LineNo: 0x0000  Flags: 0x07()
result: 04->VAR     00000078 00000000  00  00->NULL   00->val 0000
op1   : 01->CONST   00000020 00000004  02  03->STRING 01->ref 0042
        KeyWord: root
op2   : 08->UNUSED  00000000 00000001  00  00->NULL   00->val 0000
----------------------------------------------------------------
[1] '$root
______________________________________________________________________
#0006: 0x08 ZEND_CONCAT   LineNo: 0x0000  Flags: 0x07()
result: 02->TMP_VAR 00000090 00000000  00  00->NULL   00->val 0000
op1   : 04->VAR     00000078 00000010  00  00->NULL   00->val 0000
op2   : 01->CONST   00000026 0000000A  02  03->STRING 01->ref 0042
        KeyWord: header.php
----------------------------------------------------------------
[1] '$root."header.php"
______________________________________________________________________
#0007: 0x49 ZEND_INCLUDE_OR_EVAL   LineNo: 0x0000  Flags: 0x07()
result: 04->VAR     000000A8 00000001  00  00->NULL   00->val 0000
op1   : 02->TMP_VAR 00000090 00000000  00  00->NULL   00->val 0000
op2   : 08->UNUSED  00000002 00000000  00  00->NULL   00->val 0000
----------------------------------------------------------------
[1] '$root."header.php"
Correcting Stack error...
====================================================================
$root."header.php";
______________________________________________________________________
#0008: 0x3B ZEND_INIT_FCALL_BY_NAME   LineNo: 0x0000  Flags: 0x04()
op2   : 01->CONST   00000032 0000000B  02  03->STRING 01->ref 0042
        KeyWord: periksaroot
----------------------------------------------------------------
[1] 'periksaroot
______________________________________________________________________
#0009: 0x3D ZEND_DO_FCALL_BY_NAME   LineNo: 0x0000  Flags: 0x01()
result: 04->VAR     000000C0 00000001  00  00->NULL   00->val 0000
====================================================================
periksaroot();
______________________________________________________________________
#000A: 0x50 ZEND_FETCH_R   LineNo: 0x0000  Flags: 0x07()
result: 04->VAR     000000D8 00000000  00  00->NULL   00->val 0000
op1   : 01->CONST   0000003E 00000006  02  03->STRING 01->ref 0042
        KeyWord: ukuran
op2   : 08->UNUSED  00000000 00000001  00  00->NULL   00->val 0000
----------------------------------------------------------------
[1] '$ukuran
______________________________________________________________________
#000B: 0x12 ZEND_IS_NOT_EQUAL   LineNo: 0x0000  Flags: 0x07()
result: 02->TMP_VAR 000000F0 00000000  00  00->NULL   00->val 0000
op1   : 04->VAR     000000D8 00000010  00  00->NULL   00->val 0000
op2   : 01->CONST   005CFAA0 00000000  02  03->STRING 01->ref 0042
----------------------------------------------------------------
[1] '$ukuran!="6093472"
______________________________________________________________________
#000C: 0x2B ZEND_JMPZ   LineNo: 0x0000  Flags: 0x06()
op1   : 02->TMP_VAR 000000F0 00000000  00  00->NULL   00->val 0000
op2   : 08->UNUSED  00000029 00000000  00  00->NULL   00->val 0000
....................................................................
Comment: Conditional jmp to #00000029
====================================================================
if ($ukuran!="6093472") {
______________________________________________________________________
#000D: 0x35 ZEND_INIT_STRING   LineNo: 0x0000  Flags: 0x01()
result: 02->TMP_VAR 00000120 00000000  00  00->NULL   00->val 0000
______________________________________________________________________
#000E: 0x37 ZEND_ADD_STRING   LineNo: 0x0000  Flags: 0x07()
result: 02->TMP_VAR 00000120 00000000  00  00->NULL   00->val 0000
op1   : 02->TMP_VAR 00000120 00000000  00  00->NULL   00->val 0000
op2   : 01->CONST   00000046 00000024  02  03->STRING 01->ref 0042
        KeyWord: UPDATE settingpdf 
SET 
  UKURAN='
______________________________________________________________________
#000F: 0x50 ZEND_FETCH_R   LineNo: 0x0000  Flags: 0x07()
result: 04->VAR     00000138 00000000  00  00->NULL   00->val 0000
op1   : 01->CONST   0000006C 00000006  02  03->STRING 01->ref 0042
        KeyWord: ukuran
op2   : 08->UNUSED  00000000 00000001  00  00->NULL   00->val 0000
----------------------------------------------------------------
[1] '$ukuran
______________________________________________________________________
#0010: 0x38 ZEND_ADD_VAR   LineNo: 0x0000  Flags: 0x07()
result: 02->TMP_VAR 00000120 00000000  00  00->NULL   00->val 0000
op1   : 02->TMP_VAR 00000120 00000000  00  00->NULL   00->val 0000
op2   : 04->VAR     00000138 00000000  00  00->NULL   00->val 0000
______________________________________________________________________
#0011: 0x37 ZEND_ADD_STRING   LineNo: 0x0000  Flags: 0x07()
result: 02->TMP_VAR 00000120 00000000  00  00->NULL   00->val 0000
op1   : 02->TMP_VAR 00000120 00000000  00  00->NULL   00->val 0000
op2   : 01->CONST   00000074 00000011  02  03->STRING 01->ref 0042
        KeyWord: ',
  ORIENTASI='
______________________________________________________________________
#0012: 0x50 ZEND_FETCH_R   LineNo: 0x0000  Flags: 0x07()
result: 04->VAR     00000150 00000000  00  00->NULL   00->val 0000
op1   : 01->CONST   00000086 00000009  02  03->STRING 01->ref 0042
        KeyWord: orientasi
op2   : 08->UNUSED  00000000 00000001  00  00->NULL   00->val 0000
----------------------------------------------------------------
[1] '$orientasi
______________________________________________________________________
#0013: 0x38 ZEND_ADD_VAR   LineNo: 0x0000  Flags: 0x07()
result: 02->TMP_VAR 00000120 00000000  00  00->NULL   00->val 0000
op1   : 02->TMP_VAR 00000120 00000000  00  00->NULL   00->val 0000
op2   : 04->VAR     00000150 00000000  00  00->NULL   00->val 0000
______________________________________________________________________
#0014: 0x37 ZEND_ADD_STRING   LineNo: 0x0000  Flags: 0x07()
result: 02->TMP_VAR 00000120 00000000  00  00->NULL   00->val 0000
op1   : 02->TMP_VAR 00000120 00000000  00  00->NULL   00->val 0000
op2   : 01->CONST   00000090 00000012  02  03->STRING 01->ref 0042
        KeyWord: ',
  MARGINKIRI='
______________________________________________________________________
#0015: 0x50 ZEND_FETCH_R   LineNo: 0x0000  Flags: 0x07()
result: 04->VAR     00000168 00000000  00  00->NULL   00->val 0000
op1   : 01->CONST   000000A4 0000000A  02  03->STRING 01->ref 0042
        KeyWord: marginkiri
op2   : 08->UNUSED  00000000 00000001  00  00->NULL   00->val 0000
----------------------------------------------------------------
[1] '$marginkiri
______________________________________________________________________
#0016: 0x38 ZEND_ADD_VAR   LineNo: 0x0000  Flags: 0x07()
result: 02->TMP_VAR 00000120 00000000  00  00->NULL   00->val 0000
op1   : 02->TMP_VAR 00000120 00000000  00  00->NULL   00->val 0000
op2   : 04->VAR     00000168 00000000  00  00->NULL   00->val 0000
______________________________________________________________________
#0017: 0x37 ZEND_ADD_STRING   LineNo: 0x0000  Flags: 0x07()
result: 02->TMP_VAR 00000120 00000000  00  00->NULL   00->val 0000
op1   : 02->TMP_VAR 00000120 00000000  00  00->NULL   00->val 0000
op2   : 01->CONST   000000B0 00000013  02  03->STRING 01->ref 0042
        KeyWord: ',
  MARGINKANAN='
______________________________________________________________________
#0018: 0x50 ZEND_FETCH_R   LineNo: 0x0000  Flags: 0x07()
result: 04->VAR     00000180 00000000  00  00->NULL   00->val 0000
op1   : 01->CONST   000000C4 0000000B  02  03->STRING 01->ref 0042
        KeyWord: marginkanan
op2   : 08->UNUSED  00000000 00000001  00  00->NULL   00->val 0000
----------------------------------------------------------------
[1] '$marginkanan
______________________________________________________________________
#0019: 0x38 ZEND_ADD_VAR   LineNo: 0x0000  Flags: 0x07()
result: 02->TMP_VAR 00000120 00000000  00  00->NULL   00->val 0000
op1   : 02->TMP_VAR 00000120 00000000  00  00->NULL   00->val 0000
op2   : 04->VAR     00000180 00000000  00  00->NULL   00->val 0000
______________________________________________________________________
#001A: 0x37 ZEND_ADD_STRING   LineNo: 0x0000  Flags: 0x07()
result: 02->TMP_VAR 00000120 00000000  00  00->NULL   00->val 0000
op1   : 02->TMP_VAR 00000120 00000000  00  00->NULL   00->val 0000
op2   : 01->CONST   000000D0 00000012  02  03->STRING 01->ref 0042
        KeyWord: ',
  MARGINATAS='
______________________________________________________________________
#001B: 0x50 ZEND_FETCH_R   LineNo: 0x0000  Flags: 0x07()
result: 04->VAR     00000198 00000000  00  00->NULL   00->val 0000
op1   : 01->CONST   000000E4 0000000A  02  03->STRING 01->ref 0042
        KeyWord: marginatas
op2   : 08->UNUSED  00000000 00000001  00  00->NULL   00->val 0000
----------------------------------------------------------------
[1] '$marginatas
______________________________________________________________________
#001C: 0x38 ZEND_ADD_VAR   LineNo: 0x0000  Flags: 0x07()
result: 02->TMP_VAR 00000120 00000000  00  00->NULL   00->val 0000
op1   : 02->TMP_VAR 00000120 00000000  00  00->NULL   00->val 0000
op2   : 04->VAR     00000198 00000000  00  00->NULL   00->val 0000
______________________________________________________________________
#001D: 0x37 ZEND_ADD_STRING   LineNo: 0x0000  Flags: 0x07()
result: 02->TMP_VAR 00000120 00000000  00  00->NULL   00->val 0000
op1   : 02->TMP_VAR 00000120 00000000  00  00->NULL   00->val 0000
op2   : 01->CONST   000000F0 00000013  02  03->STRING 01->ref 0042
        KeyWord: ',
  MARGINBAWAH='
______________________________________________________________________
#001E: 0x50 ZEND_FETCH_R   LineNo: 0x0000  Flags: 0x07()
result: 04->VAR     000001B0 00000000  00  00->NULL   00->val 0000
op1   : 01->CONST   00000104 0000000B  02  03->STRING 01->ref 0042
        KeyWord: marginbawah
op2   : 08->UNUSED  00000000 00000001  00  00->NULL   00->val 0000
----------------------------------------------------------------
[1] '$marginbawah
______________________________________________________________________
#001F: 0x38 ZEND_ADD_VAR   LineNo: 0x0000  Flags: 0x07()
result: 02->TMP_VAR 00000120 00000000  00  00->NULL   00->val 0000
op1   : 02->TMP_VAR 00000120 00000000  00  00->NULL   00->val 0000
op2   : 04->VAR     000001B0 00000000  00  00->NULL   00->val 0000
______________________________________________________________________
#0020: 0x37 ZEND_ADD_STRING   LineNo: 0x0000  Flags: 0x07()
result: 02->TMP_VAR 00000120 00000000  00  00->NULL   00->val 0000
op1   : 02->TMP_VAR 00000120 00000000  00  00->NULL   00->val 0000
op2   : 01->CONST   00000110 0000000D  02  03->STRING 01->ref 0042
        KeyWord: '
WHERE ID=0
______________________________________________________________________
#0021: 0x53 ZEND_FETCH_W   LineNo: 0x0000  Flags: 0x07()
result: 04->VAR     00000108 00000000  00  00->NULL   00->val 0000
op1   : 01->CONST   0000011E 00000001  02  03->STRING 01->ref 0042
        KeyWord: q
op2   : 08->UNUSED  00000000 00000001  00  00->NULL   00->val 0000
----------------------------------------------------------------
[1] '$q
______________________________________________________________________
#0022: 0x26 ZEND_ASSIGN   LineNo: 0x0000  Flags: 0x07()
result: 04->VAR     000001C8 00000001  00  00->NULL   00->val 0000
op1   : 04->VAR     00000108 00000010  00  00->NULL   00->val 0000
op2   : 02->TMP_VAR 00000120 00000000  00  00->NULL   00->val 0000
______________________________________________________________________
#0023: 0x3B ZEND_INIT_FCALL_BY_NAME   LineNo: 0x0000  Flags: 0x04()
op2   : 01->CONST   00000120 00000007  02  03->STRING 01->ref 0042
        KeyWord: mysql_query
----------------------------------------------------------------
[1] 'mysql_query
______________________________________________________________________
#0024: 0x5C ZEND_FETCH_FUNC_ARG   LineNo: 0x0000  Flags: 0x0F()
result: 04->VAR     000001E0 00000000  00  00->NULL   00->val 0000
op1   : 01->CONST   00000128 00000001  02  03->STRING 01->ref 0042
        KeyWord: q
op2   : 08->UNUSED  00000000 00000001  00  00->NULL   00->val 0000
        extended_value(from Flag): 0001
----------------------------------------------------------------
[1] 'mysql_query
[2] '$q
______________________________________________________________________
#0025: 0x42 ZEND_SEND_VAR   LineNo: 0x0000  Flags: 0x1E()
op1   : 04->VAR     000001E0 00000010  00  00->NULL   00->val 0000
op2   : 08->UNUSED  00000001 00000000  00  00->NULL   00->val 0000
        extended_value(from File): 003D
----------------------------------------------------------------
[1] 'mysql_query
....................................................................
Comment: SHOULD_BE_SENT_BY_REF
______________________________________________________________________
#0026: 0x5C ZEND_FETCH_FUNC_ARG   LineNo: 0x0000  Flags: 0x1F()
result: 04->VAR     000001F8 00000000  00  00->NULL   00->val 0000
op1   : 01->CONST   0000012A 00000007  02  03->STRING 01->ref 0042
        KeyWord: koneksi
op2   : 08->UNUSED  00000000 00000001  00  00->NULL   00->val 0000
        extended_value(from File): 0002
----------------------------------------------------------------
[1] 'mysql_query
[2] '$koneksi
______________________________________________________________________
#0027: 0x42 ZEND_SEND_VAR   LineNo: 0x0000  Flags: 0x1E()
op1   : 04->VAR     000001F8 00000010  00  00->NULL   00->val 0000
op2   : 08->UNUSED  00000002 00000000  00  00->NULL   00->val 0000
        extended_value(from File): 003D
----------------------------------------------------------------
[1] 'mysql_query
....................................................................
Comment: SHOULD_BE_SENT_BY_REF
______________________________________________________________________
#0028: 0x3D ZEND_DO_FCALL_BY_NAME   LineNo: 0x0000  Flags: 0x19()
result: 04->VAR     00000210 00000001  00  00->NULL   00->val 0000
        extended_value(from File): 0002
====================================================================
mysqli_query($koneksi,$q);
}
______________________________________________________________________
#0029: 0x3E ZEND_RETURN   LineNo: 0x0000  Flags: 0x02()
op1   : 01->CONST   00000001 00000038  02  01->LONG   01->ref 0012
====================================================================
Return (1);
______________________________________________________________________
#002A: 0x95 ZEND_HANDLE_EXCEPTION   LineNo: 0x0000  Flags: 0x00()
______________________________________________________________________
FunctionsCount: 0000
Classes: 0000
File sucessfully processes!

