========== Ioncube_Decoder 1.1.40  LogFile ==========

=========> S t a g e  0  -  Getting RawData (UnBase64-Raw.bin)

Opening C:\AppServ\www\siakad\tiny_mce\php\svgimg.php
000003AF -> Start of ionCubeData...
00000DC4 -> 00000A15 Bytes read.
IC_Base64_Marker: '4+oV' Decoding Base64->Bin...

=========> S t a g e  1  -  Validating RawData

ionCubeVersionType: 3CCC22E1 [Encrypted: 149FEC13]
ioncube_Version_Type 3

=========> S t a g e  2  -  Processing RawData

RawBinData_Size: 00000B22
FileSizeKey: 2395B79D (RawBinData_Size + 12321) Xor &H23958CDE
Header_FileSizeKey: 2395B79B
Header_FileSizeKey and FileSizeKey are different! (Difference: 00000002)
Note: RawBinData_Size calculate from Header_FileSizeKey is: 00000BA4  (Difference: 00000082)
Header_Size: 000000BE (InitKey for MT: 2EF15B41)
Adler32_CRC for 'IC_Raw[0004]..[00DC]' and calculated MATCH. CRC: C1CC6B67

=========> S t a g e  3  -  Extracting Header from RawData (->IC_Header.bin)


=========> S t a g e  4  -  Interpreting IC_Header

Minimum Loader Version: 00.00.00 (for ex. ioncube_loader_win_4.3.dll requires >0301010)
VerData 0x00000003
ObfuFlags 00000000 00000000

ObfuFuncHashSeed: 
Bytecode_XorKey: 0036928D
IncludeXorKey[should be 0xE9FC23B1]: E9FC23B1
LicenseFile: lisensi.txt
DisableCheckingOfLicenseRestrictions: 1
LicensePassphrase: lisensi
CustomErrCallbackHandler: 'ioncube_event_handler'
Enable_auto_prepend_Append_file: 0
Customised error messages entries: 0x00
Include file protection entries: 0x00
Adler32_CRC for '<?php //... ?>' and calculated MATCH. CRC: EB60391D
IC_HeaderEx start: 0086
IC_HeaderEx end: 00AE   IC_Header HeaderSize: 00BE

=========> S t a g e  5  -  Interpreting IC_HeaderEx

0001 <-IC_Type_Minor
0005 <-IC_Type_Major
The file [%s] was encoded with the PHP 5 ionCube Encoder, and requires PHP 5 to be installed.
00000CE7 <-PhpFlags
  0x0001  0001
  0x0002  0002 
  0x0004  0004 
  0x0020  Allow run with untrusted server extensions
  0x0040  PHP5_Body
  0x0080  CmdBytesAreEncrypted
  0x0400  EncryptStrings[KeyWord.c_Object] in memory during Compile& Execute
  0x0800  ObfuscateStripLineNumbers

IC Encoder Registration data(MemberID): 0x10050603  30754
Bytecode_MT_XorKey: 0036928D
Copy of IncludeXorKey in Header_MoreData: 0xE9FC23B1
unknown Data: 7D01A8C0 E3FC1B00 2690 00 00
EvalTimeMin: 10/5/2012 4:13:15 AM   1365BB54 '+0500DA46'=>506E5E5B seconds since 1.1.1970
EvalTimeMax: 10/5/2012 4:13:15 AM   4B6D8415 '+3D08A307'=>506E5E5B seconds since 1.1.1970
BodyStartOffset: 0x000000E4

=========> S t a g e  6  -  Extracting & Inflating IC_body from RawData (->IC_body.bin)

000000E8  Body_MT_Seed: CC27B109
000000EC  Bytecode_MT_Seed: 918F36E3

=========> S t a g e  7  -  Reading IC_body.bin


=========> S t a g e  8  -  Read function body data

Reading Body
00000008 -> 00000002
S2[Fixed Size 0x70]:
0000007A ->  00000002
 Skipped3 ->  00000000
 FuncNameStart ->  00000000 00000000
 CmdData ->  00000000
 Args ->  00000000
 ArgsMin ->  00000000
 php4Extra ->  01E92478 00000001 01F70A28 023F09A0 0000009C 0000009C
 Skipped1 ->  00000067 00000000 00000000
 PHPFileNamePtr ->  FFFFFFFF
 Php5-O1  00000000
 Php5-O1Count  00000000 00000000 00000000 00000000 00000000 023AB690 00000000 00000000 00000000 00000000
 
00000079 -> FunctionName:  function {MainFunction}
 
00000082 -> 0000009C<-CmdCount
byteCmds[Elementsize=0x2] Elements: 000000B3
Command(Encrypted)
------------------
07F1
070B
036A
071C
079F
070F
04ED
0428
0BFC
0FB5
1EB3
003D
0900
0606
1E60
003D
19DA
0002
07B3
07A0
0350
0F45
072E
0464
03C6
076F
0711
1ED2
003D
09BD
03BC
06A7
040F
0BE3
0FCB
1E0A
003D
098C
03AB
0776
0614
04A0
0B68
0FA9
1E2B
003D
09CD
0759
0791
0404
0770
07D0
07CA
075C
1EB7
003D
09E6
0326
06AE
07AE
1DEB
0004
039D
06D8
0276
1EDC
003D
1ECB
003D
19D2
0002
0772
07B5
0718
07D2
0B44
0F77
1E45
003D
0925
07DA
0754
0725
0704
0771
07E9
1EE5
003D
0963
02EF
03CA
0F6C
06F5
0479
0B28
0FA9
1E00
003D
09EB
0335
0743
0621
044D
0B6C
0F62
1E8D
003D
09AA
078B
077F
0449
0750
076C
076C
0724
1EA9
003D
092F
03D0
06A2
07AF
1DAA
0004
030B
0694
02CD
1E0E
003D
1EFF
003D
19EE
0002
07CE
078A
073F
0748
0BBE
0F9D
1E68
003D
09E7
07CA
074A
0762
07A2
0782
07AE
1E84
003D
0968
07A1
07BC
065A
07FC
077F
02F9
070F
07FC
045D
01AE
07C4
0754
07B6
07CD
0728
0764
0719
07BA
073B
074F
070D
07CA
073C
07D8
1E31
003D
0915
02F9
0095
CmdParams[Elementsize=0x14] Elements: 00000161
Type      Op1       Op2       Flags5    Flags
---------------------------------------------
00000004   00000000   00000000   00000000   00000000
00000001   00000002   00000006   00000002   00420103
00000008   00000000   00000001   00000000   00000000
00000004   00000018   00000001   00000000   00000000
00000004   00000000   00000010   00000000   00000000
00000001   0000000A   00000005   00000002   00420103
00000004   00000048   00000000   00000000   00000000
00000001   FFFFFFF6   00000007   00000002   00420103
00000004   00000060   00000000   00000000   00000000
00000004   00000048   00000000   00000000   00000000
00000001   00000010   00000009   00000002   00420103
00000004   00000030   00000000   00000000   00000000
00000001   0000001A   00000004   00000002   00420103
00000008   00000000   00000001   00000000   00000000
00000004   00000078   00000001   00000000   00000000
00000004   00000030   00000010   00000000   00000000
00000004   00000060   00000010   00000000   00000000
00000001   FFFFFE36   00000005   00000002   00420103
00000001   FFFFFF9A   00000007   00000002   00420103
00000004   000000A8   00000000   00000000   00000000
00000001   FFFFFFF6   00000007   00000002   00420103
00000004   000000C0   00000000   00000000   00000000
00000004   000000A8   00000000   00000000   00000000
00000001   00000020   00000008   00000002   00420103
00000004   000000C0   00000010   00000000   00000000
00000008   00000001   00000000   00000000   00000000
00000004   000000D8   00000000   00000000   00000000
00000004   000000D8   00000008   00000000   00000000
00000008   00000001   00000000   00000000   00000000
00000001   0000002A   00000002   00000002   00420103
00000008   00000002   00000000   00000000   00000000
00000004   000000F0   00000000   00000000   00000000
00000004   00000090   00000000   00000000   00000000
00000001   0000002E   00000003   00000002   00420103
00000008   00000000   00000001   00000000   00000000
00000004   00000108   00000001   00000000   00000000
00000004   00000090   00000010   00000000   00000000
00000004   000000F0   00000008   00000000   00000000
00000004   00000120   00000000   00000000   00000000
00000001   FFFFFFF8   00000004   00000002   00420103
00000002   00000138   00000000   00000000   00000000
00000004   00000120   00000000   00000000   00000000
00000001   00000032   00000006   00000002   00420103
00000002   00000138   00000000   00000000   00000000
00000002   00000138   00000000   00000000   00000000
00000008   0000004D   00000000   00000000   00000000
00000001   FFFFFDD4   00000004   00000002   00420103
00000004   00000150   00000000   00000000   00000000
00000001   FFFFFFF8   00000004   00000002   00420103
00000004   00000168   00000000   00000000   00000000
00000004   00000150   00000000   00000000   00000000
00000001   0000003A   00000006   00000002   00420103
00000002   00000180   00000000   00000000   00000000
00000004   00000168   00000010   00000000   00000000
00000001   0235C7E0   00000000   00000002   00420103
00000002   00000180   00000000   00000000   00000000
00000008   00000001   00000000   00000000   00000000
00000004   00000198   00000000   00000000   00000000
00000002   00000138   00000000   00000000   00000000
00000004   00000198   00000008   00000000   00000000
00000002   00000138   00000000   00000000   00000000
00000008   0000004D   00000000   00000000   00000000
00000001   FFFFFDF3   0000000C   00000002   00420103
00000004   000001E0   00000000   00000000   00000000
00000001   FFFFFFF8   00000004   00000002   00420103
00000004   000001F8   00000000   00000000   00000000
00000004   000001E0   00000000   00000000   00000000
00000001   00000042   00000006   00000002   00420103
00000004   000001F8   00000010   00000000   00000000
00000008   00000001   00000000   00000000   00000000
00000004   00000210   00000000   00000000   00000000
00000004   000001B0   00000000   00000000   00000000
00000001   FFFFFFF8   00000004   00000002   00420103
00000004   000001C8   00000001   00000000   00000000
00000004   000001B0   00000000   00000000   00000000
00000001   0000004A   00000006   00000002   00420103
00000004   00000210   00000008   00000000   00000000
00000004   00000228   00000000   00000000   00000000
00000001   FFFFFEDC   00000003   00000002   00420103
00000004   00000258   00000000   00000000   00000000
00000001   FFFFFFF8   00000004   00000002   00420103
00000004   00000270   00000000   00000000   00000000
00000004   00000258   00000000   00000000   00000000
00000001   00000052   00000006   00000002   00420103
00000004   00000270   00000010   00000000   00000000
00000008   00000001   00000000   00000000   00000000
00000004   00000288   00000000   00000000   00000000
00000004   00000240   00000000   00000000   00000000
00000001   0000005A   00000002   00000002   00420103
00000008   00000000   00000001   00000000   00000000
00000004   000002A0   00000001   00000000   00000000
00000004   00000240   00000010   00000000   00000000
00000004   00000288   00000008   00000000   00000000
00000001   FFFFFF7E   0000000B   00000002   00420103
00000004   000002B8   00000000   00000000   00000000
00000001   0000005E   00000006   00000002   00420103
00000008   00000000   00000001   00000000   00000000
00000004   000002D0   00000000   00000000   00000000
00000001   00000066   00000002   00000002   00420103
00000008   00000000   00000001   00000000   00000000
00000002   000002E8   00000000   00000000   00000000
00000004   000002B8   00000010   00000000   00000000
00000004   000002D0   00000010   00000000   00000000
00000002   00000300   00000000   00000000   00000000
00000002   000002E8   00000000   00000000   00000000
00000001   0000006A   00000004   00000002   00420103
00000002   00000300   00000000   00000000   00000000
00000008   00000001   00000000   00000000   00000000
00000004   00000318   00000000   00000000   00000000
00000002   00000330   00000000   00000000   00000000
00000004   00000318   00000008   00000000   00000000
00000002   00000330   00000000   00000000   00000000
00000008   00000080   00000000   00000000   00000000
00000004   00000348   00000001   00000000   00000000
00000001   00000070   0000000F   00000002   00420103
00000008   00000002   00000000   00000000   00000000
00000001   00000378   00000000   00000000   00000000
00000001   00000080   00000007   00000002   00420103
00000004   00000390   00000000   00000000   00000000
00000001   00000378   00000000   00000002   00000100
00000004   00000390   00000000   00000000   00000000
00000008   0000003C   00000000   00000000   00000000
00000004   00000390   00000000   00000000   00000000
00000001   0000012C   00000007   00000002   00420101
00000008   00000001   00000000   00000000   00000000
00000001   0000012C   00000007   00000002   00420101
00000008   00000002   00000000   00000000   00000000
00000004   000003A8   00000001   00000000   00000000
00000004   00000360   00000000   00000000   00000000
00000001   00000088   00000002   00000002   00420103
00000008   00000000   00000001   00000000   00000000
00000004   000003C0   00000001   00000000   00000000
00000004   00000360   00000010   00000000   00000000
00000004   00000390   00000000   00000000   00000000
00000004   000003D8   00000000   00000000   00000000
00000001   0000008C   00000002   00000002   00420103
00000008   00000000   00000001   00000000   00000000
00000004   000003F0   00000000   00000000   00000000
00000004   000003D8   00000010   00000000   00000000
00000001   00000090   0000000D   00000002   00420103
00000004   00000408   00000000   00000000   00000000
00000001   FFFFFFF8   00000004   00000002   00420103
00000004   00000420   00000000   00000000   00000000
00000004   00000408   00000000   00000000   00000000
00000001   0000009E   00000006   00000002   00420103
00000004   00000420   00000010   00000000   00000000
00000008   00000001   00000000   00000000   00000000
00000004   00000438   00000001   00000000   00000000
00000004   00000450   00000000   00000000   00000000
00000001   000000A6   00000002   00000002   00420103
00000008   00000000   00000001   00000000   00000000
00000004   00000468   00000000   00000000   00000000
00000004   00000450   00000010   00000000   00000000
00000001   000000AA   0000000B   00000002   00420103
00000004   00000480   00000000   00000000   00000000
00000001   000000B6   00000006   00000002   00420103
00000008   00000000   00000001   00000000   00000000
00000004   00000498   00000000   00000000   00000000
00000001   000000BE   00000002   00000002   00420103
00000008   00000000   00000001   00000000   00000000
00000002   000004B0   00000000   00000000   00000000
00000004   00000480   00000010   00000000   00000000
00000004   00000498   00000010   00000000   00000000
00000002   000004C8   00000000   00000000   00000000
00000002   000004B0   00000000   00000000   00000000
00000001   000000C2   00000004   00000002   00420103
00000002   000004C8   00000000   00000000   00000000
00000008   00000001   00000000   00000000   00000000
00000004   000004E0   00000001   00000000   00000000
00000008   00000080   00000000   00000000   00000000
00000004   000004F8   00000000   00000000   00000000
00000001   FFFFFFF8   00000004   00000002   00420103
00000002   00000510   00000000   00000000   00000000
00000004   000004F8   00000000   00000000   00000000
00000001   000000C8   00000004   00000002   00420103
00000002   00000510   00000000   00000000   00000000
00000008   00000080   00000000   00000000   00000000
00000001   FFFFFDF3   0000000C   00000002   00420103
00000004   00000558   00000000   00000000   00000000
00000001   FFFFFFF8   00000004   00000002   00420103
00000004   00000570   00000000   00000000   00000000
00000004   00000558   00000000   00000000   00000000
00000001   000000CE   00000004   00000002   00420103
00000004   00000570   00000010   00000000   00000000
00000008   00000001   00000000   00000000   00000000
00000004   00000588   00000000   00000000   00000000
00000004   00000528   00000000   00000000   00000000
00000001   FFFFFFF8   00000004   00000002   00420103
00000004   00000540   00000001   00000000   00000000
00000004   00000528   00000000   00000000   00000000
00000001   000000D4   00000004   00000002   00420103
00000004   00000588   00000008   00000000   00000000
00000004   000005A0   00000000   00000000   00000000
00000001   FFFFFEDC   00000003   00000002   00420103
00000004   000005D0   00000000   00000000   00000000
00000001   FFFFFFF8   00000004   00000002   00420103
00000004   000005E8   00000000   00000000   00000000
00000004   000005D0   00000000   00000000   00000000
00000001   000000DA   00000004   00000002   00420103
00000004   000005E8   00000010   00000000   00000000
00000008   00000001   00000000   00000000   00000000
00000004   00000600   00000000   00000000   00000000
00000004   000005B8   00000000   00000000   00000000
00000001   000000E0   00000002   00000002   00420103
00000008   00000000   00000001   00000000   00000000
00000004   00000618   00000001   00000000   00000000
00000004   000005B8   00000010   00000000   00000000
00000004   00000600   00000008   00000000   00000000
00000001   FFFFFF7E   0000000B   00000002   00420103
00000004   00000630   00000000   00000000   00000000
00000001   000000E4   00000006   00000002   00420103
00000008   00000000   00000001   00000000   00000000
00000004   00000648   00000000   00000000   00000000
00000001   000000EC   00000002   00000002   00420103
00000008   00000000   00000001   00000000   00000000
00000002   00000660   00000000   00000000   00000000
00000004   00000630   00000010   00000000   00000000
00000004   00000648   00000010   00000000   00000000
00000002   00000678   00000000   00000000   00000000
00000002   00000660   00000000   00000000   00000000
00000001   000000F0   00000004   00000002   00420103
00000002   00000678   00000000   00000000   00000000
00000008   00000001   00000000   00000000   00000000
00000004   00000690   00000000   00000000   00000000
00000002   000006A8   00000000   00000000   00000000
00000004   00000690   00000008   00000000   00000000
00000002   000006A8   00000000   00000000   00000000
00000008   00000080   00000000   00000000   00000000
00000004   000006C0   00000001   00000000   00000000
00000001   000000F6   0000000F   00000002   00420103
00000008   00000002   00000000   00000000   00000000
00000001   000006F0   00000000   00000000   00000000
00000001   00000106   00000007   00000002   00420103
00000004   00000708   00000000   00000000   00000000
00000001   000006F0   00000000   00000002   00000100
00000004   00000708   00000000   00000000   00000000
00000008   00000070   00000000   00000000   00000000
00000004   00000708   00000000   00000000   00000000
00000001   0000012C   00000007   00000002   00420101
00000008   00000001   00000000   00000000   00000000
00000001   0000012C   00000007   00000002   00420101
00000008   00000002   00000000   00000000   00000000
00000004   00000720   00000001   00000000   00000000
00000004   000006D8   00000000   00000000   00000000
00000001   0000010E   00000002   00000002   00420103
00000008   00000000   00000001   00000000   00000000
00000004   00000738   00000001   00000000   00000000
00000004   000006D8   00000010   00000000   00000000
00000004   00000708   00000000   00000000   00000000
00000004   00000750   00000000   00000000   00000000
00000001   00000112   00000002   00000002   00420103
00000008   00000000   00000001   00000000   00000000
00000004   00000768   00000000   00000000   00000000
00000004   00000750   00000010   00000000   00000000
00000001   00000116   00000012   00000002   00420103
00000004   00000780   00000000   00000000   00000000
00000001   FFFFFFF8   00000004   00000002   00420103
00000004   00000798   00000000   00000000   00000000
00000004   00000780   00000000   00000000   00000000
00000001   0000012A   00000004   00000002   00420103
00000004   00000798   00000010   00000000   00000000
00000008   00000001   00000000   00000000   00000000
00000004   000007B0   00000001   00000000   00000000
00000004   000007C8   00000000   00000000   00000000
00000001   00000130   00000002   00000002   00420103
00000008   00000000   00000001   00000000   00000000
00000004   000007E0   00000000   00000000   00000000
00000004   000007C8   00000010   00000000   00000000
00000001   00000134   0000000B   00000002   00420103
00000004   000007F8   00000000   00000000   00000000
00000001   00000140   00000006   00000002   00420103
00000008   00000000   00000001   00000000   00000000
00000004   00000810   00000000   00000000   00000000
00000001   00000148   00000002   00000002   00420103
00000008   00000000   00000001   00000000   00000000
00000002   00000828   00000000   00000000   00000000
00000004   000007F8   00000010   00000000   00000000
00000004   00000810   00000010   00000000   00000000
00000002   00000840   00000000   00000000   00000000
00000002   00000828   00000000   00000000   00000000
00000001   0000014C   00000004   00000002   00420103
00000002   00000840   00000000   00000000   00000000
00000008   00000001   00000000   00000000   00000000
00000004   00000858   00000001   00000000   00000000
00000004   00000870   00000000   00000000   00000000
00000001   00000152   00000005   00000002   00420103
00000008   00000000   00000001   00000000   00000000
00000002   00000888   00000000   00000000   00000000
00000004   00000870   00000010   00000000   00000000
00000001   00000158   00000002   00000002   00420103
00000002   00000888   00000000   00000000   00000000
00000008   00000086   00000000   00000000   00000000
00000004   000008A0   00000000   00000000   00000000
00000001   0000015C   00000004   00000002   00420103
00000008   00000000   00000001   00000000   00000000
00000004   000008B8   00000001   00000000   00000000
00000004   000008A0   00000010   00000000   00000000
00000001   00000162   00000005   00000002   00420103
00000008   00000088   00000000   00000000   00000000
00000004   000008D0   00000000   00000000   00000000
00000001   00000168   00000004   00000002   00420103
00000008   00000000   00000001   00000000   00000000
00000004   000008E8   00000001   00000000   00000000
00000004   000008D0   00000010   00000000   00000000
00000001   0000016E   00000004   00000002   00420103
00000001   FFFFFF22   00000006   00000002   00420103
00000002   00000900   00000000   00000000   00000000
00000002   00000900   00000000   00000000   00000000
00000002   00000900   00000000   00000000   00000000
00000001   00000174   0000000A   00000002   00420103
00000004   00000918   00000000   00000000   00000000
00000001   00000180   00000004   00000002   00420103
00000008   00000000   00000001   00000000   00000000
00000002   00000900   00000000   00000000   00000000
00000002   00000900   00000000   00000000   00000000
00000004   00000918   00000000   00000000   00000000
00000002   00000900   00000000   00000000   00000000
00000002   00000900   00000000   00000000   00000000
00000001   00000186   00000003   00000002   00420103
00000004   00000930   00000000   00000000   00000000
00000001   0000018A   00000004   00000002   00420103
00000008   00000000   00000001   00000000   00000000
00000002   00000900   00000000   00000000   00000000
00000002   00000900   00000000   00000000   00000000
00000004   00000930   00000000   00000000   00000000
00000004   00000948   00000000   00000000   00000000
00000001   00000190   00000003   00000002   00420103
00000008   00000000   00000001   00000000   00000000
00000002   00000900   00000000   00000000   00000000
00000002   00000900   00000000   00000000   00000000
00000004   00000948   00000000   00000000   00000000
00000002   00000900   00000000   00000000   00000000
00000002   00000900   00000000   00000000   00000000
00000001   00000194   00000001   00000002   00420103
00000004   00000960   00000000   00000000   00000000
00000001   00000196   00000006   00000002   00420103
00000008   00000000   00000001   00000000   00000000
00000002   00000900   00000000   00000000   00000000
00000002   00000900   00000000   00000000   00000000
00000004   00000960   00000000   00000000   00000000
00000004   00000978   00000000   00000000   00000000
00000001   0000019E   00000002   00000002   00420103
00000008   00000000   00000001   00000000   00000000
00000002   00000900   00000000   00000000   00000000
00000002   00000900   00000000   00000000   00000000
00000004   00000978   00000000   00000000   00000000
00000002   00000900   00000000   00000000   00000000
00000002   00000900   00000000   00000000   00000000
00000001   000001A2   00000004   00000002   00420103
00000002   00000900   00000000   00000000   00000000
00000008   00000001   00000000   00000000   00000000
00000004   00000990   00000001   00000000   00000000
00000001   00000001   00000038   00000002   00120101
StringData [000001A7]
00001F2F -> C0 DE 69 6D 67 64 69 72 00 00 69 6D 67 73 2F 00 48 54 54 50 5F 48 4F 53 54 00 68 6F 73 74 00 00 50 48 50 5F 53 45 4C 46 00 00 2F 5C 00 00 75 72 69 00 73 63 72 69 70 74 00 00 73 63 72 69 70 74 00 00 73 63 72 69 70 74 00 00 73 63 72 69 70 74 00 00 73 63 72 69 70 74 00 00 66 6E 00 00 69 6D 67 64 69 72 00 00 66 6E 00 00 2E 70 6E 67 00 00 61 73 63 69 69 73 76 67 69 6D 67 2E 70 68 70 00 41 53 74 6F 49 4D 47 00 41 53 00 00 41 53 00 00 70 72 6F 63 65 73 73 53 63 72 69 70 74 00 73 63 72 69 70 74 00 00 41 53 00 00 6F 75 74 70 75 74 69 6D 61 67 65 00 69 6D 67 64 69 72 00 00 66 6E 00 00 2E 70 6E 67 00 00 73 73 63 72 00 00 73 73 63 72 00 00 73 73 63 72 00 00 73 73 63 72 00 00 66 6E 00 00 69 6D 67 64 69 72 00 00 66 6E 00 00 2E 70 6E 67 00 00 61 73 63 69 69 73 76 67 69 6D 67 2E 70 68 70 00 41 53 74 6F 49 4D 47 00 41 53 00 00 41 53 00 00 70 72 6F 63 65 73 73 53 68 6F 72 74 53 63 72 69 70 74 00 00 73 73 63 72 00 00 41 53 00 00 6F 75 74 70 75 74 69 6D 61 67 65 00 69 6D 67 64 69 72 00 00 66 6E 00 00 2E 70 6E 67 00 0
ÀÞimgdir..imgs/.HTTP_HOST.host..PHP_SELF../\..uri.script..script..script..script..script..fn..imgdir..fn...png..asciisvgimg.php.AStoIMG.AS..AS..processScript.script..AS..outputimage.imgdir..fn...png..sscr..sscr..sscr..sscr..fn..imgdir..fn...png..asciisvgimg.php.AStoIMG.AS..AS..processShortScript..sscr..AS..outputimage.imgdir..fn...png..HTTPS.on..http..https.http..http..Location: ..http..://.host..uri./.imgdir..fn...png.
Length of unprocessed data: 00000004

=========> S t a g e  9  -  Interpreting IC_body/ByteCode

#0000: 0x53 ZEND_FETCH_W   LineNo: 0x0000  Flags: 0x07()
result: 04->VAR     00000000 00000000  00  00->NULL   00->val 0000
op1   : 01->CONST   00000002 00000006  02  03->STRING 01->ref 0042
        KeyWord: imgdir
op2   : 08->UNUSED  00000000 00000001  00  00->NULL   00->val 0000
----------------------------------------------------------------
[1] '$imgdir
______________________________________________________________________
#0001: 0x26 ZEND_ASSIGN   LineNo: 0x0000  Flags: 0x07()
result: 04->VAR     00000018 00000001  00  00->NULL   00->val 0000
op1   : 04->VAR     00000000 00000010  00  00->NULL   00->val 0000
op2   : 01->CONST   0000000A 00000005  02  03->STRING 01->ref 0042
        KeyWord: imgs/
====================================================================
$imgdir="imgs/";
______________________________________________________________________
#0002: 0x50 ZEND_FETCH_R   LineNo: 0x0000  Flags: 0x03()
result: 04->VAR     00000048 00000000  00  00->NULL   00->val 0000
op1   : 01->CONST   FFFFFFF6 00000007  02  03->STRING 01->ref 0042
        KeyWord: _SERVER
----------------------------------------------------------------
[1] '$_SERVER
______________________________________________________________________
#0003: 0x51 ZEND_FETCH_DIM_R   LineNo: 0x0000  Flags: 0x07()
result: 04->VAR     00000060 00000000  00  00->NULL   00->val 0000
op1   : 04->VAR     00000048 00000000  00  00->NULL   00->val 0000
op2   : 01->CONST   00000010 00000009  02  03->STRING 01->ref 0042
        KeyWord: HTTP_HOST
----------------------------------------------------------------
[1] '$_SERVER
______________________________________________________________________
#0004: 0x53 ZEND_FETCH_W   LineNo: 0x0000  Flags: 0x07()
result: 04->VAR     00000030 00000000  00  00->NULL   00->val 0000
op1   : 01->CONST   0000001A 00000004  02  03->STRING 01->ref 0042
        KeyWord: host
op2   : 08->UNUSED  00000000 00000001  00  00->NULL   00->val 0000
----------------------------------------------------------------
[1] '$_SERVER
[2] '$host
______________________________________________________________________
#0005: 0x26 ZEND_ASSIGN   LineNo: 0x0000  Flags: 0x07()
result: 04->VAR     00000078 00000001  00  00->NULL   00->val 0000
op1   : 04->VAR     00000030 00000010  00  00->NULL   00->val 0000
op2   : 04->VAR     00000060 00000010  00  00->NULL   00->val 0000
----------------------------------------------------------------
[1] '$_SERVER
Correcting Stack error...
====================================================================
$_SERVER;
______________________________________________________________________
#0006: 0x3B ZEND_INIT_FCALL_BY_NAME   LineNo: 0x0000  Flags: 0x04()
op2   : 01->CONST   FFFFFE36 00000005  02  03->STRING 01->ref 0042
        KeyWord: rtrim
----------------------------------------------------------------
[1] 'rtrim
______________________________________________________________________
#0007: 0x3B ZEND_INIT_FCALL_BY_NAME   LineNo: 0x0000  Flags: 0x04()
op2   : 01->CONST   FFFFFF9A 00000007  02  03->STRING 01->ref 0042
        KeyWord: dirname
----------------------------------------------------------------
[1] 'rtrim
[2] 'dirname
______________________________________________________________________
#0008: 0x5C ZEND_FETCH_FUNC_ARG   LineNo: 0x0000  Flags: 0x0B()
result: 04->VAR     000000A8 00000000  00  00->NULL   00->val 0000
op1   : 01->CONST   FFFFFFF6 00000007  02  03->STRING 01->ref 0042
        KeyWord: _SERVER
        extended_value(from Flag): 0001
----------------------------------------------------------------
[1] 'rtrim
[2] 'dirname
[3] '$_SERVER
______________________________________________________________________
#0009: 0x5D ZEND_FETCH_DIM_FUNC_ARG   LineNo: 0x0000  Flags: 0x0F()
result: 04->VAR     000000C0 00000000  00  00->NULL   00->val 0000
op1   : 04->VAR     000000A8 00000000  00  00->NULL   00->val 0000
op2   : 01->CONST   00000020 00000008  02  03->STRING 01->ref 0042
        KeyWord: PHP_SELF
        extended_value(from Flag): 0001
----------------------------------------------------------------
[1] 'rtrim
[2] 'dirname
[3] '$_SERVER
______________________________________________________________________
#000A: 0x42 ZEND_SEND_VAR   LineNo: 0x0000  Flags: 0x1E()
op1   : 04->VAR     000000C0 00000010  00  00->NULL   00->val 0000
op2   : 08->UNUSED  00000001 00000000  00  00->NULL   00->val 0000
        extended_value(from File): 003D
----------------------------------------------------------------
[1] 'rtrim
[2] 'dirname
[3] '$_SERVER
....................................................................
Comment: SHOULD_BE_SENT_BY_REF
______________________________________________________________________
#000B: 0x3D ZEND_DO_FCALL_BY_NAME   LineNo: 0x0000  Flags: 0x09()
result: 04->VAR     000000D8 00000000  00  00->NULL   00->val 0000
        extended_value(from Flag): 0001
----------------------------------------------------------------
[1] 'rtrim
[2] 'dirname
[3] '$_SERVER()
______________________________________________________________________
#000C: 0x6A ZEND_SEND_VAR_NO_REF   LineNo: 0x0000  Flags: 0x06()
op1   : 04->VAR     000000D8 00000008  00  00->NULL   00->val 0000
op2   : 08->UNUSED  00000001 00000000  00  00->NULL   00->val 0000
----------------------------------------------------------------
[1] 'rtrim
[2] 'dirname
[3] '$_SERVER()
______________________________________________________________________
#000D: 0x41 ZEND_SEND_VAL   LineNo: 0x0000  Flags: 0x1E()
op1   : 01->CONST   0000002A 00000002  02  03->STRING 01->ref 0042
        KeyWord: /\
op2   : 08->UNUSED  00000002 00000000  00  00->NULL   00->val 0000
        extended_value(from File): 003D
----------------------------------------------------------------
[1] 'rtrim
[2] 'dirname
[3] '$_SERVER()
....................................................................
Comment: Arg[2] = "/\"
______________________________________________________________________
#000E: 0x3D ZEND_DO_FCALL_BY_NAME   LineNo: 0x0000  Flags: 0x19()
result: 04->VAR     000000F0 00000000  00  00->NULL   00->val 0000
        extended_value(from File): 0002
----------------------------------------------------------------
[1] 'rtrim
[2] 'dirname
[3] '$_SERVER()("/\")
______________________________________________________________________
#000F: 0x53 ZEND_FETCH_W   LineNo: 0x0000  Flags: 0x07()
result: 04->VAR     00000090 00000000  00  00->NULL   00->val 0000
op1   : 01->CONST   0000002E 00000003  02  03->STRING 01->ref 0042
        KeyWord: uri
op2   : 08->UNUSED  00000000 00000001  00  00->NULL   00->val 0000
----------------------------------------------------------------
[1] 'rtrim
[2] 'dirname
[3] '$_SERVER()("/\")
[4] '$uri
______________________________________________________________________
#0010: 0x26 ZEND_ASSIGN   LineNo: 0x0000  Flags: 0x07()
result: 04->VAR     00000108 00000001  00  00->NULL   00->val 0000
op1   : 04->VAR     00000090 00000010  00  00->NULL   00->val 0000
op2   : 04->VAR     000000F0 00000008  00  00->NULL   00->val 0000
----------------------------------------------------------------
[1] 'rtrim
[2] 'dirname
Correcting Stack error...
====================================================================
$uri=$_SERVER()("/\")dirnamertrim;
______________________________________________________________________
#0011: 0x59 ZEND_FETCH_IS   LineNo: 0x0000  Flags: 0x03()
result: 04->VAR     00000120 00000000  00  00->NULL   00->val 0000
op1   : 01->CONST   FFFFFFF8 00000004  02  03->STRING 01->ref 0042
        KeyWord: _GET
______________________________________________________________________
#0012: 0x73 ZEND_ISSET_ISEMPTY_DIM_OBJ   LineNo: 0x0000  Flags: 0x0F()
result: 02->TMP_VAR 00000138 00000000  00  00->NULL   00->val 0000
op1   : 04->VAR     00000120 00000000  00  00->NULL   00->val 0000
op2   : 01->CONST   00000032 00000006  02  03->STRING 01->ref 0042
        KeyWord: script
        extended_value(from Flag): 0001
______________________________________________________________________
#0013: 0x95 ZEND_HANDLE_EXCEPTION   LineNo: 0x0000  Flags: 0x07()
result: 02->TMP_VAR 00000138 00000000  00  00->NULL   00->val 0000
op1   : 02->TMP_VAR 00000138 00000000  00  00->NULL   00->val 0000
op2   : 08->UNUSED  0000004D 00000000  00  00->NULL   00->val 0000
______________________________________________________________________
#0014: 0x3B ZEND_INIT_FCALL_BY_NAME   LineNo: 0x0000  Flags: 0x04()
op2   : 01->CONST   FFFFFDD4 00000004  02  03->STRING 01->ref 0042
        KeyWord: trim
----------------------------------------------------------------
[1] 'trim
______________________________________________________________________
#0015: 0x50 ZEND_FETCH_R   LineNo: 0x0000  Flags: 0x03()
result: 04->VAR     00000150 00000000  00  00->NULL   00->val 0000
op1   : 01->CONST   FFFFFFF8 00000004  02  03->STRING 01->ref 0042
        KeyWord: _GET
----------------------------------------------------------------
[1] 'trim
[2] '$_GET
______________________________________________________________________
#0016: 0x51 ZEND_FETCH_DIM_R   LineNo: 0x0000  Flags: 0x07()
result: 04->VAR     00000168 00000000  00  00->NULL   00->val 0000
op1   : 04->VAR     00000150 00000000  00  00->NULL   00->val 0000
op2   : 01->CONST   0000003A 00000006  02  03->STRING 01->ref 0042
        KeyWord: script
----------------------------------------------------------------
[1] 'trim
[2] '$_GET
______________________________________________________________________
#0017: 0x12 ZEND_IS_NOT_EQUAL   LineNo: 0x0000  Flags: 0x07()
result: 02->TMP_VAR 00000180 00000000  00  00->NULL   00->val 0000
op1   : 04->VAR     00000168 00000010  00  00->NULL   00->val 0000
op2   : 01->CONST   0235C7E0 00000000  02  03->STRING 01->ref 0042
----------------------------------------------------------------
[1] 'trim
[2] '$_GET
______________________________________________________________________
#0018: 0x41 ZEND_SEND_VAL   LineNo: 0x0000  Flags: 0x1E()
op1   : 02->TMP_VAR 00000180 00000000  00  00->NULL   00->val 0000
op2   : 08->UNUSED  00000001 00000000  00  00->NULL   00->val 0000
        extended_value(from File): 003D
----------------------------------------------------------------
[1] 'trim
[2] '$_GET
______________________________________________________________________
#0019: 0x3D ZEND_DO_FCALL_BY_NAME   LineNo: 0x0000  Flags: 0x09()
result: 04->VAR     00000198 00000000  00  00->NULL   00->val 0000
        extended_value(from Flag): 0001
----------------------------------------------------------------
[1] 'trim
[2] '$_GET()
______________________________________________________________________
#001A: 0x34 ZEND_BOOL   LineNo: 0x0000  Flags: 0x03()
result: 02->TMP_VAR 00000138 00000000  00  00->NULL   00->val 0000
op1   : 04->VAR     00000198 00000008  00  00->NULL   00->val 0000
----------------------------------------------------------------
[1] 'trim
[2] '$_GET()
______________________________________________________________________
#001B: 0x2B ZEND_JMPZ   LineNo: 0x0000  Flags: 0x06()
op1   : 02->TMP_VAR 00000138 00000000  00  00->NULL   00->val 0000
op2   : 08->UNUSED  0000004D 00000000  00  00->NULL   00->val 0000
----------------------------------------------------------------
[1] 'trim
[2] '$_GET()
....................................................................
Comment: Conditional jmp to #0000004D
______________________________________________________________________
#001C: 0x3B ZEND_INIT_FCALL_BY_NAME   LineNo: 0x0000  Flags: 0x04()
op2   : 01->CONST   FFFFFDF3 0000000C  02  03->STRING 01->ref 0042
        KeyWord: stripslashes
----------------------------------------------------------------
[1] 'trim
[2] '$_GET()
[3] 'stripslashes
______________________________________________________________________
#001D: 0x5C ZEND_FETCH_FUNC_ARG   LineNo: 0x0000  Flags: 0x0B()
result: 04->VAR     000001E0 00000000  00  00->NULL   00->val 0000
op1   : 01->CONST   FFFFFFF8 00000004  02  03->STRING 01->ref 0042
        KeyWord: _GET
        extended_value(from Flag): 0001
----------------------------------------------------------------
[1] 'trim
[2] '$_GET()
[3] 'stripslashes
[4] '$_GET
______________________________________________________________________
#001E: 0x5D ZEND_FETCH_DIM_FUNC_ARG   LineNo: 0x0000  Flags: 0x0F()
result: 04->VAR     000001F8 00000000  00  00->NULL   00->val 0000
op1   : 04->VAR     000001E0 00000000  00  00->NULL   00->val 0000
op2   : 01->CONST   00000042 00000006  02  03->STRING 01->ref 0042
        KeyWord: script
        extended_value(from Flag): 0001
----------------------------------------------------------------
[1] 'trim
[2] '$_GET()
[3] 'stripslashes
[4] '$_GET
______________________________________________________________________
#001F: 0x42 ZEND_SEND_VAR   LineNo: 0x0000  Flags: 0x1E()
op1   : 04->VAR     000001F8 00000010  00  00->NULL   00->val 0000
op2   : 08->UNUSED  00000001 00000000  00  00->NULL   00->val 0000
        extended_value(from File): 003D
----------------------------------------------------------------
[1] 'trim
[2] '$_GET()
[3] 'stripslashes
[4] '$_GET
....................................................................
Comment: SHOULD_BE_SENT_BY_REF
______________________________________________________________________
#0020: 0x3D ZEND_DO_FCALL_BY_NAME   LineNo: 0x0000  Flags: 0x09()
result: 04->VAR     00000210 00000000  00  00->NULL   00->val 0000
        extended_value(from Flag): 0001
----------------------------------------------------------------
[1] 'trim
[2] '$_GET()
[3] 'stripslashes
[4] '$_GET()
______________________________________________________________________
#0021: 0x53 ZEND_FETCH_W   LineNo: 0x0000  Flags: 0x03()
result: 04->VAR     000001B0 00000000  00  00->NULL   00->val 0000
op1   : 01->CONST   FFFFFFF8 00000004  02  03->STRING 01->ref 0042
        KeyWord: _GET
----------------------------------------------------------------
[1] 'trim
[2] '$_GET()
[3] 'stripslashes
[4] '$_GET()
[5] '$_GET
______________________________________________________________________
#0022: 0x93 ZEND_ASSIGN_DIM   LineNo: 0x0000  Flags: 0x07()
result: 04->VAR     000001C8 00000001  00  00->NULL   00->val 0000
op1   : 04->VAR     000001B0 00000000  00  00->NULL   00->val 0000
op2   : 01->CONST   0000004A 00000006  02  03->STRING 01->ref 0042
        KeyWord: script
----------------------------------------------------------------
[1] 'trim
[2] '$_GET()
[3] 'stripslashes
[4] '$_GET()
[5] '$_GET
Correcting Stack error...
====================================================================
$_GET$_GET()stripslashes$_GET()trim;
______________________________________________________________________
#0023: 0x89 ZEND_OP_DATA    LineNo: 0x0000  Flags: 0x06()
op1   : 04->VAR     00000210 00000008  00  00->NULL   00->val 0000
op2   : 04->VAR     00000228 00000000  00  00->NULL   00->val 0000
______________________________________________________________________
#0024: 0x3B ZEND_INIT_FCALL_BY_NAME   LineNo: 0x0000  Flags: 0x04()
op2   : 01->CONST   FFFFFEDC 00000003  02  03->STRING 01->ref 0042
        KeyWord: md5
----------------------------------------------------------------
[1] 'md5
______________________________________________________________________
#0025: 0x5C ZEND_FETCH_FUNC_ARG   LineNo: 0x0000  Flags: 0x0B()
result: 04->VAR     00000258 00000000  00  00->NULL   00->val 0000
op1   : 01->CONST   FFFFFFF8 00000004  02  03->STRING 01->ref 0042
        KeyWord: _GET
        extended_value(from Flag): 0001
----------------------------------------------------------------
[1] 'md5
[2] '$_GET
______________________________________________________________________
#0026: 0x5D ZEND_FETCH_DIM_FUNC_ARG   LineNo: 0x0000  Flags: 0x0F()
result: 04->VAR     00000270 00000000  00  00->NULL   00->val 0000
op1   : 04->VAR     00000258 00000000  00  00->NULL   00->val 0000
op2   : 01->CONST   00000052 00000006  02  03->STRING 01->ref 0042
        KeyWord: script
        extended_value(from Flag): 0001
----------------------------------------------------------------
[1] 'md5
[2] '$_GET
______________________________________________________________________
#0027: 0x42 ZEND_SEND_VAR   LineNo: 0x0000  Flags: 0x1E()
op1   : 04->VAR     00000270 00000010  00  00->NULL   00->val 0000
op2   : 08->UNUSED  00000001 00000000  00  00->NULL   00->val 0000
        extended_value(from File): 003D
----------------------------------------------------------------
[1] 'md5
[2] '$_GET
....................................................................
Comment: SHOULD_BE_SENT_BY_REF
______________________________________________________________________
#0028: 0x3D ZEND_DO_FCALL_BY_NAME   LineNo: 0x0000  Flags: 0x09()
result: 04->VAR     00000288 00000000  00  00->NULL   00->val 0000
        extended_value(from Flag): 0001
----------------------------------------------------------------
[1] 'md5
[2] '$_GET()
______________________________________________________________________
#0029: 0x53 ZEND_FETCH_W   LineNo: 0x0000  Flags: 0x07()
result: 04->VAR     00000240 00000000  00  00->NULL   00->val 0000
op1   : 01->CONST   0000005A 00000002  02  03->STRING 01->ref 0042
        KeyWord: fn
op2   : 08->UNUSED  00000000 00000001  00  00->NULL   00->val 0000
----------------------------------------------------------------
[1] 'md5
[2] '$_GET()
[3] '$fn
______________________________________________________________________
#002A: 0x26 ZEND_ASSIGN   LineNo: 0x0000  Flags: 0x07()
result: 04->VAR     000002A0 00000001  00  00->NULL   00->val 0000
op1   : 04->VAR     00000240 00000010  00  00->NULL   00->val 0000
op2   : 04->VAR     00000288 00000008  00  00->NULL   00->val 0000
----------------------------------------------------------------
[1] 'md5
Correcting Stack error...
====================================================================
$fn=$_GET()md5;
______________________________________________________________________
#002B: 0x3B ZEND_INIT_FCALL_BY_NAME   LineNo: 0x0000  Flags: 0x04()
op2   : 01->CONST   FFFFFF7E 0000000B  02  03->STRING 01->ref 0042
        KeyWord: file_exists
----------------------------------------------------------------
[1] 'file_exists
______________________________________________________________________
#002C: 0x50 ZEND_FETCH_R   LineNo: 0x0000  Flags: 0x07()
result: 04->VAR     000002B8 00000000  00  00->NULL   00->val 0000
op1   : 01->CONST   0000005E 00000006  02  03->STRING 01->ref 0042
        KeyWord: imgdir
op2   : 08->UNUSED  00000000 00000001  00  00->NULL   00->val 0000
----------------------------------------------------------------
[1] 'file_exists
[2] '$imgdir
______________________________________________________________________
#002D: 0x50 ZEND_FETCH_R   LineNo: 0x0000  Flags: 0x07()
result: 04->VAR     000002D0 00000000  00  00->NULL   00->val 0000
op1   : 01->CONST   00000066 00000002  02  03->STRING 01->ref 0042
        KeyWord: fn
op2   : 08->UNUSED  00000000 00000001  00  00->NULL   00->val 0000
----------------------------------------------------------------
[1] 'file_exists
[2] '$imgdir
[3] '$fn
______________________________________________________________________
#002E: 0x08 ZEND_CONCAT   LineNo: 0x0000  Flags: 0x07()
result: 02->TMP_VAR 000002E8 00000000  00  00->NULL   00->val 0000
op1   : 04->VAR     000002B8 00000010  00  00->NULL   00->val 0000
op2   : 04->VAR     000002D0 00000010  00  00->NULL   00->val 0000
----------------------------------------------------------------
[1] 'file_exists
[2] '$imgdir.$fn
______________________________________________________________________
#002F: 0x08 ZEND_CONCAT   LineNo: 0x0000  Flags: 0x07()
result: 02->TMP_VAR 00000300 00000000  00  00->NULL   00->val 0000
op1   : 02->TMP_VAR 000002E8 00000000  00  00->NULL   00->val 0000
op2   : 01->CONST   0000006A 00000004  02  03->STRING 01->ref 0042
        KeyWord: .png
----------------------------------------------------------------
[1] 'file_exists
[2] '$imgdir.$fn.".png"
______________________________________________________________________
#0030: 0x41 ZEND_SEND_VAL   LineNo: 0x0000  Flags: 0x1E()
op1   : 02->TMP_VAR 00000300 00000000  00  00->NULL   00->val 0000
op2   : 08->UNUSED  00000001 00000000  00  00->NULL   00->val 0000
        extended_value(from File): 003D
----------------------------------------------------------------
[1] 'file_exists
....................................................................
Comment: Arg[1] = $imgdir.$fn.".png"
______________________________________________________________________
#0031: 0x3D ZEND_DO_FCALL_BY_NAME   LineNo: 0x0000  Flags: 0x09()
result: 04->VAR     00000318 00000000  00  00->NULL   00->val 0000
        extended_value(from Flag): 0001
----------------------------------------------------------------
[1] 'file_exists($imgdir.$fn.".png")
______________________________________________________________________
#0032: 0x0D ZEND_BOOL_NOT   LineNo: 0x0000  Flags: 0x03()
result: 02->TMP_VAR 00000330 00000000  00  00->NULL   00->val 0000
op1   : 04->VAR     00000318 00000008  00  00->NULL   00->val 0000
----------------------------------------------------------------
[1] '!!file_exists($imgdir.$fn.".png")
______________________________________________________________________
#0033: 0x2B ZEND_JMPZ   LineNo: 0x0000  Flags: 0x06()
op1   : 02->TMP_VAR 00000330 00000000  00  00->NULL   00->val 0000
op2   : 08->UNUSED  00000080 00000000  00  00->NULL   00->val 0000
....................................................................
Comment: Conditional jmp to #00000080
====================================================================
while (!!file_exists($imgdir.$fn.".png")) {
______________________________________________________________________
#0034: 0x49 ZEND_INCLUDE_OR_EVAL   LineNo: 0x0000  Flags: 0x07()
result: 04->VAR     00000348 00000001  00  00->NULL   00->val 0000
op1   : 01->CONST   00000070 0000000F  02  03->STRING 01->ref 0042
        KeyWord: asciisvgimg.php
op2   : 08->UNUSED  00000002 00000000  00  00->NULL   00->val 0000
______________________________________________________________________
#0035: 0x6D ZEND_FETCH_CLASS   LineNo: 0x0000  Flags: 0x1D()
result: 01->CONST   00000378 00000000  00  00->NULL   00->val 0000
op2   : 01->CONST   00000080 00000007  02  03->STRING 01->ref 0042
        KeyWord: AStoIMG
        extended_value(from File): 0004
______________________________________________________________________
#0036: 0x44 ZEND_NEW   LineNo: 0x0000  Flags: 0x03()
result: 04->VAR     00000390 00000000  00  00->NULL   00->val 0000
op1   : 01->CONST   00000378 00000000  02  00->NULL   01->ref 0000
______________________________________________________________________
#0037: 0x45 ZEND_JMP_NO_CTOR   LineNo: 0x0000  Flags: 0x06()
op1   : 04->VAR     00000390 00000000  00  00->NULL   00->val 0000
op2   : 08->UNUSED  0000003C 00000000  00  00->NULL   00->val 0000
______________________________________________________________________
#0038: 0x6F ZEND_INIT_CTOR_CALL    LineNo: 0x0000  Flags: 0x02()
op1   : 04->VAR     00000390 00000000  00  00->NULL   00->val 0000
______________________________________________________________________
#0039: 0x41 ZEND_SEND_VAL   LineNo: 0x0000  Flags: 0x1E()
op1   : 01->CONST   0000012C 00000007  02  01->LONG   01->ref 0042
op2   : 08->UNUSED  00000001 00000000  00  00->NULL   00->val 0000
        extended_value(from File): 003D
....................................................................
Comment: Arg[1] = 300
______________________________________________________________________
#003A: 0x41 ZEND_SEND_VAL   LineNo: 0x0000  Flags: 0x1E()
op1   : 01->CONST   0000012C 00000007  02  01->LONG   01->ref 0042
op2   : 08->UNUSED  00000002 00000000  00  00->NULL   00->val 0000
        extended_value(from File): 003D
....................................................................
Comment: Arg[2] = 300
______________________________________________________________________
#003B: 0x3D ZEND_DO_FCALL_BY_NAME   LineNo: 0x0000  Flags: 0x19()
result: 04->VAR     000003A8 00000001  00  00->NULL   00->val 0000
        extended_value(from File): 0002
______________________________________________________________________
#003C: 0x53 ZEND_FETCH_W   LineNo: 0x0000  Flags: 0x07()
result: 04->VAR     00000360 00000000  00  00->NULL   00->val 0000
op1   : 01->CONST   00000088 00000002  02  03->STRING 01->ref 0042
        KeyWord: AS
op2   : 08->UNUSED  00000000 00000001  00  00->NULL   00->val 0000
----------------------------------------------------------------
[1] '$AS
______________________________________________________________________
#003D: 0x26 ZEND_ASSIGN   LineNo: 0x0000  Flags: 0x07()
result: 04->VAR     000003C0 00000001  00  00->NULL   00->val 0000
op1   : 04->VAR     00000360 00000010  00  00->NULL   00->val 0000
op2   : 04->VAR     00000390 00000000  00  00->NULL   00->val 0000
______________________________________________________________________
#003E: 0x50 ZEND_FETCH_R   LineNo: 0x0000  Flags: 0x07()
result: 04->VAR     000003D8 00000000  00  00->NULL   00->val 0000
op1   : 01->CONST   0000008C 00000002  02  03->STRING 01->ref 0042
        KeyWord: AS
op2   : 08->UNUSED  00000000 00000001  00  00->NULL   00->val 0000
----------------------------------------------------------------
[1] '$AS
______________________________________________________________________
#003F: 0x70 ZEND_INIT_METHOD_CALL   LineNo: 0x0000  Flags: 0x07()
result: 04->VAR     000003F0 00000000  00  00->NULL   00->val 0000
op1   : 04->VAR     000003D8 00000010  00  00->NULL   00->val 0000
op2   : 01->CONST   00000090 0000000D  02  03->STRING 01->ref 0042
        KeyWord: processScript
----------------------------------------------------------------
[1] '$AS
______________________________________________________________________
#0040: 0x5C ZEND_FETCH_FUNC_ARG   LineNo: 0x0000  Flags: 0x0B()
result: 04->VAR     00000408 00000000  00  00->NULL   00->val 0000
op1   : 01->CONST   FFFFFFF8 00000004  02  03->STRING 01->ref 0042
        KeyWord: _GET
        extended_value(from Flag): 0001
----------------------------------------------------------------
[1] '$AS
[2] '$_GET
______________________________________________________________________
#0041: 0x5D ZEND_FETCH_DIM_FUNC_ARG   LineNo: 0x0000  Flags: 0x0F()
result: 04->VAR     00000420 00000000  00  00->NULL   00->val 0000
op1   : 04->VAR     00000408 00000000  00  00->NULL   00->val 0000
op2   : 01->CONST   0000009E 00000006  02  03->STRING 01->ref 0042
        KeyWord: script
        extended_value(from Flag): 0001
----------------------------------------------------------------
[1] '$AS
[2] '$_GET
______________________________________________________________________
#0042: 0x42 ZEND_SEND_VAR   LineNo: 0x0000  Flags: 0x1E()
op1   : 04->VAR     00000420 00000010  00  00->NULL   00->val 0000
op2   : 08->UNUSED  00000001 00000000  00  00->NULL   00->val 0000
        extended_value(from File): 003D
----------------------------------------------------------------
[1] '$AS
[2] '$_GET
....................................................................
Comment: SHOULD_BE_SENT_BY_REF
______________________________________________________________________
#0043: 0x3D ZEND_DO_FCALL_BY_NAME   LineNo: 0x0000  Flags: 0x09()
result: 04->VAR     00000438 00000001  00  00->NULL   00->val 0000
        extended_value(from Flag): 0001
----------------------------------------------------------------
[1] '$AS
Correcting Stack error...
====================================================================
$_GET()$AS;
______________________________________________________________________
#0044: 0x50 ZEND_FETCH_R   LineNo: 0x0000  Flags: 0x07()
result: 04->VAR     00000450 00000000  00  00->NULL   00->val 0000
op1   : 01->CONST   000000A6 00000002  02  03->STRING 01->ref 0042
        KeyWord: AS
op2   : 08->UNUSED  00000000 00000001  00  00->NULL   00->val 0000
----------------------------------------------------------------
[1] '$AS
______________________________________________________________________
#0045: 0x70 ZEND_INIT_METHOD_CALL   LineNo: 0x0000  Flags: 0x07()
result: 04->VAR     00000468 00000000  00  00->NULL   00->val 0000
op1   : 04->VAR     00000450 00000010  00  00->NULL   00->val 0000
op2   : 01->CONST   000000AA 0000000B  02  03->STRING 01->ref 0042
        KeyWord: outputimage
----------------------------------------------------------------
[1] '$AS
______________________________________________________________________
#0046: 0x50 ZEND_FETCH_R   LineNo: 0x0000  Flags: 0x07()
result: 04->VAR     00000480 00000000  00  00->NULL   00->val 0000
op1   : 01->CONST   000000B6 00000006  02  03->STRING 01->ref 0042
        KeyWord: imgdir
op2   : 08->UNUSED  00000000 00000001  00  00->NULL   00->val 0000
----------------------------------------------------------------
[1] '$AS
[2] '$imgdir
______________________________________________________________________
#0047: 0x50 ZEND_FETCH_R   LineNo: 0x0000  Flags: 0x07()
result: 04->VAR     00000498 00000000  00  00->NULL   00->val 0000
op1   : 01->CONST   000000BE 00000002  02  03->STRING 01->ref 0042
        KeyWord: fn
op2   : 08->UNUSED  00000000 00000001  00  00->NULL   00->val 0000
----------------------------------------------------------------
[1] '$AS
[2] '$imgdir
[3] '$fn
______________________________________________________________________
#0048: 0x08 ZEND_CONCAT   LineNo: 0x0000  Flags: 0x07()
result: 02->TMP_VAR 000004B0 00000000  00  00->NULL   00->val 0000
op1   : 04->VAR     00000480 00000010  00  00->NULL   00->val 0000
op2   : 04->VAR     00000498 00000010  00  00->NULL   00->val 0000
----------------------------------------------------------------
[1] '$AS
[2] '$imgdir.$fn
______________________________________________________________________
#0049: 0x08 ZEND_CONCAT   LineNo: 0x0000  Flags: 0x07()
result: 02->TMP_VAR 000004C8 00000000  00  00->NULL   00->val 0000
op1   : 02->TMP_VAR 000004B0 00000000  00  00->NULL   00->val 0000
op2   : 01->CONST   000000C2 00000004  02  03->STRING 01->ref 0042
        KeyWord: .png
----------------------------------------------------------------
[1] '$AS
[2] '$imgdir.$fn.".png"
______________________________________________________________________
#004A: 0x41 ZEND_SEND_VAL   LineNo: 0x0000  Flags: 0x1E()
op1   : 02->TMP_VAR 000004C8 00000000  00  00->NULL   00->val 0000
op2   : 08->UNUSED  00000001 00000000  00  00->NULL   00->val 0000
        extended_value(from File): 003D
----------------------------------------------------------------
[1] '$AS
....................................................................
Comment: Arg[1] = $imgdir.$fn.".png"
______________________________________________________________________
#004B: 0x3D ZEND_DO_FCALL_BY_NAME   LineNo: 0x0000  Flags: 0x09()
result: 04->VAR     000004E0 00000001  00  00->NULL   00->val 0000
        extended_value(from Flag): 0001
====================================================================
$AS($imgdir.$fn.".png");
______________________________________________________________________
#004C: 0x2A ZEND_JMP   LineNo: 0x0000  Flags: 0x02()
op1   : 08->UNUSED  00000080 00000000  00  00->NULL   00->val 0000
....................................................................
Comment: GoTo Command #0080
______________________________________________________________________
#004D: 0x59 ZEND_FETCH_IS   LineNo: 0x0000  Flags: 0x03()
result: 04->VAR     000004F8 00000000  00  00->NULL   00->val 0000
op1   : 01->CONST   FFFFFFF8 00000004  02  03->STRING 01->ref 0042
        KeyWord: _GET
______________________________________________________________________
#004E: 0x73 ZEND_ISSET_ISEMPTY_DIM_OBJ   LineNo: 0x0000  Flags: 0x0F()
result: 02->TMP_VAR 00000510 00000000  00  00->NULL   00->val 0000
op1   : 04->VAR     000004F8 00000000  00  00->NULL   00->val 0000
op2   : 01->CONST   000000C8 00000004  02  03->STRING 01->ref 0042
        KeyWord: sscr
        extended_value(from Flag): 0001
______________________________________________________________________
#004F: 0x2B ZEND_JMPZ   LineNo: 0x0000  Flags: 0x06()
op1   : 02->TMP_VAR 00000510 00000000  00  00->NULL   00->val 0000
op2   : 08->UNUSED  00000080 00000000  00  00->NULL   00->val 0000
....................................................................
Comment: Conditional jmp to #00000080
______________________________________________________________________
#0050: 0x3B ZEND_INIT_FCALL_BY_NAME   LineNo: 0x0000  Flags: 0x04()
op2   : 01->CONST   FFFFFDF3 0000000C  02  03->STRING 01->ref 0042
        KeyWord: stripslashes
----------------------------------------------------------------
[1] 'stripslashes
______________________________________________________________________
#0051: 0x5C ZEND_FETCH_FUNC_ARG   LineNo: 0x0000  Flags: 0x0B()
result: 04->VAR     00000558 00000000  00  00->NULL   00->val 0000
op1   : 01->CONST   FFFFFFF8 00000004  02  03->STRING 01->ref 0042
        KeyWord: _GET
        extended_value(from Flag): 0001
----------------------------------------------------------------
[1] 'stripslashes
[2] '$_GET
______________________________________________________________________
#0052: 0x5D ZEND_FETCH_DIM_FUNC_ARG   LineNo: 0x0000  Flags: 0x0F()
result: 04->VAR     00000570 00000000  00  00->NULL   00->val 0000
op1   : 04->VAR     00000558 00000000  00  00->NULL   00->val 0000
op2   : 01->CONST   000000CE 00000004  02  03->STRING 01->ref 0042
        KeyWord: sscr
        extended_value(from Flag): 0001
----------------------------------------------------------------
[1] 'stripslashes
[2] '$_GET
______________________________________________________________________
#0053: 0x42 ZEND_SEND_VAR   LineNo: 0x0000  Flags: 0x1E()
op1   : 04->VAR     00000570 00000010  00  00->NULL   00->val 0000
op2   : 08->UNUSED  00000001 00000000  00  00->NULL   00->val 0000
        extended_value(from File): 003D
----------------------------------------------------------------
[1] 'stripslashes
[2] '$_GET
....................................................................
Comment: SHOULD_BE_SENT_BY_REF
______________________________________________________________________
#0054: 0x3D ZEND_DO_FCALL_BY_NAME   LineNo: 0x0000  Flags: 0x09()
result: 04->VAR     00000588 00000000  00  00->NULL   00->val 0000
        extended_value(from Flag): 0001
----------------------------------------------------------------
[1] 'stripslashes
[2] '$_GET()
______________________________________________________________________
#0055: 0x53 ZEND_FETCH_W   LineNo: 0x0000  Flags: 0x03()
result: 04->VAR     00000528 00000000  00  00->NULL   00->val 0000
op1   : 01->CONST   FFFFFFF8 00000004  02  03->STRING 01->ref 0042
        KeyWord: _GET
----------------------------------------------------------------
[1] 'stripslashes
[2] '$_GET()
[3] '$_GET
______________________________________________________________________
#0056: 0x93 ZEND_ASSIGN_DIM   LineNo: 0x0000  Flags: 0x07()
result: 04->VAR     00000540 00000001  00  00->NULL   00->val 0000
op1   : 04->VAR     00000528 00000000  00  00->NULL   00->val 0000
op2   : 01->CONST   000000D4 00000004  02  03->STRING 01->ref 0042
        KeyWord: sscr
----------------------------------------------------------------
[1] 'stripslashes
[2] '$_GET()
[3] '$_GET
Correcting Stack error...
====================================================================
$_GET$_GET()stripslashes;
______________________________________________________________________
#0057: 0x89 ZEND_OP_DATA    LineNo: 0x0000  Flags: 0x06()
op1   : 04->VAR     00000588 00000008  00  00->NULL   00->val 0000
op2   : 04->VAR     000005A0 00000000  00  00->NULL   00->val 0000
______________________________________________________________________
#0058: 0x3B ZEND_INIT_FCALL_BY_NAME   LineNo: 0x0000  Flags: 0x04()
op2   : 01->CONST   FFFFFEDC 00000003  02  03->STRING 01->ref 0042
        KeyWord: md5
----------------------------------------------------------------
[1] 'md5
______________________________________________________________________
#0059: 0x5C ZEND_FETCH_FUNC_ARG   LineNo: 0x0000  Flags: 0x0B()
result: 04->VAR     000005D0 00000000  00  00->NULL   00->val 0000
op1   : 01->CONST   FFFFFFF8 00000004  02  03->STRING 01->ref 0042
        KeyWord: _GET
        extended_value(from Flag): 0001
----------------------------------------------------------------
[1] 'md5
[2] '$_GET
______________________________________________________________________
#005A: 0x5D ZEND_FETCH_DIM_FUNC_ARG   LineNo: 0x0000  Flags: 0x0F()
result: 04->VAR     000005E8 00000000  00  00->NULL   00->val 0000
op1   : 04->VAR     000005D0 00000000  00  00->NULL   00->val 0000
op2   : 01->CONST   000000DA 00000004  02  03->STRING 01->ref 0042
        KeyWord: sscr
        extended_value(from Flag): 0001
----------------------------------------------------------------
[1] 'md5
[2] '$_GET
______________________________________________________________________
#005B: 0x42 ZEND_SEND_VAR   LineNo: 0x0000  Flags: 0x1E()
op1   : 04->VAR     000005E8 00000010  00  00->NULL   00->val 0000
op2   : 08->UNUSED  00000001 00000000  00  00->NULL   00->val 0000
        extended_value(from File): 003D
----------------------------------------------------------------
[1] 'md5
[2] '$_GET
....................................................................
Comment: SHOULD_BE_SENT_BY_REF
______________________________________________________________________
#005C: 0x3D ZEND_DO_FCALL_BY_NAME   LineNo: 0x0000  Flags: 0x09()
result: 04->VAR     00000600 00000000  00  00->NULL   00->val 0000
        extended_value(from Flag): 0001
----------------------------------------------------------------
[1] 'md5
[2] '$_GET()
______________________________________________________________________
#005D: 0x53 ZEND_FETCH_W   LineNo: 0x0000  Flags: 0x07()
result: 04->VAR     000005B8 00000000  00  00->NULL   00->val 0000
op1   : 01->CONST   000000E0 00000002  02  03->STRING 01->ref 0042
        KeyWord: fn
op2   : 08->UNUSED  00000000 00000001  00  00->NULL   00->val 0000
----------------------------------------------------------------
[1] 'md5
[2] '$_GET()
[3] '$fn
______________________________________________________________________
#005E: 0x26 ZEND_ASSIGN   LineNo: 0x0000  Flags: 0x07()
result: 04->VAR     00000618 00000001  00  00->NULL   00->val 0000
op1   : 04->VAR     000005B8 00000010  00  00->NULL   00->val 0000
op2   : 04->VAR     00000600 00000008  00  00->NULL   00->val 0000
----------------------------------------------------------------
[1] 'md5
Correcting Stack error...
====================================================================
$fn=$_GET()md5;
______________________________________________________________________
#005F: 0x3B ZEND_INIT_FCALL_BY_NAME   LineNo: 0x0000  Flags: 0x04()
op2   : 01->CONST   FFFFFF7E 0000000B  02  03->STRING 01->ref 0042
        KeyWord: file_exists
----------------------------------------------------------------
[1] 'file_exists
______________________________________________________________________
#0060: 0x95 ZEND_HANDLE_EXCEPTION   LineNo: 0x0000  Flags: 0x07()
result: 04->VAR     00000630 00000000  00  00->NULL   00->val 0000
op1   : 01->CONST   000000E4 00000006  02  03->STRING 01->ref 0042
        KeyWord: imgdir
op2   : 08->UNUSED  00000000 00000001  00  00->NULL   00->val 0000
----------------------------------------------------------------
[1] 'file_exists
______________________________________________________________________
#0061: 0x50 ZEND_FETCH_R   LineNo: 0x0000  Flags: 0x07()
result: 04->VAR     00000648 00000000  00  00->NULL   00->val 0000
op1   : 01->CONST   000000EC 00000002  02  03->STRING 01->ref 0042
        KeyWord: fn
op2   : 08->UNUSED  00000000 00000001  00  00->NULL   00->val 0000
----------------------------------------------------------------
[1] 'file_exists
[2] '$fn
______________________________________________________________________
#0062: 0x08 ZEND_CONCAT   LineNo: 0x0000  Flags: 0x07()
result: 02->TMP_VAR 00000660 00000000  00  00->NULL   00->val 0000
op1   : 04->VAR     00000630 00000010  00  00->NULL   00->val 0000
op2   : 04->VAR     00000648 00000010  00  00->NULL   00->val 0000
----------------------------------------------------------------
[1] 'file_exists
[2] '$fn
______________________________________________________________________
#0063: 0x08 ZEND_CONCAT   LineNo: 0x0000  Flags: 0x07()
result: 02->TMP_VAR 00000678 00000000  00  00->NULL   00->val 0000
op1   : 02->TMP_VAR 00000660 00000000  00  00->NULL   00->val 0000
op2   : 01->CONST   000000F0 00000004  02  03->STRING 01->ref 0042
        KeyWord: .png
----------------------------------------------------------------
[1] 'file_exists
[2] '$fn
______________________________________________________________________
#0064: 0x41 ZEND_SEND_VAL   LineNo: 0x0000  Flags: 0x1E()
op1   : 02->TMP_VAR 00000678 00000000  00  00->NULL   00->val 0000
op2   : 08->UNUSED  00000001 00000000  00  00->NULL   00->val 0000
        extended_value(from File): 003D
----------------------------------------------------------------
[1] 'file_exists
[2] '$fn
______________________________________________________________________
#0065: 0x3D ZEND_DO_FCALL_BY_NAME   LineNo: 0x0000  Flags: 0x09()
result: 04->VAR     00000690 00000000  00  00->NULL   00->val 0000
        extended_value(from Flag): 0001
----------------------------------------------------------------
[1] 'file_exists
[2] '$fn()
______________________________________________________________________
#0066: 0x0D ZEND_BOOL_NOT   LineNo: 0x0000  Flags: 0x03()
result: 02->TMP_VAR 000006A8 00000000  00  00->NULL   00->val 0000
op1   : 04->VAR     00000690 00000008  00  00->NULL   00->val 0000
----------------------------------------------------------------
[1] 'file_exists
[2] '!!$fn()
______________________________________________________________________
#0067: 0x2B ZEND_JMPZ   LineNo: 0x0000  Flags: 0x06()
op1   : 02->TMP_VAR 000006A8 00000000  00  00->NULL   00->val 0000
op2   : 08->UNUSED  00000080 00000000  00  00->NULL   00->val 0000
----------------------------------------------------------------
[1] 'file_exists
....................................................................
Comment: Conditional jmp to #00000080
....................................................................
Buf: while (!!$fn()) 
______________________________________________________________________
#0068: 0x49 ZEND_INCLUDE_OR_EVAL   LineNo: 0x0000  Flags: 0x07()
result: 04->VAR     000006C0 00000001  00  00->NULL   00->val 0000
op1   : 01->CONST   000000F6 0000000F  02  03->STRING 01->ref 0042
        KeyWord: asciisvgimg.php
op2   : 08->UNUSED  00000002 00000000  00  00->NULL   00->val 0000
----------------------------------------------------------------
[1] 'file_exists
Correcting Stack error...
====================================================================
while (!!$fn()) file_exists;
______________________________________________________________________
#0069: 0x6D ZEND_FETCH_CLASS   LineNo: 0x0000  Flags: 0x1D()
result: 01->CONST   000006F0 00000000  00  00->NULL   00->val 0000
op2   : 01->CONST   00000106 00000007  02  03->STRING 01->ref 0042
        KeyWord: AStoIMG
        extended_value(from File): 0004
______________________________________________________________________
#006A: 0x44 ZEND_NEW   LineNo: 0x0000  Flags: 0x03()
result: 04->VAR     00000708 00000000  00  00->NULL   00->val 0000
op1   : 01->CONST   000006F0 00000000  02  00->NULL   01->ref 0000
______________________________________________________________________
#006B: 0x45 ZEND_JMP_NO_CTOR   LineNo: 0x0000  Flags: 0x06()
op1   : 04->VAR     00000708 00000000  00  00->NULL   00->val 0000
op2   : 08->UNUSED  00000070 00000000  00  00->NULL   00->val 0000
______________________________________________________________________
#006C: 0x6F ZEND_INIT_CTOR_CALL    LineNo: 0x0000  Flags: 0x02()
op1   : 04->VAR     00000708 00000000  00  00->NULL   00->val 0000
______________________________________________________________________
#006D: 0x41 ZEND_SEND_VAL   LineNo: 0x0000  Flags: 0x1E()
op1   : 01->CONST   0000012C 00000007  02  01->LONG   01->ref 0042
op2   : 08->UNUSED  00000001 00000000  00  00->NULL   00->val 0000
        extended_value(from File): 003D
....................................................................
Comment: Arg[1] = 300
______________________________________________________________________
#006E: 0x41 ZEND_SEND_VAL   LineNo: 0x0000  Flags: 0x1E()
op1   : 01->CONST   0000012C 00000007  02  01->LONG   01->ref 0042
op2   : 08->UNUSED  00000002 00000000  00  00->NULL   00->val 0000
        extended_value(from File): 003D
....................................................................
Comment: Arg[2] = 300
______________________________________________________________________
#006F: 0x3D ZEND_DO_FCALL_BY_NAME   LineNo: 0x0000  Flags: 0x19()
result: 04->VAR     00000720 00000001  00  00->NULL   00->val 0000
        extended_value(from File): 0002
______________________________________________________________________
#0070: 0x53 ZEND_FETCH_W   LineNo: 0x0000  Flags: 0x07()
result: 04->VAR     000006D8 00000000  00  00->NULL   00->val 0000
op1   : 01->CONST   0000010E 00000002  02  03->STRING 01->ref 0042
        KeyWord: AS
op2   : 08->UNUSED  00000000 00000001  00  00->NULL   00->val 0000
----------------------------------------------------------------
[1] '$AS
______________________________________________________________________
#0071: 0x26 ZEND_ASSIGN   LineNo: 0x0000  Flags: 0x07()
result: 04->VAR     00000738 00000001  00  00->NULL   00->val 0000
op1   : 04->VAR     000006D8 00000010  00  00->NULL   00->val 0000
op2   : 04->VAR     00000708 00000000  00  00->NULL   00->val 0000
______________________________________________________________________
#0072: 0x50 ZEND_FETCH_R   LineNo: 0x0000  Flags: 0x07()
result: 04->VAR     00000750 00000000  00  00->NULL   00->val 0000
op1   : 01->CONST   00000112 00000002  02  03->STRING 01->ref 0042
        KeyWord: AS
op2   : 08->UNUSED  00000000 00000001  00  00->NULL   00->val 0000
----------------------------------------------------------------
[1] '$AS
______________________________________________________________________
#0073: 0x70 ZEND_INIT_METHOD_CALL   LineNo: 0x0000  Flags: 0x07()
result: 04->VAR     00000768 00000000  00  00->NULL   00->val 0000
op1   : 04->VAR     00000750 00000010  00  00->NULL   00->val 0000
op2   : 01->CONST   00000116 00000012  02  03->STRING 01->ref 0042
        KeyWord: processShortScript
----------------------------------------------------------------
[1] '$AS
______________________________________________________________________
#0074: 0x5C ZEND_FETCH_FUNC_ARG   LineNo: 0x0000  Flags: 0x0B()
result: 04->VAR     00000780 00000000  00  00->NULL   00->val 0000
op1   : 01->CONST   FFFFFFF8 00000004  02  03->STRING 01->ref 0042
        KeyWord: _GET
        extended_value(from Flag): 0001
----------------------------------------------------------------
[1] '$AS
[2] '$_GET
______________________________________________________________________
#0075: 0x5D ZEND_FETCH_DIM_FUNC_ARG   LineNo: 0x0000  Flags: 0x0F()
result: 04->VAR     00000798 00000000  00  00->NULL   00->val 0000
op1   : 04->VAR     00000780 00000000  00  00->NULL   00->val 0000
op2   : 01->CONST   0000012A 00000004  02  03->STRING 01->ref 0042
        KeyWord: sscr
        extended_value(from Flag): 0001
----------------------------------------------------------------
[1] '$AS
[2] '$_GET
______________________________________________________________________
#0076: 0x42 ZEND_SEND_VAR   LineNo: 0x0000  Flags: 0x1E()
op1   : 04->VAR     00000798 00000010  00  00->NULL   00->val 0000
op2   : 08->UNUSED  00000001 00000000  00  00->NULL   00->val 0000
        extended_value(from File): 003D
----------------------------------------------------------------
[1] '$AS
[2] '$_GET
....................................................................
Comment: SHOULD_BE_SENT_BY_REF
______________________________________________________________________
#0077: 0x3D ZEND_DO_FCALL_BY_NAME   LineNo: 0x0000  Flags: 0x09()
result: 04->VAR     000007B0 00000001  00  00->NULL   00->val 0000
        extended_value(from Flag): 0001
----------------------------------------------------------------
[1] '$AS
Correcting Stack error...
====================================================================
$_GET()$AS;
______________________________________________________________________
#0078: 0x50 ZEND_FETCH_R   LineNo: 0x0000  Flags: 0x07()
result: 04->VAR     000007C8 00000000  00  00->NULL   00->val 0000
op1   : 01->CONST   00000130 00000002  02  03->STRING 01->ref 0042
        KeyWord: AS
op2   : 08->UNUSED  00000000 00000001  00  00->NULL   00->val 0000
----------------------------------------------------------------
[1] '$AS
______________________________________________________________________
#0079: 0x70 ZEND_INIT_METHOD_CALL   LineNo: 0x0000  Flags: 0x07()
result: 04->VAR     000007E0 00000000  00  00->NULL   00->val 0000
op1   : 04->VAR     000007C8 00000010  00  00->NULL   00->val 0000
op2   : 01->CONST   00000134 0000000B  02  03->STRING 01->ref 0042
        KeyWord: outputimage
----------------------------------------------------------------
[1] '$AS
______________________________________________________________________
#007A: 0x50 ZEND_FETCH_R   LineNo: 0x0000  Flags: 0x07()
result: 04->VAR     000007F8 00000000  00  00->NULL   00->val 0000
op1   : 01->CONST   00000140 00000006  02  03->STRING 01->ref 0042
        KeyWord: imgdir
op2   : 08->UNUSED  00000000 00000001  00  00->NULL   00->val 0000
----------------------------------------------------------------
[1] '$AS
[2] '$imgdir
______________________________________________________________________
#007B: 0x50 ZEND_FETCH_R   LineNo: 0x0000  Flags: 0x07()
result: 04->VAR     00000810 00000000  00  00->NULL   00->val 0000
op1   : 01->CONST   00000148 00000002  02  03->STRING 01->ref 0042
        KeyWord: fn
op2   : 08->UNUSED  00000000 00000001  00  00->NULL   00->val 0000
----------------------------------------------------------------
[1] '$AS
[2] '$imgdir
[3] '$fn
______________________________________________________________________
#007C: 0x08 ZEND_CONCAT   LineNo: 0x0000  Flags: 0x07()
result: 02->TMP_VAR 00000828 00000000  00  00->NULL   00->val 0000
op1   : 04->VAR     000007F8 00000010  00  00->NULL   00->val 0000
op2   : 04->VAR     00000810 00000010  00  00->NULL   00->val 0000
----------------------------------------------------------------
[1] '$AS
[2] '$imgdir.$fn
______________________________________________________________________
#007D: 0x08 ZEND_CONCAT   LineNo: 0x0000  Flags: 0x07()
result: 02->TMP_VAR 00000840 00000000  00  00->NULL   00->val 0000
op1   : 02->TMP_VAR 00000828 00000000  00  00->NULL   00->val 0000
op2   : 01->CONST   0000014C 00000004  02  03->STRING 01->ref 0042
        KeyWord: .png
----------------------------------------------------------------
[1] '$AS
[2] '$imgdir.$fn.".png"
______________________________________________________________________
#007E: 0x41 ZEND_SEND_VAL   LineNo: 0x0000  Flags: 0x1E()
op1   : 02->TMP_VAR 00000840 00000000  00  00->NULL   00->val 0000
op2   : 08->UNUSED  00000001 00000000  00  00->NULL   00->val 0000
        extended_value(from File): 003D
----------------------------------------------------------------
[1] '$AS
....................................................................
Comment: Arg[1] = $imgdir.$fn.".png"
______________________________________________________________________
#007F: 0x3D ZEND_DO_FCALL_BY_NAME   LineNo: 0x0000  Flags: 0x09()
result: 04->VAR     00000858 00000001  00  00->NULL   00->val 0000
        extended_value(from Flag): 0001
====================================================================
$AS($imgdir.$fn.".png");
}
______________________________________________________________________
#0080: 0x50 ZEND_FETCH_R   LineNo: 0x0000  Flags: 0x07()
result: 04->VAR     00000870 00000000  00  00->NULL   00->val 0000
op1   : 01->CONST   00000152 00000005  02  03->STRING 01->ref 0042
        KeyWord: HTTPS
op2   : 08->UNUSED  00000000 00000001  00  00->NULL   00->val 0000
----------------------------------------------------------------
[1] '$HTTPS
______________________________________________________________________
#0081: 0x11 ZEND_IS_EQUAL   LineNo: 0x0000  Flags: 0x07()
result: 02->TMP_VAR 00000888 00000000  00  00->NULL   00->val 0000
op1   : 04->VAR     00000870 00000010  00  00->NULL   00->val 0000
op2   : 01->CONST   00000158 00000002  02  03->STRING 01->ref 0042
        KeyWord: on
----------------------------------------------------------------
[1] '$HTTPS=="on"
______________________________________________________________________
#0082: 0x2B ZEND_JMPZ   LineNo: 0x0000  Flags: 0x06()
op1   : 02->TMP_VAR 00000888 00000000  00  00->NULL   00->val 0000
op2   : 08->UNUSED  00000086 00000000  00  00->NULL   00->val 0000
....................................................................
Comment: Conditional jmp to #00000086
====================================================================
while ($HTTPS=="on") {
______________________________________________________________________
#0083: 0x53 ZEND_FETCH_W   LineNo: 0x0000  Flags: 0x07()
result: 04->VAR     000008A0 00000000  00  00->NULL   00->val 0000
op1   : 01->CONST   0000015C 00000004  02  03->STRING 01->ref 0042
        KeyWord: http
op2   : 08->UNUSED  00000000 00000001  00  00->NULL   00->val 0000
----------------------------------------------------------------
[1] '$http
______________________________________________________________________
#0084: 0x26 ZEND_ASSIGN   LineNo: 0x0000  Flags: 0x07()
result: 04->VAR     000008B8 00000001  00  00->NULL   00->val 0000
op1   : 04->VAR     000008A0 00000010  00  00->NULL   00->val 0000
op2   : 01->CONST   00000162 00000005  02  03->STRING 01->ref 0042
        KeyWord: https
====================================================================
$http="https";
______________________________________________________________________
#0085: 0x2A ZEND_JMP   LineNo: 0x0000  Flags: 0x02()
op1   : 08->UNUSED  00000088 00000000  00  00->NULL   00->val 0000
....................................................................
Comment: GoTo Command #0088
______________________________________________________________________
#0086: 0x53 ZEND_FETCH_W   LineNo: 0x0000  Flags: 0x07()
result: 04->VAR     000008D0 00000000  00  00->NULL   00->val 0000
op1   : 01->CONST   00000168 00000004  02  03->STRING 01->ref 0042
        KeyWord: http
op2   : 08->UNUSED  00000000 00000001  00  00->NULL   00->val 0000
----------------------------------------------------------------
[1] '$http
______________________________________________________________________
#0087: 0x26 ZEND_ASSIGN   LineNo: 0x0000  Flags: 0x07()
result: 04->VAR     000008E8 00000001  00  00->NULL   00->val 0000
op1   : 04->VAR     000008D0 00000010  00  00->NULL   00->val 0000
op2   : 01->CONST   0000016E 00000004  02  03->STRING 01->ref 0042
        KeyWord: http
====================================================================
$http="http";
______________________________________________________________________
#0088: 0x3B ZEND_INIT_FCALL_BY_NAME   LineNo: 0x0000  Flags: 0x04()
op2   : 01->CONST   FFFFFF22 00000006  02  03->STRING 01->ref 0042
        KeyWord: header
----------------------------------------------------------------
[1] 'header
______________________________________________________________________
#0089: 0x35 ZEND_INIT_STRING   LineNo: 0x0000  Flags: 0x01()
result: 02->TMP_VAR 00000900 00000000  00  00->NULL   00->val 0000
----------------------------------------------------------------
[1] 'header
______________________________________________________________________
#008A: 0x37 ZEND_ADD_STRING   LineNo: 0x0000  Flags: 0x07()
result: 02->TMP_VAR 00000900 00000000  00  00->NULL   00->val 0000
op1   : 02->TMP_VAR 00000900 00000000  00  00->NULL   00->val 0000
op2   : 01->CONST   00000174 0000000A  02  03->STRING 01->ref 0042
        KeyWord: Location: 
----------------------------------------------------------------
[1] 'header
______________________________________________________________________
#008B: 0x50 ZEND_FETCH_R   LineNo: 0x0000  Flags: 0x07()
result: 04->VAR     00000918 00000000  00  00->NULL   00->val 0000
op1   : 01->CONST   00000180 00000004  02  03->STRING 01->ref 0042
        KeyWord: http
op2   : 08->UNUSED  00000000 00000001  00  00->NULL   00->val 0000
----------------------------------------------------------------
[1] 'header
[2] '$http
______________________________________________________________________
#008C: 0x38 ZEND_ADD_VAR   LineNo: 0x0000  Flags: 0x07()
result: 02->TMP_VAR 00000900 00000000  00  00->NULL   00->val 0000
op1   : 02->TMP_VAR 00000900 00000000  00  00->NULL   00->val 0000
op2   : 04->VAR     00000918 00000000  00  00->NULL   00->val 0000
----------------------------------------------------------------
[1] 'header
______________________________________________________________________
#008D: 0x37 ZEND_ADD_STRING   LineNo: 0x0000  Flags: 0x07()
result: 02->TMP_VAR 00000900 00000000  00  00->NULL   00->val 0000
op1   : 02->TMP_VAR 00000900 00000000  00  00->NULL   00->val 0000
op2   : 01->CONST   00000186 00000003  02  03->STRING 01->ref 0042
        KeyWord: ://
----------------------------------------------------------------
[1] 'header
______________________________________________________________________
#008E: 0x50 ZEND_FETCH_R   LineNo: 0x0000  Flags: 0x07()
result: 04->VAR     00000930 00000000  00  00->NULL   00->val 0000
op1   : 01->CONST   0000018A 00000004  02  03->STRING 01->ref 0042
        KeyWord: host
op2   : 08->UNUSED  00000000 00000001  00  00->NULL   00->val 0000
----------------------------------------------------------------
[1] 'header
[2] '$host
______________________________________________________________________
#008F: 0x38 ZEND_ADD_VAR   LineNo: 0x0000  Flags: 0x07()
result: 02->TMP_VAR 00000900 00000000  00  00->NULL   00->val 0000
op1   : 02->TMP_VAR 00000900 00000000  00  00->NULL   00->val 0000
op2   : 04->VAR     00000930 00000000  00  00->NULL   00->val 0000
----------------------------------------------------------------
[1] 'header
______________________________________________________________________
#0090: 0x50 ZEND_FETCH_R   LineNo: 0x0000  Flags: 0x07()
result: 04->VAR     00000948 00000000  00  00->NULL   00->val 0000
op1   : 01->CONST   00000190 00000003  02  03->STRING 01->ref 0042
        KeyWord: uri
op2   : 08->UNUSED  00000000 00000001  00  00->NULL   00->val 0000
----------------------------------------------------------------
[1] 'header
[2] '$uri
______________________________________________________________________
#0091: 0x38 ZEND_ADD_VAR   LineNo: 0x0000  Flags: 0x07()
result: 02->TMP_VAR 00000900 00000000  00  00->NULL   00->val 0000
op1   : 02->TMP_VAR 00000900 00000000  00  00->NULL   00->val 0000
op2   : 04->VAR     00000948 00000000  00  00->NULL   00->val 0000
----------------------------------------------------------------
[1] 'header
______________________________________________________________________
#0092: 0x37 ZEND_ADD_STRING   LineNo: 0x0000  Flags: 0x07()
result: 02->TMP_VAR 00000900 00000000  00  00->NULL   00->val 0000
op1   : 02->TMP_VAR 00000900 00000000  00  00->NULL   00->val 0000
op2   : 01->CONST   00000194 00000001  02  03->STRING 01->ref 0042
        KeyWord: /
----------------------------------------------------------------
[1] 'header
______________________________________________________________________
#0093: 0x50 ZEND_FETCH_R   LineNo: 0x0000  Flags: 0x07()
result: 04->VAR     00000960 00000000  00  00->NULL   00->val 0000
op1   : 01->CONST   00000196 00000006  02  03->STRING 01->ref 0042
        KeyWord: imgdir
op2   : 08->UNUSED  00000000 00000001  00  00->NULL   00->val 0000
----------------------------------------------------------------
[1] 'header
[2] '$imgdir
______________________________________________________________________
#0094: 0x38 ZEND_ADD_VAR   LineNo: 0x0000  Flags: 0x07()
result: 02->TMP_VAR 00000900 00000000  00  00->NULL   00->val 0000
op1   : 02->TMP_VAR 00000900 00000000  00  00->NULL   00->val 0000
op2   : 04->VAR     00000960 00000000  00  00->NULL   00->val 0000
----------------------------------------------------------------
[1] 'header
______________________________________________________________________
#0095: 0x50 ZEND_FETCH_R   LineNo: 0x0000  Flags: 0x07()
result: 04->VAR     00000978 00000000  00  00->NULL   00->val 0000
op1   : 01->CONST   0000019E 00000002  02  03->STRING 01->ref 0042
        KeyWord: fn
op2   : 08->UNUSED  00000000 00000001  00  00->NULL   00->val 0000
----------------------------------------------------------------
[1] 'header
[2] '$fn
______________________________________________________________________
#0096: 0x38 ZEND_ADD_VAR   LineNo: 0x0000  Flags: 0x07()
result: 02->TMP_VAR 00000900 00000000  00  00->NULL   00->val 0000
op1   : 02->TMP_VAR 00000900 00000000  00  00->NULL   00->val 0000
op2   : 04->VAR     00000978 00000000  00  00->NULL   00->val 0000
----------------------------------------------------------------
[1] 'header
______________________________________________________________________
#0097: 0x37 ZEND_ADD_STRING   LineNo: 0x0000  Flags: 0x07()
result: 02->TMP_VAR 00000900 00000000  00  00->NULL   00->val 0000
op1   : 02->TMP_VAR 00000900 00000000  00  00->NULL   00->val 0000
op2   : 01->CONST   000001A2 00000004  02  03->STRING 01->ref 0042
        KeyWord: .png
----------------------------------------------------------------
[1] 'header
______________________________________________________________________
#0098: 0x41 ZEND_SEND_VAL   LineNo: 0x0000  Flags: 0x1E()
op1   : 02->TMP_VAR 00000900 00000000  00  00->NULL   00->val 0000
op2   : 08->UNUSED  00000001 00000000  00  00->NULL   00->val 0000
        extended_value(from File): 003D
----------------------------------------------------------------
[1] 'header
______________________________________________________________________
#0099: 0x3D ZEND_DO_FCALL_BY_NAME   LineNo: 0x0000  Flags: 0x09()
result: 04->VAR     00000990 00000001  00  00->NULL   00->val 0000
        extended_value(from Flag): 0001
====================================================================
header();
______________________________________________________________________
#009A: 0x3E ZEND_RETURN   LineNo: 0x0000  Flags: 0x02()
op1   : 01->CONST   00000001 00000038  02  01->LONG   01->ref 0012
====================================================================
Return (1);
______________________________________________________________________
#009B: 0x95 ZEND_HANDLE_EXCEPTION   LineNo: 0x0000  Flags: 0x00()
______________________________________________________________________
FunctionsCount: 0000
Classes: 0000
File sucessfully processes!

